Time X1
0 246.859074025105
1 278.7118439122104
2 330.2345167273794
3 392.4854241685897
4 431.8781637212901
5 444.9194112483978
6 448.0629493577454
7 448.7533587684082
8 448.9017863896324
9 448.933539855
10 448.940410491326
11 448.9418287759435
12 448.9421220516589
13 448.9421909050674
14 448.9422156454648
15 448.942223879844
16 448.9422207719027
17 448.9422197544835
18 448.9422150726392
19 448.9422134347745
20 448.9422118418233
21 448.9422117951945
22 448.9422117485657
23 448.942211701937
24 448.9422116553082
25 448.9422116086794
26 448.9422115620507
27 448.9422115154219
28 448.9422114687932
29 448.9422114221644
30 448.9422113755356