Time X1
0 246.8550718626
1 254.224758377785
2 266.3429710980941
3 286.4309157188264
4 318.8698288660881
5 364.5090210763927
6 409.4595827477233
7 435.6758452993722
8 445.6048651604489
9 448.6473377620061
10 449.5136050798283
11 449.754946251259
12 449.8217172164908
13 449.8401348225566
14 449.8453280287205
15 449.8466941235153
16 449.8470735653239
17 449.8471853342969
18 449.8472200777688
19 449.8472418403497
20 449.8472439270874
21 449.8472429030901
22 449.847241257354
23 449.8472364896388
24 449.8472345022687
25 449.8472325148987
26 449.8472320843548
27 449.847232023353
28 449.8472319623511
29 449.8472319013493
30 449.8472318403475