Time X1
0 246.853594887587
1 265.7965005628189
2 304.1082193142588
3 379.3017686990712
4 471.5952169448298
5 511.2753418431165
6 518.6371822021542
7 519.6917159437545
8 519.8363191596733
9 519.8561451720784
10 519.8587409192992
11 519.8591231948486
12 519.8591873591364
13 519.8592045951457
14 519.8592020681272
15 519.8591947997676
16 519.8591914264001
17 519.8591896807366
18 519.8591895788674
19 519.8591894769983
20 519.8591893751291
21 519.8591892732599
22 519.8591891713907
23 519.8591890695214
24 519.8591889676524
25 519.8591888657832
26 519.8591887639139
27 519.8591886620447
28 519.8591885601755
29 519.8591884583064
30 519.8591883564372