Time X1
0 246.851919762561
1 249.5380991648841
2 254.4275998254041
3 263.4906129273616
4 280.7305571446086
5 314.2429478173481
6 375.5750843522059
7 452.0999362352416
8 494.1517466685468
9 505.1364068925112
10 507.2594722688755
11 507.6423042089221
12 507.7103030683005
13 507.7225232639294
14 507.7245846255988
15 507.7249772249504
16 507.7250505445835
17 507.7250813222456
18 507.7250790707178
19 507.7250802004884
20 507.7250736447746
21 507.7250711345259
22 507.7250691043826
23 507.7250690309436
24 507.7250689575047
25 507.7250688840659
26 507.725068810627
27 507.7250687371881
28 507.7250686637492
29 507.7250685903103
30 507.7250685168714