Time X1
0 246.855041331329
1 254.0469404823667
2 265.8674868386172
3 285.4609906106098
4 317.1807473558708
5 362.2682004107551
6 407.6739623421171
7 434.85813993846
8 445.3355933958657
9 448.5725487342103
10 449.4977815910654
11 449.7561774469978
12 449.8278398944872
13 449.8476246927747
14 449.8532161116979
15 449.8547040327128
16 449.8551110889017
17 449.8552318990917
18 449.8552676678658
19 449.8552906398886
20 449.8552946757965
21 449.8552926351949
22 449.8552916753446
23 449.8552866776829
24 449.8552847795754
25 449.855282881468
26 449.855282126266
27 449.8552820686483
28 449.8552820110304
29 449.8552819534125
30 449.8552818957947