Time X1
0 246.851748956093
1 248.2834502924558
2 250.8678743736749
3 255.5819273438963
4 264.3279417405545
5 280.9553403467007
6 313.228979714278
7 372.5442061372095
8 448.6819485270659
9 492.7441223275177
10 504.7368411007356
11 507.1069916794338
12 507.540986609412
13 507.6191670879961
14 507.6333817324549
15 507.6358238008368
16 507.636293527358
17 507.6363824440092
18 507.6364171910574
19 507.6364159301862
20 507.6364168938437
21 507.6364101709535
22 507.6364071475689
23 507.636405274009
24 507.6364051812409
25 507.6364050884728
26 507.6364049957047
27 507.6364049029366
28 507.6364048101686
29 507.6364047174005
30 507.6364046246325