Time X1
0 246.851742312356
1 251.7502587245421
2 261.0133467541768
3 279.1003412113542
4 315.567933160923
5 385.0262053408516
6 469.7442642426774
7 509.9292392706587
8 518.630121219193
9 520.0672609887249
10 520.2925258272847
11 520.3274263063581
12 520.3329535232842
13 520.3337540054579
14 520.333889734241
15 520.3339305933221
16 520.3339305295706
17 520.3339279512894
18 520.3339221637966
19 520.3339185899595
20 520.3339184591038
21 520.3339183282479
22 520.3339181973922
23 520.3339180665364
24 520.3339179356807
25 520.333917804825
26 520.3339176739692
27 520.3339175431134
28 520.3339174122576
29 520.3339172814019
30 520.3339171505461