Time X1
0 246.85364904077
1 262.3391726850451
2 292.4107717222303
3 350.7682665715914
4 436.2697970894658
5 491.0100188447638
6 505.1847250384419
7 507.6430344433782
8 508.0330787227354
9 508.09403351942
10 508.1036091558896
11 508.1050734393811
12 508.105301194971
13 508.1053464926033
14 508.1053621313017
15 508.1053588962728
16 508.1053553018242
17 508.1053509515998
18 508.1053485925102
19 508.1053483160372
20 508.1053482479782
21 508.1053481799192
22 508.1053481118602
23 508.1053480438011
24 508.1053479757421
25 508.105347907683
26 508.105347839624
27 508.1053477715649
28 508.1053477035059
29 508.1053476354469
30 508.1053475673879