Time X1
0 246.914929459758
1 502.8440701318468
2 503.2683949360275
3 503.2685211191829
4 503.268513741674
5 503.2685133884132
6 503.2685130351524
7 503.2685126818917
8 503.2685125189865
9 503.2685125086243
10 503.2685124982622
11 503.2685124879
12 503.2685124833214
13 503.2685124832902
14 503.268512483259
15 503.2685124832277
16 503.2685124831965
17 503.2685124831652
18 503.268512483134
19 503.2685124831028
20 503.2685124830716
21 503.2685124830404
22 503.2685124830091
23 503.2685124829779
24 503.2685124829467
25 503.2685124829155
26 503.2685124828842
27 503.268512482853
28 503.2685124828217
29 503.2685124827905
30 503.2685124827593