Time X1
0 246.853674661071
1 258.8121470728571
2 281.1007210143876
3 323.3151424151393
4 393.5105561539749
5 461.1567980141434
6 488.6696138123631
7 494.8964828972148
8 496.064388300677
9 496.2749798048183
10 496.3126291077571
11 496.3194438413661
12 496.3205922939908
13 496.3208170066474
14 496.3208719773785
15 496.3208848773724
16 496.3208847271925
17 496.3208779415531
18 496.3208739019571
19 496.3208716137663
20 496.3208714791943
21 496.3208713446223
22 496.3208712100503
23 496.3208710754783
24 496.3208709409063
25 496.3208708063343
26 496.3208706717623
27 496.3208705371903
28 496.3208704026183
29 496.3208702680463
30 496.3208701334743