Time X1
0 246.883883093235
1 437.306341116595
2 481.2664154459945
3 482.701870357088
4 482.7386147929163
5 482.7395216973885
6 482.7395604688692
7 482.7395537826417
8 482.7395495827648
9 482.7395494418413
10 482.739549300918
11 482.7395491599946
12 482.7395490190711
13 482.7395488781477
14 482.7395487372243
15 482.7395485963009
16 482.7395484553775
17 482.7395483334834
18 482.7395483293395
19 482.7395483251955
20 482.7395483210516
21 482.7395483169077
22 482.7395483127638
23 482.7395483086199
24 482.7395483044759
25 482.739548300332
26 482.7395482968105
27 482.739548296798
28 482.7395482967855
29 482.739548296773
30 482.7395482967605