Time X1
0 246.914154762968
1 505.2261219024684
2 505.633694873511
3 505.6338041543433
4 505.6337991753149
5 505.6337986064152
6 505.6337980375155
7 505.6337975740753
8 505.6337975554863
9 505.6337975368973
10 505.6337975183083
11 505.6337975116703
12 505.6337975116077
13 505.6337975115451
14 505.6337975114826
15 505.6337975114199
16 505.6337975113573
17 505.6337975112947
18 505.6337975112322
19 505.6337975111696
20 505.633797511107
21 505.6337975110443
22 505.6337975109818
23 505.6337975109192
24 505.6337975108566
25 505.633797510794
26 505.6337975107314
27 505.6337975106688
28 505.6337975106062
29 505.6337975105436
30 505.633797510481