Time X1
0 246.914163647961
1 502.6664011872833
2 503.083932353863
3 503.0840550074767
4 503.0840478374074
5 503.0840474841944
6 503.0840471309814
7 503.0840467777684
8 503.0840466185259
9 503.084046608168
10 503.08404659781
11 503.084046587452
12 503.0840465830391
13 503.0840465830079
14 503.0840465829767
15 503.0840465829455
16 503.0840465829143
17 503.0840465828831
18 503.0840465828519
19 503.0840465828206
20 503.0840465827894
21 503.0840465827582
22 503.084046582727
23 503.0840465826958
24 503.0840465826646
25 503.0840465826334
26 503.0840465826022
27 503.084046582571
28 503.0840465825398
29 503.0840465825086
30 503.0840465824774