Time X1
0 246.854567024541
1 247.9585728293335
2 249.691025867877
3 252.41862736503
4 256.734481982646
5 263.6018857360967
6 274.5775794655437
7 292.0353148084586
8 318.7908836581684
9 355.0907211935876
10 392.558853064104
11 418.3951246356569
12 430.6571379200278
13 435.3109673727518
14 436.9141017260339
15 437.4471143317605
16 437.6222450617751
17 437.6794917665674
18 437.6982309956466
19 437.7043776798187
20 437.7064226073544
21 437.7070511929775
22 437.7072572897149
23 437.7073294780828
24 437.7073561072632
25 437.7073749558927
26 437.7073796423761
27 437.707377047156
28 437.7073774806391
29 437.7073741994619
30 437.7073712801539