Time X1
0 246.862027067875
1 300.7009428017614
2 379.5633502802053
3 436.0170862226518
4 452.4259391793901
5 455.4525253174855
6 455.9522661785585
7 456.0331690876333
8 456.0463710317417
9 456.0484068738842
10 456.048765338081
11 456.0488342703927
12 456.0488550408897
13 456.0488539120296
14 456.0488474429182
15 456.0488434057813
16 456.0488414747877
17 456.0488413398829
18 456.0488412049781
19 456.0488410700734
20 456.0488409351686
21 456.0488408002639
22 456.0488406653591
23 456.0488405304544
24 456.0488403955496
25 456.0488402606448
26 456.0488401257401
27 456.0488399908353
28 456.0488398559306
29 456.0488397210258
30 456.048839586121