Time X1
0 246.849622533809
1 215.693488298791
2 177.8266735977821
3 143.388138493919
4 121.8270139895285
5 111.9075884658746
6 108.0674914044105
7 106.6872765503297
8 106.2048270014929
9 106.0378553662646
10 105.9802702793148
11 105.9604257684513
12 105.9536082188424
13 105.9512649269646
14 105.9504401704911
15 105.9501609277647
16 105.9500710682553
17 105.9500379993442
18 105.9500261203388
19 105.9500206226825
20 105.9500169556977
21 105.9500164053036
22 105.9500168842915
23 105.9500168398142
24 105.9500176113414
25 105.9500183132879
26 105.9500186968182
27 105.9500190803485
28 105.95001921523
29 105.9500192271318
30 105.9500192390336