Time X1
0 246.937184977978
1 502.3340774813554
2 503.0500055655079
3 503.0503344656816
4 503.0503228354885
5 503.0503225048578
6 503.0503221742271
7 503.0503218435964
8 503.0503215365663
9 503.0503215268757
10 503.050321517185
11 503.0503215074943
12 503.0503214978037
13 503.0503214960446
14 503.0503214960154
15 503.0503214959862
16 503.0503214959571
17 503.0503214959278
18 503.0503214958987
19 503.0503214958695
20 503.0503214958403
21 503.0503214958111
22 503.050321495782
23 503.0503214957528
24 503.0503214957236
25 503.0503214956944
26 503.0503214956652
27 503.0503214956361
28 503.0503214956069
29 503.0503214955777
30 503.0503214955485