Time X1
0 246.937163680947
1 502.2913441923251
2 503.0087399144965
3 503.0090702046252
4 503.0090585714026
5 503.0090582409149
6 503.0090579104271
7 503.0090575799394
8 503.0090572722507
9 503.0090572625645
10 503.0090572528783
11 503.0090572431922
12 503.0090572335059
13 503.0090572317109
14 503.0090572316817
15 503.0090572316525
16 503.0090572316233
17 503.0090572315942
18 503.009057231565
19 503.0090572315358
20 503.0090572315067
21 503.0090572314775
22 503.0090572314484
23 503.0090572314192
24 503.00905723139
25 503.0090572313609
26 503.0090572313317
27 503.0090572313026
28 503.0090572312734
29 503.0090572312442
30 503.0090572312151