Time X1
0 246.855031229969
1 253.9742283448289
2 265.6731028914152
3 285.0643046296421
4 316.4875398418993
5 361.3380044583979
6 406.9180935291218
7 434.506378577243
8 445.218841845934
9 448.5399793796229
10 449.4908342469788
11 449.7566552178896
12 449.8304521111189
13 449.8508329957983
14 449.8565952468923
15 449.8581360461121
16 449.858554985706
17 449.8586797853041
18 449.8587160740942
19 449.8587395121648
20 449.8587443176813
21 449.858741914136
22 449.8587412238274
23 449.8587361590828
24 449.8587342976279
25 449.8587324361731
26 449.8587315533732
27 449.858731497133
28 449.8587314408929
29 449.8587313846529
30 449.8587313284127