Time X1
0 246.851864957434
1 249.08792689432
2 253.1454819363728
3 260.6235314965857
4 274.7311618061217
5 302.038666187454
6 353.8750243954215
7 430.3561022490951
8 485.7815071693897
9 503.2377862792891
10 506.8212481412525
11 507.4781949146939
12 507.5959695978621
13 507.6170527725124
14 507.6207656387317
15 507.6214216686694
16 507.6215479567792
17 507.6215900528518
18 507.6215910108859
19 507.6215916932542
20 507.6215848783601
21 507.6215810199092
22 507.6215797094777
23 507.6215795832396
24 507.6215794570016
25 507.6215793307635
26 507.6215792045255
27 507.6215790782874
28 507.6215789520493
29 507.6215788258112
30 507.6215786995731