Time X1
0 246.845139864385
1 205.2780999641107
2 156.6677784222079
3 121.8765375800637
4 106.5225306110446
5 101.411808870386
6 99.88836427148524
7 99.44986000603919
8 99.32494142503269
9 99.28946369723093
10 99.27939337660243
11 99.27654258386801
12 99.27572300410925
13 99.27549419617706
14 99.27543294541266
15 99.27541407564601
16 99.27540839543303
17 99.27540441566059
18 99.27540332152429
19 99.27540414225875
20 99.27540405091982
21 99.27540465196061
22 99.27540537287122
23 99.2754056454086
24 99.27540591794597
25 99.27540599168221
26 99.27540599927578
27 99.27540600686935
28 99.27540601446292
29 99.27540602205649
30 99.27540602965006