Time X1
0 246.851794789133
1 248.6590503790967
2 251.9301682615188
3 257.927634865633
4 269.1486356927588
5 290.7042091743905
6 332.4131826182008
7 402.7984924825305
8 471.5402100369207
9 499.8197846949957
10 506.2579721379798
11 507.4685007715351
12 507.6870867400034
13 507.7262808233838
14 507.733401774039
15 507.7346214250678
16 507.7348490248415
17 507.7349027240238
18 507.7349178035402
19 507.7349168655624
20 507.7349106055404
21 507.734906912668
22 507.7349043598058
23 507.7349042383556
24 507.7349041169053
25 507.7349039954551
26 507.7349038740049
27 507.7349037525547
28 507.7349036311044
29 507.7349035096541
30 507.7349033882039