Time X1
0 246.93718709283
1 502.3361471957838
2 503.0520039811323
3 503.0523328138506
4 503.0523211838094
5 503.0523208531714
6 503.0523205225333
7 503.0523201918953
8 503.0523198848969
9 503.0523198752061
10 503.0523198655153
11 503.0523198558245
12 503.0523198461337
13 503.0523198443765
14 503.0523198443473
15 503.0523198443181
16 503.0523198442889
17 503.0523198442597
18 503.0523198442306
19 503.0523198442014
20 503.0523198441722
21 503.052319844143
22 503.0523198441138
23 503.0523198440846
24 503.0523198440555
25 503.0523198440263
26 503.0523198439971
27 503.052319843968
28 503.0523198439387
29 503.0523198439096
30 503.0523198438804