Time X1
0 246.84502867354
1 204.2889114471157
2 155.2223189743434
3 120.8509526671539
4 105.9846647944276
5 101.1041434633649
6 99.66305225572937
7 99.25144334487521
8 99.1350121896525
9 99.1021697533611
10 99.09290722519279
11 99.09031325889113
12 99.08956726863791
13 99.08936119977703
14 99.08930594002076
15 99.08928895150788
16 99.08928320536427
17 99.08927951961604
18 99.08927924296347
19 99.08927958501995
20 99.08927979918279
21 99.08928081379359
22 99.08928114986396
23 99.08928148593432
24 99.08928168260948
25 99.08928169244517
26 99.08928170228084
27 99.08928171211653
28 99.0892817219522
29 99.08928173178789
30 99.08928174162357