Time X1
0 246.851879780715
1 249.238184249409
2 253.5733141109347
3 261.5792785208723
4 276.7282724288712
5 306.1123037397746
6 361.3261935144651
7 438.51189925185
8 489.2169437500467
9 504.0702023834955
10 507.0446807841168
11 507.5862370633705
12 507.6829663535456
13 507.7002577333583
14 507.7032937209623
15 507.7038362833711
16 507.7039394909273
17 507.7039785928037
18 507.7039780678249
19 507.7039769223674
20 507.7039705074667
21 507.7039665945626
22 507.7039658361951
23 507.7039657077583
24 507.7039655793215
25 507.7039654508847
26 507.7039653224479
27 507.7039651940111
28 507.7039650655743
29 507.7039649371375
30 507.7039648087006