Time X1
0 246.91460006866
1 497.5566151539711
2 497.9988436948053
3 497.9989808988792
4 497.9989749703938
5 497.9989745399249
6 497.9989741094561
7 497.9989736789873
8 497.9989735815433
9 497.9989735681565
10 497.9989735547699
11 497.9989735413831
12 497.9989735412262
13 497.9989735411834
14 497.9989735411405
15 497.9989735410977
16 497.9989735410549
17 497.998973541012
18 497.9989735409692
19 497.9989735409263
20 497.9989735408835
21 497.9989735408407
22 497.9989735407978
23 497.998973540755
24 497.9989735407121
25 497.9989735406693
26 497.9989735406265
27 497.9989735405836
28 497.9989735405408
29 497.998973540498
30 497.9989735404551