Time X1
0 246.859073025105
1 278.7118409150765
2 330.2345110191292
3 392.4854180844418
4 431.8781605546833
5 444.9194098892791
6 448.0629485381413
7 448.75335808068
8 448.901785732506
9 448.9335392048764
10 448.9404098428478
11 448.9418281277786
12 448.9421214035696
13 448.9421902569972
14 448.942214997396
15 448.9422232317795
16 448.9422201238378
17 448.9422191064199
18 448.9422144245759
19 448.9422127867109
20 448.942211193759
21 448.9422111471302
22 448.9422111005014
23 448.9422110538726
24 448.9422110072438
25 448.9422109606149
26 448.9422109139862
27 448.9422108673573
28 448.9422108207285
29 448.9422107740997
30 448.9422107274709