Time X1
0 246.851997038298
1 250.0913546169652
2 256.0087422767663
3 267.0481418316165
4 288.2256097121675
5 329.3241822729902
6 399.6558024670725
7 470.1226627847107
8 499.566017691096
9 506.2368549241114
10 507.4752047237868
11 507.6957214296837
12 507.7345944529623
13 507.7415962593393
14 507.7427456232461
15 507.742965093579
16 507.7430126275523
17 507.7430315925134
18 507.7430280619804
19 507.743025804513
20 507.7430202596167
21 507.7430177000173
22 507.7430166824905
23 507.7430166070994
24 507.7430165317083
25 507.7430164563172
26 507.7430163809261
27 507.743016305535
28 507.743016230144
29 507.7430161547529
30 507.7430160793617