Time X1
0 246.936285893723
1 484.4833525614894
2 485.371140162088
3 485.371689363319
4 485.371678635114
5 485.3716782681143
6 485.3716779011146
7 485.3716775341149
8 485.3716771671152
9 485.3716771514075
10 485.3716771400638
11 485.37167712872
12 485.3716771173763
13 485.3716771143945
14 485.3716771143584
15 485.3716771143223
16 485.3716771142862
17 485.3716771142501
18 485.371677114214
19 485.371677114178
20 485.3716771141419
21 485.3716771141058
22 485.3716771140698
23 485.3716771140337
24 485.3716771139976
25 485.3716771139615
26 485.3716771139254
27 485.3716771138894
28 485.3716771138533
29 485.3716771138172
30 485.3716771137812