Time X1
0 246.936285893723
1 484.4832844826753
2 485.3710745385703
3 485.3716237429787
4 485.3716130147858
5 485.3716126477858
6 485.3716122807858
7 485.3716119137858
8 485.3716115467858
9 485.3716115310777
10 485.3716115197341
11 485.3716115083905
12 485.3716114970468
13 485.3716114940651
14 485.371611494029
15 485.3716114939929
16 485.3716114939568
17 485.3716114939208
18 485.3716114938847
19 485.3716114938487
20 485.3716114938126
21 485.3716114937765
22 485.3716114937404
23 485.3716114937043
24 485.3716114936683
25 485.3716114936322
26 485.3716114935962
27 485.3716114935601
28 485.371611493524
29 485.3716114934879
30 485.3716114934518