Time X1
0 246.851513306363
1 246.6086536850199
2 246.1754829271424
3 245.4038954643221
4 244.034334180037
5 241.6184476533388
6 237.4068331710085
7 230.2222974985815
8 218.4635701265616
9 200.6719958522483
10 177.3198032360406
11 152.8537530261015
12 133.5594062997966
13 121.91333564157
14 116.0873637079268
15 113.461522149228
16 112.3354429718437
17 111.8629931594535
18 111.6666127414729
19 111.5852968514815
20 111.551686677469
21 111.5377901742079
22 111.5320683201559
23 111.5297092649266
24 111.5287046405919
25 111.5283081254503
26 111.5281477986426
27 111.5280828007664
28 111.5280540598903
29 111.5280417934637
30 111.5280360774581