Time X1
0 246.859066706732
1 278.6651750254687
2 330.1177855018725
3 392.344504062821
4 431.798485414159
5 444.8832928140831
6 448.0407801844766
7 448.7347819208528
8 448.884079064175
9 448.9160386882671
10 448.9229074189947
11 448.9243873289093
12 448.9246830168473
13 448.9247524822786
14 448.9247772762196
15 448.9247856551019
16 448.9247825187881
17 448.9247815437181
18 448.9247768469834
19 448.9247752105011
20 448.9247736029576
21 448.9247735563727
22 448.9247735097877
23 448.9247734632027
24 448.9247734166177
25 448.9247733700327
26 448.9247733234477
27 448.9247732768627
28 448.9247732302778
29 448.9247731836928
30 448.9247731371078