Time X1
0 246.914404994536
1 502.7632782013836
2 503.1827505085304
3 503.1828741037498
4 503.1828668802328
5 503.1828665268748
6 503.1828661735169
7 503.1828658201589
8 503.182865660031
9 503.1828656496674
10 503.1828656393038
11 503.1828656289402
12 503.182865624489
13 503.1828656244577
14 503.1828656244265
15 503.1828656243953
16 503.1828656243641
17 503.1828656243329
18 503.1828656243017
19 503.1828656242704
20 503.1828656242392
21 503.182865624208
22 503.1828656241767
23 503.1828656241455
24 503.1828656241143
25 503.1828656240831
26 503.1828656240518
27 503.1828656240206
28 503.1828656239894
29 503.1828656239582
30 503.1828656239269