Time X1
0 246.936395505233
1 501.8017160678783
2 502.5650257677731
3 502.5653977578431
4 502.5653860838308
5 502.5653857569974
6 502.565385430164
7 502.5653851033306
8 502.5653847775371
9 502.5653847679617
10 502.5653847583864
11 502.5653847488111
12 502.5653847392358
13 502.5653847364622
14 502.5653847364334
15 502.5653847364046
16 502.5653847363757
17 502.5653847363469
18 502.5653847363181
19 502.5653847362893
20 502.5653847362605
21 502.5653847362316
22 502.5653847362028
23 502.565384736174
24 502.5653847361452
25 502.5653847361164
26 502.5653847360875
27 502.5653847360587
28 502.5653847360299
29 502.5653847360011
30 502.5653847359723