Time X1
0 246.855091331265
1 254.3818668877035
2 266.7658126961675
3 287.2990264286682
4 320.389437671141
5 366.5233323822544
6 411.0676803435654
7 436.44892998365
8 445.9121593318665
9 448.7907291483228
10 449.6068276737511
11 449.8334440578596
12 449.8960342796698
13 449.9133055128287
14 449.9180748226864
15 449.9194159023576
16 449.9197595058856
17 449.9198583941034
18 449.9198906771849
19 449.9199102743818
20 449.9199105973803
21 449.9199106187995
22 449.9199084115558
23 449.9199042269089
24 449.9199022692983
25 449.9199003116878
26 449.9199002488679
27 449.9199001878718
28 449.9199001268756
29 449.9199000658795
30 449.9199000048834