Time X1
0 246.859065706732
1 278.6655144703763
2 330.1186588636699
3 392.3456241284313
4 431.7992167198938
5 444.8837200597765
6 448.0411064729897
7 448.7350815917541
8 448.8843721784147
9 448.9163302259948
10 448.9231985872239
11 448.9246784039212
12 448.9249740728466
13 448.9250435334297
14 448.9250683269566
15 448.9250767046817
16 448.9250735685943
17 448.9250725931803
18 448.9250678965648
19 448.9250662600691
20 448.9250646526436
21 448.9250646060581
22 448.9250645594727
23 448.9250645128872
24 448.9250644663018
25 448.9250644197163
26 448.9250643731308
27 448.9250643265453
28 448.9250642799599
29 448.9250642333744
30 448.925064186789