Time X1
0 246.862027067875
1 300.6531355085682
2 379.4518365198589
3 435.9191430292659
4 452.3573135402133
5 455.3930199400601
6 455.8947607023828
7 455.9760621865823
8 455.9893420810898
9 455.991391873603
10 455.9917529619352
11 455.991822075352
12 455.9918433190438
13 455.9918420838025
14 455.9918356787563
15 455.9918316907167
16 455.9918296769599
17 455.9918295440989
18 455.991829411238
19 455.991829278377
20 455.9918291455161
21 455.9918290126551
22 455.9918288797941
23 455.9918287469332
24 455.9918286140722
25 455.9918284812113
26 455.9918283483503
27 455.9918282154893
28 455.9918280826283
29 455.9918279497674
30 455.9918278169064