Time X1
0 246.914156339967
1 502.6355683026688
2 503.0532658560491
3 503.0533886458086
4 503.0533814653437
5 503.0533811122323
6 503.053380759121
7 503.0533804060096
8 503.0533802465459
9 503.0533802361913
10 503.0533802258366
11 503.053380215482
12 503.0533802110576
13 503.0533802110264
14 503.0533802109953
15 503.0533802109641
16 503.0533802109329
17 503.0533802109017
18 503.0533802108704
19 503.0533802108393
20 503.0533802108081
21 503.0533802107769
22 503.0533802107457
23 503.0533802107145
24 503.0533802106833
25 503.0533802106521
26 503.0533802106209
27 503.0533802105897
28 503.0533802105585
29 503.0533802105273
30 503.0533802104961