Time X1
0 246.855052464567
1 254.1078407141249
2 266.0303111191346
3 285.7931926422985
4 317.7601963207051
5 363.0410219035638
6 408.2953529054072
7 435.1447606052533
8 445.4302701869531
9 448.5988481657366
10 449.5033139293226
11 449.7556979057187
12 449.8256344680623
13 449.8449369050428
14 449.8503888597704
15 449.8518338381264
16 449.8522312049625
17 449.8523487874671
18 449.8523841830938
19 449.8524067521927
20 449.8524101290647
21 449.8524084175945
22 449.8524072259776
23 449.8524022967731
24 449.8524003677356
25 449.8523984386981
26 449.8523977933062
27 449.8523977345203
28 449.8523976757343
29 449.8523976169483
30 449.8523975581624