Time X1
0 246.859061369902
1 278.6190602111182
2 330.0024424957176
3 392.2051809819146
4 431.7197851627213
5 444.8478181290137
6 448.0191619177739
7 448.7167339415441
8 448.8668955078121
9 448.8990601948694
10 448.9059764843241
11 448.9074682605943
12 448.907766358747
13 448.9078364335228
14 448.9078612807526
15 448.9078698020864
16 448.9078666386005
17 448.9078657052651
18 448.9078609941925
19 448.9078593590708
20 448.9078577371361
21 448.9078576905942
22 448.9078576440523
23 448.9078575975104
24 448.9078575509686
25 448.9078575044267
26 448.9078574578848
27 448.9078574113429
28 448.907857364801
29 448.9078573182592
30 448.9078572717173