Time X1
0 246.937163680947
1 502.3078753538131
2 503.0249862062185
3 503.0253161942312
4 503.0253045615625
5 503.0253042310425
6 503.0253039005225
7 503.0253035700026
8 503.0253032624613
9 503.0253032527741
10 503.0253032430869
11 503.0253032333997
12 503.0253032237125
13 503.0253032219255
14 503.0253032218963
15 503.0253032218671
16 503.025303221838
17 503.0253032218088
18 503.0253032217796
19 503.0253032217504
20 503.0253032217213
21 503.0253032216921
22 503.025303221663
23 503.0253032216338
24 503.0253032216046
25 503.0253032215754
26 503.0253032215463
27 503.0253032215171
28 503.0253032214879
29 503.0253032214588
30 503.0253032214296