Time X1
0 246.855052464567
1 257.5289496717874
2 275.7424263297975
3 306.8688443406703
4 355.5517534649126
5 410.4691278159133
6 444.7277189938311
7 457.0500585079738
8 460.4158265609291
9 461.257492654461
10 461.4631456481525
11 461.5130084334425
12 461.5251902908822
13 461.5281123313632
14 461.528791691245
15 461.5289713826941
16 461.529019661185
17 461.5290455171658
18 461.5290436862119
19 461.5290456986071
20 461.5290399211455
21 461.5290372978272
22 461.5290345495646
23 461.5290339913232
24 461.5290339025242
25 461.5290338137252
26 461.5290337249261
27 461.5290336361271
28 461.529033547328
29 461.529033458529
30 461.52903336973