Time X1
0 246.859073025105
1 278.6674374673289
2 330.1130219338701
3 392.3159320141476
4 431.7523980294571
5 444.8344280902155
6 447.9923641231262
7 448.6867177771358
8 448.8361440872195
9 448.8681427354733
10 448.8750220880355
11 448.8765050071191
12 448.8768013581217
13 448.876871004362
14 448.8768958119417
15 448.8769042390799
16 448.8769010932814
17 448.8769001337597
18 448.8768954321673
19 448.8768937964044
20 448.8768921833737
21 448.8768921368103
22 448.8768920902469
23 448.8768920436835
24 448.8768919971202
25 448.8768919505568
26 448.8768919039934
27 448.87689185743
28 448.8768918108666
29 448.8768917643033
30 448.8768917177399