Time X1
0 246.921209817214
1 503.3236635024387
2 503.8113881693612
3 503.8115501065723
4 503.8115410113533
5 503.8115406608263
6 503.8115403102992
7 503.8115399597722
8 503.8115397611728
9 503.811539750878
10 503.8115397405832
11 503.8115397302884
12 503.8115397240493
13 503.8115397240182
14 503.8115397239872
15 503.8115397239562
16 503.8115397239251
17 503.811539723894
18 503.8115397238629
19 503.8115397238319
20 503.8115397238008
21 503.8115397237698
22 503.8115397237387
23 503.8115397237077
24 503.8115397236766
25 503.8115397236455
26 503.8115397236145
27 503.8115397235834
28 503.8115397235524
29 503.8115397235213
30 503.8115397234902