Time X1
0 246.853165306899
1 242.9052048196043
2 236.6937320087881
3 227.1427796314645
4 213.0813203653983
5 193.9947436688325
6 171.4871147154819
7 149.9342739290186
8 133.7644883947854
9 124.0106959123016
10 118.9517036227281
11 116.5430574390373
12 115.4446625311587
13 114.9537430496076
14 114.7362692985481
15 114.6403358680572
16 114.5980852248336
17 114.5794961101108
18 114.5713137319284
19 114.5677224439048
20 114.5661465479222
21 114.5654513718472
22 114.5651385642028
23 114.5650030947455
24 114.5649474530105
25 114.5649224401075
26 114.5649106916054
27 114.5649054344045
28 114.5649006931323
29 114.5648980445208
30 114.5648975441061