Time X1
0 246.914161647961
1 502.6664011729648
2 503.0839323538592
3 503.0840550074762
4 503.0840478374076
5 503.0840474841947
6 503.0840471309819
7 503.0840467777691
8 503.0840466185265
9 503.0840466081684
10 503.0840465978102
11 503.0840465874521
12 503.084046583039
13 503.0840465830078
14 503.0840465829766
15 503.0840465829454
16 503.0840465829142
17 503.084046582883
18 503.0840465828518
19 503.0840465828206
20 503.0840465827894
21 503.0840465827582
22 503.084046582727
23 503.0840465826957
24 503.0840465826645
25 503.0840465826333
26 503.0840465826021
27 503.0840465825709
28 503.0840465825397
29 503.0840465825085
30 503.0840465824773