Time X1
0 246.851920762561
1 249.5381009727039
2 254.4276031386821
3 263.4906191333262
4 280.7305691010918
5 314.242971027366
6 375.5751229376305
7 452.0999693424944
8 494.1517575779162
9 505.136409126608
10 507.2594726761639
11 507.6423042815349
12 507.7103030810977
13 507.722523266215
14 507.7245846259967
15 507.7249772250254
16 507.7250505445977
17 507.725081322256
18 507.725079070723
19 507.7250802004875
20 507.7250736447734
21 507.7250711345239
22 507.7250691043824
23 507.7250690309435
24 507.7250689575045
25 507.7250688840656
26 507.7250688106266
27 507.7250687371877
28 507.7250686637487
29 507.7250685903098
30 507.7250685168709