Time X1
0 246.936285893723
1 481.8948921747956
2 482.8010684375973
3 482.801659139963
4 482.8016487111999
5 482.8016483494379
6 482.8016479876759
7 482.801647625914
8 482.801647264152
9 482.8016472366604
10 482.801647225446
11 482.8016472142317
12 482.8016472030173
13 482.8016471995086
14 482.8016471994728
15 482.8016471994371
16 482.8016471994013
17 482.8016471993655
18 482.8016471993298
19 482.801647199294
20 482.8016471992582
21 482.8016471992224
22 482.8016471991867
23 482.8016471991509
24 482.8016471991152
25 482.8016471990794
26 482.8016471990436
27 482.8016471990078
28 482.8016471989721
29 482.8016471989363
30 482.8016471989005