Time X1
0 246.843596536221
1 192.2525591229598
2 139.4831653466312
3 110.6688563059757
4 100.6511231129871
5 97.81567192969314
6 97.06414395847578
7 96.86851286678819
8 96.81783199335928
9 96.80473715265846
10 96.80133332622854
11 96.80045716396097
12 96.80024074330525
13 96.80017958273531
14 96.80016322981864
15 96.80015683480958
16 96.8001538748011
17 96.80015464802352
18 96.80015448644914
19 96.8001555314177
20 96.80015611348615
21 96.80015656053911
22 96.80015678551366
23 96.80015679914679
24 96.80015681277993
25 96.80015682641307
26 96.8001568400462
27 96.80015685367934
28 96.80015686731248
29 96.80015688094562
30 96.80015689457875