Time X1
0 246.914404994536
1 502.77870914274
2 503.1980142795579
3 503.1981377592414
4 503.1981305439199
5 503.1981301905012
6 503.1981298370824
7 503.1981294836637
8 503.1981293237035
9 503.1981293133382
10 503.1981293029729
11 503.1981292926075
12 503.1981292881649
13 503.1981292881337
14 503.1981292881024
15 503.1981292880711
16 503.1981292880399
17 503.1981292880087
18 503.1981292879775
19 503.1981292879462
20 503.198129287915
21 503.1981292878837
22 503.1981292878525
23 503.1981292878212
24 503.19812928779
25 503.1981292877588
26 503.1981292877276
27 503.1981292876963
28 503.1981292876651
29 503.1981292876338
30 503.1981292876026