Time X1
0 246.927751886484
1 501.9362672606088
2 503.401103304436
3 503.4022762956539
4 503.4022648194966
5 503.4022644045043
6 503.402263989512
7 503.4022635745197
8 503.4022631595274
9 503.4022630735449
10 503.4022630603972
11 503.4022630472495
12 503.4022630341018
13 503.4022630278325
14 503.4022630277896
15 503.4022630277467
16 503.4022630277038
17 503.4022630276609
18 503.402263027618
19 503.4022630275751
20 503.4022630275322
21 503.4022630274894
22 503.4022630274465
23 503.4022630274036
24 503.4022630273607
25 503.4022630273178
26 503.4022630272749
27 503.402263027232
28 503.4022630271891
29 503.4022630271463
30 503.4022630271033