Time X1
0 246.853674661071
1 262.5857993877462
2 293.1689465752223
3 352.4483698818626
4 438.2309206094214
5 491.7924825207689
6 505.4005762385176
7 507.7417880818615
8 508.1118322380222
9 508.1695353622268
10 508.1785367637212
11 508.1799138117208
12 508.1801457390109
13 508.1801914510704
14 508.1802078429448
15 508.1802040836406
16 508.1802008558623
17 508.1801959752554
18 508.180193665463
19 508.1801931607571
20 508.1801930953611
21 508.180193029965
22 508.180192964569
23 508.180192899173
24 508.180192833777
25 508.1801927683809
26 508.1801927029849
27 508.1801926375888
28 508.1801925721928
29 508.1801925067968
30 508.1801924414008