Time X1
0 246.855047389045
1 254.0773363421762
2 265.9487506064168
3 285.6267972536026
4 317.4700808041054
5 362.6546278981486
6 407.985415791597
7 435.002087104793
8 445.3831930629563
9 448.5857835520843
10 449.5005744158312
11 449.7559466540319
12 449.8267408479139
13 449.8462829720412
14 449.8518044104014
15 449.8532707425804
16 449.8536729327106
17 449.8537921185791
18 449.8538276944463
19 449.8538504668353
20 449.8538541752215
21 449.853852296187
22 449.8538512212214
23 449.8538462563419
24 449.85384434279
25 449.8538424292379
26 449.8538417285775
27 449.8538416703771
28 449.8538416121766
29 449.8538415539762
30 449.8538414957757