Time X1
0 246.914162647961
1 500.1101274867981
2 500.5377715198491
3 500.5378968766986
4 500.5378913807063
5 500.5378909354845
6 500.5378904902628
7 500.537890045041
8 500.5378899758776
9 500.5378899619726
10 500.5378899480675
11 500.5378899356792
12 500.5378899356344
13 500.5378899355898
14 500.5378899355451
15 500.5378899355003
16 500.5378899354557
17 500.537889935411
18 500.5378899353663
19 500.5378899353216
20 500.5378899352769
21 500.5378899352322
22 500.5378899351875
23 500.5378899351428
24 500.5378899350981
25 500.5378899350534
26 500.5378899350088
27 500.537889934964
28 500.5378899349193
29 500.5378899348747
30 500.53788993483