Time X1
0 246.855036266592
1 254.0108213238628
2 265.7709321079479
3 285.2639801675425
4 316.836694302021
5 361.807401636491
6 407.3007945322443
7 434.6851408534609
8 445.2785063399088
9 448.5569096044286
10 449.4947477635369
11 449.7567950666943
12 449.8295065624346
13 449.8495844164634
14 449.855259957082
15 449.8567738974185
16 449.8571868047977
17 449.8573095754182
18 449.8573455913962
19 449.8573687964689
20 449.8573732169797
21 449.857370991873
22 449.8573701669815
23 449.8573651340078
24 449.8573632542098
25 449.8573613744117
26 449.8573605552816
27 449.8573604983529
28 449.8573604414241
29 449.8573603844954
30 449.8573603275667