Time X1
0 246.937268422208
1 503.986030226602
2 504.6875112299598
3 504.6878040996629
4 504.6877932845111
5 504.6877929564162
6 504.6877926283212
7 504.6877923002264
8 504.6877920289156
9 504.687792019187
10 504.6877920094584
11 504.6877919997298
12 504.6877919900012
13 504.6877919899425
14 504.6877919899128
15 504.6877919898832
16 504.6877919898536
17 504.6877919898239
18 504.6877919897943
19 504.6877919897646
20 504.687791989735
21 504.6877919897053
22 504.6877919896757
23 504.687791989646
24 504.6877919896164
25 504.6877919895867
26 504.6877919895571
27 504.6877919895275
28 504.6877919894978
29 504.6877919894682
30 504.6877919894386