Time X1
0 246.936974436926
1 502.0984226015964
2 502.8275103446043
3 502.827851289821
4 502.8278396362095
5 502.8278393067343
6 502.827838977259
7 502.8278386477838
8 502.8278383352194
9 502.8278383255638
10 502.8278383159083
11 502.8278383062527
12 502.8278382965972
13 502.8278382945371
14 502.8278382945081
15 502.827838294479
16 502.8278382944499
17 502.8278382944209
18 502.8278382943918
19 502.8278382943627
20 502.8278382943337
21 502.8278382943046
22 502.8278382942755
23 502.8278382942464
24 502.8278382942174
25 502.8278382941883
26 502.8278382941592
27 502.8278382941302
28 502.8278382941011
29 502.827838294072
30 502.8278382940429