Time X1
0 246.91460006866
1 500.0776085079436
2 500.5097766045857
3 500.5099044628857
4 500.5098989156832
5 500.5098984712308
6 500.5098980267784
7 500.509897582326
8 500.5098975092375
9 500.5098974953578
10 500.509897481478
11 500.5098974689128
12 500.5098974688682
13 500.5098974688236
14 500.5098974687789
15 500.5098974687343
16 500.5098974686898
17 500.5098974686451
18 500.5098974686005
19 500.5098974685559
20 500.5098974685113
21 500.5098974684667
22 500.5098974684221
23 500.5098974683775
24 500.5098974683329
25 500.5098974682883
26 500.5098974682437
27 500.5098974681991
28 500.5098974681545
29 500.5098974681098
30 500.5098974680652