Time X1
0 246.914199555818
1 502.6926088122809
2 503.1103997659602
3 503.1105225271855
4 503.11051535184
5 503.1105149985704
6 503.1105146453007
7 503.1105142920312
8 503.1105141327176
9 503.1105141223575
10 503.1105141119973
11 503.1105141016371
12 503.1105140972217
13 503.1105140971905
14 503.1105140971592
15 503.110514097128
16 503.1105140970968
17 503.1105140970656
18 503.1105140970344
19 503.1105140970032
20 503.1105140969719
21 503.1105140969407
22 503.1105140969095
23 503.1105140968783
24 503.1105140968471
25 503.1105140968159
26 503.1105140967847
27 503.1105140967534
28 503.1105140967222
29 503.110514096691
30 503.1105140966598