Time X1
0 246.851514306363
1 250.068505046708
2 256.0850614759425
3 267.6067053445979
4 290.4100565902997
5 336.310423255218
6 415.9963369217169
7 489.1094481565284
8 514.5597981749933
9 519.4488281851255
10 520.2469404343675
11 520.3734789555452
12 520.3933920600075
13 520.3965984238034
14 520.3970699841408
15 520.397151358528
16 520.3971802102855
17 520.397178061387
18 520.3971787204343
19 520.397172611483
20 520.3971703805593
21 520.3971688765879
22 520.3971688133757
23 520.3971687501636
24 520.3971686869514
25 520.3971686237393
26 520.3971685605271
27 520.3971684973151
28 520.3971684341029
29 520.3971683708908
30 520.3971683076786