Time X1
0 246.840172042514
1 168.5160752270384
2 116.2160578319477
3 97.88629095144368
4 93.36469791284564
5 92.36380098047496
6 92.14784608355711
7 92.1015087444074
8 92.09159371428528
9 92.08945276908017
10 92.08900503808233
11 92.08891280570505
12 92.08889113242128
13 92.08888361558748
14 92.08888215410457
15 92.08888211388593
16 92.08888324129634
17 92.08888382612626
18 92.08888443128809
19 92.08888445239734
20 92.08888447350658
21 92.08888449461583
22 92.08888451572507
23 92.08888453683433
24 92.08888455794357
25 92.08888457905282
26 92.08888460016206
27 92.08888462127132
28 92.08888464238056
29 92.08888466348981
30 92.08888468459905