Time X1
0 246.862028067875
1 300.7009445268066
2 379.5633522349788
3 436.0170870177016
4 452.4259393403103
5 455.4525253445312
6 455.9522661828649
7 456.0331690882195
8 456.046371031867
9 456.0484068739209
10 456.0487653380888
11 456.0488342703666
12 456.0488550408925
13 456.0488539120177
14 456.0488474429116
15 456.0488434057838
16 456.048841474782
17 456.0488413398779
18 456.0488412049737
19 456.0488410700696
20 456.0488409351653
21 456.0488408002612
22 456.048840665357
23 456.0488405304529
24 456.0488403955487
25 456.0488402606445
26 456.0488401257404
27 456.0488399908362
28 456.048839855932
29 456.0488397210279
30 456.0488395861237