Time X1
0 246.849407262728
1 231.9736453687333
2 208.4893719551142
3 177.2161352863596
4 146.1225171142677
5 124.7032705011296
6 113.9378894578146
7 109.4602557760734
8 107.7539098870709
9 107.1260061977116
10 106.8979559036059
11 106.8155310415589
12 106.785794523002
13 106.7750682287278
14 106.7712098615223
15 106.7698192588161
16 106.7693060957776
17 106.7691265547699
18 106.7690654480368
19 106.7690415777115
20 106.7690327116366
21 106.7690278906894
22 106.7690247474625
23 106.7690242545853
24 106.7690248736893
25 106.7690247416547
26 106.7690252895755
27 106.7690261463031
28 106.7690264802284
29 106.7690268141538
30 106.7690270981677