Time X1
0 246.914404994536
1 502.7478468497084
2 503.1674863922605
3 503.1676101030932
4 503.1676028713977
5 503.1676025181
6 503.1676021648022
7 503.1676018115045
8 503.1676016512095
9 503.1676016408481
10 503.1676016304867
11 503.1676016201253
12 503.1676016156658
13 503.1676016156346
14 503.1676016156034
15 503.1676016155722
16 503.167601615541
17 503.1676016155097
18 503.1676016154785
19 503.1676016154473
20 503.1676016154161
21 503.1676016153849
22 503.1676016153536
23 503.1676016153224
24 503.1676016152912
25 503.16760161526
26 503.1676016152288
27 503.1676016151976
28 503.1676016151663
29 503.1676016151351
30 503.1676016151039