Time X1
0 246.854103819114
1 248.4403968516116
2 251.0005690531975
3 255.1564165544528
4 261.9557651453043
5 273.1710262398279
6 291.6943152961838
7 321.3587148763223
8 363.1507120240479
9 406.0194903657261
10 433.2987000402738
11 444.6937114155626
12 448.4887280621964
13 449.6482044853286
14 449.9927881325025
15 450.094372785474
16 450.1241660541582
17 450.1329326259228
18 450.1355644006367
19 450.1362811331806
20 450.1364999623379
21 450.1365679754916
22 450.1365983107818
23 450.1366121791017
24 450.1366096856962
25 450.1366107922289
26 450.1366059916476
27 450.1366035290263
28 450.1366011268767
29 450.1365998497183
30 450.1365997701364