Time X1
0 246.883882093235
1 437.3060990918222
2 481.2662735860311
3 482.7017385126859
4 482.7384833489771
5 482.7393902677221
6 482.7394290398422
7 482.7394223534869
8 482.7394181535767
9 482.7394180126533
10 482.73941787173
11 482.7394177308067
12 482.7394175898833
13 482.73941744896
14 482.7394173080366
15 482.7394171671132
16 482.7394170261899
17 482.7394169042931
18 482.7394169001494
19 482.7394168960057
20 482.7394168918619
21 482.7394168877181
22 482.7394168835744
23 482.7394168794306
24 482.7394168752868
25 482.7394168711431
26 482.7394168676216
27 482.7394168676091
28 482.7394168675966
29 482.7394168675841
30 482.7394168675715