Time X1
0 246.852534741489
1 254.023426195234
2 267.4314476935064
3 293.3423553935863
4 343.4279671761657
5 421.9051730124177
6 483.3699333655281
7 503.1264007940725
8 507.0426474279329
9 507.7259438773475
10 507.842303942697
11 507.8620840360772
12 507.8653963026402
13 507.8659590512121
14 507.8660612629407
15 507.866099795575
16 507.8660988056398
17 507.8660958479426
18 507.8660900074282
19 507.8660860879043
20 507.866085953579
21 507.8660858192537
22 507.8660856849284
23 507.8660855506031
24 507.8660854162779
25 507.8660852819526
26 507.8660851476273
27 507.866085013302
28 507.8660848789767
29 507.8660847446514
30 507.8660846103261