Time X1
0 246.854567024541
1 251.1591408208843
2 258.173338253925
3 269.7263972014646
4 288.8402075816319
5 319.5921159386764
6 363.0185341034047
7 407.019655133588
8 434.112761419142
9 444.9771800812464
10 448.4647564220674
11 449.4964015748394
12 449.7940097000474
13 449.8792135422394
14 449.903583331639
15 449.9105661681784
16 449.912596126328
17 449.9131337893459
18 449.9132946889758
19 449.9133431331522
20 449.9133672349683
21 449.9133774420242
22 449.9133740152844
23 449.9133749786624
24 449.9133715113466
25 449.9133683852585
26 449.913366613637
27 449.9133650678741
28 449.9133650138297
29 449.9133649597854
30 449.9133649057412