Time X1
0 246.851920762561
1 253.0739389672341
2 264.937147526428
3 288.3994542876396
4 335.7700379995268
5 417.8327749691906
6 490.8660513472152
7 515.0076640468542
8 519.4543219460336
9 520.1573577231345
10 520.2655976978901
11 520.282169278963
12 520.2847527164762
13 520.2851229131837
14 520.2851863750498
15 520.2852116698742
16 520.2852083811773
17 520.2852076278431
18 520.2852018751652
19 520.2851996896557
20 520.285198611905
21 520.2851985505008
22 520.2851984890966
23 520.2851984276924
24 520.2851983662882
25 520.285198304884
26 520.2851982434798
27 520.2851981820756
28 520.2851981206715
29 520.2851980592673
30 520.285197997863