Time X1
0 246.883882093235
1 432.119709473303
2 476.0712580829788
3 477.6208943901577
4 477.6635651717026
5 477.6647117855435
6 477.6647612212587
7 477.664754639738
8 477.6647486521837
9 477.664748438979
10 477.6647483025081
11 477.6647481660372
12 477.6647480295663
13 477.6647478930954
14 477.6647477566244
15 477.6647476201535
16 477.6647474836826
17 477.6647473472117
18 477.6647473180587
19 477.6647473140472
20 477.6647473100357
21 477.6647473060242
22 477.6647473020126
23 477.6647472980011
24 477.6647472939896
25 477.6647472899781
26 477.6647472859666
27 477.6647472845044
28 477.6647472844923
29 477.6647472844801
30 477.664747284468