Time X1
0 246.853165306899
1 242.8670612945354
2 236.5979570354442
3 226.9644974672348
4 212.7977389623254
5 193.607838755796
6 171.0550598778048
7 149.558368230857
8 133.5084875489277
9 123.8644294703584
10 118.8749071444794
11 116.50277784301
12 115.4219403619717
13 114.939115057769
14 114.7253080672218
15 114.6310202531158
16 114.5895060626103
17 114.5712456990728
18 114.5632097483558
19 114.5596846333131
20 114.5581372148929
21 114.5574546265069
22 114.5571477890756
23 114.5570149988664
24 114.5569604957334
25 114.5569359357955
26 114.5569244022217
27 114.5569192341096
28 114.5569144866392
29 114.5569118967959
30 114.5569114645797