Time X1
0 246.850366890548
1 238.414242708213
2 224.3036246747739
3 202.6676058743995
4 174.5988497385658
5 146.833108093939
6 127.1151218030053
7 116.609194523259
8 111.9333731138337
9 110.0286381931727
10 109.2816479783898
11 108.9930834155471
12 108.8822546695416
13 108.8397907864152
14 108.8235462362721
15 108.8173407412169
16 108.8149418006363
17 108.8140223976477
18 108.8136918597347
19 108.8135572848087
20 108.8135036330162
21 108.8134826483951
22 108.8134742630191
23 108.8134700377752
24 108.8134666527599
25 108.8134653563671
26 108.8134661485969
27 108.8134661671678
28 108.8134662326523
29 108.8134668063747
30 108.8134676477393