Time X1
0 246.937185977978
1 502.3340773591842
2 503.0500054371287
3 503.0503343373013
4 503.0503227071089
5 503.0503223764782
6 503.0503220458474
7 503.0503217152166
8 503.0503214081866
9 503.050321398496
10 503.0503213888053
11 503.0503213791147
12 503.0503213694241
13 503.0503213676651
14 503.0503213676359
15 503.0503213676067
16 503.0503213675776
17 503.0503213675483
18 503.0503213675192
19 503.05032136749
20 503.0503213674609
21 503.0503213674316
22 503.0503213674025
23 503.0503213673733
24 503.0503213673441
25 503.050321367315
26 503.0503213672858
27 503.0503213672566
28 503.0503213672274
29 503.0503213671983
30 503.050321367169