Time X1
0 246.851278149231
1 232.0317611278428
2 210.284146326639
3 182.2694677544527
4 153.5732563399778
5 131.902175416247
6 119.6347793516446
7 113.9233338070605
8 111.5222291159797
9 110.5580300581549
10 110.1780002789641
11 110.0293478443002
12 109.9713654470636
13 109.9487763272194
14 109.9399843613456
15 109.9365655570715
16 109.9352355440089
17 109.9347052254215
18 109.9345028441905
19 109.9344296034428
20 109.9343990480662
21 109.9343866876125
22 109.9343815222315
23 109.9343771608471
24 109.9343751621706
25 109.934375526202
26 109.9343756927046
27 109.9343756866468
28 109.9343762887295
29 109.9343770970091
30 109.9343774200656