Time X1
0 246.853565455004
1 261.7145610246343
2 290.5078412217013
3 346.56169186024
4 431.2714855618186
5 489.0671327719795
6 504.7843615680737
7 507.5608957230509
8 508.0053965942882
9 508.075249971577
10 508.0863490156198
11 508.0879979347248
12 508.0882775928918
13 508.0883361452912
14 508.0883487814485
15 508.0883482732009
16 508.0883410913622
17 508.0883371522828
18 508.0883355197984
19 508.0883353926441
20 508.0883352654899
21 508.0883351383357
22 508.0883350111814
23 508.0883348840271
24 508.0883347568728
25 508.0883346297186
26 508.0883345025644
27 508.0883343754101
28 508.0883342482558
29 508.0883341211016
30 508.0883339939473