Time X1
0 246.854103819114
1 248.4793388340852
2 251.1032640975715
3 255.364623773518
4 262.3407115993953
5 273.8538790511
6 292.8662968239492
7 323.2219803460513
8 365.5326164976522
9 407.9872775272793
10 434.3091933173103
11 445.1099113092454
12 448.6767741410963
13 449.7626250908401
14 450.0847122729085
15 450.1795173100344
16 450.2072961917016
17 450.2155588015871
18 450.2179309710327
19 450.2185899227134
20 450.218798458424
21 450.2188617741498
22 450.2188872208395
23 450.2189026279183
24 450.218902039452
25 450.2189014348844
26 450.2189000852896
27 450.2188953362032
28 450.2188936910518
29 450.2188920459004
30 450.2188910955881