Time X1
0 246.851864957434
1 249.1301276157739
2 253.2660407753597
3 260.8937974531329
4 275.2980834317839
5 303.2018085425788
6 356.036406244272
7 432.8277792282506
8 486.897886876998
9 503.550797235799
10 506.9415258794311
11 507.5615225227257
12 507.6725046806515
13 507.6923476821445
14 507.6958426177262
15 507.6964611743994
16 507.6965797453985
17 507.6966208720384
18 507.6966213028568
19 507.6966214087689
20 507.6966146916985
21 507.6966108145936
22 507.696609680602
23 507.6966095536209
24 507.6966094266399
25 507.6966092996589
26 507.6966091726778
27 507.6966090456967
28 507.6966089187157
29 507.6966087917347
30 507.6966086647536