Time X1
0 246.84502967354
1 204.2889116900743
2 155.2223182827369
3 120.8509516017026
4 105.9846638053129
5 101.1041425840146
6 99.66305143203462
7 99.25144254332805
8 99.13501139608888
9 99.10216896252722
10 99.09290643527721
11 99.09031246925861
12 99.08956647909685
13 99.08936041026691
14 99.08930515051816
15 99.08928816200797
16 99.08928241586487
17 99.08927873011729
18 99.0892784534654
19 99.08927879552172
20 99.08927900968479
21 99.08928002429575
22 99.08928036036598
23 99.08928069643621
24 99.08928089311122
25 99.0892809029469
26 99.08928091278258
27 99.08928092261826
28 99.08928093245393
29 99.08928094228962
30 99.08928095212529