Time X1
0 246.883961964499
1 437.6242192406912
2 481.3439094604409
3 482.759978922311
4 482.7959933731312
5 482.7968751160379
6 482.796912773003
7 482.7969063193271
8 482.7969021769219
9 482.7969020355864
10 482.7969018942508
11 482.7969017529152
12 482.7969016115797
13 482.7969014702442
14 482.7969013289086
15 482.796901187573
16 482.7969010462375
17 482.7969009284195
18 482.7969009242627
19 482.7969009201059
20 482.7969009159491
21 482.7969009117923
22 482.7969009076355
23 482.7969009034787
24 482.7969008993219
25 482.7969008951652
26 482.7969008918394
27 482.7969008918269
28 482.7969008918143
29 482.7969008918017
30 482.7969008917892