Time X1
0 246.855052464567
1 254.1481795474922
2 266.1406947292034
3 286.0247004342775
4 318.1778480129817
5 363.6241116588104
6 408.804756676398
7 435.4315133836152
8 445.5816264450119
9 448.7000066261893
10 449.5886872616245
11 449.8363554054831
12 449.9048993360373
13 449.9238016744658
14 449.9291340763795
15 449.9305419897696
16 449.9309305585138
17 449.9310452226562
18 449.9310802205465
19 449.9311023861696
20 449.9311052020337
21 449.9311037606517
22 449.931102384411
23 449.9310975170691
24 449.9310955707223
25 449.9310936243755
26 449.9310930637193
27 449.9310930042889
28 449.9310929448583
29 449.9310928854279
30 449.9310928259974