Time X1
0 246.883934390168
1 437.5142382906726
2 481.3169725862525
3 482.7397204586452
4 482.7759859095277
5 482.7768762798596
6 482.7769143207652
7 482.7769077846229
8 482.7769036223125
9 482.7769034811196
10 482.7769033399268
11 482.776903198734
12 482.7769030575411
13 482.7769029163483
14 482.7769027751555
15 482.7769026339626
16 482.7769024927698
17 482.7769023735399
18 482.7769023693876
19 482.7769023652353
20 482.776902361083
21 482.7769023569307
22 482.7769023527784
23 482.7769023486261
24 482.7769023444738
25 482.7769023403215
26 482.7769023369279
27 482.7769023369154
28 482.7769023369029
29 482.7769023368903
30 482.7769023368778