Time X1
0 246.851742312356
1 248.2065684914575
2 250.6507896135587
3 255.1041916999869
4 263.3514003054239
5 278.9912436815658
6 309.3222456059692
7 365.7839960563712
8 442.2620843423198
9 490.3879955737849
10 504.2081918396545
11 506.9845195715293
12 507.4950256868445
13 507.5872095384859
14 507.6038828877675
15 507.6068412437265
16 507.6073764294958
17 507.6074793174995
18 507.6075184186068
19 507.6075179868961
20 507.6075172100794
21 507.607510711561
22 507.6075068409744
23 507.6075059109051
24 507.6075057839931
25 507.6075056570812
26 507.6075055301693
27 507.6075054032574
28 507.6075052763455
29 507.6075051494335
30 507.6075050225216