Time X1
0 246.852529648023
1 253.9862591889702
2 267.3220691277807
3 293.0872699451812
4 342.9104453708266
5 421.2411167270334
6 483.0560093607319
7 503.0546617329341
8 507.0288490994836
9 507.7228193882011
10 507.8410545949789
11 507.861159620777
12 507.8645282766151
13 507.8650999326009
14 507.8652037864353
15 507.8652426123971
16 507.8652417002757
17 507.86523896275
18 507.8652330364221
19 507.8652290613277
20 507.8652289277228
21 507.8652287941179
22 507.8652286605129
23 507.865228526908
24 507.865228393303
25 507.8652282596981
26 507.8652281260931
27 507.8652279924882
28 507.8652278588833
29 507.8652277252783
30 507.8652275916734