Time X1
0 246.850367890548
1 238.4142431052216
2 224.3036240412891
3 202.667603770456
4 174.59884625524
5 146.8331042955049
6 127.1151187685693
7 116.6091923940563
8 111.9333715597346
9 110.0286369262936
10 109.281646841236
11 108.9930823342824
12 108.8822536119066
13 108.8397897386311
14 108.8235451925623
15 108.8173396991735
16 108.8149407592809
17 108.8140213565776
18 108.813690818776
19 108.8135562438924
20 108.813502592118
21 108.8134816075047
22 108.8134732221321
23 108.8134689968883
24 108.8134656118743
25 108.8134643154829
26 108.8134651077141
27 108.8134651262834
28 108.8134651917684
29 108.8134657654914
30 108.8134666068555