Time X1
0 246.855091331265
1 254.3011110063313
2 266.5445993159593
3 286.8354937201619
4 319.5570060593168
5 365.3807224117364
6 410.0956925502069
7 435.9086715466483
8 445.6235375298158
9 448.5928741233876
10 449.4375854484024
11 449.6728466604663
12 449.7379153552939
13 449.7558663755833
14 449.7609261802457
15 449.762252224844
16 449.7626228533593
17 449.7627319062912
18 449.7627664027215
19 449.7627877502567
20 449.7627891115189
21 449.7627885174757
22 449.7627866046136
23 449.762781947253
24 449.7627799207898
25 449.7627778943266
26 449.7627775924589
27 449.7627775299511
28 449.7627774674432
29 449.7627774049353
30 449.7627773424275