Time X1
0 246.862027067875
1 300.700944120086
2 379.5633527711603
3 436.0170878418278
4 452.4259399926088
5 455.4525259180088
6 455.9522667364574
7 456.033169637535
8 456.0463715802383
9 456.0484074221263
10 456.0487658862679
11 456.0488348185563
12 456.0488555890634
13 456.0488544601951
14 456.048847991085
15 456.0488439539538
16 456.0488420229568
17 456.0488418880525
18 456.0488417531482
19 456.0488416182438
20 456.0488414833395
21 456.0488413484351
22 456.0488412135308
23 456.0488410786265
24 456.0488409437221
25 456.0488408088178
26 456.0488406739134
27 456.0488405390091
28 456.0488404041048
29 456.0488402692004
30 456.0488401342961