Time X1
0 246.93718709283
1 499.6081362943158
2 500.3409569927797
3 500.3413104147429
4 500.341298801786
5 500.3412984761048
6 500.3412981504236
7 500.3412978247424
8 500.3412975050419
9 500.3412974955017
10 500.3412974859617
11 500.3412974764216
12 500.3412974668815
13 500.3412974643297
14 500.341297464301
15 500.3412974642723
16 500.3412974642436
17 500.3412974642148
18 500.3412974641861
19 500.3412974641574
20 500.3412974641287
21 500.3412974641
22 500.3412974640713
23 500.3412974640426
24 500.3412974640139
25 500.3412974639852
26 500.3412974639564
27 500.3412974639277
28 500.341297463899
29 500.3412974638703
30 500.3412974638416