Time X1
0 246.851997038298
1 253.6416848873503
2 266.6316281778596
3 292.4451144087733
4 344.3979922299246
5 429.8543163073109
6 496.5714914759178
7 516.1701261274034
8 519.6273166516665
9 520.1671973744669
10 520.249655917237
11 520.2623700150015
12 520.2642144342545
13 520.2645206338653
14 520.2645772749811
15 520.2645967160819
16 520.2645932642887
17 520.2645885939346
18 520.2645839889299
19 520.2645812278327
20 520.2645811435343
21 520.264581059236
22 520.2645809749376
23 520.2645808906393
24 520.264580806341
25 520.2645807220426
26 520.2645806377443
27 520.2645805534461
28 520.2645804691477
29 520.2645803848494
30 520.2645803005511