Time X1
0 246.851882759151
1 249.2672839899917
2 253.6561120239971
3 261.7641727143472
4 277.1145289113343
5 306.8980753842824
6 362.7380996017133
7 439.9682882545218
8 489.7855867726219
9 504.1957360769648
10 507.0697506873591
11 507.5924561915954
12 507.6857626217404
13 507.7024449470127
14 507.7053686911297
15 507.7058931944389
16 507.7059927826974
17 507.7060313812908
18 507.7060306499989
19 507.7060291759244
20 507.7060228597053
21 507.7060189383351
22 507.7060182780131
23 507.7060181492324
24 507.7060180204517
25 507.7060178916709
26 507.7060177628902
27 507.7060176341095
28 507.7060175053288
29 507.7060173765481
30 507.7060172477673