Time X1
0 246.855029229969
1 253.9742250825413
2 265.6730974989997
3 285.0642957047629
4 316.4875258442516
5 361.3379867617341
6 406.9180796403862
7 434.5063722600111
8 445.2188397656925
9 448.5399787729083
10 449.4908340764578
11 449.7566551703992
12 449.8304520981039
13 449.8508329921458
14 449.8565952458495
15 449.8581360458642
16 449.8585549856279
17 449.8586797852826
18 449.8587160740791
19 449.8587395121546
20 449.8587443176814
21 449.8587419141296
22 449.8587412238245
23 449.8587361590771
24 449.8587342976242
25 449.8587324361713
26 449.85873155337
27 449.85873149713
28 449.85873144089
29 449.85873138465
30 449.8587313284099