Time X1
0 246.849622533809
1 215.6623206727178
2 177.7733107569509
3 143.3376199799395
4 121.7946478073211
5 111.8901586188505
6 108.0573580580371
7 106.6801398198563
8 106.1988676077636
9 106.0323344899875
10 105.9749131015438
11 105.9551288808264
12 105.9483332312666
13 105.9459997131681
14 105.9451765523202
15 105.9448985116572
16 105.9448093430393
17 105.944776191572
18 105.9447643579694
19 105.9447584458539
20 105.9447548826053
21 105.9447548134566
22 105.9447548780414
23 105.944755030702
24 105.9447561244059
25 105.9447565431538
26 105.9447569844591
27 105.9447573854224
28 105.9447573996115
29 105.9447574138006
30 105.9447574279898