Time X1
0 246.91460006866
1 500.0930505200138
2 500.525046595073
3 500.5251743372789
4 500.5251687924497
5 500.5251683479104
6 500.525167903371
7 500.5251674588316
8 500.5251673859762
9 500.5251673720937
10 500.5251673582112
11 500.525167345656
12 500.5251673456114
13 500.5251673455667
14 500.5251673455221
15 500.5251673454775
16 500.5251673454329
17 500.5251673453882
18 500.5251673453436
19 500.5251673452991
20 500.5251673452544
21 500.5251673452098
22 500.5251673451652
23 500.5251673451206
24 500.5251673450759
25 500.5251673450313
26 500.5251673449867
27 500.5251673449421
28 500.5251673448975
29 500.5251673448529
30 500.5251673448083