Time X1
0 246.852020977193
1 250.272570966673
2 256.5278973987266
3 268.2217259948073
4 290.708541382774
5 334.254147606371
6 406.8166139575484
7 474.4864048088024
8 500.7149414238281
9 506.4635181424522
10 507.5209956856135
11 507.7086957062918
12 507.7417217677769
13 507.7476569892855
14 507.7486295899034
15 507.7488160535191
16 507.748858544439
17 507.7488747641585
18 507.7488710958095
19 507.7488687397023
20 507.748863340787
21 507.7488609683301
22 507.7488599381912
23 507.7488598696017
24 507.7488598010123
25 507.7488597324227
26 507.7488596638332
27 507.7488595952437
28 507.7488595266543
29 507.7488594580648
30 507.7488593894753