Time X1
0 246.91460006866
1 500.0929884127005
2 500.5249857005608
3 500.5251134434981
4 500.5251078986548
5 500.5251074541162
6 500.5251070095775
7 500.5251065650389
8 500.525106492182
9 500.5251064782993
10 500.5251064644165
11 500.525106451861
12 500.5251064518164
13 500.5251064517718
14 500.5251064517271
15 500.5251064516825
16 500.525106451638
17 500.5251064515933
18 500.5251064515487
19 500.5251064515041
20 500.5251064514595
21 500.5251064514148
22 500.5251064513702
23 500.5251064513256
24 500.525106451281
25 500.5251064512364
26 500.5251064511917
27 500.5251064511471
28 500.5251064511025
29 500.5251064510579
30 500.5251064510132