Time X1
0 246.85186999735
1 249.1666392083627
2 253.3698349723794
3 261.1252253039098
4 275.7806053667847
5 304.1838870948493
6 357.8316503149039
7 434.7976063655932
8 487.7198756797929
9 503.7361873983255
10 506.9781522164724
11 507.5700511128187
12 507.6759270439832
13 507.6948526257966
14 507.6981848366125
15 507.6987760910451
16 507.6988891210462
17 507.698929535367
18 507.6989296085737
19 507.698929286431
20 507.6989226595034
21 507.6989187695501
22 507.6989177644284
23 507.6989176369246
24 507.698917509421
25 507.6989173819173
26 507.6989172544136
27 507.69891712691
28 507.6989169994063
29 507.6989168719026
30 507.698916744399