Time X1
0 246.853773721419
1 259.5447326713013
2 283.2671102534694
3 328.1426701529446
4 400.7565380309475
5 465.6018107057792
6 489.9113066207843
7 495.199186504934
8 496.1758195065449
9 496.3503370762197
10 496.3812277908949
11 496.3867884673487
12 496.3877139029217
13 496.3878938851358
14 496.3879396647494
15 496.3879508618684
16 496.3879495759971
17 496.3879429702895
18 496.3879399084217
19 496.3879372728594
20 496.3879371711586
21 496.3879370694578
22 496.387936967757
23 496.3879368660562
24 496.3879367643555
25 496.3879366626546
26 496.3879365609538
27 496.387936459253
28 496.3879363575522
29 496.3879362558515
30 496.3879361541506