Time X1
0 246.914084290748
1 503.0376191936204
2 503.4529559159438
3 503.4530768454628
4 503.4530698095591
5 503.4530694550089
6 503.4530691004588
7 503.4530687459086
8 503.4530685894956
9 503.4530685790945
10 503.4530685686934
11 503.4530685582924
12 503.4530685540263
13 503.453068553995
14 503.4530685539636
15 503.4530685539323
16 503.4530685539009
17 503.4530685538696
18 503.4530685538382
19 503.4530685538069
20 503.4530685537756
21 503.4530685537442
22 503.4530685537129
23 503.4530685536815
24 503.4530685536502
25 503.4530685536188
26 503.4530685535875
27 503.4530685535561
28 503.4530685535248
29 503.4530685534934
30 503.4530685534621