Time X1
0 246.927757275341
1 498.9330315387312
2 500.4305457189626
3 500.4318234949185
4 500.4318105688809
5 500.4318101938196
6 500.4318098187583
7 500.431809443697
8 500.4318090686357
9 500.4318089289316
10 500.4318089172568
11 500.4318089055819
12 500.431808893907
13 500.4318088850351
14 500.4318088849977
15 500.4318088849603
16 500.4318088849229
17 500.4318088848855
18 500.4318088848481
19 500.4318088848107
20 500.4318088847733
21 500.4318088847359
22 500.4318088846985
23 500.4318088846611
24 500.4318088846237
25 500.4318088845863
26 500.4318088845489
27 500.4318088845115
28 500.4318088844741
29 500.4318088844367
30 500.4318088843993