Time X1
0 246.927757275341
1 498.9331064687972
2 500.4306164254555
3 500.4318941931581
4 500.431881267166
5 500.4318808921046
6 500.4318805170432
7 500.4318801419817
8 500.4318797669202
9 500.4318796272175
10 500.4318796155428
11 500.431879603868
12 500.4318795921932
13 500.4318795833213
14 500.4318795832839
15 500.4318795832465
16 500.4318795832091
17 500.4318795831717
18 500.4318795831343
19 500.4318795830969
20 500.4318795830595
21 500.4318795830221
22 500.4318795829847
23 500.4318795829474
24 500.43187958291
25 500.4318795828726
26 500.4318795828352
27 500.4318795827978
28 500.4318795827604
29 500.431879582723
30 500.4318795826856