Time X1
0 246.853165306899
1 239.8418197423258
2 229.2449208321196
3 213.898230127059
4 193.4392835677951
5 169.8710394678778
6 147.988752395404
7 132.1357102163637
8 122.8764108126937
9 118.1958513417541
10 116.0111739070543
11 115.0305184826382
12 114.5982558126372
13 114.4090938446247
14 114.326653438863
15 114.2907826390522
16 114.2751801176246
17 114.2683991697708
18 114.2654646406584
19 114.2641827469598
20 114.2636131421313
21 114.2633691803792
22 114.2632700874165
23 114.2632260686135
24 114.2632056113117
25 114.2631965826886
26 114.2631917075835
27 114.2631876512463
28 114.2631857864695
29 114.2631861132532
30 114.2631862913859