Time X1
0 246.914404994536
1 502.763278077181
2 503.1827503879576
3 503.1828739831786
4 503.1828667596619
5 503.182866406304
6 503.182866052946
7 503.182865699588
8 503.1828655394603
9 503.1828655290967
10 503.1828655187331
11 503.1828655083696
12 503.1828655039184
13 503.1828655038872
14 503.182865503856
15 503.1828655038247
16 503.1828655037935
17 503.1828655037623
18 503.182865503731
19 503.1828655036998
20 503.1828655036686
21 503.1828655036373
22 503.1828655036061
23 503.1828655035749
24 503.1828655035437
25 503.1828655035124
26 503.1828655034812
27 503.18286550345
28 503.1828655034187
29 503.1828655033875
30 503.1828655033563