Time X1
0 246.852539880684
1 254.0616257930751
2 267.5438987558678
3 293.6046680426977
4 343.9595909528626
5 422.583376890085
6 483.6881787816664
7 503.1993163512959
8 507.0571265557214
9 507.729668003994
10 507.8441385916454
11 507.8635917881733
12 507.8668469417181
13 507.8674007392948
14 507.8675015667001
15 507.8675395423302
16 507.8675384782235
17 507.8675352939252
18 507.8675295449436
19 507.8675256827232
20 507.8675255476678
21 507.8675254126123
22 507.8675252775569
23 507.8675251425014
24 507.8675250074459
25 507.8675248723904
26 507.867524737335
27 507.8675246022796
28 507.8675244672241
29 507.8675243321686
30 507.8675241971131