Time X1
0 246.914156339967
1 502.6509859627615
2 503.0685171228465
3 503.0686397977838
4 503.0686326254813
5 503.0686322723133
6 503.0686319191452
7 503.0686315659772
8 503.0686314066789
9 503.0686313963222
10 503.0686313859654
11 503.0686313756086
12 503.0686313711924
13 503.0686313711612
14 503.06863137113
15 503.0686313710988
16 503.0686313710676
17 503.0686313710364
18 503.0686313710052
19 503.068631370974
20 503.0686313709428
21 503.0686313709116
22 503.0686313708804
23 503.0686313708492
24 503.068631370818
25 503.0686313707868
26 503.0686313707556
27 503.0686313707244
28 503.0686313706932
29 503.068631370662
30 503.0686313706308