Time X1
0 246.851514306363
1 246.6086568266544
2 246.1754898862299
3 245.4039091943592
4 244.0343598466198
5 241.6184940816715
6 237.4069148198425
7 230.2224360696232
8 218.4637918888211
9 200.6723149452147
10 177.32018505104
11 152.854101781076
12 133.5596432593522
13 121.9134633597357
14 116.0874239677442
15 113.4615490668969
16 112.3354550081318
17 111.8629988423608
18 111.6666157621476
19 111.5852987647487
20 111.5516881318468
21 111.5377914385658
22 111.5320695061301
23 111.5297104181481
24 111.528705779641
25 111.5283092599999
26 111.5281489306612
27 111.5280839319754
28 111.5280551907226
29 111.5280429241296
30 111.5280372080998