Time X1
0 246.851515306363
1 246.6086572536691
2 246.1754892952709
3 245.4039067907434
4 244.0343542413696
5 241.6184828938682
6 237.4068941352957
7 230.2223999892637
8 218.4637332117632
9 200.6722296397689
10 177.3200821912222
11 152.854007146958
12 133.5595783707491
13 121.9134278535019
14 116.0874067140675
15 113.4615408769078
16 112.3354508804266
17 111.8629964559061
18 111.6666141081637
19 111.585297416623
20 111.551686910945
21 111.5377902705454
22 111.5320683600027
23 111.5297092812077
24 111.5287046466941
25 111.5283081283144
26 111.5281477996967
27 111.5280828012404
28 111.5280540600949
29 111.5280417935495
30 111.5280360775261