Time X1
0 246.937267422208
1 503.9860302143377
2 504.687511229955
3 504.6878040996627
4 504.6877932845113
5 504.6877929564167
6 504.687792628322
7 504.6877923002274
8 504.6877920289169
9 504.687792019188
10 504.6877920094591
11 504.6877919997302
12 504.6877919900013
13 504.6877919899426
14 504.6877919899129
15 504.6877919898833
16 504.6877919898536
17 504.687791989824
18 504.6877919897943
19 504.6877919897647
20 504.687791989735
21 504.6877919897054
22 504.6877919896758
23 504.6877919896461
24 504.6877919896165
25 504.6877919895869
26 504.6877919895572
27 504.6877919895275
28 504.6877919894979
29 504.6877919894682
30 504.6877919894386