Time X1
0 246.93718709283
1 505.0897028413501
2 505.7887607587109
3 505.7890487019635
4 505.78903789166
5 505.7890375595238
6 505.7890372273876
7 505.7890368952513
8 505.7890366282979
9 505.7890366184337
10 505.7890366085695
11 505.7890365987053
12 505.7890365891962
13 505.7890365891661
14 505.7890365891359
15 505.7890365891059
16 505.7890365890757
17 505.7890365890456
18 505.7890365890156
19 505.7890365889854
20 505.7890365889554
21 505.7890365889252
22 505.7890365888951
23 505.789036588865
24 505.7890365888349
25 505.7890365888048
26 505.7890365887747
27 505.7890365887446
28 505.7890365887145
29 505.7890365886844
30 505.7890365886543