Time X1
0 246.840172042514
1 168.516264428097
2 116.2162305845247
3 97.88639348105205
4 93.36477001892484
5 92.36386399544823
6 92.14790667130914
7 92.1015687141487
8 92.0916535304722
9 92.08951254702767
10 92.08906480804789
11 92.08897257379701
12 92.08895090000397
13 92.08894338311956
14 92.08894192147818
15 92.08894188131299
16 92.0889430086598
17 92.08894359353455
18 92.08894419871508
19 92.08894421982413
20 92.08894424093317
21 92.08894426204222
22 92.08894428315125
23 92.08894430426029
24 92.08894432536934
25 92.08894434647839
26 92.08894436758743
27 92.08894438869648
28 92.08894440980552
29 92.08894443091457
30 92.08894445202361