Time X1
0 246.91460006866
1 500.0929886630339
2 500.5249859433995
3 500.5251136863317
4 500.5251081414891
5 500.5251076969508
6 500.5251072524125
7 500.5251068078742
8 500.5251067350172
9 500.5251067211343
10 500.5251067072513
11 500.5251066946956
12 500.525106694651
13 500.5251066946064
14 500.5251066945618
15 500.5251066945171
16 500.5251066944725
17 500.5251066944279
18 500.5251066943833
19 500.5251066943387
20 500.5251066942941
21 500.5251066942495
22 500.5251066942049
23 500.5251066941602
24 500.5251066941156
25 500.525106694071
26 500.5251066940264
27 500.5251066939817
28 500.5251066939371
29 500.5251066938925
30 500.5251066938479