Time X1
0 246.854341451856
1 245.3722545961392
2 243.0936985439749
3 239.6113272256112
4 234.3414012890228
5 226.5078807894487
6 215.2323430314116
7 199.9199369370225
8 181.1030925912278
9 161.2802320607746
10 144.1628723834248
11 132.1208140299336
12 124.9514324898598
13 121.1304324552208
14 119.2185638947849
15 118.2928698509961
16 117.8518674361045
17 117.643403269718
18 117.545226561535
19 117.499071632285
20 117.4773837502138
21 117.4672110605357
22 117.4624378508007
23 117.4602061603644
24 117.4591400919412
25 117.4586357649335
26 117.4584055891165
27 117.458304508562
28 117.4582549641489
29 117.4582302737749
30 117.4582185182386