Time X1
0 246.937185977978
1 502.3175488583547
2 503.0337613641989
3 503.0340905654958
4 503.0340789347242
5 503.0340786041256
6 503.034078273527
7 503.0340779429284
8 503.034077635751
9 503.0340776260614
10 503.0340776163718
11 503.0340776066822
12 503.0340775969926
13 503.0340775952255
14 503.0340775951963
15 503.0340775951672
16 503.034077595138
17 503.0340775951088
18 503.0340775950796
19 503.0340775950505
20 503.0340775950213
21 503.0340775949921
22 503.034077594963
23 503.0340775949338
24 503.0340775949046
25 503.0340775948754
26 503.0340775948463
27 503.0340775948171
28 503.0340775947879
29 503.0340775947587
30 503.0340775947296