Time X1
0 246.859072025105
1 278.7118405419715
2 330.2345116665491
3 392.4854195695629
4 431.8781618036372
5 444.9194107509243
6 448.0629492464761
7 448.7533587444149
8 448.9017863844965
9 448.9335398539022
10 448.9404104911172
11 448.9418287758959
12 448.9421220516479
13 448.942190905065
14 448.9422156454621
15 448.9422238798422
16 448.9422207718999
17 448.9422197544805
18 448.942215072635
19 448.9422134347716
20 448.9422118418216
21 448.9422117951928
22 448.942211748564
23 448.9422117019353
24 448.9422116553066
25 448.9422116086778
26 448.942211562049
27 448.9422115154203
28 448.9422114687915
29 448.9422114221628
30 448.942211375534