Time X1
0 246.851749956093
1 248.2831153551071
2 250.8669265756829
3 255.5798392284129
4 264.3236683363434
5 280.9467339800559
6 313.2118734109961
7 372.5149868436498
8 448.6552654163642
9 492.7345722434064
10 504.7345801804468
11 507.1063284504679
12 507.5406236853195
13 507.6188597795472
14 507.6330832830415
15 507.6355277505521
16 507.6359976063964
17 507.6360865565994
18 507.6361211982108
19 507.6361199531722
20 507.6361210060946
21 507.6361142836207
22 507.6361112900781
23 507.636109380213
24 507.6361092885869
25 507.6361091969607
26 507.6361091053345
27 507.6361090137083
28 507.6361089220821
29 507.6361088304559
30 507.6361087388297