Time X1
0 246.859066706732
1 278.6658572855692
2 330.1195372872593
3 392.3467487912321
4 431.7999499380729
5 444.8841477996674
6 448.0414328710821
7 448.7353812855652
8 448.8846652968916
9 448.9166217639773
10 448.9234897548685
11 448.9249694781564
12 448.9252651280341
13 448.9253345837602
14 448.9253593768723
15 448.9253677534386
16 448.9253646175758
17 448.9253636418175
18 448.9253589453187
19 448.9253573088114
20 448.925355701505
21 448.9253556549192
22 448.9253556083335
23 448.9253555617477
24 448.925355515162
25 448.9253554685762
26 448.9253554219904
27 448.9253553754047
28 448.9253553288189
29 448.9253552822332
30 448.9253552356474