Time X1
0 246.936285893723
1 484.4996437695903
2 485.3870987182679
3 485.3876474274056
4 485.3876366989936
5 485.3876363321635
6 485.3876359653333
7 485.3876355985033
8 485.3876352316731
9 485.3876352159323
10 485.387635204595
11 485.3876351932577
12 485.3876351819203
13 485.3876351789368
14 485.3876351789008
15 485.3876351788647
16 485.3876351788287
17 485.3876351787926
18 485.3876351787566
19 485.3876351787205
20 485.3876351786845
21 485.3876351786485
22 485.3876351786124
23 485.3876351785763
24 485.3876351785403
25 485.3876351785042
26 485.3876351784682
27 485.3876351784322
28 485.3876351783961
29 485.38763517836
30 485.387635178324