Time X1
0 246.851879780715
1 249.2378474921121
2 253.5723550340481
3 261.5771346069068
4 276.7237878000435
5 306.1031599397685
6 361.3096639541619
7 438.4945602188685
8 489.2099121465476
9 504.0684289218783
10 507.0441099713254
11 507.5858930744857
12 507.6826637306744
13 507.6999625074042
14 507.7029998581395
15 507.7035426420696
16 507.7036458942841
17 507.7036850022978
18 507.7036844799353
19 507.7036833384929
20 507.7036769224398
21 507.7036730096476
22 507.7036722500735
23 507.7036721216415
24 507.7036719932095
25 507.7036718647776
26 507.7036717363455
27 507.7036716079136
28 507.7036714794816
29 507.7036713510496
30 507.7036712226177