Time X1
0 246.855036266592
1 254.0104973381584
2 265.7700585064525
3 285.2621774695421
4 316.8334949134692
5 361.8030001172657
6 407.2970332941507
7 434.6831553806664
8 445.2775910925482
9 448.5563864707159
10 449.494346238318
11 449.7564293863155
12 449.8291513469197
13 449.8492321686933
14 449.8549085708588
15 449.8564227802013
16 449.8568357496266
17 449.8569585411756
18 449.8569945601398
19 449.857017767737
20 449.8570221920655
21 449.8570199652432
22 449.8570191416425
23 449.8570141083495
24 449.8570122287001
25 449.8570103490507
26 449.8570095293186
27 449.8570094723955
28 449.8570094154724
29 449.8570093585492
30 449.8570093016261