Time X1
0 246.914154762968
1 502.6471326491638
2 503.0646637967847
3 503.0647864770469
4 503.064779304188
5 503.0647789510309
6 503.0647785978737
7 503.0647782447166
8 503.0647780854044
9 503.0647780750481
10 503.0647780646919
11 503.0647780543356
12 503.0647780499187
13 503.0647780498875
14 503.0647780498563
15 503.0647780498251
16 503.0647780497939
17 503.0647780497627
18 503.0647780497314
19 503.0647780497003
20 503.0647780496691
21 503.0647780496379
22 503.0647780496067
23 503.0647780495755
24 503.0647780495443
25 503.0647780495131
26 503.0647780494818
27 503.0647780494507
28 503.0647780494195
29 503.0647780493883
30 503.0647780493571