Time X1
0 246.851883759151
1 249.2672857955872
2 253.65611532519
3 261.7641788725155
4 277.1145407184709
5 306.8980983795725
6 362.7381398812304
7 439.9683288751442
8 489.7856022981068
9 504.1957394190957
10 507.0697513044042
11 507.5924563022973
12 507.6857626413268
13 507.7024449505388
14 507.7053686917104
15 507.7058931945528
16 507.7059927827189
17 507.7060313812977
18 507.7060306499964
19 507.7060291759105
20 507.706022859692
21 507.7060189383255
22 507.7060182780072
23 507.7060181492268
24 507.7060180204466
25 507.7060178916664
26 507.7060177628861
27 507.7060176341058
28 507.7060175053256
29 507.7060173765453
30 507.706017247765