Time X1
0 246.883961964499
1 437.6237382366456
2 481.3436265275639
3 482.7597156781532
4 482.7957309121089
5 482.7966126826991
6 482.7966503409226
7 482.7966438869685
8 482.796639744498
9 482.7966396031628
10 482.7966394618276
11 482.7966393204925
12 482.7966391791574
13 482.7966390378222
14 482.796638896487
15 482.7966387551518
16 482.7966386138167
17 482.7966384959936
18 482.7966384918371
19 482.7966384876805
20 482.7966384835239
21 482.7966384793673
22 482.7966384752108
23 482.7966384710542
24 482.7966384668976
25 482.796638462741
26 482.7966384594152
27 482.7966384594026
28 482.7966384593901
29 482.7966384593775
30 482.7966384593649