Time X1
0 246.853565455004
1 261.7145582172606
2 290.5078328230948
3 346.5616734414944
4 431.2714630141538
5 489.0671231053366
6 504.7843587577148
7 507.5608943491913
8 508.0053954659912
9 508.0752488839001
10 508.086347934447
11 508.0879968546602
12 508.088276512982
13 508.0883350653831
14 508.0883477015881
15 508.0883471933248
16 508.0883400114905
17 508.0883360724141
18 508.0883344399223
19 508.0883343127682
20 508.0883341856141
21 508.0883340584601
22 508.088333931306
23 508.0883338041519
24 508.0883336769978
25 508.0883335498438
26 508.0883334226896
27 508.0883332955356
28 508.0883331683815
29 508.0883330412274
30 508.0883329140733