Time X1
0 246.834926283595
1 1589.129184296253
2 1589.129179090039
3 1589.129178957941
4 1589.129178957276
5 1589.12917895661
6 1589.129178955944
7 1589.129178955279
8 1589.129178954613
9 1589.129178953947
10 1589.129178953281
11 1589.129178952616
12 1589.129178952527
13 1589.129178952524
14 1589.129178952522
15 1589.12917895252
16 1589.129178952518
17 1589.129178952516
18 1589.129178952514
19 1589.129178952512
20 1589.129178952511
21 1589.129178952511
22 1589.129178952511
23 1589.129178952511
24 1589.129178952511
25 1589.129178952511
26 1589.129178952511
27 1589.129178952511
28 1589.129178952511
29 1589.129178952511
30 1589.129178952511