Time X1
0 246.858932116644
1 281.736478867517
2 339.685533230159
3 407.6119744361658
4 445.3367045384393
5 455.9486186725463
6 458.1867070567388
7 458.6255320799845
8 458.7103196562257
9 458.7266639147117
10 458.7298803065834
11 458.7304597983418
12 458.7305786328509
13 458.7306100499449
14 458.7306225006535
15 458.7306192501229
16 458.7306180197415
17 458.7306132015925
18 458.7306113367991
19 458.730610020515
20 458.7306099668789
21 458.7306099132427
22 458.7306098596065
23 458.7306098059703
24 458.7306097523341
25 458.7306096986979
26 458.7306096450618
27 458.7306095914256
28 458.7306095377895
29 458.7306094841533
30 458.7306094305171