Time X1
0 246.840171042514
1 168.5160743010567
2 116.2160574165591
3 97.88629083981297
4 93.36469788761242
5 92.36380097500556
6 92.14784608238236
7 92.1015087441553
8 92.09159371423162
9 92.08945276907015
10 92.0890050380801
11 92.08891280570452
12 92.08889113242118
13 92.08888361558742
14 92.08888215410475
15 92.08888211388597
16 92.08888324129651
17 92.08888382612629
18 92.08888443128808
19 92.08888445239732
20 92.08888447350657
21 92.08888449461581
22 92.08888451572507
23 92.08888453683431
24 92.08888455794356
25 92.0888845790528
26 92.08888460016206
27 92.0888846212713
28 92.08888464238055
29 92.08888466348979
30 92.08888468459905