Time X1
0 246.91459906866
1 500.092988530465
2 500.5249858219782
3 500.5251135649129
4 500.5251080200711
5 500.5251075755328
6 500.5251071309945
7 500.5251066864561
8 500.5251066135992
9 500.5251065997165
10 500.5251065858339
11 500.5251065732784
12 500.5251065732338
13 500.5251065731892
14 500.5251065731446
15 500.5251065730999
16 500.5251065730553
17 500.5251065730107
18 500.5251065729661
19 500.5251065729215
20 500.5251065728768
21 500.5251065728322
22 500.5251065727876
23 500.525106572743
24 500.5251065726983
25 500.5251065726537
26 500.5251065726091
27 500.5251065725645
28 500.5251065725199
29 500.5251065724752
30 500.5251065724306