Time X1
0 246.914404994536
1 500.2044555614377
2 500.6340930712292
3 500.6342193806004
4 500.6342138651037
5 500.6342134197808
6 500.6342129744579
7 500.6342125291349
8 500.634212458867
9 500.6342124449578
10 500.6342124310486
11 500.6342124186055
12 500.6342124185608
13 500.6342124185161
14 500.6342124184714
15 500.6342124184267
16 500.634212418382
17 500.6342124183373
18 500.6342124182926
19 500.6342124182479
20 500.6342124182032
21 500.6342124181585
22 500.6342124181137
23 500.6342124180691
24 500.6342124180243
25 500.6342124179797
26 500.6342124179349
27 500.6342124178902
28 500.6342124178455
29 500.6342124178008
30 500.6342124177561