Time X1
0 246.854567024541
1 251.2387114079251
2 258.3873016390012
3 270.1705008473563
4 289.6722773965416
5 320.9960111992243
6 364.8909869857327
7 408.6108630293606
8 434.9726342979635
9 445.3868769901347
10 448.7038144219101
11 449.6812273153739
12 449.9624240414198
13 450.042758734993
14 450.06557574994
15 450.0721931955875
16 450.0740312391286
17 450.0745398870342
18 450.0746964995874
19 450.0747424694706
20 450.0747693218527
21 450.0747769945352
22 450.0747744898219
23 450.0747741869364
24 450.0747690215214
25 450.074766854589
26 450.0747646876567
27 450.0747637444151
28 450.0747636760241
29 450.0747636076331
30 450.074763539242