Time X1
0 246.851864957434
1 249.1294516781224
2 253.2641175674162
3 260.8895054074183
4 275.2891245717811
5 303.1835370263472
6 356.0028001061076
7 432.7902319187086
8 486.8816235674607
9 503.5466756399691
10 506.9402714810505
11 507.5608126466756
12 507.6718941609672
13 507.6917551222024
14 507.6952532284139
15 507.6958723224825
16 507.6959910031692
17 507.696032143743
18 507.6960325818203
19 507.6960326960787
20 507.6960259774016
21 507.6960221005568
22 507.6960209640345
23 507.6960208370638
24 507.6960207100931
25 507.6960205831224
26 507.6960204561518
27 507.6960203291811
28 507.6960202022104
29 507.6960200752397
30 507.6960199482691