Time X1
0 246.853165306899
1 242.9052060887699
2 236.6937352462806
3 227.1427857666642
4 213.0813303230197
5 193.9947575727485
6 171.4871306798619
7 149.9342883281704
8 133.7644987221793
9 124.010702319667
10 118.951707473022
11 116.5430599141108
12 115.4446643319305
13 114.9537445340114
14 114.7362706372415
15 114.6403371403289
16 114.598086466933
17 114.5794973385477
18 114.5713149541974
19 114.5677236633436
20 114.5661477661345
21 114.56545258951
22 114.5651397816008
23 114.5650043120237
24 114.5649486702371
25 114.5649236573134
26 114.5649119088014
27 114.5649066515955
28 114.5649019103244
29 114.5648992617098
30 114.5648987612915