Time X1
0 246.937181518572
1 499.5974048446598
2 500.3305991697137
3 500.3309529625398
4 500.3309413495317
5 500.3309410238872
6 500.3309406982428
7 500.3309403725983
8 500.3309400527352
9 500.3309400431963
10 500.3309400336574
11 500.3309400241185
12 500.3309400145795
13 500.3309400120188
14 500.3309400119901
15 500.3309400119614
16 500.3309400119327
17 500.330940011904
18 500.3309400118753
19 500.3309400118466
20 500.3309400118179
21 500.3309400117892
22 500.3309400117604
23 500.3309400117317
24 500.330940011703
25 500.3309400116743
26 500.3309400116456
27 500.3309400116169
28 500.3309400115882
29 500.3309400115595
30 500.3309400115308