Time X1
0 246.85364804077
1 258.6155710441423
2 280.5203165987468
3 322.0159715392484
4 391.4967777843252
5 459.8434549831932
6 488.2912292333483
7 494.8052459674686
8 496.0324344954149
9 496.2542852457154
10 496.2940206604226
11 496.3012414942309
12 496.3024592004476
13 496.3026971603355
14 496.3027527523179
15 496.3027689678616
16 496.3027677486965
17 496.3027606324959
18 496.3027575451466
19 496.3027547890418
20 496.302754666012
21 496.3027545429822
22 496.3027544199524
23 496.3027542969227
24 496.3027541738929
25 496.3027540508631
26 496.3027539278334
27 496.3027538048036
28 496.3027536817738
29 496.302753558744
30 496.3027534357142