Time X1
0 246.920786187053
1 464.8705462433421
2 465.541653273824
3 465.5420680821371
4 465.5420570204799
5 465.5420566234993
6 465.5420562265186
7 465.5420558295378
8 465.5420555048156
9 465.5420554922549
10 465.5420554796942
11 465.5420554671335
12 465.5420554552865
13 465.5420554552455
14 465.5420554552046
15 465.5420554551637
16 465.5420554551227
17 465.5420554550819
18 465.542055455041
19 465.542055455
20 465.5420554549591
21 465.5420554549182
22 465.5420554548773
23 465.5420554548364
24 465.5420554547954
25 465.5420554547545
26 465.5420554547136
27 465.5420554546727
28 465.5420554546318
29 465.5420554545909
30 465.5420554545499