Time X1
0 246.900150782907
1 586.1984126508725
2 586.3209159036006
3 586.3209072913535
4 586.3209068779223
5 586.320906464491
6 586.3209060510598
7 586.3209059770417
8 586.3209059652398
9 586.320905953438
10 586.3209059481592
11 586.3209059481246
12 586.3209059480901
13 586.3209059480555
14 586.3209059480209
15 586.3209059479863
16 586.3209059479517
17 586.3209059479171
18 586.3209059478826
19 586.320905947848
20 586.3209059478133
21 586.3209059477788
22 586.3209059477442
23 586.3209059477097
24 586.3209059476751
25 586.3209059476405
26 586.3209059476059
27 586.3209059475713
28 586.3209059475367
29 586.3209059475022
30 586.3209059474676