Time X1
0 246.859096184807
1 278.8820216021689
2 330.6597838512247
3 392.9968763462731
4 432.1660782787502
5 445.0497525300813
6 448.1430166251868
7 448.8205069325547
8 448.9658115006776
9 448.9968259218333
10 449.003517859854
11 449.0049010485
12 449.0051857816548
13 449.0052524496224
14 449.005276998453
15 449.0052847049391
16 449.0052817074857
17 449.0052805353357
18 449.0052759108203
19 449.0052742679261
20 449.0052727282054
21 449.0052726814172
22 449.0052726346291
23 449.0052725878409
24 449.0052725410527
25 449.0052724942645
26 449.0052724474763
27 449.0052724006882
28 449.0052723539
29 449.0052723071118
30 449.0052722603236