Time X1
0 246.921210817214
1 505.9596274894709
2 506.4357097541853
3 506.4358536637791
4 506.4358478162007
5 506.4358472610139
6 506.4358467058271
7 506.4358461858809
8 506.4358461677751
9 506.4358461496692
10 506.4358461315633
11 506.4358461216235
12 506.4358461215626
13 506.4358461215018
14 506.4358461214409
15 506.4358461213801
16 506.4358461213193
17 506.4358461212584
18 506.4358461211976
19 506.4358461211367
20 506.4358461210759
21 506.435846121015
22 506.4358461209542
23 506.4358461208934
24 506.4358461208325
25 506.4358461207717
26 506.4358461207108
27 506.43584612065
28 506.4358461205891
29 506.4358461205283
30 506.4358461204674