Time X1
0 246.852538880684
1 254.0616225727447
2 267.5438912386636
3 293.6046519089741
4 343.9595595169778
5 422.5833376402963
6 483.6881604058499
7 503.1993118209303
8 507.0571252766886
9 507.7296673166244
10 507.8441380071595
11 507.8635912212976
12 507.8668463778996
13 507.8674001759483
14 507.8675010034251
15 507.8675389790852
16 507.8675379149815
17 507.8675347306959
18 507.8675289817089
19 507.8675251194855
20 507.86752498443
21 507.8675248493743
22 507.8675247143187
23 507.8675245792631
24 507.8675244442076
25 507.8675243091519
26 507.8675241740963
27 507.8675240390407
28 507.8675239039851
29 507.8675237689295
30 507.8675236338739