Time X1
0 246.859097184807
1 278.8816819921485
2 330.6589112003641
3 392.9957639373151
4 432.1653555269974
5 445.0493290415634
6 448.142691800099
7 448.8202080137407
8 448.9655189482262
9 448.9965348944165
10 449.0032272045345
11 449.0046104675495
12 449.0048952186476
13 449.00496189127
14 449.0049864405003
15 449.0049941481512
16 449.0049911504406
17 449.0049899786372
18 449.0049853539901
19 449.0049837111078
20 449.0049821712674
21 449.0049821244796
22 449.0049820776916
23 449.0049820309038
24 449.0049819841159
25 449.004981937328
26 449.0049818905401
27 449.0049818437522
28 449.0049817969643
29 449.0049817501765
30 449.0049817033885