Time X1
0 246.914156339967
1 500.0948935737086
2 500.5225365632614
3 500.5226619398804
4 500.5226564434612
5 500.522655998302
6 500.5226555531428
7 500.5226551079836
8 500.5226550387319
9 500.5226550248292
10 500.5226550109266
11 500.5226549985352
12 500.5226549984906
13 500.5226549984459
14 500.5226549984012
15 500.5226549983565
16 500.5226549983119
17 500.5226549982671
18 500.5226549982224
19 500.5226549981778
20 500.5226549981331
21 500.5226549980884
22 500.5226549980437
23 500.522654997999
24 500.5226549979544
25 500.5226549979097
26 500.522654997865
27 500.5226549978203
28 500.5226549977756
29 500.5226549977309
30 500.5226549976862