Time X1
0 246.852534741489
1 254.0237722780702
2 267.4324701473541
3 293.3447528902869
4 343.4328713992559
5 421.9115684585263
6 483.3731436631621
7 503.1273570951635
8 507.0430577678726
9 507.7262524593447
10 507.8425944465851
11 507.8623713767519
12 507.8656830868927
13 507.8662457469789
14 507.8663479447851
15 507.8663864719198
16 507.8663854812078
17 507.8663825213027
18 507.866376681665
19 507.8663727627056
20 507.8663726283737
21 507.8663724940419
22 507.86637235971
23 507.8663722253781
24 507.8663720910462
25 507.8663719567144
26 507.8663718223825
27 507.8663716880507
28 507.8663715537188
29 507.866371419387
30 507.8663712850551