Time X1
0 246.851920762561
1 249.5384395143702
2 254.4285697867327
3 263.4927894590075
4 280.7351332359523
5 314.2522469620303
6 375.5909738289294
7 452.1139242702279
8 494.1566283939136
9 505.1376542101593
10 507.2599422875256
11 507.642629736086
12 507.7106024022352
13 507.7228179278773
14 507.7248784407641
15 507.7252708920919
16 507.7253441835177
17 507.725374958997
18 507.7253727052319
19 507.7253738321047
20 507.7253672765005
21 507.7253647659651
22 507.7253627367181
23 507.7253626632689
24 507.7253625898197
25 507.7253625163705
26 507.7253624429213
27 507.7253623694721
28 507.725362296023
29 507.7253622225738
30 507.7253621491246