Time X1
0 246.851748956093
1 248.2827768215137
2 250.8659722644711
3 255.5777391704673
4 264.3193726009201
5 280.9380847403606
6 313.1946838062865
7 372.4856237282374
8 448.6284429976621
9 492.7249707706727
10 504.7323081900892
11 507.1056631467308
12 507.5402603837625
13 507.6185524176339
14 507.6327847618083
15 507.6352317005257
16 507.6357016841101
17 507.6357906683474
18 507.635825201659
19 507.6358239734398
20 507.6358251157023
21 507.6358183948354
22 507.6358154315233
23 507.635813485428
24 507.6358133949554
25 507.6358133044828
26 507.6358132140103
27 507.6358131235377
28 507.6358130330652
29 507.6358129425926
30 507.63581285212