Time X1
0 246.851864957434
1 249.12979101068
2 253.2650830333601
3 260.8916600017887
4 275.2936217842569
5 303.1927088535782
6 356.0196695657706
7 432.8090810625616
8 486.8897882984015
9 503.5487443855918
10 506.9409006460041
11 507.5611684160544
12 507.6722000460617
13 507.692051990143
14 507.6955485046167
15 507.696167328887
16 507.6962859545054
17 507.6963270880849
18 507.6963275225154
19 507.6963276325843
20 507.6963209147114
21 507.6963170377376
22 507.6963159024856
23 507.6963157755099
24 507.6963156485342
25 507.6963155215585
26 507.6963153945828
27 507.6963152676071
28 507.6963151406314
29 507.6963150136557
30 507.69631488668