Time X1
0 246.914156339967
1 502.6509242823708
2 503.0684566098983
3 503.0685792855559
4 503.0685721132041
5 503.0685717600361
6 503.068571406868
7 503.0685710536999
8 503.0685708944006
9 503.0685708840439
10 503.0685708736872
11 503.0685708633305
12 503.0685708589143
13 503.068570858883
14 503.0685708588518
15 503.0685708588207
16 503.0685708587895
17 503.0685708587583
18 503.0685708587271
19 503.0685708586959
20 503.0685708586647
21 503.0685708586334
22 503.0685708586022
23 503.068570858571
24 503.0685708585399
25 503.0685708585087
26 503.0685708584775
27 503.0685708584463
28 503.0685708584151
29 503.0685708583839
30 503.0685708583526