Time X1
0 246.851997038298
1 250.0916939131943
2 256.0097156267974
3 267.050343936389
4 288.2302764601024
5 329.3335205355552
6 399.6698038664625
7 470.1317805580094
8 499.5687004112627
9 506.2376152472069
10 507.4755826427544
11 507.6960294450421
12 507.7348898974071
13 507.7418894066627
14 507.7430383915188
15 507.7432577868008
16 507.7433053037935
17 507.7433242664954
18 507.7433207340539
19 507.7433184807662
20 507.7433129346581
21 507.743310376541
22 507.7433093574598
23 507.7433092821231
24 507.7433092067863
25 507.7433091314495
26 507.7433090561128
27 507.743308980776
28 507.7433089054392
29 507.7433088301025
30 507.7433087547657