Time X1
0 246.85896076224
1 277.9967322617447
2 328.490941333261
3 390.4716867081784
4 430.8820063630971
5 444.6155768754515
6 447.9762049022757
7 448.7215739101684
8 448.883131170965
9 448.9179647024491
10 448.9254948497826
11 448.9271368203557
12 448.9274660508514
13 448.927543726047
14 448.9275692807737
15 448.9275794619916
16 448.9275760393231
17 448.9275755875578
18 448.9275707334707
19 448.9275691141526
20 448.9275674948346
21 448.9275672803486
22 448.9275672343174
23 448.9275671882863
24 448.9275671422552
25 448.927567096224
26 448.9275670501929
27 448.9275670041617
28 448.9275669581306
29 448.9275669120995
30 448.9275668660683