Time X1
0 246.858933116644
1 277.8259450745757
2 328.074317177008
3 389.9869045263107
4 430.6435077459554
5 444.5486378007203
6 447.9635554342342
7 448.7227068152361
8 448.8875662129903
9 448.9231754488445
10 448.9308850582927
11 448.9325706882113
12 448.9329092026617
13 448.9329890720572
14 448.9330148617298
15 448.933025492729
16 448.933022020002
17 448.9330216970155
18 448.9330168122482
19 448.9330151965528
20 448.9330135808574
21 448.933013318138
22 448.9330132722217
23 448.9330132263055
24 448.9330131803893
25 448.933013134473
26 448.9330130885568
27 448.9330130426405
28 448.9330129967243
29 448.9330129508081
30 448.9330129048918