Time X1
0 246.937163680947
1 505.0450448833516
2 505.7456145558856
3 505.7459037214431
4 505.7458929042335
5 505.7458925723664
6 505.7458922404994
7 505.7458919086323
8 505.7458916409437
9 505.7458916310882
10 505.7458916212328
11 505.7458916113774
12 505.7458916018311
13 505.745891601801
14 505.7458916017709
15 505.7458916017409
16 505.7458916017108
17 505.7458916016807
18 505.7458916016506
19 505.7458916016205
20 505.7458916015905
21 505.7458916015604
22 505.7458916015303
23 505.7458916015003
24 505.7458916014701
25 505.7458916014401
26 505.74589160141
27 505.7458916013799
28 505.7458916013499
29 505.7458916013198
30 505.7458916012897