Time X1
0 246.854341451856
1 245.3719466804197
2 243.0929213536736
3 239.6098436429782
4 234.3388784781666
5 226.5038939593811
6 215.226466399725
7 199.9120285752805
8 181.0937916745984
9 161.2711588433203
10 144.1557234361021
11 132.1161487911819
12 124.9487467297613
13 121.1289701312531
14 119.2177626101525
15 118.2924022647812
16 117.851562740754
17 117.6431768749664
18 117.5450375122146
19 117.4989003266333
20 117.4772208489082
21 117.4670521742038
22 117.4622808496789
23 117.4600500590806
24 117.4589843938789
25 117.458480273505
26 117.4582502031755
27 117.4581491672586
28 117.4580996407639
29 117.4580749601667
30 117.4580632096966