Time X1
0 246.849406262728
1 231.9736449980668
2 208.4893726147956
3 177.2161371244318
4 146.1225195101492
5 124.7032726079811
6 113.9378910632812
7 109.4602570479412
8 107.7539109928073
9 107.1260072298091
10 106.8979569047293
11 106.8155320300082
12 106.7857955063546
13 106.775069210044
14 106.7712108420433
15 106.7698202390316
16 106.7693070758697
17 106.7691275348096
18 106.7690664280612
19 106.7690425577295
20 106.7690336916518
21 106.7690288707043
22 106.7690257274764
23 106.7690252345978
24 106.7690258537025
25 106.7690257216674
26 106.7690262695878
27 106.7690271263157
28 106.7690274602411
29 106.7690277941666
30 106.7690280781808