Time X1
0 246.853674661071
1 262.5407612421681
2 293.0258864008114
3 352.1171323344479
4 437.8146575454296
5 491.5855460289046
6 505.3027110938058
7 507.6673700260562
8 508.0415872149976
9 508.1000021980197
10 508.1091305331449
11 508.110525148567
12 508.1107606082116
13 508.1108166176575
14 508.1108214436933
15 508.110822058974
16 508.1108147998053
17 508.1108101765875
18 508.1108099040149
19 508.1108097491959
20 508.110809594377
21 508.1108094395581
22 508.1108092847392
23 508.1108091299202
24 508.1108089751013
25 508.1108088202823
26 508.1108086654634
27 508.1108085106445
28 508.1108083558256
29 508.1108082010066
30 508.1108080461877