Time X1
0 246.851997038298
1 250.0492617965096
2 255.8872714424078
3 266.7714846735528
4 287.6348527586241
5 328.1303706039561
6 397.8338134846981
7 468.8931792820516
8 499.1730348965133
9 506.0994129531715
10 507.3892631650234
11 507.6192946394989
12 507.6598963328611
13 507.6672124026528
14 507.6684169873506
15 507.6686473342572
16 507.6686973245413
17 507.6687166208254
18 507.6687133749897
19 507.6687105062268
20 507.6687051554499
21 507.6687023813914
22 507.6687015978159
23 507.6687015144586
24 507.6687014311013
25 507.668701347744
26 507.6687012643868
27 507.6687011810295
28 507.6687010976722
29 507.6687010143149
30 507.6687009309576