Time X1
0 246.859059369902
1 278.6190568414161
2 330.0024374317691
3 392.2051763646039
4 431.7197832291445
5 444.8478176260729
6 448.0191618050913
7 448.7167339172156
8 448.8668955025966
9 448.8990601937533
10 448.9059764840773
11 448.9074682605453
12 448.9077663587358
13 448.9078364335201
14 448.9078612807519
15 448.9078698020874
16 448.9078666386008
17 448.9078657052659
18 448.907860994193
19 448.9078593590713
20 448.9078577371363
21 448.9078576905944
22 448.9078576440525
23 448.9078575975106
24 448.9078575509687
25 448.9078575044268
26 448.9078574578848
27 448.9078574113429
28 448.907857364801
29 448.9078573182591
30 448.9078572717171