Time X1
0 246.855030229969
1 253.9745493732338
2 265.6739701605396
3 285.0660955541535
4 316.4907222333307
5 361.3423970645219
6 406.9218674922801
7 434.5083779021568
8 445.2197627920002
9 448.5405039653372
10 449.4912357469273
11 449.7570204184057
12 449.8308067040031
13 449.8511845835455
14 449.8569459643672
15 449.8584864916907
16 449.8589053686685
17 449.8590301470724
18 449.8590664326784
19 449.8590898682707
20 449.8590946700424
21 449.8590922681219
22 449.8590915765523
23 449.859086512091
24 449.8590846504891
25 449.8590827888872
26 449.8590819066747
27 449.8590818504291
28 449.8590817941835
29 449.8590817379379
30 449.8590816816922