Time X1
0 246.851514306363
1 246.649896969228
2 246.2902618631271
3 245.6490130547903
4 244.5093988608613
5 242.4940629831715
6 238.9646088657424
7 232.8926141431301
8 222.791372713066
9 207.0323722187636
10 185.1985652004428
11 160.3927844006019
12 138.9152131156228
13 124.8844343270944
14 117.5029111386705
15 114.0876495214067
16 112.6051164557056
17 111.9797656369565
18 111.7192091804815
19 111.6111971359013
20 111.5665195935766
21 111.5480540588173
22 111.5404302857467
23 111.5372849956138
24 111.5359902936947
25 111.5354394974339
26 111.5352161512605
27 111.5351296545534
28 111.5350932064169
29 111.535077080758
30 111.5350703393922