Time X1
0 246.920786187053
1 467.1618618260646
2 467.8208872191958
3 467.8212736990503
4 467.8212635515487
5 467.8212632493565
6 467.8212629471643
7 467.8212626449722
8 467.82126234278
9 467.8212623007625
10 467.8212622917271
11 467.8212622826917
12 467.8212622736564
13 467.821262269435
14 467.8212622694072
15 467.8212622693795
16 467.8212622693517
17 467.8212622693239
18 467.8212622692961
19 467.8212622692684
20 467.8212622692406
21 467.8212622692129
22 467.8212622691851
23 467.8212622691573
24 467.8212622691295
25 467.8212622691018
26 467.821262269074
27 467.8212622690463
28 467.8212622690185
29 467.8212622689907
30 467.8212622689629