Time X1
0 246.855047389045
1 254.0776591002877
2 265.9496211411088
3 285.6285935569272
4 317.4732638712229
5 362.6589826586165
6 407.9891026726234
7 435.0040228061225
8 445.3840883091954
9 448.5862996423743
10 449.5009731503993
11 449.7563108298233
12 449.8270949462495
13 449.8466342101987
14 449.8521548111418
15 449.8536208832235
16 449.8540230131169
17 449.8541421788101
18 449.8541777520778
19 449.8542005218806
20 449.8542042263849
21 449.8542023492087
22 449.8542012729256
23 449.8541963084395
24 449.8541943947355
25 449.8541924810316
26 449.8541917809856
27 449.8541917227793
28 449.854191664573
29 449.8541916063667
30 449.8541915481604