Time X1
0 246.936395505233
1 501.8017162040862
2 502.5650258972582
3 502.5653978873224
4 502.5653862133099
5 502.5653858864763
6 502.5653855596428
7 502.5653852328093
8 502.5653849070156
9 502.5653848974404
10 502.5653848878652
11 502.56538487829
12 502.5653848687148
13 502.5653848659412
14 502.5653848659124
15 502.5653848658836
16 502.5653848658548
17 502.5653848658259
18 502.5653848657971
19 502.5653848657683
20 502.5653848657395
21 502.5653848657107
22 502.5653848656818
23 502.565384865653
24 502.5653848656242
25 502.5653848655954
26 502.5653848655666
27 502.5653848655377
28 502.5653848655089
29 502.5653848654801
30 502.5653848654513