Time X1
0 246.845139864385
1 205.2775655950533
2 156.666946840685
3 121.8759004164385
4 106.522163187932
5 101.4115764558199
6 99.88818194755034
7 99.44969449029814
8 99.32478132939625
9 99.28930531798463
10 99.27923553458669
11 99.27638490746321
12 99.27556537979279
13 99.27533658590511
14 99.27527533970753
15 99.27525647130851
16 99.27525079120234
17 99.27524681159072
18 99.27524571781728
19 99.27524653839284
20 99.27524644717805
21 99.27524704840279
22 99.27524776916432
23 99.27524804172545
24 99.27524831428659
25 99.27524838794434
26 99.27524839553874
27 99.27524840313312
28 99.2752484107275
29 99.27524841832188
30 99.27524842591627