Time X1
0 246.851879780715
1 245.8416011478162
2 244.0878114855122
3 241.0663490263877
4 235.9309016618396
5 227.4226617488667
6 213.9897721115195
7 194.6160334829326
8 170.7701929535651
9 147.6239782896184
10 130.6078272649554
11 120.7951304818871
12 115.9781280577114
13 113.809407181741
14 112.8720974904982
15 112.4742510648669
16 112.3066749515494
17 112.2363254586694
18 112.2068254506504
19 112.1944793851122
20 112.1893159893916
21 112.1871055269896
22 112.1862161542075
23 112.1858461064735
24 112.1856945535666
25 112.1856268430891
26 112.1855974532953
27 112.1855849552209
28 112.1855794984138
29 112.1855752164826
30 112.1855724654406