Time X1
0 246.93458225202
1 501.1372799232822
2 502.0173894721751
3 502.0178473458338
4 502.0178352797269
5 502.0178348223888
6 502.0178343650507
7 502.0178339077127
8 502.0178336132812
9 502.0178335986835
10 502.0178335840857
11 502.0178335694879
12 502.0178335602349
13 502.0178335601869
14 502.0178335601389
15 502.0178335600909
16 502.017833560043
17 502.017833559995
18 502.017833559947
19 502.017833559899
20 502.0178335598511
21 502.017833559803
22 502.017833559755
23 502.0178335597071
24 502.0178335596591
25 502.0178335596111
26 502.0178335595631
27 502.0178335595152
28 502.0178335594671
29 502.0178335594192
30 502.0178335593712