Time X1
0 246.900150782907
1 589.4671223525886
2 589.5849997652334
3 589.5849897236722
4 589.5849893067403
5 589.5849888898084
6 589.5849884728766
7 589.5849884124904
8 589.5849884005974
9 589.5849883887043
10 589.5849883840331
11 589.5849883839983
12 589.5849883839634
13 589.5849883839286
14 589.5849883838938
15 589.5849883838589
16 589.5849883838241
17 589.5849883837892
18 589.5849883837544
19 589.5849883837196
20 589.5849883836847
21 589.5849883836499
22 589.5849883836152
23 589.5849883835803
24 589.5849883835455
25 589.5849883835107
26 589.5849883834758
27 589.584988383441
28 589.5849883834062
29 589.5849883833713
30 589.5849883833365