Time X1
0 246.852228985117
1 288.8969774007992
2 405.0821066884665
3 578.5096713226991
4 614.6409988954334
5 616.6470205085084
6 616.7406817113012
7 616.7450625228329
8 616.7452722233352
9 616.7452902596592
10 616.7452866925603
11 616.7452805990968
12 616.7452795150822
13 616.7452793918511
14 616.74527926862
15 616.7452791453888
16 616.7452790221578
17 616.7452788989267
18 616.7452787756955
19 616.7452786524644
20 616.7452785292332
21 616.7452784060022
22 616.7452782827711
23 616.7452782301922
24 616.7452782267072
25 616.7452782232223
26 616.7452782197373
27 616.7452782162524
28 616.7452782127673
29 616.7452782092823
30 616.7452782057974