Time X1
0 246.900150782907
1 589.4671793234521
2 589.58505638794
3 589.5850463463047
4 589.5850459293728
5 589.5850455124408
6 589.5850450955089
7 589.5850450351234
8 589.5850450232305
9 589.5850450113375
10 589.5850450066661
11 589.5850450066313
12 589.5850450065964
13 589.5850450065616
14 589.5850450065268
15 589.585045006492
16 589.5850450064571
17 589.5850450064223
18 589.5850450063875
19 589.5850450063526
20 589.5850450063178
21 589.5850450062831
22 589.5850450062483
23 589.5850450062134
24 589.5850450061786
25 589.5850450061438
26 589.5850450061089
27 589.5850450060741
28 589.5850450060393
29 589.5850450060045
30 589.5850450059696