Time X1
0 246.853565455004
1 261.7142048678813
2 290.5067468043892
3 346.5592190554831
4 431.2683409703062
5 489.0656722662051
6 504.7838415861602
7 507.5605782722374
8 508.0051145651886
9 508.074973919788
10 508.0860739411839
11 508.0877230281903
12 508.0880027109693
13 508.0880612645184
14 508.0880739069437
15 508.0880733965425
16 508.0880662150313
17 508.0880622764678
18 508.0880606430877
19 508.0880605159542
20 508.0880603888208
21 508.0880602616874
22 508.0880601345539
23 508.0880600074205
24 508.0880598802871
25 508.0880597531537
26 508.0880596260203
27 508.0880594988868
28 508.0880593717534
29 508.08805924462
30 508.0880591174865