Time X1
0 246.851880780715
1 249.2381874191589
2 253.5733212790059
3 261.5792932769617
4 276.7283021172477
5 306.1123629913924
6 361.3262991431477
7 438.5120085844821
8 489.2169868989617
9 504.070212233235
10 507.0446830861075
11 507.5862379534843
12 507.6829669882248
13 507.7002583227159
14 507.7032943020326
15 507.703836863104
16 507.7039400703927
17 507.7039791722347
18 507.7039786472418
19 507.7039775017615
20 507.7039710868682
21 507.7039671739615
22 507.7039664156006
23 507.7039662871636
24 507.7039661587267
25 507.7039660302897
26 507.7039659018528
27 507.7039657734158
28 507.7039656449789
29 507.7039655165419
30 507.703965388105