Time X1
0 246.852534741489
1 253.9807356144023
2 267.3035936671002
3 293.0377540944667
4 342.792396802802
5 421.0499055172005
6 482.9103758191811
7 502.9631998893112
8 506.9531634474782
9 507.6504812937204
10 507.7693769116668
11 507.7896084376685
12 507.7930009618882
13 507.7935767480319
14 507.7936814536099
15 507.7937204053918
16 507.7937195391935
17 507.7937168978322
18 507.7937109346731
19 507.7937069323007
20 507.793706798801
21 507.7937066653012
22 507.7937065318015
23 507.7937063983018
24 507.793706264802
25 507.7937061313023
26 507.7937059978025
27 507.7937058643028
28 507.793705730803
29 507.7937055973032
30 507.7937054638035