Time X1
0 246.851883759151
1 245.8699664602102
2 244.1650689934498
3 241.2266354704069
4 236.2281349168495
5 227.9335260808639
6 214.795669444766
7 195.7335914049203
8 172.0332801341696
9 148.7076599367702
10 131.3123563405407
11 121.1704540516315
12 116.1588181872886
13 113.8947684378616
14 112.9145894493472
15 112.4981641343227
16 112.3226744511964
17 112.2489728633577
18 112.2180684419596
19 112.2051047435402
20 112.1996895640522
21 112.1974247356526
22 112.1964448858895
23 112.1960536490353
24 112.1958922369341
25 112.1958263787405
26 112.1957967863171
27 112.1957839672164
28 112.1957782349695
29 112.1957733292139
30 112.1957709596025