Time X1
0 246.85895976224
1 278.0410356747041
2 328.6125849435535
3 390.6442828691389
4 431.0115710939888
5 444.7023392768806
6 448.0475359647693
7 448.788638543867
8 448.9491067193809
9 448.9836712754931
10 448.9911367466141
11 448.9927623877184
12 448.9930880708768
13 448.9931648791281
14 448.9931903481685
15 448.9932003394936
16 448.9931969407996
17 448.9931964321023
18 448.9931915917462
19 448.99318997035
20 448.9931883489539
21 448.9931881564088
22 448.993188110313
23 448.9931880642173
24 448.9931880181216
25 448.9931879720259
26 448.9931879259301
27 448.9931878798344
28 448.9931878337387
29 448.993187787643
30 448.9931877415472