Time X1
0 246.849622533809
1 218.1285180835253
2 181.8545461772526
3 147.0834508269361
4 124.0556588777387
5 112.9998832918513
6 108.6071118416581
7 107.0028691268297
8 106.4358144430303
9 106.2375583911966
10 106.1685684450747
11 106.1446076590124
12 106.1362876396959
13 106.1333952578549
14 106.1323924497986
15 106.1320360654308
16 106.1319146915119
17 106.1318752034602
18 106.1318606208592
19 106.1318535179085
20 106.1318490408495
21 106.1318487513126
22 106.1318489110322
23 106.1318490645785
24 106.1318503504391
25 106.1318508582513
26 106.1318513926538
27 106.1318518652636
28 106.1318518827755
29 106.1318519002874
30 106.1318519177993