Time X1
0 246.920786187053
1 467.1618621061714
2 467.8208874874972
3 467.8212739673397
4 467.8212638198377
5 467.8212635176457
6 467.8212632154537
7 467.8212629132616
8 467.8212626110696
9 467.821262569052
10 467.8212625600164
11 467.8212625509807
12 467.8212625419452
13 467.8212625377237
14 467.821262537696
15 467.8212625376682
16 467.8212625376405
17 467.8212625376127
18 467.8212625375849
19 467.8212625375571
20 467.8212625375294
21 467.8212625375016
22 467.8212625374738
23 467.8212625374461
24 467.8212625374183
25 467.8212625373906
26 467.8212625373628
27 467.821262537335
28 467.8212625373072
29 467.8212625372795
30 467.8212625372517