Time X1
0 246.853773721419
1 267.1866535758091
2 308.478988762067
3 388.2797832540251
4 478.3714506200687
5 512.828012623021
6 518.8423988688039
7 519.6850904934972
8 519.7989855936642
9 519.8144345052833
10 519.8164169068933
11 519.8167074126827
12 519.8167588100624
13 519.8167717751662
14 519.8167689762048
15 519.8167619984771
16 519.816759228308
17 519.8167574023011
18 519.8167573226841
19 519.8167572430671
20 519.81675716345
21 519.8167570838331
22 519.816757004216
23 519.8167569245991
24 519.816756844982
25 519.816756765365
26 519.816756685748
27 519.816756606131
28 519.8167565265139
29 519.816756446897
30 519.8167563672799