Time X1
0 246.914153762968
1 502.6471325178633
2 503.0646636762544
3 503.0647863565213
4 503.0647791836621
5 503.0647788305047
6 503.0647784773474
7 503.0647781241901
8 503.0647779648779
9 503.0647779545216
10 503.0647779441653
11 503.064777933809
12 503.0647779293921
13 503.0647779293608
14 503.0647779293296
15 503.0647779292984
16 503.0647779292673
17 503.0647779292361
18 503.0647779292049
19 503.0647779291737
20 503.0647779291425
21 503.0647779291113
22 503.0647779290801
23 503.0647779290489
24 503.0647779290177
25 503.0647779289865
26 503.0647779289553
27 503.0647779289241
28 503.0647779288929
29 503.0647779288617
30 503.0647779288305