Time X1
0 246.851794789133
1 248.6173014222068
2 251.8114777768651
3 257.663726942146
4 268.6019673606228
5 289.5891389619074
6 330.2279437053093
7 399.5787169170428
8 469.4570182318891
9 499.1966845284008
10 506.0739866136528
11 507.3734068950938
12 507.6085538327747
13 507.6507018945654
14 507.6583596858081
15 507.6596540322958
16 507.6599072347779
17 507.6599666606224
18 507.6599828788966
19 507.6599822149982
20 507.6599754105083
21 507.6599712598141
22 507.6599686810472
23 507.6599685425518
24 507.6599684040563
25 507.6599682655608
26 507.6599681270654
27 507.6599679885699
28 507.6599678500744
29 507.6599677115789
30 507.6599675730835