Time X1
0 246.93718709283
1 502.3362804016672
2 503.0521331461164
3 503.0524619750477
4 503.0524503450138
5 503.0524500143752
6 503.0524496837365
7 503.0524493530978
8 503.0524490461011
9 503.0524490364105
10 503.0524490267198
11 503.0524490170292
12 503.0524490073385
13 503.0524490055814
14 503.0524490055521
15 503.052449005523
16 503.0524490054938
17 503.0524490054647
18 503.0524490054355
19 503.0524490054063
20 503.0524490053771
21 503.052449005348
22 503.0524490053188
23 503.0524490052896
24 503.0524490052604
25 503.0524490052313
26 503.0524490052021
27 503.0524490051729
28 503.0524490051437
29 503.0524490051146
30 503.0524490050854