Time X1
0 246.914930459758
1 502.8595266349626
2 503.2836822754931
3 503.2838083410937
4 503.2838009716792
5 503.2838006183546
6 503.28380026503
7 503.2837999117054
8 503.2837997489693
9 503.2837997386051
10 503.2837997282409
11 503.2837997178768
12 503.2837997133067
13 503.2837997132755
14 503.2837997132443
15 503.2837997132131
16 503.2837997131818
17 503.2837997131506
18 503.2837997131193
19 503.2837997130881
20 503.2837997130569
21 503.2837997130256
22 503.2837997129944
23 503.2837997129632
24 503.283799712932
25 503.2837997129007
26 503.2837997128695
27 503.2837997128383
28 503.283799712807
29 503.2837997127758
30 503.2837997127446