Time X1
0 246.855053464567
1 254.1078410541315
2 266.0303103806861
3 285.7931901223466
4 317.7601911343768
5 363.0410143393673
6 408.2953462565989
7 435.1447569725997
8 445.4302684085383
9 448.5988470778112
10 449.5033130590621
11 449.7556971006052
12 449.8256336822193
13 449.8449361247456
14 449.8503880811236
15 449.8518330599939
16 449.8522304269523
17 449.8523480094979
18 449.8523834051298
19 449.8524059742338
20 449.8524093511135
21 449.8524076396405
22 449.8524064480262
23 449.8524015188218
24 449.8523995897842
25 449.8523976607465
26 449.8523970153536
27 449.8523969565677
28 449.8523968977818
29 449.8523968389959
30 449.85239678021