Time X1
0 246.859060369902
1 278.6187174319879
2 330.0015639191379
3 392.204054652368
4 431.7190500664142
5 444.8473895607824
6 448.0188351984798
7 448.7164340834546
8 448.8666022672464
9 448.8987685461527
10 448.9056852089482
11 448.9071770792337
12 448.9074751966663
13 448.9075452763407
14 448.9075701239862
15 448.9075786464751
16 448.9075754827704
17 448.9075745497778
18 448.9075698385898
19 448.9075682034821
20 448.9075665814308
21 448.9075665348896
22 448.9075664883483
23 448.9075664418069
24 448.9075663952656
25 448.9075663487243
26 448.9075663021831
27 448.9075662556417
28 448.9075662091004
29 448.9075661625591
30 448.9075661160178