Time X1
0 246.85895876224
1 277.9967288945978
2 328.4909362415098
3 390.4716819569856
4 430.8820043165517
5 444.6155763342773
6 447.9762047799101
7 448.7215738835362
8 448.8831311652201
9 448.9179647012115
10 448.9254948495091
11 448.9271368202998
12 448.927466050839
13 448.9275437260443
14 448.9275692807706
15 448.9275794619898
16 448.9275760393218
17 448.927575587557
18 448.9275707334706
19 448.9275691141526
20 448.9275674948345
21 448.9275672803486
22 448.9275672343174
23 448.9275671882862
24 448.9275671422551
25 448.9275670962239
26 448.9275670501927
27 448.9275670041616
28 448.9275669581305
29 448.9275669120993
30 448.9275668660681