Time X1
0 246.851883759151
1 252.7960021069727
2 264.109855754409
3 286.4294219555035
4 331.5238859648305
5 411.4713305333419
6 487.4516205998365
7 514.2632863955598
8 519.3307259587199
9 520.1376985323758
10 520.2623845096875
11 520.2815103123424
12 520.284508775081
13 520.284938868029
14 520.285011291877
15 520.285038761846
16 520.2850359722945
17 520.2850359741088
18 520.285030017269
19 520.2850278476632
20 520.2850265644886
21 520.2850265036155
22 520.2850264427424
23 520.2850263818692
24 520.2850263209961
25 520.2850262601229
26 520.2850261992498
27 520.2850261383767
28 520.2850260775035
29 520.2850260166304
30 520.2850259557572