Time X1
0 246.914929459758
1 502.8595267520647
2 503.2836823961998
3 503.2838084617988
4 503.2838010923854
5 503.2838007390608
6 503.2838003857362
7 503.2838000324117
8 503.2837998696756
9 503.2837998593116
10 503.2837998489475
11 503.2837998385834
12 503.2837998340135
13 503.2837998339822
14 503.283799833951
15 503.2837998339198
16 503.2837998338885
17 503.2837998338573
18 503.283799833826
19 503.2837998337948
20 503.2837998337636
21 503.2837998337324
22 503.2837998337012
23 503.2837998336699
24 503.2837998336387
25 503.2837998336074
26 503.2837998335762
27 503.2837998335449
28 503.2837998335137
29 503.2837998334825
30 503.2837998334513