Time X1
0 246.883882093235
1 437.3063409852221
2 481.2664157171532
3 482.7018706296983
4 482.7386150651926
5 482.7395219696461
6 482.7395607411255
7 482.7395540548996
8 482.7395498550223
9 482.7395497140987
10 482.7395495731751
11 482.7395494322515
12 482.7395492913279
13 482.7395491504042
14 482.7395490094806
15 482.7395488685571
16 482.7395487276335
17 482.7395486057392
18 482.7395486015953
19 482.7395485974515
20 482.7395485933077
21 482.7395485891639
22 482.7395485850201
23 482.7395485808763
24 482.7395485767325
25 482.7395485725887
26 482.7395485690673
27 482.7395485690548
28 482.7395485690423
29 482.7395485690298
30 482.7395485690173