Time X1
0 246.852529648023
1 253.9866038412471
2 267.3230871542368
3 293.0896567790467
4 342.9153335150266
5 421.2475289410699
6 483.0592529398929
7 503.0556278315207
8 507.0292609631497
9 507.7231278321638
10 507.8413446623337
11 507.8614464669
12 507.864814559812
13 507.8653861255805
14 507.8654899618189
15 507.8655287855356
16 507.8655278725823
17 507.8655251328576
18 507.8655192073716
19 507.8655152328385
20 507.8655150992268
21 507.8655149656151
22 507.8655148320034
23 507.8655146983918
24 507.8655145647801
25 507.8655144311684
26 507.8655142975567
27 507.865514163945
28 507.8655140303334
29 507.8655138967217
30 507.86551376311