Time X1
0 246.840172042514
1 168.516074312072
2 116.2160567728558
3 97.88629012338369
4 93.36469720833048
5 92.36380031619638
6 92.14784543056847
7 92.1015080943889
8 92.091593065022
9 92.08945212000832
10 92.08900438905104
11 92.08891215668338
12 92.08889048340228
13 92.08888296656879
14 92.08888150508687
15 92.08888146486805
16 92.08888259227889
17 92.08888317710857
18 92.08888378227016
19 92.08888380337937
20 92.08888382448859
21 92.08888384559781
22 92.08888386670702
23 92.08888388781622
24 92.08888390892544
25 92.08888393003465
26 92.08888395114387
27 92.08888397225309
28 92.0888839933623
29 92.08888401447152
30 92.08888403558073