Time X1
0 246.854341451856
1 242.3144183330661
2 235.5936140384011
3 225.8378776498971
4 212.1981089080454
5 194.4161989696766
6 173.8492689232768
7 153.9136993358643
8 138.2676868130922
9 128.1891025398653
10 122.5788124510088
11 119.7226810210812
12 118.3367911891567
13 117.6803059045786
14 117.3728731332811
15 117.2296922496369
16 117.1631800027431
17 117.1323218023643
18 117.1179984932216
19 117.1113758457797
20 117.108308121957
21 117.1068819026818
22 117.1062065213662
23 117.1058974458655
24 117.1057635538957
25 117.1057009836482
26 117.1056701636381
27 117.1056554597782
28 117.1056485255153
29 117.1056450531803
30 117.1056415042929