Time X1
0 246.853594887587
1 261.9819230746473
2 291.327444901637
3 348.3958513273599
4 433.5248851572204
5 490.0126890333059
6 505.0365224354073
7 507.6668359699172
8 508.0861045925781
9 508.1517478470668
10 508.1621581342825
11 508.1636971527362
12 508.1639590905091
13 508.1640164155792
14 508.1640250225269
15 508.1640259043448
16 508.1640186236579
17 508.1640144177205
18 508.1640133195876
19 508.1640131815682
20 508.1640130435487
21 508.1640129055292
22 508.1640127675097
23 508.1640126294903
24 508.1640124914708
25 508.1640123534513
26 508.1640122154319
27 508.1640120774124
28 508.1640119393929
29 508.1640118013734
30 508.164011663354