Time X1
0 246.852229985117
1 294.0842811535331
2 429.9127325649695
3 603.1139907737225
4 628.3673770633873
5 629.4889101938547
6 629.533370463144
7 629.5350778026594
8 629.5351773163935
9 629.5351743282347
10 629.5351631732867
11 629.5351602290671
12 629.5351600411686
13 629.5351598532703
14 629.535159665372
15 629.5351594774736
16 629.5351592895753
17 629.5351591016769
18 629.5351589137786
19 629.5351587258803
20 629.5351585379818
21 629.5351584394466
22 629.5351584338407
23 629.5351584282348
24 629.5351584226289
25 629.535158417023
26 629.5351584114171
27 629.5351584058112
28 629.5351584002054
29 629.5351583945995
30 629.5351583889936