Time X1
0 246.8550718626
1 250.9205900032752
2 257.3625073271527
3 267.6502321466174
4 284.1105280498886
5 309.8338587112784
6 346.2552433441418
7 386.3822871399238
8 415.7235113896089
9 429.9459176843723
10 435.2744323209609
11 437.0580770405193
12 437.6313888767858
13 437.8133375038477
14 437.8708779459563
15 437.8889640349891
16 437.8947931016519
17 437.8965944179486
18 437.8971293313556
19 437.8973103996179
20 437.8973697365531
21 437.8973917325512
22 437.8974079352856
23 437.8974123121772
24 437.897408400856
25 437.8974091409884
26 437.8974070126962
27 437.897403138684
28 437.8974019027728
29 437.8974006668616
30 437.8973997759001