Time X1
0 246.806240142584
1 58.77761812842016
2 57.86439390045844
3 57.85445498397362
4 57.85435003161064
5 57.85434759840774
6 57.85434882981652
7 57.8543489391549
8 57.85434896213265
9 57.8543489851104
10 57.85434900808814
11 57.85434903106589
12 57.85434905404363
13 57.85434907702138
14 57.85434908645465
15 57.854349087133
16 57.85434908781136
17 57.85434908848971
18 57.85434908916807
19 57.85434908984642
20 57.85434909052478
21 57.85434909098056
22 57.85434909098261
23 57.85434909098467
24 57.85434909098672
25 57.85434909098878
26 57.85434909099084
27 57.8543490909929
28 57.85434909099495
29 57.85434909099701
30 57.85434909099907