Time X1
0 246.85895976224
1 277.996730578198
2 328.4909387874258
3 390.4716843326232
4 430.8820053398403
5 444.6155766048682
6 447.9762048410937
7 448.7215738968525
8 448.8831311680925
9 448.9179647018303
10 448.925494849646
11 448.9271368203277
12 448.9274660508453
13 448.9275437260457
14 448.9275692807711
15 448.9275794619899
16 448.9275760393234
17 448.9275755875588
18 448.9275707334739
19 448.9275691141551
20 448.9275674948363
21 448.9275672803504
22 448.9275672343192
23 448.927567188288
24 448.9275671422568
25 448.9275670962256
26 448.9275670501944
27 448.9275670041632
28 448.9275669581319
29 448.9275669121008
30 448.9275668660695