Time X1
0 246.914200555818
1 502.6771881616464
2 503.0951456302631
3 503.095268506407
4 503.0952613228785
5 503.0952609696671
6 503.0952606164556
7 503.0952602632442
8 503.0952601037648
9 503.0952600934065
10 503.0952600830483
11 503.0952600726901
12 503.0952600682663
13 503.0952600682351
14 503.0952600682039
15 503.0952600681726
16 503.0952600681414
17 503.0952600681102
18 503.095260068079
19 503.0952600680478
20 503.0952600680166
21 503.0952600679854
22 503.0952600679542
23 503.095260067923
24 503.0952600678918
25 503.0952600678606
26 503.0952600678294
27 503.0952600677982
28 503.095260067767
29 503.0952600677358
30 503.0952600677045