Time X1
0 246.914084290748
1 503.0530422988357
2 503.4682133679096
3 503.4683341837408
4 503.4683271563461
5 503.4683268017303
6 503.4683264471144
7 503.4683260924986
8 503.4683259362572
9 503.4683259258539
10 503.4683259154507
11 503.4683259050474
12 503.46832590079
13 503.4683259007587
14 503.4683259007273
15 503.468325900696
16 503.4683259006646
17 503.4683259006333
18 503.4683259006019
19 503.4683259005706
20 503.4683259005392
21 503.4683259005079
22 503.4683259004765
23 503.4683259004451
24 503.4683259004138
25 503.4683259003824
26 503.468325900351
27 503.4683259003197
28 503.4683259002883
29 503.468325900257
30 503.4683259002256