Time X1
0 246.858932116644
1 277.8256028283544
2 328.0734349264168
3 389.9857476026183
4 430.6427393488209
5 444.54819491695
6 447.9632234386009
7 448.7224043817623
8 448.8872711354023
9 448.9228821521808
10 448.930592184434
11 448.9322779193866
12 448.9326164566451
13 448.9326963314714
14 448.9327221217215
15 448.9327327538596
16 448.9327292810136
17 448.9327289583645
18 448.9327240735255
19 448.9327224578419
20 448.9327208421582
21 448.9327205793094
22 448.9327205333934
23 448.9327204874775
24 448.9327204415616
25 448.9327203956457
26 448.9327203497298
27 448.9327203038139
28 448.932720257898
29 448.932720211982
30 448.9327201660661