Time X1
0 246.852021977193
1 250.3147172303088
2 256.6498250239997
3 268.5004118059003
4 291.3054800654361
5 335.4499962793605
6 408.5368360215993
7 475.5303240537124
8 501.0403197613697
9 506.5866579327406
10 507.6041821099116
11 507.7845285704698
12 507.8162411716054
13 507.8219191833403
14 507.8228497023662
15 507.8230286950589
16 507.8230714819013
17 507.8230857478249
18 507.8230826556436
19 507.8230790300899
20 507.8230741945333
21 507.8230715866387
22 507.8230709727567
23 507.8230708956278
24 507.823070818499
25 507.8230707413701
26 507.8230706642413
27 507.8230705871125
28 507.8230705099836
29 507.8230704328548
30 507.8230703557259