Time X1
0 246.914404994536
1 502.7632779529785
2 503.182750267385
3 503.1828738626071
4 503.1828666390905
5 503.1828662857326
6 503.1828659323746
7 503.1828655790165
8 503.1828654188888
9 503.1828654085254
10 503.182865398162
11 503.1828653877985
12 503.1828653833475
13 503.1828653833163
14 503.182865383285
15 503.1828653832538
16 503.1828653832226
17 503.1828653831913
18 503.1828653831601
19 503.1828653831289
20 503.1828653830977
21 503.1828653830664
22 503.1828653830352
23 503.182865383004
24 503.1828653829728
25 503.1828653829415
26 503.1828653829103
27 503.1828653828791
28 503.1828653828479
29 503.1828653828167
30 503.1828653827855