Time X1
0 246.937163680947
1 502.2914106802107
2 503.008804383969
3 503.0091346722009
4 503.0091230389819
5 503.009122708494
6 503.0091223780061
7 503.0091220475181
8 503.0091217398303
9 503.0091217301442
10 503.0091217204579
11 503.0091217107718
12 503.0091217010856
13 503.0091216992905
14 503.0091216992613
15 503.0091216992321
16 503.009121699203
17 503.0091216991738
18 503.0091216991447
19 503.0091216991155
20 503.0091216990863
21 503.0091216990572
22 503.009121699028
23 503.0091216989989
24 503.0091216989697
25 503.0091216989405
26 503.0091216989114
27 503.0091216988822
28 503.0091216988531
29 503.0091216988239
30 503.0091216987947