Time X1
0 246.852021977193
1 250.2725727795163
2 256.5279007423869
3 268.2217323220984
4 290.7085536898616
5 334.2541709211345
6 406.8166462134141
7 474.486423282431
8 500.7149460853681
9 506.4635190241884
10 507.5209958432688
11 507.7086957328106
12 507.7417217755428
13 507.7476569899968
14 507.7486295898358
15 507.7488160535006
16 507.7488585448334
17 507.7488747642362
18 507.7488710960272
19 507.7488687395942
20 507.7488633407992
21 507.7488609682636
22 507.7488599382319
23 507.7488598696396
24 507.7488598010473
25 507.748859732455
26 507.7488596638627
27 507.7488595952704
28 507.7488595266781
29 507.7488594580858
30 507.7488593894935