Time X1
0 246.834926283595
1 1570.847895888769
2 1570.847891842606
3 1570.847891733933
4 1570.847891733536
5 1570.847891733138
6 1570.847891732741
7 1570.847891732344
8 1570.847891731947
9 1570.84789173155
10 1570.847891731153
11 1570.847891730756
12 1570.847891730359
13 1570.847891730333
14 1570.847891730332
15 1570.847891730331
16 1570.84789173033
17 1570.847891730329
18 1570.847891730327
19 1570.847891730326
20 1570.847891730325
21 1570.847891730324
22 1570.847891730323
23 1570.847891730323
24 1570.847891730323
25 1570.847891730323
26 1570.847891730323
27 1570.847891730323
28 1570.847891730323
29 1570.847891730323
30 1570.847891730323