Time X1
0 246.851742312356
1 248.247877478691
2 250.7677132734305
3 255.3621777615797
4 263.8802292656478
5 280.0581927239204
6 311.4545734065186
7 369.5180032740113
8 445.9130056747309
9 491.7954642912513
10 504.5717618916484
11 507.1139487709391
12 507.5797893692421
13 507.6638430314507
14 507.67897855027
15 507.681754464141
16 507.6822195459035
17 507.6823106201493
18 507.6823398858185
19 507.682345480265
20 507.6823433022541
21 507.6823396790986
22 507.682335680041
23 507.6823336971221
24 507.6823330448034
25 507.6823329888534
26 507.6823329329034
27 507.6823328769535
28 507.6823328210035
29 507.6823327650536
30 507.6823327091035