Time X1
0 246.853594887587
1 261.9366696021677
2 291.1841919156449
3 348.0616362550277
4 433.0853586690661
5 489.7869004465296
6 504.9336298687074
7 507.5910811832696
8 508.0152189116977
9 508.0817018635953
10 508.0922546989802
11 508.0938162633251
12 508.0940821931641
13 508.0941399414608
14 508.0941492574117
15 508.0941499206495
16 508.0941426395347
17 508.0941384565724
18 508.0941372816292
19 508.094137144533
20 508.0941370074368
21 508.0941368703405
22 508.0941367332443
23 508.0941365961481
24 508.0941364590519
25 508.0941363219557
26 508.0941361848595
27 508.0941360477632
28 508.094135910667
29 508.0941357735708
30 508.0941356364746