Time X1
0 246.853773721419
1 263.2920317683184
2 295.3200664394431
3 357.1044652106247
4 443.28898257681
5 493.5336441425545
6 505.6944168058845
7 507.7497875911012
8 508.0720474362936
9 508.1218565423234
10 508.1296638180468
11 508.1308010593298
12 508.1309935411857
13 508.1310419896926
14 508.131044698997
15 508.1310449975871
16 508.1310380769041
17 508.1310340207828
18 508.1310335016299
19 508.1310333699927
20 508.1310332383555
21 508.1310331067183
22 508.1310329750812
23 508.131032843444
24 508.1310327118068
25 508.1310325801696
26 508.1310324485324
27 508.1310323168952
28 508.131032185258
29 508.1310320536209
30 508.1310319219837