Time X1
0 246.84502967354
1 202.0125747799587
2 152.3309106988874
3 119.0969371529394
4 105.2332473895673
5 100.7746949809815
6 99.47380681662149
7 99.10546063299842
8 99.00206714985249
9 98.97311933228495
10 98.96501874989733
11 98.9627576478525
12 98.96211603746544
13 98.96193904309787
14 98.9618924048587
15 98.96187813158801
16 98.96187176119157
17 98.96186912413609
18 98.96186970287538
19 98.96186962005105
20 98.96187081429996
21 98.96187121882824
22 98.96187171982099
23 98.96187190851489
24 98.96187192476104
25 98.96187194100719
26 98.96187195725334
27 98.96187197349948
28 98.96187198974563
29 98.96187200599178
30 98.96187202223793