Time X1
0 246.916548168284
1 505.6289155706241
2 506.0578966027712
3 506.0580159259462
4 506.0580106644728
5 506.0580101005889
6 506.0580095367051
7 506.0580090548614
8 506.0580090364529
9 506.0580090180443
10 506.0580089996358
11 506.058008991903
12 506.0580089918411
13 506.0580089917792
14 506.0580089917173
15 506.0580089916553
16 506.0580089915934
17 506.0580089915315
18 506.0580089914695
19 506.0580089914076
20 506.0580089913457
21 506.0580089912838
22 506.0580089912219
23 506.0580089911599
24 506.058008991098
25 506.058008991036
26 506.0580089909741
27 506.0580089909122
28 506.0580089908503
29 506.0580089907884
30 506.0580089907264