Time X1
0 246.851879780715
1 252.766136879833
2 264.0210595785884
3 286.2182277033205
4 331.0672768318492
5 410.7699476090954
6 487.0572606061816
7 514.1754385102043
8 519.3160415349001
9 520.1353643386318
10 520.2619727465458
11 520.281501408251
12 520.2844479863721
13 520.2849155251467
14 520.2849995836444
15 520.285024453074
16 520.2850231465462
17 520.28501575856
18 520.2850111416122
19 520.2850092747684
20 520.2850091208617
21 520.2850089669549
22 520.2850088130482
23 520.2850086591413
24 520.2850085052346
25 520.2850083513279
26 520.285008197421
27 520.2850080435143
28 520.2850078896075
29 520.2850077357008
30 520.2850075817939