Time X1
0 246.854567024541
1 251.1989189750574
2 258.2802796750645
3 269.9483195345126
4 289.2559883320363
5 320.2941708991182
6 363.9575943459482
7 407.8216503217525
8 434.547711093549
9 445.1842838406753
10 448.5849367154008
11 449.5890419631582
12 449.8783198066059
13 449.9610801790388
14 449.9845994847167
15 449.9914252320831
16 449.9933293056029
17 449.9938537473556
18 449.9940157962766
19 449.9940634190263
20 449.9940903267757
21 449.9940987373615
22 449.9940960141901
23 449.9940959513628
24 449.994090512065
25 449.9940886115508
26 449.9940864649856
27 449.9940854096308
28 449.9940853420266
29 449.9940852744223
30 449.9940852068181