Time X1
0 246.85364804077
1 262.3841613958591
2 292.553508713948
3 351.0996542382259
4 436.6926860452464
5 491.2224877097533
6 505.2840412648179
7 507.7177733687204
8 508.1034398181375
9 508.1636430211935
10 508.1730902152562
11 508.1745340097581
12 508.1747584404725
13 508.1748033255535
14 508.1748186151249
15 508.1748154133304
16 508.1748117145642
17 508.174807429224
18 508.174805067724
19 508.1748048212602
20 508.1748047531266
21 508.1748046849929
22 508.1748046168593
23 508.1748045487257
24 508.1748044805921
25 508.1748044124584
26 508.1748043443247
27 508.1748042761911
28 508.1748042080575
29 508.1748041399239
30 508.1748040717902