Time X1
0 246.855042331329
1 254.0472648429956
2 265.8683599032759
3 285.4627911116618
4 317.1839392999558
5 362.2725777391165
6 407.6776834926088
7 434.8600980507341
8 445.3364973668867
9 448.5730676550309
10 449.498181232799
11 449.7565419498131
12 449.8281941460415
13 449.8479760353963
14 449.8535666064803
15 449.8550542633486
16 449.8554612584902
17 449.8555820481654
18 449.8556178141674
19 449.8556407836345
20 449.8556448156887
21 449.8556427768818
22 449.8556418157255
23 449.8556368184242
24 449.855634920165
25 449.8556330219058
26 449.8556322673127
27 449.8556322096892
28 449.8556321520658
29 449.8556320944423
30 449.8556320368188