Time X1
0 246.937185977978
1 502.350605894117
2 503.0662496267173
3 503.0665782260153
4 503.0665665964106
5 503.0665662657477
6 503.0665659350848
7 503.066565604422
8 503.0665652975392
9 503.0665652878478
10 503.0665652781564
11 503.066565268465
12 503.0665652587736
13 503.0665652570228
14 503.0665652569936
15 503.0665652569644
16 503.0665652569352
17 503.066565256906
18 503.0665652568769
19 503.0665652568477
20 503.0665652568185
21 503.0665652567893
22 503.0665652567602
23 503.066565256731
24 503.0665652567018
25 503.0665652566726
26 503.0665652566435
27 503.0665652566142
28 503.0665652565851
29 503.0665652565559
30 503.0665652565267