Time X1
0 246.937163680947
1 502.291344057593
2 503.0087397860718
3 503.0090700762047
4 503.0090584429825
5 503.0090581124952
6 503.0090577820078
7 503.0090574515204
8 503.009057143832
9 503.0090571341457
10 503.0090571244594
11 503.0090571147731
12 503.0090571050868
13 503.0090571032917
14 503.0090571032625
15 503.0090571032334
16 503.0090571032042
17 503.009057103175
18 503.0090571031458
19 503.0090571031167
20 503.0090571030875
21 503.0090571030584
22 503.0090571030292
23 503.009057103
24 503.0090571029709
25 503.0090571029417
26 503.0090571029125
27 503.0090571028834
28 503.0090571028542
29 503.0090571028251
30 503.0090571027959