Time X1
0 246.851883759151
1 249.2253896278435
2 253.5362478667411
3 261.494815367352
4 276.5477671765409
5 305.7351373743728
6 360.6223920051514
7 437.7315111939382
8 488.8518274532793
9 503.931068622036
10 506.959209755181
11 507.5112104861701
12 507.6099009749373
13 507.6275529842434
14 507.6306570434338
15 507.6312109732384
16 507.6313165313065
17 507.6313559568999
18 507.63135557743
19 507.6313546555687
20 507.6313481796051
21 507.6313442736987
22 507.631343445997
23 507.6313433178292
24 507.6313431896615
25 507.6313430614938
26 507.631342933326
27 507.6313428051583
28 507.6313426769906
29 507.6313425488228
30 507.6313424206551