Time X1
0 246.851742312356
1 248.2485508768767
2 250.7696147098838
3 255.3663622943558
4 263.8887836776759
5 280.0754024151687
6 311.4888161581602
7 369.5772359748474
8 445.9691350490903
9 491.8161894489595
10 504.5766745169253
11 507.1153489805691
12 507.580528421965
13 507.6644616055013
14 507.6795753057843
15 507.6823471029634
16 507.6828114971173
17 507.6829024417448
18 507.6829316936223
19 507.6829372643841
20 507.6829350930598
21 507.6829314645432
22 507.6829274695781
23 507.6829254868032
24 507.6829248359978
25 507.682924780053
26 507.6829247241082
27 507.6829246681634
28 507.6829246122186
29 507.6829245562738
30 507.682924500329