Time X1
0 257.016343012452
1 448.9673651630816
2 450.3145579880306
3 450.3166540170046
4 450.3166471412549
5 450.3166447995312
6 450.316644479019
7 450.3166441585068
8 450.3166438379946
9 450.3166435227781
10 450.3166435127272
11 450.3166435026764
12 450.3166434926255
13 450.3166434825747
14 450.3166434749106
15 450.3166434748781
16 450.3166434748457
17 450.3166434748132
18 450.3166434747808
19 450.3166434747484
20 450.3166434747159
21 450.3166434746835
22 450.3166434746511
23 450.3166434746186
24 450.3166434745862
25 450.3166434745537
26 450.3166434745213
27 450.3166434744888
28 450.3166434744564
29 450.316643474424
30 450.3166434743915