Time X1
0 246.862027067875
1 300.7012972836328
2 379.5640892806197
3 436.0176389741023
4 452.4262686927117
5 455.4527916373937
6 455.9525192995681
7 456.0334196606354
8 456.0466211316013
9 456.0486568887046
10 456.049015335731
11 456.0490842638093
12 456.0491050345856
13 456.0491039050259
14 456.0490974362334
15 456.0490933995666
16 456.0490914681666
17 456.0490913332819
18 456.0490911983971
19 456.0490910635123
20 456.0490909286275
21 456.0490907937427
22 456.0490906588579
23 456.0490905239731
24 456.0490903890883
25 456.0490902542036
26 456.0490901193188
27 456.049089984434
28 456.0490898495492
29 456.0490897146644
30 456.0490895797797