Time X1
0 246.855035266592
1 254.0104969982561
2 265.7700592450473
3 285.262179990418
4 316.8335001141368
5 361.8030077637542
6 407.2970401044011
7 434.6831591283706
8 445.2775929175764
9 448.5563875742242
10 449.4943471137518
11 449.7564301933994
12 449.8291521337566
13 449.8492329497047
14 449.8549093501596
15 449.8564235589652
16 449.8568365282632
17 449.8569593197693
18 449.8569953387275
19 449.8570185463184
20 449.8570229706377
21 449.8570207438196
22 449.8570199202156
23 449.8570148869236
24 449.8570130072741
25 449.8570111276246
26 449.8570103078944
27 449.8570102509713
28 449.8570101940482
29 449.857010137125
30 449.8570100802019