Time X1
0 246.851748956093
1 251.785907427359
2 261.1176496605949
3 279.3435534007247
4 316.093437193574
5 385.9409897450319
6 470.4340982505731
7 510.0767571040563
8 518.6144076231628
9 520.0230503590769
10 520.2437923399341
11 520.2781486111362
12 520.2834119242892
13 520.2842303275203
14 520.2843670809822
15 520.2844057983357
16 520.2844064864678
17 520.2844074774766
18 520.2844004985596
19 520.2843975529729
20 520.2843959669756
21 520.2843958795153
22 520.2843957920551
23 520.2843957045949
24 520.2843956171346
25 520.2843955296744
26 520.2843954422142
27 520.2843953547539
28 520.2843952672937
29 520.2843951798335
30 520.2843950923732