Time X1
0 246.851864957434
1 245.735943027865
2 243.8002063627501
3 240.4704008023403
4 234.8285846642402
5 225.5388125194812
6 211.0469013596524
7 190.6082768171516
8 166.3669818367672
9 143.9703682341365
10 128.2968360408818
11 119.5832999496627
12 115.3969479972385
13 113.5330138546298
14 112.7319313535498
15 112.3929080456979
16 112.250379567934
17 112.1906323590017
18 112.1656157304668
19 112.1551389647534
20 112.150764838488
21 112.1489374406442
22 112.148168820051
23 112.1478407942889
24 112.1477068427098
25 112.1476546622885
26 112.1476313316288
27 112.1476211639621
28 112.1476154555564
29 112.1476112569401
30 112.1476098626999