Time X1
0 246.859060369902
1 278.6190598382107
2 330.0024431436855
3 392.2051824711925
4 431.7197864171831
5 444.8478189934524
6 448.0191626273593
7 448.7167346060072
8 448.8668961603811
9 448.8990608444314
10 448.9059771331539
11 448.9074689092337
12 448.9077670073463
13 448.9078370821116
14 448.9078619293412
15 448.907870450672
16 448.9078672871865
17 448.9078663538499
18 448.907861642777
19 448.9078600076556
20 448.9078583857215
21 448.9078583391795
22 448.9078582926377
23 448.9078582460958
24 448.9078581995539
25 448.9078581530121
26 448.9078581064702
27 448.9078580599283
28 448.9078580133864
29 448.9078579668446
30 448.9078579203027