Time X1
0 246.85197131835
1 249.8974206506561
2 255.4537057783141
3 265.7963976642208
4 285.5824443282647
5 324.0352144763611
6 391.5780071722187
7 464.689760532221
8 498.0525401859076
9 505.9349036667874
10 507.4151946429765
11 507.679804937301
12 507.7266638033697
13 507.7349944492142
14 507.7364318735895
15 507.7366818789935
16 507.7367400105334
17 507.7367568661606
18 507.7367559327844
19 507.7367495779515
20 507.7367456925951
21 507.7367432773444
22 507.7367431475989
23 507.7367430178535
24 507.7367428881081
25 507.7367427583627
26 507.7367426286172
27 507.7367424988718
28 507.7367423691264
29 507.7367422393809
30 507.7367421096355