Time X1
0 246.851864957434
1 249.1716660170071
2 253.3847807292577
3 261.1602346358848
4 275.8576442307673
5 304.3503011530404
6 358.1577803088056
7 435.1952528713737
8 487.939528551903
9 503.8436862948031
10 507.0573496979669
11 507.6435250989222
12 507.7482927961669
13 507.7670078433548
14 507.7703002062147
15 507.7708845024362
16 507.7709960540705
17 507.7710362716506
18 507.7710362438178
19 507.7710357862974
20 507.7710291892637
21 507.7710252945978
22 507.7710243325399
23 507.7710242048604
24 507.7710240771809
25 507.7710239495014
26 507.7710238218219
27 507.7710236941424
28 507.7710235664629
29 507.7710234387834
30 507.7710233111039