Time X1
0 246.853594887587
1 261.8921404364226
2 291.0432213762872
3 347.7324498680014
4 432.65058908917
5 489.5624464091471
6 504.8313324926056
7 507.5158555698874
8 507.9448590538644
9 508.0121824092185
10 508.0228778246496
11 508.0244621606087
12 508.0247320695214
13 508.0247902294802
14 508.0248002618201
15 508.0248007059284
16 508.0247934290079
17 508.0247892720583
18 508.0247880173117
19 508.0247878812629
20 508.0247877452142
21 508.0247876091653
22 508.0247874731166
23 508.0247873370678
24 508.024787201019
25 508.0247870649703
26 508.0247869289215
27 508.0247867928727
28 508.0247866568239
29 508.0247865207751
30 508.0247863847264