Time X1
0 246.85186999735
1 245.7718617426249
2 243.897948032746
3 240.6727997607998
4 235.2024603570183
5 226.1760630031443
6 212.0372053616189
7 191.9440347878341
8 167.8126740863349
9 145.1490955523351
10 129.0316334544391
11 119.9654533801396
12 115.5799098890497
13 113.6203800005352
14 112.7767117710332
15 112.4193333866682
16 112.2689978487146
17 112.2059418292672
18 112.1795304557054
19 112.1684694639819
20 112.1638484294939
21 112.1619211777412
22 112.1610892222197
23 112.1607493386928
24 112.1606148415945
25 112.1605581580085
26 112.1605328300006
27 112.1605219420235
28 112.1605164903812
29 112.1605120715147
30 112.1605102019181