Time X1
0 246.849407262728
1 231.973334455869
2 208.4886430023511
3 177.2150714514702
4 146.1214993012874
5 124.702593023471
6 113.9375111008567
7 109.4600370070412
8 107.7537606461816
9 107.1258849079284
10 106.8978454981685
11 106.8154248171581
12 106.7856898930219
13 106.7749642064825
14 106.7711060679678
15 106.7697155506334
16 106.7692024208538
17 106.7690228931084
18 106.7689617904013
19 106.7689379217489
20 106.7689290563532
21 106.7689242354864
22 106.7689210924666
23 106.7689205997825
24 106.7689212187987
25 106.7689210868138
26 106.7689216347793
27 106.7689224914674
28 106.7689228253896
29 106.7689231593117
30 106.7689234433012