Time X1
0 246.851864957434
1 249.1297896466895
2 253.2650791691641
3 260.8916514195928
4 275.293603963585
5 303.1926727054537
6 356.0196034587109
7 432.809007737386
8 486.8897570491124
9 503.5487369289602
10 506.9408987768381
11 507.561167602716
12 507.6721994244401
13 507.692051403011
14 507.6955479235459
15 507.6961667488387
16 507.6962853746649
17 507.6963265082699
18 507.6963269427142
19 507.6963270527981
20 507.6963203349224
21 507.6963164579494
22 507.6963153226932
23 507.6963151957178
24 507.6963150687423
25 507.6963149417667
26 507.6963148147913
27 507.6963146878157
28 507.6963145608402
29 507.6963144338647
30 507.6963143068892