Time X1
0 246.859060369902
1 278.6190585262601
2 330.0024399637311
3 392.2051786732491
4 431.7197841959284
5 444.8478178775421
6 448.0191618614323
7 448.7167339293799
8 448.8668955052043
9 448.8990601943115
10 448.9059764842009
11 448.9074682605702
12 448.9077663587417
13 448.9078364335215
14 448.907861280751
15 448.9078698020838
16 448.9078666385986
17 448.9078657052626
18 448.9078609941902
19 448.9078593590691
20 448.9078577371353
21 448.9078576905934
22 448.9078576440515
23 448.9078575975097
24 448.9078575509679
25 448.907857504426
26 448.9078574578842
27 448.9078574113423
28 448.9078573648005
29 448.9078573182586
30 448.9078572717168