Time X1
0 246.858932116644
1 277.8262839539652
2 328.0751943266917
3 389.9880566493883
4 430.6442740498167
5 444.549080125466
6 447.9638873020617
7 448.7230092200731
8 448.8878612837125
9 448.9234687433632
10 448.9311779310258
11 448.9328634561409
12 448.9332019478293
13 448.9332818118045
14 448.9333076009013
15 448.9333182307661
16 448.9333147581572
17 448.9333144348354
18 448.9333095501408
19 448.9333079344327
20 448.9333063187245
21 448.9333060561336
22 448.9333060102169
23 448.9333059643004
24 448.9333059183837
25 448.9333058724671
26 448.9333058265505
27 448.9333057806339
28 448.9333057347174
29 448.9333056888007
30 448.9333056428841