Time X1
0 246.851794789133
1 252.128912052635
2 262.1311858001481
3 281.7361309623254
4 321.3245691824088
5 395.0096216001149
6 477.1528197411438
7 511.8288414196658
8 518.9186823933069
9 520.0718841174402
10 520.2516283577535
11 520.2794649291915
12 520.2838474024257
13 520.2844824279708
14 520.2845888276381
15 520.2846207365563
16 520.2846204450383
17 520.2846211548988
18 520.2846149068207
19 520.2846125327225
20 520.2846109670229
21 520.2846108988882
22 520.2846108307534
23 520.2846107626187
24 520.2846106944841
25 520.2846106263494
26 520.2846105582147
27 520.2846104900799
28 520.2846104219452
29 520.2846103538105
30 520.2846102856759