Time X1
0 246.859066706732
1 278.665517467341
2 330.1186645737529
3 392.345630223778
4 431.7992198971778
5 444.8837214230066
6 448.0411072939205
7 448.7350822800123
8 448.8843728358693
9 448.9163308763956
10 448.9231992360362
11 448.9246790523476
12 448.9249747211964
13 448.9250441817604
14 448.9250689752843
15 448.9250773530047
16 448.9250742169182
17 448.9250732415029
18 448.9250685448877
19 448.9250669083925
20 448.9250653009679
21 448.9250652543824
22 448.925065207797
23 448.9250651612115
24 448.9250651146261
25 448.9250650680406
26 448.9250650214552
27 448.9250649748697
28 448.9250649282843
29 448.9250648816988
30 448.9250648351133