Time X1
0 246.914154762968
1 500.0910853038017
2 500.5187280315796
3 500.5188534131436
4 500.5188479166162
5 500.5188474714723
6 500.5188470263285
7 500.5188465811846
8 500.5188465119107
9 500.5188464980086
10 500.5188464841065
11 500.5188464717143
12 500.5188464716696
13 500.5188464716249
14 500.5188464715802
15 500.5188464715355
16 500.5188464714909
17 500.5188464714462
18 500.5188464714015
19 500.5188464713568
20 500.5188464713121
21 500.5188464712675
22 500.5188464712228
23 500.5188464711781
24 500.5188464711334
25 500.5188464710888
26 500.518846471044
27 500.5188464709993
28 500.5188464709547
29 500.51884647091
30 500.5188464708653