Time X1
0 246.851742312356
1 244.8764997016696
2 241.4705271586967
3 235.6866774309742
4 226.1437915893579
5 211.2413915960776
6 190.2542652028866
7 165.5191044973477
8 142.9508485285739
9 127.4186047138982
10 118.925712759639
11 114.9023838411631
12 113.1314507761451
13 112.3780275986344
14 112.0620849438599
15 111.9304325262177
16 111.8757058401756
17 111.8529863270397
18 111.8435495809652
19 111.8396467382103
20 111.8380284440125
21 111.8373491562712
22 111.8370632268451
23 111.8369505330443
24 111.8369054263829
25 111.8368853059203
26 111.8368766709875
27 111.8368728046989
28 111.8368692146916
29 111.8368673063881
30 111.8368670797885