Time X1
0 246.851794789133
1 248.6172986976094
2 251.811470085181
3 257.6637099770489
4 268.6019324932836
5 289.5890684822514
6 330.2278067375899
7 399.5785155274614
8 469.4568884299645
9 499.1966482001349
10 506.0739785148858
11 507.3734044590284
12 507.6085524381178
13 507.6507006970357
14 507.6583585135389
15 507.6596528666936
16 507.659906071019
17 507.6599654986663
18 507.6599817151378
19 507.6599810521918
20 507.6599742473772
21 507.6599700963005
22 507.6599675179589
23 507.6599673794472
24 507.6599672409355
25 507.6599671024238
26 507.659966963912
27 507.6599668254004
28 507.6599666868887
29 507.6599665483769
30 507.6599664098652