Time X1
0 246.852539880684
1 254.1046825927284
2 267.6729412270222
3 293.9122882906557
4 344.6000729023718
5 423.4344381384093
6 484.1382515142367
7 503.3596885515299
8 507.1462296027826
9 507.805259823938
10 507.9172894880315
11 507.9363101393786
12 507.9394873037618
13 507.9400286796829
14 507.9401275695113
15 507.9401647218596
16 507.9401635540014
17 507.9401600493628
18 507.9401544356703
19 507.9401506574345
20 507.9401505215639
21 507.9401503856932
22 507.9401502498226
23 507.940150113952
24 507.9401499780814
25 507.9401498422107
26 507.9401497063401
27 507.9401495704695
28 507.9401494345989
29 507.9401492987282
30 507.9401491628576