Time X1
0 246.920786187053
1 456.986142965847
2 457.9842673933379
3 457.9852009241075
4 457.9851911141892
5 457.9851907064515
6 457.9851902987137
7 457.985189890976
8 457.9851894832382
9 457.9851893989721
10 457.9851893857896
11 457.9851893726071
12 457.9851893594246
13 457.9851893530281
14 457.9851893529842
15 457.9851893529403
16 457.9851893528964
17 457.9851893528525
18 457.9851893528086
19 457.9851893527647
20 457.9851893527208
21 457.9851893526769
22 457.985189352633
23 457.985189352589
24 457.9851893525451
25 457.9851893525012
26 457.9851893524573
27 457.9851893524134
28 457.9851893523695
29 457.9851893523256
30 457.9851893522817