Time X1
0 246.921210817214
1 503.323663637655
2 503.8113882919329
3 503.8115502291386
4 503.8115411339193
5 503.8115407833926
6 503.8115404328659
7 503.8115400823392
8 503.8115398837399
9 503.811539873445
10 503.81153986315
11 503.811539852855
12 503.8115398466159
13 503.8115398465849
14 503.8115398465538
15 503.8115398465227
16 503.8115398464917
17 503.8115398464606
18 503.8115398464295
19 503.8115398463985
20 503.8115398463674
21 503.8115398463364
22 503.8115398463053
23 503.8115398462742
24 503.8115398462432
25 503.8115398462121
26 503.8115398461811
27 503.81153984615
28 503.8115398461189
29 503.8115398460878
30 503.8115398460568