Time X1
0 246.855091331265
1 251.0351934994977
2 257.6608813961186
3 268.2457775967021
4 285.1776719045046
5 311.5658717126818
6 348.5790792763681
7 388.5343972728668
8 416.9730143827783
9 430.464568926061
10 435.4606995116835
11 437.1242541349666
12 437.6577238401019
13 437.8267302441009
14 437.8799874072676
15 437.8967245774704
16 437.9021051865756
17 437.9037661539797
18 437.9042572941908
19 437.9044257934478
20 437.904480352376
21 437.9045038688997
22 437.9045189754748
23 437.9045200304389
24 437.9045183298111
25 437.9045178770991
26 437.9045138671281
27 437.9045115141446
28 437.9045099727834
29 437.9045084314221
30 437.9045083689185