Time X1
0 246.900150782907
1 589.4839297902569
2 589.6017482794223
3 589.6017382246707
4 589.6017378077524
5 589.6017373908342
6 589.6017369739159
7 589.6017369136374
8 589.6017369017453
9 589.6017368898531
10 589.6017368851866
11 589.6017368851518
12 589.601736885117
13 589.6017368850822
14 589.6017368850473
15 589.6017368850125
16 589.6017368849778
17 589.6017368849429
18 589.6017368849081
19 589.6017368848733
20 589.6017368848385
21 589.6017368848036
22 589.6017368847688
23 589.601736884734
24 589.6017368846991
25 589.6017368846643
26 589.6017368846295
27 589.6017368845947
28 589.6017368845598
29 589.6017368845251
30 589.6017368844903