Time X1
0 246.851279149231
1 232.031761417062
2 210.2841455549624
3 182.2694657867185
4 153.5732536889702
5 131.9021729355948
6 119.6347774048167
7 113.9233322892386
8 111.522227840639
9 110.5580289014803
10 110.1779991766552
11 110.0293467660823
12 109.9713643793222
13 109.9487752639658
14 109.9399833000121
15 109.9365644965434
16 109.9352344838129
17 109.9347041653704
18 109.9345017842003
19 109.9344285434757
20 109.9343979881084
21 109.9343856276588
22 109.9343804622787
23 109.9343761008952
24 109.9343741022196
25 109.934374466252
26 109.9343746327538
27 109.9343746266962
28 109.9343752287791
29 109.9343760370583
30 109.9343763601149