Time X1
0 246.852021977193
1 253.8275682901304
2 267.1878522667438
3 293.7762040703628
4 347.2062497706628
5 433.5100443457573
6 498.1356597722118
7 516.4745423424635
8 519.6710044077093
9 520.1683698164678
10 520.2441835394023
11 520.2558523111022
12 520.2575351716458
13 520.2578117827125
14 520.2578693785232
15 520.2578800560429
16 520.2578798299916
17 520.2578724613192
18 520.2578685313564
19 520.2578671119871
20 520.2578669865032
21 520.2578668610195
22 520.2578667355356
23 520.2578666100518
24 520.2578664845679
25 520.257866359084
26 520.2578662336002
27 520.2578661081163
28 520.2578659826326
29 520.2578658571487
30 520.2578657316649