Time X1
0 246.916548168284
1 503.0450097865537
2 503.4843099308801
3 503.4844442437642
4 503.4844364127048
5 503.4844360598012
6 503.4844357068976
7 503.484435353994
8 503.4844351825836
9 503.4844351722274
10 503.4844351618712
11 503.484435151515
12 503.484435146545
13 503.4844351465138
14 503.4844351464826
15 503.4844351464513
16 503.4844351464201
17 503.4844351463889
18 503.4844351463577
19 503.4844351463264
20 503.4844351462952
21 503.484435146264
22 503.4844351462328
23 503.4844351462015
24 503.4844351461703
25 503.4844351461391
26 503.4844351461078
27 503.4844351460766
28 503.4844351460454
29 503.4844351460142
30 503.484435145983