Time X1
0 246.853593887587
1 261.9370227432506
2 291.1852800665719
3 348.0640885839759
4 433.0884229481957
5 489.7883001832635
6 504.9341345324449
7 507.5913951501794
8 508.0154996291272
9 508.0819769830449
10 508.0925288880986
11 508.0940903085182
12 508.0943562134022
13 508.0944139593258
14 508.0944232705228
15 508.0944239353018
16 508.0944166541647
17 508.0944124709933
18 508.094411296603
19 508.0944111594983
20 508.0944110223936
21 508.0944108852889
22 508.0944107481841
23 508.0944106110795
24 508.0944104739747
25 508.09441033687
26 508.0944101997653
27 508.0944100626606
28 508.0944099255559
29 508.0944097884511
30 508.0944096513464