Time X1
0 246.8589045133
1 273.883597779379
2 316.6831809235771
3 371.6759152383021
4 414.1454426942023
5 432.0697186434063
6 437.2897205146548
7 438.6174114242831
8 438.9427501394031
9 439.0217396020814
10 439.0408848998831
11 439.0455784324692
12 439.0466902878755
13 439.046946410843
14 439.0470145184431
15 439.0470376748098
16 439.0470497420674
17 439.0470459434655
18 439.0470470765634
19 439.047044275457
20 439.0470409725017
21 439.0470395954853
22 439.0470384042274
23 439.0470383656435
24 439.0470383270596
25 439.0470382884757
26 439.0470382498919
27 439.047038211308
28 439.0470381727242
29 439.0470381341403
30 439.0470380955564