Time X1
0 246.937268422208
1 503.9860966882106
2 504.687575708137
3 504.6878685762292
4 504.6878577610846
5 504.6878574329893
6 504.6878571048941
7 504.6878567767988
8 504.6878565054892
9 504.6878564957603
10 504.6878564860314
11 504.6878564763025
12 504.6878564665736
13 504.687856466515
14 504.6878564664853
15 504.6878564664556
16 504.687856466426
17 504.6878564663963
18 504.6878564663667
19 504.6878564663371
20 504.6878564663074
21 504.6878564662778
22 504.6878564662481
23 504.6878564662185
24 504.6878564661888
25 504.6878564661592
26 504.6878564661295
27 504.6878564660999
28 504.6878564660702
29 504.6878564660406
30 504.6878564660109