Time X1
0 246.937185977978
1 505.0875766196659
2 505.7867064534774
3 505.7869944547986
4 505.7869836441623
5 505.7869833120388
6 505.7869829799154
7 505.7869826477919
8 505.7869823808035
9 505.7869823709397
10 505.7869823610759
11 505.7869823512121
12 505.7869823417012
13 505.7869823416711
14 505.786982341641
15 505.7869823416109
16 505.7869823415808
17 505.7869823415507
18 505.7869823415206
19 505.7869823414905
20 505.7869823414604
21 505.7869823414302
22 505.7869823414002
23 505.78698234137
24 505.78698234134
25 505.7869823413099
26 505.7869823412797
27 505.7869823412497
28 505.7869823412195
29 505.7869823411894
30 505.7869823411593