Time X1
0 246.937164680947
1 502.2913440701268
2 503.0087397860773
3 503.0090700762069
4 503.0090584429839
5 503.0090581124959
6 503.0090577820079
7 503.0090574515199
8 503.0090571438308
9 503.0090571341448
10 503.0090571244588
11 503.0090571147728
12 503.0090571050867
13 503.0090571032916
14 503.0090571032624
15 503.0090571032333
16 503.0090571032041
17 503.0090571031749
18 503.0090571031458
19 503.0090571031166
20 503.0090571030875
21 503.0090571030582
22 503.0090571030291
23 503.0090571029999
24 503.0090571029708
25 503.0090571029416
26 503.0090571029124
27 503.0090571028833
28 503.0090571028541
29 503.009057102825
30 503.0090571027958