Time X1
0 246.914929459758
1 502.8595266276847
2 503.2836822754912
3 503.2838083410923
4 503.2838009716785
5 503.2838006183542
6 503.2838002650298
7 503.2837999117055
8 503.2837997489694
9 503.2837997386052
10 503.283799728241
11 503.2837997178768
12 503.2837997133068
13 503.2837997132756
14 503.2837997132443
15 503.2837997132131
16 503.2837997131818
17 503.2837997131506
18 503.2837997131194
19 503.2837997130882
20 503.283799713057
21 503.2837997130257
22 503.2837997129945
23 503.2837997129632
24 503.283799712932
25 503.2837997129008
26 503.2837997128696
27 503.2837997128383
28 503.2837997128071
29 503.2837997127758
30 503.2837997127446