Time X1
0 246.914200555818
1 502.6926088194448
2 503.1103997659621
3 503.1105225271855
4 503.1105153518398
5 503.1105149985699
6 503.1105146452999
7 503.11051429203
8 503.1105141327166
9 503.1105141223567
10 503.1105141119968
11 503.1105141016369
12 503.1105140972215
13 503.1105140971903
14 503.1105140971591
15 503.1105140971279
16 503.1105140970967
17 503.1105140970655
18 503.1105140970343
19 503.1105140970031
20 503.1105140969718
21 503.1105140969406
22 503.1105140969094
23 503.1105140968782
24 503.110514096847
25 503.1105140968158
26 503.1105140967846
27 503.1105140967534
28 503.1105140967222
29 503.110514096691
30 503.1105140966598