Time X1
0 246.8550718626
1 257.6480684692209
2 276.069286025856
3 307.5388616246473
4 356.5952780212544
5 411.4054932818381
6 445.1443103647592
7 457.1648065208616
8 460.4339133558794
9 461.2497254256305
10 461.4487940287174
11 461.4969961799553
12 461.5087594947112
13 461.51157825848
14 461.5122379723075
15 461.5124110799711
16 461.5124590061223
17 461.5124838859994
18 461.5124819678671
19 461.5124833915129
20 461.5124776660339
21 461.5124747816876
22 461.5124718973412
23 461.5124717007694
24 461.5124716064216
25 461.5124715120738
26 461.5124714177259
27 461.5124713233781
28 461.5124712290303
29 461.5124711346824
30 461.5124710403346