Time X1
0 246.851878780715
1 249.2381838083423
2 253.5733146790022
3 261.5792809705818
4 276.7282785352695
5 306.1123170554856
6 361.3262182746711
7 438.5119256020917
8 489.2169546063075
9 504.0702052362628
10 507.0446817922586
11 507.5862377212281
12 507.6829669471024
13 507.7002583153455
14 507.7032943008037
15 507.703836862862
16 507.7039400703468
17 507.7039791722147
18 507.7039786472319
19 507.7039775017674
20 507.7039710868687
21 507.7039671739639
22 507.7039664155986
23 507.7039662871618
24 507.7039661587249
25 507.7039660302881
26 507.7039659018513
27 507.7039657734146
28 507.7039656449777
29 507.7039655165409
30 507.7039653881041