Time X1
0 246.93458125202
1 501.1203134105991
2 502.0007706210121
3 502.0012288948236
4 502.0012168290654
5 502.0012163718772
6 502.0012159146891
7 502.001215457501
8 502.0012151628051
9 502.0012151482131
10 502.0012151336211
11 502.0012151190291
12 502.0012151097608
13 502.0012151097129
14 502.0012151096649
15 502.001215109617
16 502.001215109569
17 502.001215109521
18 502.001215109473
19 502.0012151094251
20 502.0012151093771
21 502.0012151093292
22 502.0012151092812
23 502.0012151092333
24 502.0012151091853
25 502.0012151091373
26 502.0012151090893
27 502.0012151090414
28 502.0012151089934
29 502.0012151089455
30 502.0012151088975