Time X1
0 246.859096184807
1 278.8813390112259
2 330.6580334938122
3 392.994646951777
4 432.1646308734761
5 445.0489050595529
6 448.1423668639355
7 448.8199090703018
8 448.9652263898512
9 448.996243865087
10 449.0029365481876
11 449.004319885732
12 449.0046046548105
13 449.0046713320961
14 449.0046958817258
15 449.0047035905415
16 449.0047005925733
17 449.0046994211161
18 449.004694796337
19 449.0046931534674
20 449.0046916135084
21 449.0046915667209
22 449.0046915199335
23 449.004691473146
24 449.0046914263585
25 449.0046913795711
26 449.0046913327836
27 449.0046912859962
28 449.0046912392087
29 449.0046911924213
30 449.0046911456338