Time X1
0 246.84502967354
1 204.3192261963825
2 155.2648746587703
3 120.8795247043605
4 105.9985854054503
5 101.1114139390944
6 99.66800402363349
7 99.2556522590217
8 99.13899017120477
9 99.10607684045725
10 99.09679323095494
11 99.09419249557696
12 99.09344441204277
13 99.09323780375328
14 99.09318235295504
15 99.09316530769497
16 99.09315953243045
17 99.09315583908354
18 99.09315558010611
19 99.09315590526903
20 99.09315612925919
21 99.09315714144077
22 99.09315748078497
23 99.09315782012916
24 99.09315801176383
25 99.09315802171891
26 99.09315803167398
27 99.09315804162907
28 99.09315805158414
29 99.09315806153921
30 99.09315807149429