Time X1
0 246.921210817214
1 503.3236635108491
2 503.8113881693638
3 503.8115501065724
4 503.8115410113533
5 503.8115406608264
6 503.8115403102996
7 503.8115399597727
8 503.8115397611734
9 503.8115397508784
10 503.8115397405835
11 503.8115397302886
12 503.8115397240495
13 503.8115397240184
14 503.8115397239873
15 503.8115397239562
16 503.8115397239252
17 503.8115397238941
18 503.8115397238631
19 503.811539723832
20 503.8115397238009
21 503.8115397237698
22 503.8115397237388
23 503.8115397237077
24 503.8115397236767
25 503.8115397236456
26 503.8115397236145
27 503.8115397235835
28 503.8115397235524
29 503.8115397235214
30 503.8115397234903