Time X1
0 246.852534741489
1 254.0668200760463
2 267.5614435039578
3 293.6521279881067
4 344.0735057569412
5 422.7677083965034
6 483.8289716752718
7 503.2894007190345
8 507.1325027959122
9 507.8019190572356
10 507.9157716298368
11 507.9351066992202
12 507.9383392175832
13 507.9388891601343
14 507.9389893469845
15 507.9390270540106
16 507.9390259510852
17 507.9390226713734
18 507.9390169622891
19 507.9390131271028
20 507.9390129919465
21 507.9390128567901
22 507.9390127216338
23 507.9390125864774
24 507.9390124513211
25 507.9390123161647
26 507.9390121810084
27 507.9390120458521
28 507.9390119106957
29 507.9390117755394
30 507.9390116403831