Time X1
0 246.91460106866
1 500.0929885452694
2 500.5249858219822
3 500.5251135649145
4 500.5251080200719
5 500.5251075755336
6 500.5251071309953
7 500.525106686457
8 500.5251066136
9 500.525106599717
10 500.5251065858342
11 500.5251065732784
12 500.5251065732338
13 500.5251065731892
14 500.5251065731446
15 500.5251065730999
16 500.5251065730553
17 500.5251065730107
18 500.5251065729661
19 500.5251065729215
20 500.5251065728768
21 500.5251065728322
22 500.5251065727876
23 500.525106572743
24 500.5251065726984
25 500.5251065726538
26 500.5251065726092
27 500.5251065725645
28 500.5251065725199
29 500.5251065724753
30 500.5251065724307