Time X1
0 246.845138864385
1 205.277831360045
2 156.667361306562
3 121.8762182897693
4 106.5223466430796
5 101.4116925844062
6 99.88827308656604
7 99.44977724153114
8 99.32486137524653
9 99.28938450697245
10 99.27931445533901
11 99.27646374551682
12 99.275644191834
13 99.27541539092992
14 99.27535414245145
15 99.27533527336915
16 99.27532959320935
17 99.27532561351744
18 99.27532451956309
19 99.27532534021758
20 99.27532524894092
21 99.27532585007405
22 99.27532657090963
23 99.27532684345901
24 99.2753271160084
25 99.27532718970519
26 99.27532719729918
27 99.27532720489316
28 99.27532721248714
29 99.27532722008112
30 99.27532722767511