Time X1
0 246.914200555818
1 505.2723312238854
2 505.6801550505491
3 505.6802643998629
4 505.6802594188412
5 505.6802588500332
6 505.6802582812252
7 505.6802578176616
8 505.6802577990763
9 505.6802577804909
10 505.6802577619055
11 505.6802577552583
12 505.6802577551957
13 505.6802577551331
14 505.6802577550706
15 505.680257755008
16 505.6802577549454
17 505.6802577548828
18 505.6802577548202
19 505.6802577547576
20 505.680257754695
21 505.6802577546325
22 505.6802577545699
23 505.6802577545074
24 505.6802577544448
25 505.6802577543822
26 505.6802577543196
27 505.680257754257
28 505.6802577541944
29 505.6802577541318
30 505.6802577540693