Time X1
0 246.920786187053
1 117.8197411107361
2 113.1954821360032
3 112.7879247120036
4 112.7504828117306
5 112.7470354833217
6 112.7467159110353
7 112.7466862188078
8 112.7466797434311
9 112.746680424612
10 112.7466820322882
11 112.746682838404
12 112.7466828631199
13 112.7466828878358
14 112.7466829125516
15 112.7466829372675
16 112.7466829619834
17 112.7466829866993
18 112.7466830114152
19 112.746683036131
20 112.7466830608469
21 112.7466830855628
22 112.7466831102787
23 112.7466831349945
24 112.7466831597104
25 112.7466831703194
26 112.7466831710684
27 112.7466831718175
28 112.7466831725665
29 112.7466831733155
30 112.7466831740646