Time X1
0 246.920786187053
1 467.1619265112009
2 467.8209501109703
3 467.821336588805
4 467.8213264412861
5 467.8213261390931
6 467.8213258369
7 467.821325534707
8 467.821325232514
9 467.821325190498
10 467.8213251814626
11 467.8213251724272
12 467.8213251633918
13 467.8213251591706
14 467.8213251591428
15 467.821325159115
16 467.8213251590873
17 467.8213251590595
18 467.8213251590317
19 467.8213251590039
20 467.8213251589762
21 467.8213251589484
22 467.8213251589207
23 467.8213251588929
24 467.8213251588651
25 467.8213251588373
26 467.8213251588096
27 467.8213251587818
28 467.8213251587541
29 467.8213251587263
30 467.8213251586985