Time X1
0 246.936974436926
1 502.1150496721397
2 502.8438460844578
3 502.8441867160283
4 502.844175062731
5 502.8441747332226
6 502.8441744037141
7 502.8441740742056
8 502.8441737617893
9 502.8441737521327
10 502.8441737424762
11 502.8441737328197
12 502.8441737231632
13 502.8441737211114
14 502.8441737210823
15 502.8441737210532
16 502.8441737210241
17 502.8441737209951
18 502.844173720966
19 502.8441737209369
20 502.8441737209078
21 502.8441737208788
22 502.8441737208497
23 502.8441737208206
24 502.8441737207915
25 502.8441737207625
26 502.8441737207334
27 502.8441737207043
28 502.8441737206752
29 502.8441737206462
30 502.8441737206171