Time X1
0 246.849407262728
1 231.9736466660422
2 208.4893750921389
3 177.2161400454679
4 146.1225219189843
5 124.7032739782151
6 113.9378916692599
7 109.4602572847793
8 107.7539110807943
9 107.1260072618784
10 106.8979569163364
11 106.8155320341979
12 106.785795507866
13 106.7750692105878
14 106.7712108422396
15 106.7698202391031
16 106.7693070758952
17 106.7691275348184
18 106.7690664280646
19 106.7690425577307
20 106.7690336916522
21 106.7690288707046
22 106.7690257274766
23 106.7690252345981
24 106.7690258537029
25 106.769025721668
26 106.7690262695885
27 106.7690271263166
28 106.7690274602419
29 106.7690277941672
30 106.7690280781812