Time X1
0 246.936285893723
1 484.4833527049037
2 485.3711402975725
3 485.3716894987928
4 485.3716787705876
5 485.3716784035883
6 485.371678036589
7 485.3716776695897
8 485.3716773025904
9 485.3716772868827
10 485.371677275539
11 485.3716772641952
12 485.3716772528515
13 485.3716772498697
14 485.3716772498336
15 485.3716772497975
16 485.3716772497614
17 485.3716772497253
18 485.3716772496893
19 485.3716772496532
20 485.3716772496171
21 485.3716772495811
22 485.371677249545
23 485.3716772495089
24 485.3716772494728
25 485.3716772494367
26 485.3716772494007
27 485.3716772493646
28 485.3716772493285
29 485.3716772492925
30 485.3716772492564