Time X1
0 246.843596536221
1 192.2256979926837
2 139.4529006088241
3 110.6519240843501
4 100.6429441824463
5 97.8107210977642
6 97.06019559383688
7 96.86485918561637
8 96.81426297218371
9 96.80119220143764
10 96.79779515180284
11 96.79692088171241
12 96.79670495596683
13 96.79664394597744
14 96.79662763638748
15 96.79662125199062
16 96.79661829921547
17 96.79661907354459
18 96.79661891245607
19 96.79661995574355
20 96.79662053842262
21 96.79662098461419
22 96.79662120991597
23 96.79662122351604
24 96.79662123711611
25 96.79662125071619
26 96.79662126431627
27 96.79662127791634
28 96.79662129151642
29 96.79662130511649
30 96.79662131871656