Time X1
0 246.936975436926
1 502.1149829118152
2 502.8437813680571
3 502.8441220015838
4 502.8441103482844
5 502.8441100187761
6 502.8441096892678
7 502.8441093597595
8 502.8441090473422
9 502.8441090376857
10 502.8441090280291
11 502.8441090183725
12 502.844109008716
13 502.8441090066642
14 502.8441090066351
15 502.844109006606
16 502.844109006577
17 502.8441090065479
18 502.8441090065188
19 502.8441090064897
20 502.8441090064607
21 502.8441090064316
22 502.8441090064025
23 502.8441090063734
24 502.8441090063444
25 502.8441090063153
26 502.8441090062862
27 502.8441090062572
28 502.8441090062281
29 502.844109006199
30 502.8441090061699