Time X1
0 246.85186999735
1 249.1663011876735
2 253.3688729136618
3 261.1230770760797
4 275.7761180590576
5 304.1747357456199
6 357.814914050669
7 434.7793020116402
8 487.7121282683003
9 503.7342286425304
10 506.9775449713186
11 507.5696998753565
12 507.6756225177895
13 507.694556507661
14 507.6978902278258
15 507.6984817347137
16 507.6985948160461
17 507.6986352370533
18 507.6986353135372
19 507.6986349955226
20 507.6986283676658
21 507.6986244778356
22 507.6986234714656
23 507.6986233439671
24 507.6986232164685
25 507.69862308897
26 507.6986229614714
27 507.6986228339729
28 507.6986227064743
29 507.6986225789757
30 507.6986224514772