Time X1
0 246.851514306363
1 246.6086541168189
2 246.1754823420596
3 245.4038930724386
4 244.0343285950212
5 241.6184365006997
6 237.4068125481495
7 230.2222615212103
8 218.4635116136241
9 200.6719107822784
10 177.3197006577249
11 152.853658648925
12 133.559341585761
13 121.9133002289655
14 116.087346497982
15 113.4615139782879
16 112.3354388521835
17 111.8629907763527
18 111.6666110888803
19 111.5852955039306
20 111.5516854568045
21 111.5377890062848
22 111.5320671740698
23 111.5297081280006
24 111.5287035076458
25 111.5283069937695
26 111.5281466676783
27 111.5280816700317
28 111.5280529292628
29 111.5280406628837
30 111.5280349468847