Time X1
0 246.914084290748
1 505.6196366226756
2 506.0250411414999
3 506.025148918832
4 506.0251439843369
5 506.0251434151347
6 506.0251428459326
7 506.0251423854699
8 506.0251423668761
9 506.0251423482824
10 506.0251423296887
11 506.0251423232127
12 506.0251423231501
13 506.0251423230874
14 506.0251423230249
15 506.0251423229623
16 506.0251423228997
17 506.0251423228371
18 506.0251423227745
19 506.0251423227119
20 506.0251423226493
21 506.0251423225867
22 506.0251423225241
23 506.0251423224615
24 506.0251423223989
25 506.0251423223364
26 506.0251423222738
27 506.0251423222111
28 506.0251423221486
29 506.025142322086
30 506.0251423220234