Time X1
0 246.852529648023
1 254.0292994448777
2 267.4509779716605
3 293.3944103716942
4 343.5512375412471
5 422.1023153037061
6 483.517650201689
7 503.21840554879
8 507.1186421528781
9 507.7985622247429
10 507.9142586904136
11 507.9339123383041
12 507.9372006069755
13 507.9377592523577
14 507.9378607753549
15 507.937899030181
16 507.9378979973885
17 507.9378949406276
18 507.9378891401028
19 507.9378852485633
20 507.9378851141257
21 507.937884979688
22 507.9378848452504
23 507.9378847108127
24 507.9378845763751
25 507.9378844419375
26 507.9378843074998
27 507.9378841730622
28 507.9378840386245
29 507.9378839041869
30 507.9378837697492