Time X1
0 246.851997038298
1 246.6731817465192
2 246.361437945643
3 245.8175711165018
4 244.8718201836788
5 243.2327309078731
6 240.4126941029405
7 235.6236267758583
8 227.681898630106
9 215.0903232790893
10 196.731536852745
11 173.6383729709193
12 150.4498926455078
13 132.7158758252711
14 122.1267394123289
15 116.7950341796866
16 114.3526177298075
17 113.2836372609565
18 112.8252499763167
19 112.6304260634559
20 112.547932367316
21 112.5130621163067
22 112.4983215262741
23 112.4921107364522
24 112.4894921656002
25 112.488381279777
26 112.4879025312108
27 112.4877047338217
28 112.4876270336905
29 112.4875922508473
30 112.4875768540849