Time X1
0 246.852021977193
1 250.2729122821267
2 256.5288762639736
3 268.2239445804041
4 290.7132508778124
5 334.2634967915396
6 406.8299602000498
7 474.4943611914368
8 500.717206482268
9 506.4641907383041
10 507.5213572520225
11 507.7090000565939
12 507.7420173963436
13 507.7479497018443
14 507.7489219515576
15 507.7491084154951
16 507.7491510467428
17 507.7491671541475
18 507.7491635343445
19 507.7491610645685
20 507.7491557077964
21 507.7491533085469
22 507.7491523159736
23 507.7491522464217
24 507.7491521768698
25 507.7491521073179
26 507.749152037766
27 507.7491519682141
28 507.7491518986622
29 507.7491518291103
30 507.7491517595585