Time X1
0 246.8589035133
1 277.6554106119708
2 327.6576357107318
3 389.4990536384025
4 430.4016435445316
5 444.4803814509364
6 447.9505409371235
7 448.7237480552111
8 448.8919818817004
9 448.9283847191702
10 448.9362785194648
11 448.9380089016547
12 448.9383570029176
13 448.9384391082426
14 448.9384651485357
15 448.9384762278136
16 448.9384727132544
17 448.9384725186759
18 448.9384676066995
19 448.9384659946733
20 448.9384643826472
21 448.9384640717006
22 448.9384640259009
23 448.9384639801013
24 448.9384639343016
25 448.938463888502
26 448.9384638427023
27 448.9384637969027
28 448.9384637511031
29 448.9384637053034
30 448.9384636595038