Time X1
0 246.900150782907
1 592.7685914483395
2 592.8819501545681
3 592.8819388928553
4 592.8819384772036
5 592.881938061552
6 592.8819376459003
7 592.8819375957447
8 592.8819375839233
9 592.8819375721019
10 592.8819375678924
11 592.8819375678578
12 592.8819375678233
13 592.8819375677888
14 592.8819375677543
15 592.8819375677198
16 592.8819375676853
17 592.8819375676508
18 592.8819375676163
19 592.8819375675818
20 592.8819375675473
21 592.8819375675128
22 592.8819375674783
23 592.8819375674437
24 592.8819375674093
25 592.8819375673747
26 592.8819375673402
27 592.8819375673057
28 592.8819375672712
29 592.8819375672367
30 592.8819375672022