Time X1
0 246.834926283595
1 1589.129184268616
2 1589.129179062403
3 1589.129178930305
4 1589.129178929639
5 1589.129178928973
6 1589.129178928308
7 1589.129178927642
8 1589.129178926976
9 1589.12917892631
10 1589.129178925645
11 1589.129178924979
12 1589.12917892489
13 1589.129178924888
14 1589.129178924886
15 1589.129178924883
16 1589.129178924881
17 1589.129178924879
18 1589.129178924877
19 1589.129178924875
20 1589.129178924873
21 1589.129178924873
22 1589.129178924873
23 1589.129178924873
24 1589.129178924873
25 1589.129178924873
26 1589.129178924873
27 1589.129178924873
28 1589.129178924873
29 1589.129178924873
30 1589.129178924873