Time X1
0 246.852228985117
1 294.0842784579425
2 429.9127251978773
3 603.1139880716332
4 628.3673769296237
5 629.4889101885319
6 629.5333704629446
7 629.5350778026504
8 629.5351773163912
9 629.53517432823
10 629.5351631732818
11 629.5351602290643
12 629.5351600411663
13 629.5351598532682
14 629.53515966537
15 629.5351594774719
16 629.5351592895738
17 629.5351591016757
18 629.5351589137775
19 629.5351587258795
20 629.5351585379814
21 629.5351584394463
22 629.5351584338404
23 629.5351584282346
24 629.5351584226287
25 629.5351584170229
26 629.535158411417
27 629.5351584058111
28 629.5351584002053
29 629.5351583945994
30 629.5351583889936