Time X1
0 246.855042331329
1 254.0469434054541
2 265.8674929717976
3 285.4610020578262
4 317.1807665237662
5 362.2682255739845
6 407.6739827038518
7 434.8581497737609
8 445.3355972124932
9 448.5725504165549
10 449.4977826287107
11 449.7561782990315
12 449.8278406935021
13 449.8476254770589
14 449.8532168917641
15 449.8547048114779
16 449.855111867378
17 449.8552326774715
18 449.8552684462348
19 449.8552914182475
20 449.8552954541368
21 449.8552934135438
22 449.855292453687
23 449.8552874560266
24 449.8552855579179
25 449.8552836598092
26 449.8552829046101
27 449.8552828469923
28 449.8552827893745
29 449.8552827317566
30 449.8552826741388