Time X1
0 246.855030229969
1 257.3924445487954
2 275.3679015012996
3 306.1001378032106
4 354.3467915102935
5 409.3720756787802
6 444.2327613903925
7 456.9122949220441
8 460.3933642564169
9 461.2659707227
10 461.4795135616757
11 461.5313675533463
12 461.544049881915
13 461.5470954826799
14 461.5478024796195
15 461.5479902446485
16 461.5480400540022
17 461.5480668440102
18 461.5480652137651
19 461.5480674219326
20 461.5480617561444
21 461.5480590076223
22 461.5480562280955
23 461.5480556317897
24 461.5480555416985
25 461.5480554516073
26 461.5480553615161
27 461.5480552714249
28 461.5480551813337
29 461.5480550912425
30 461.5480550011513