Time X1
0 246.883960964499
1 437.6239779129098
2 481.3437679605186
3 482.7598472994266
4 482.7958621426493
5 482.7967438994193
6 482.796781557014
7 482.796775103197
8 482.7967709607603
9 482.7967708194251
10 482.79677067809
11 482.7967705367548
12 482.7967703954196
13 482.7967702540844
14 482.7967701127493
15 482.7967699714141
16 482.7967698300789
17 482.7967697122585
18 482.7967697081018
19 482.7967697039451
20 482.7967696997883
21 482.7967696956316
22 482.7967696914749
23 482.7967696873181
24 482.7967696831614
25 482.7967696790047
26 482.7967696756789
27 482.7967696756663
28 482.7967696756538
29 482.7967696756412
30 482.7967696756286