Time X1
0 246.937268422208
1 503.9860303605219
2 504.6875113577198
3 504.6878042274178
4 504.6877934122659
5 504.6877930841715
6 504.687792756077
7 504.6877924279826
8 504.6877921566722
9 504.6877921469433
10 504.6877921372144
11 504.6877921274856
12 504.6877921177567
13 504.687792117698
14 504.6877921176683
15 504.6877921176387
16 504.687792117609
17 504.6877921175794
18 504.6877921175497
19 504.6877921175201
20 504.6877921174905
21 504.6877921174608
22 504.6877921174312
23 504.6877921174015
24 504.6877921173719
25 504.6877921173422
26 504.6877921173126
27 504.6877921172829
28 504.6877921172533
29 504.6877921172236
30 504.687792117194