Time X1
0 246.8550708626
1 254.2244338470004
2 266.3420970579343
3 286.4291137169716
4 318.8666483052384
5 364.5047247304391
6 409.4560193108136
7 435.6739965613174
8 445.604004552513
9 448.6468330704175
10 449.5132100743257
11 449.7545834735915
12 449.8213638151237
13 449.8397840866747
14 449.8449780804014
15 449.8463444172097
16 449.846723915698
17 449.8468357028042
18 449.8468704485826
19 449.8468922139061
20 449.8468943046497
21 449.8468932785152
22 449.8468916341416
23 449.8468868658885
24 449.846884878664
25 449.8468828914394
26 449.8468824602622
27 449.8468823992658
28 449.8468823382695
29 449.8468822772732
30 449.8468822162769