Time X1
0 246.851920762561
1 249.5381023382198
2 254.4276070178493
3 263.4906277934091
4 280.7305872019598
5 314.2430075807769
6 375.5751849736861
7 452.1000234270302
8 494.1517759672429
9 505.1364133854709
10 507.2594739313739
11 507.642304981588
12 507.7103036810685
13 507.7225238484414
14 507.7245852050137
15 507.7249778034856
16 507.7250511229526
17 507.7250819006022
18 507.7250796490624
19 507.7250807788146
20 507.7250742231028
21 507.7250717128514
22 507.7250696827138
23 507.7250696092748
24 507.7250695358358
25 507.7250694623968
26 507.7250693889578
27 507.7250693155188
28 507.7250692420798
29 507.7250691686408
30 507.7250690952018