Time X1
0 246.85186999735
1 249.1666405726051
2 253.3698388381837
3 261.1252338936854
4 275.7806232147551
5 304.1839232933071
6 357.8317161300335
7 434.7976778044926
8 487.7199054045961
9 503.7361944524475
10 506.9781540073569
11 507.5700519117956
12 507.6759276628665
13 507.6948532124188
14 507.6981854174711
15 507.698776670944
16 507.6988897007512
17 507.6989301150479
18 507.6989301882449
19 507.6989298660877
20 507.6989232391654
21 507.6989193492091
22 507.6989183440917
23 507.698918216588
24 507.6989180890843
25 507.6989179615805
26 507.6989178340767
27 507.698917706573
28 507.6989175790692
29 507.6989174515654
30 507.6989173240617