Time X1
0 246.914200555818
1 500.1358381462144
2 500.5637498390938
3 500.5638753062802
4 500.5638698080397
5 500.56386936275
6 500.5638689174603
7 500.5638684721707
8 500.5638684029355
9 500.5638683890282
10 500.5638683751209
11 500.5638683627283
12 500.5638683626835
13 500.5638683626389
14 500.5638683625941
15 500.5638683625494
16 500.5638683625047
17 500.56386836246
18 500.5638683624153
19 500.5638683623706
20 500.5638683623259
21 500.5638683622812
22 500.5638683622365
23 500.5638683621918
24 500.5638683621471
25 500.5638683621024
26 500.5638683620577
27 500.563868362013
28 500.5638683619683
29 500.5638683619235
30 500.5638683618789