Time X1
0 246.914929459758
1 500.2961892976327
2 500.7306271129013
3 500.7307559119415
4 500.7307503458327
5 500.7307499005344
6 500.7307494552362
7 500.7307490099379
8 500.7307489364993
9 500.7307489225884
10 500.7307489086775
11 500.7307488960809
12 500.7307488960362
13 500.7307488959915
14 500.7307488959468
15 500.730748895902
16 500.7307488958573
17 500.7307488958126
18 500.7307488957679
19 500.7307488957231
20 500.7307488956784
21 500.7307488956337
22 500.7307488955889
23 500.7307488955443
24 500.7307488954995
25 500.7307488954548
26 500.73074889541
27 500.7307488953653
28 500.7307488953206
29 500.7307488952759
30 500.7307488952312