Time X1
0 246.855051464567
1 254.1078377907702
2 266.0303049846968
3 285.7931811951384
4 317.7601771847304
5 363.0409969189207
6 408.295332872946
7 435.144750992635
8 445.4302664564723
9 448.5988465107112
10 449.5033129000063
11 449.7556970563584
12 449.8256336700432
13 449.8449361212892
14 449.8503880801445
15 449.8518330597616
16 449.8522304268807
17 449.8523480094787
18 449.8523834051149
19 449.8524059742246
20 449.8524093511158
21 449.8524076396358
22 449.8524064480256
23 449.852401518819
24 449.8523995897829
25 449.8523976607467
26 449.8523970153518
27 449.852396956566
28 449.8523968977801
29 449.8523968389943
30 449.8523967802084