Time X1
0 246.853594887587
1 258.2234340763977
2 279.3637213994909
3 319.4205275252345
4 387.392824695024
5 457.0557322077591
6 487.4697106002069
7 494.6081917191608
8 495.9656064312464
9 496.2122838710077
10 496.2566534558515
11 496.2647524286224
12 496.2661266314416
13 496.266395527076
14 496.2664566134683
15 496.2664751153553
16 496.2664741231236
17 496.2664676370638
18 496.2664635638307
19 496.2664608238436
20 496.2664606877218
21 496.2664605516
22 496.2664604154782
23 496.2664602793564
24 496.2664601432346
25 496.2664600071128
26 496.266459870991
27 496.2664597348692
28 496.2664595987474
29 496.2664594626256
30 496.2664593265038