Time X1
0 246.855091331265
1 257.7676473459684
2 276.3974406297262
3 308.2109140792889
4 357.6355846912304
5 412.3264186128658
6 445.5486353892637
7 457.2751028616933
8 460.4507263355425
9 461.2416054848093
10 461.4343282207182
11 461.480935599869
12 461.4922996963781
13 461.4950179045111
14 461.495654481452
15 461.495821080037
16 461.4958676227358
17 461.4958917435364
18 461.4958896684565
19 461.4958910242268
20 461.4958853083214
21 461.4958824884749
22 461.4958796686283
23 461.4958794262797
24 461.4958793345978
25 461.4958792429159
26 461.4958791512339
27 461.495879059552
28 461.49587896787
29 461.495878876188
30 461.4958787845061