Time X1
0 246.859096184807
1 278.8816803065404
2 330.6589086728281
3 392.9957616544914
4 432.1653545825637
5 445.0493287977364
6 448.1426917457334
7 448.8202080020443
8 448.9655189457299
9 448.996534893884
10 449.0032272044326
11 449.0046104675265
12 449.0048952186421
13 449.0049618912686
14 449.0049864404984
15 449.0049941481485
16 449.0049911504375
17 449.0049899786336
18 449.0049853539861
19 449.0049837111047
20 449.0049821712655
21 449.0049821244778
22 449.0049820776901
23 449.0049820309024
24 449.0049819841147
25 449.004981937327
26 449.0049818905393
27 449.0049818437517
28 449.004981796964
29 449.0049817501763
30 449.0049817033886