Time X1
0 246.852529648023
1 253.9862605692003
2 267.3220731509652
3 293.0872792406134
4 342.910464107964
5 421.2411408330809
6 483.05602108917
7 503.0546648261807
8 507.0288501244357
9 507.7228200324384
10 507.841055172419
11 507.861160186647
12 507.8645288404861
13 507.8651004961555
14 507.8652043499287
15 507.865243175884
16 507.8652422637607
17 507.865239526228
18 507.8652335999033
19 507.8652296248095
20 507.8652294912045
21 507.8652293575994
22 507.8652292239944
23 507.8652290903894
24 507.8652289567844
25 507.8652288231793
26 507.8652286895743
27 507.8652285559693
28 507.8652284223643
29 507.8652282887593
30 507.8652281551542