Time X1
0 246.855043331329
1 254.0469437452474
2 265.8674922329973
3 285.4609995368312
4 317.1807613276854
5 362.2682179573536
6 407.6739759538302
7 434.8581460694375
8 445.3355954051121
9 448.572549318956
10 449.4977817552356
11 449.7561774926895
12 449.827839907041
13 449.8476246963148
14 449.8532161127065
15 449.8547040329524
16 449.8551110889766
17 449.8552318991119
18 449.8552676678804
19 449.855290639897
20 449.8552946757936
21 449.855292635199
22 449.8552916753446
23 449.8552866776854
24 449.8552847795766
25 449.8552828814679
26 449.855282126268
27 449.8552820686501
28 449.8552820110322
29 449.8552819534143
30 449.8552818957965