Time X1
0 246.854566024541
1 251.1989186407872
2 258.2802804216315
3 269.9483220704719
4 289.255993806797
5 320.2941806302658
6 363.9576075372115
7 407.8216614786757
8 434.5477169407434
9 445.1842864275212
10 448.5849380729281
11 449.5890429288791
12 449.8783206538229
13 449.9610809906819
14 449.9846002861144
15 449.9914260304378
16 449.9933301029925
17 449.9938545445189
18 449.9940165933613
19 449.9940642160869
20 449.9940911238371
21 449.9940995344113
22 449.9940968112455
23 449.9940967484141
24 449.9940913091104
25 449.9940894086027
26 449.994087262036
27 449.9940862066832
28 449.9940861390788
29 449.9940860714744
30 449.9940860038701