Time X1
0 246.84502967354
1 204.2586148069916
2 155.179883559109
3 120.8224290311765
4 105.9707721981548
5 101.0968833320426
6 99.65810460303558
7 99.24723628942218
8 99.13103530994889
9 99.09826341265867
10 99.08902272504524
11 99.08643500608753
12 99.08569091972927
13 99.08548547667472
14 99.08543035887722
15 99.08541342139827
16 99.08540768039825
17 99.08540400433552
18 99.08540374189845
19 99.08540407570803
20 99.08540429449032
21 99.08540530759444
22 99.08540564417181
23 99.08540598074917
24 99.0854061752995
25 99.08540618515339
26 99.08540619500727
27 99.08540620486114
28 99.08540621471502
29 99.0854062245689
30 99.08540623442278