Time X1
0 246.851514306363
1 246.6089896922585
2 246.1764163220233
3 245.4058879673688
4 244.0381934502023
5 241.625553173278
6 237.4194446520355
7 230.2438067404232
8 218.4980840854646
9 200.7217314957234
10 177.379367638412
11 152.9081873691639
12 133.5963921737982
13 121.9332533142149
14 116.0967361937484
15 113.4656811893037
16 112.3372747914502
17 111.8638313149904
18 111.6670344943003
19 111.5855453848293
20 111.5518634266369
21 111.5379371978057
22 111.5322030804474
23 111.5298389008632
24 111.5288320585369
25 111.5284348399692
26 111.5282741169558
27 111.528208992426
28 111.5281801925916
29 111.5281679001437
30 111.5281621803601