Time X1
0 246.853565455004
1 261.6697264760445
2 290.366102401464
3 346.2299189072406
4 430.826075393886
5 488.8341331895261
6 504.6796606744986
7 507.4849323484318
8 507.9346140820115
9 508.0053639248853
10 508.0166130653749
11 508.0182883204004
12 508.0185719682825
13 508.0186308155767
14 508.0186443022097
15 508.0186435302734
16 508.0186363916073
17 508.0186325092565
18 508.0186307648216
19 508.018630639942
20 508.0186305150625
21 508.0186303901829
22 508.0186302653033
23 508.0186301404237
24 508.0186300155441
25 508.0186298906645
26 508.0186297657849
27 508.0186296409053
28 508.0186295160257
29 508.0186293911461
30 508.0186292662665