Time X1
0 246.855036266592
1 254.010498629643
2 265.7700619419124
3 285.2621844534954
4 316.8335071070352
5 361.8030165752926
6 407.2970469798124
7 434.6831622403298
8 445.277593939871
9 448.556387872059
10 449.4943471974186
11 449.7564302166937
12 449.8291521401467
13 449.849232951503
14 449.8549093506734
15 449.8564235590865
16 449.8568365283013
17 449.8569593197797
18 449.8569953387342
19 449.8570185463226
20 449.8570229706376
21 449.8570207438225
22 449.857019920217
23 449.857014886926
24 449.8570130072758
25 449.8570111276255
26 449.8570103078959
27 449.8570102509727
28 449.8570101940495
29 449.8570101371263
30 449.8570100802031