Time X1
0 246.91460006866
1 500.0929265557008
2 500.5249250488709
3 500.5250527925326
4 500.5250472476766
5 500.5250468031388
6 500.5250463586009
7 500.5250459140631
8 500.525045841205
9 500.5250458273223
10 500.5250458134398
11 500.5250458008843
12 500.5250458008397
13 500.5250458007951
14 500.5250458007504
15 500.5250458007058
16 500.5250458006612
17 500.5250458006166
18 500.5250458005719
19 500.5250458005273
20 500.5250458004827
21 500.5250458004381
22 500.5250458003935
23 500.5250458003488
24 500.5250458003042
25 500.5250458002596
26 500.525045800215
27 500.5250458001703
28 500.5250458001257
29 500.5250458000811
30 500.5250458000365