Time X1
0 246.914404994536
1 505.3450800227203
2 505.754541652749
3 505.7546517143696
4 505.7546467125583
5 505.7546461441863
6 505.7546455758143
7 505.7546451108999
8 505.7546450923311
9 505.7546450737623
10 505.7546450551935
11 505.7546450484638
12 505.7546450484012
13 505.7546450483387
14 505.7546450482762
15 505.7546450482137
16 505.7546450481512
17 505.7546450480887
18 505.7546450480261
19 505.7546450479636
20 505.7546450479011
21 505.7546450478386
22 505.7546450477761
23 505.7546450477136
24 505.754645047651
25 505.7546450475885
26 505.754645047526
27 505.7546450474635
28 505.754645047401
29 505.7546450473384
30 505.7546450472759