Time X1
0 246.900150782907
1 589.4504287330482
2 589.5683643992991
3 589.5683543708004
4 589.5683539538545
5 589.5683535369087
6 589.5683531199629
7 589.5683530594703
8 589.5683530475768
9 589.5683530356833
10 589.5683530310072
11 589.5683530309724
12 589.5683530309376
13 589.5683530309027
14 589.5683530308679
15 589.5683530308331
16 589.5683530307982
17 589.5683530307634
18 589.5683530307286
19 589.5683530306939
20 589.568353030659
21 589.5683530306242
22 589.5683530305894
23 589.5683530305545
24 589.5683530305197
25 589.5683530304849
26 589.56835303045
27 589.5683530304152
28 589.5683530303804
29 589.5683530303455
30 589.5683530303107