Time X1
0 246.840173042514
1 168.5160761530151
2 116.2160582473343
3 97.88629106307388
4 93.36469793807876
5 92.36380098594434
6 92.14784608473192
7 92.1015087446595
8 92.09159371433897
9 92.08945276909033
10 92.08900503808454
11 92.0889128057056
12 92.08889113242141
13 92.08888361558769
14 92.08888215410464
15 92.08888211388602
16 92.08888324129637
17 92.08888382612626
18 92.08888443128809
19 92.08888445239735
20 92.08888447350661
21 92.08888449461588
22 92.08888451572514
23 92.08888453683441
24 92.08888455794367
25 92.08888457905294
26 92.0888846001622
27 92.08888462127148
28 92.08888464238073
29 92.08888466348999
30 92.08888468459926