Time X1
0 246.936974436926
1 499.3832821075234
2 500.1293112451975
3 500.1296772923015
4 500.1296656788326
5 500.1296653542094
6 500.1296650295861
7 500.1296647049628
8 500.1296643803395
9 500.1296643704068
10 500.1296643608984
11 500.1296643513899
12 500.1296643418815
13 500.1296643390416
14 500.129664339013
15 500.1296643389844
16 500.1296643389558
17 500.1296643389272
18 500.1296643388986
19 500.1296643388699
20 500.1296643388413
21 500.1296643388127
22 500.1296643387841
23 500.1296643387555
24 500.1296643387269
25 500.1296643386983
26 500.1296643386697
27 500.129664338641
28 500.1296643386124
29 500.1296643385838
30 500.1296643385552