Time X1
0 246.853565455004
1 265.5682597546107
2 303.3912176350443
3 377.7946321336784
4 470.3677870389787
5 510.9784149892217
6 518.5963045356461
7 519.6917773471401
8 519.8423598728518
9 519.8630359989215
10 519.8657574200677
11 519.8661570219001
12 519.8662231236206
13 519.8662418165237
14 519.8662390719815
15 519.8662318721265
16 519.8662285243573
17 519.8662266589223
18 519.8662265579904
19 519.8662264570585
20 519.8662263561266
21 519.8662262551946
22 519.8662261542627
23 519.8662260533308
24 519.8662259523988
25 519.866225851467
26 519.866225750535
27 519.8662256496032
28 519.8662255486712
29 519.8662254477392
30 519.8662253468074