Time X1
0 246.855030229969
1 253.9742267136467
2 265.6731001951409
3 285.0643001670841
4 316.4875328428836
5 361.3379956098245
6 406.9180865845677
7 434.5063754185403
8 445.2188408057848
9 448.5399790762577
10 449.490834161716
11 449.7566551941434
12 449.8304521046122
13 449.8508329939719
14 449.8565952463705
15 449.8581360459884
16 449.8585549856671
17 449.8586797852937
18 449.8587160740858
19 449.8587395121581
20 449.8587443176808
21 449.858741914133
22 449.8587412238267
23 449.8587361590823
24 449.8587342976279
25 449.8587324361735
26 449.8587315533726
27 449.8587314971323
28 449.8587314408921
29 449.8587313846519
30 449.8587313284117