Time X1
0 246.853594887587
1 261.9370232309959
2 291.185279593857
3 348.0640863400092
4 433.0884195196972
5 489.7882983419868
6 504.934133706378
7 507.5913945583021
8 508.0154990805831
9 508.0819764421586
10 508.0925283485388
11 508.0940897691727
12 508.0943556740949
13 508.0944134200235
14 508.0944227312277
15 508.0944233960047
16 508.0944161148675
17 508.0944119316958
18 508.0944107573044
19 508.0944106201997
20 508.0944104830949
21 508.09441034599
22 508.0944102088852
23 508.0944100717804
24 508.0944099346756
25 508.0944097975708
26 508.0944096604661
27 508.0944095233613
28 508.0944093862564
29 508.0944092491516
30 508.0944091120468