Time X1
0 246.851278149231
1 229.205264068474
2 204.3559389017635
3 174.3294348557312
4 146.2710623986397
5 127.1120556591343
6 117.1045600020241
7 112.6748700206874
8 110.8665694849146
9 110.1535218259808
10 109.8762326804379
11 109.7689942949278
12 109.727610818238
13 109.7116488299743
14 109.7055049132339
15 109.7031382377383
16 109.702224043802
17 109.7018640473874
18 109.7017296159069
19 109.7016808369438
20 109.7016605045928
21 109.7016523792181
22 109.7016485017974
23 109.7016452605056
24 109.7016438841052
25 109.7016443725962
26 109.701644661352
27 109.701644643473
28 109.7016450755576
29 109.7016459636162
30 109.7016461979829