Time X1
0 246.914084290748
1 503.0375574167323
2 503.4528953042665
3 503.4530162344997
4 503.4530091985457
5 503.4530088439957
6 503.4530084894458
7 503.4530081348959
8 503.4530079784818
9 503.4530079680806
10 503.4530079576793
11 503.4530079472781
12 503.4530079430119
13 503.4530079429805
14 503.4530079429492
15 503.4530079429178
16 503.4530079428865
17 503.4530079428552
18 503.4530079428238
19 503.4530079427925
20 503.4530079427611
21 503.4530079427298
22 503.4530079426984
23 503.4530079426671
24 503.4530079426357
25 503.4530079426044
26 503.453007942573
27 503.4530079425417
28 503.4530079425104
29 503.453007942479
30 503.4530079424477