Time X1
0 246.851278149231
1 234.9614313671222
2 216.7578892568375
3 191.6767741958508
4 163.2092403433624
5 138.8784556802912
6 123.524096394316
7 115.8395300020527
8 112.4729721139744
9 111.0880894561098
10 110.5336349789808
11 110.3139505025387
12 110.2273237729391
13 110.1932232924573
14 110.1798196037176
15 110.1745532152822
16 110.1724612937562
17 110.1716382202022
18 110.1713344657436
19 110.1712070369309
20 110.1711549130101
21 110.1711339531281
22 110.1711253634079
23 110.1711191432338
24 110.1711159312367
25 110.1711161272748
26 110.171116032449
27 110.1711160836042
28 110.1711170779446
29 110.1711177424939
30 110.1711182453816