Time X1
0 246.854567024541
1 251.1989215484015
2 258.2802864792218
3 269.9483333940403
4 289.2560137647728
5 320.2942128158043
6 363.9576486603028
7 407.8216944679092
8 434.5477329126086
9 445.1842924512933
10 448.5849404645239
11 449.5890441941675
12 449.8783215869412
13 449.9610818264335
14 449.9846010944556
15 449.9914268308094
16 449.9933309008848
17 449.9938553418451
18 449.994017390494
19 449.9940650131617
20 449.9940919209138
21 449.9941003314615
22 449.9940976083051
23 449.9940975454649
24 449.9940921061491
25 449.9940902056538
26 449.9940880590848
27 449.994087003736
28 449.9940869361315
29 449.9940868685269
30 449.9940868009224