Time X1
0 246.936394505233
1 501.801716054525
2 502.5650257677668
3 502.5653977578417
4 502.5653860838298
5 502.5653857569966
6 502.5653854301635
7 502.5653851033304
8 502.5653847775371
9 502.5653847679617
10 502.5653847583864
11 502.565384748811
12 502.5653847392357
13 502.5653847364621
14 502.5653847364333
15 502.5653847364045
16 502.5653847363757
17 502.5653847363469
18 502.565384736318
19 502.5653847362892
20 502.5653847362604
21 502.5653847362316
22 502.5653847362028
23 502.5653847361739
24 502.5653847361451
25 502.5653847361163
26 502.5653847360875
27 502.5653847360587
28 502.5653847360298
29 502.565384736001
30 502.5653847359722