Time X1
0 246.853621349998
1 262.1821155329803
2 291.9375212959517
3 349.7431874190255
4 435.1176495778385
5 490.6274070484408
6 505.1629609810228
7 507.692704070683
8 508.0948516705607
9 508.1576734848056
10 508.1676228497221
11 508.1690906207061
12 508.1693402770964
13 508.1693961786617
14 508.1694029382751
15 508.16940436596
16 508.1693971136535
17 508.1693928809231
18 508.1693919499779
19 508.1693918108887
20 508.1693916717995
21 508.1693915327104
22 508.1693913936213
23 508.1693912545321
24 508.1693911154429
25 508.1693909763538
26 508.1693908372646
27 508.1693906981754
28 508.1693905590863
29 508.1693904199971
30 508.169390280908