Time X1
0 246.862027067875
1 300.7009414834356
2 379.5633477892504
3 436.0170846034769
4 452.4259383661695
5 455.4525247169613
6 455.9522656206618
7 456.0331685377345
8 456.0463704832447
9 456.0484063256421
10 456.0487647898942
11 456.0488337222293
12 456.0488544927131
13 456.0488533638591
14 456.0488468947434
15 456.0488428576033
16 456.0488409266146
17 456.0488407917098
18 456.0488406568051
19 456.0488405219003
20 456.0488403869955
21 456.0488402520907
22 456.0488401171859
23 456.0488399822811
24 456.0488398473763
25 456.0488397124715
26 456.0488395775667
27 456.0488394426619
28 456.0488393077571
29 456.0488391728524
30 456.0488390379476