Time X1
0 246.85364804077
1 262.2941944413193
2 292.2681246522095
3 350.4353518103022
4 435.8421389408847
5 490.7951635342553
6 505.0854766075905
7 507.5681339937509
8 507.9627244443168
9 508.0243726154321
10 508.0341395927252
11 508.0355767992974
12 508.0358210412541
13 508.0358746303706
14 508.0358838660104
15 508.0358838747568
16 508.0358767294702
17 508.0358729391133
18 508.0358714536745
19 508.0358713326054
20 508.0358712115363
21 508.0358710904673
22 508.0358709693982
23 508.0358708483291
24 508.03587072726
25 508.035870606191
26 508.0358704851219
27 508.0358703640528
28 508.0358702429837
29 508.0358701219147
30 508.0358700008456