Time X1
0 246.855030229969
1 253.9739040546244
2 265.672230232466
3 285.0625047859893
4 316.4843434410158
5 361.3335940220556
6 406.9143053842629
7 434.5043727179655
8 445.217918730293
9 448.5394541570485
10 449.4904325664103
11 449.7562899659353
12 449.8300975031758
13 449.8504814028661
14 449.856244526977
15 449.8577855989283
16 449.8582046013177
17 449.8583294221705
18 449.8583657141522
19 449.858389154705
20 449.8583939639775
21 449.8583915588047
22 449.858390869761
23 449.8583858047348
24 449.8583839434273
25 449.8583820821199
26 449.8583811987308
27 449.8583811424961
28 449.8583810862614
29 449.8583810300266
30 449.858380973792