Time X1
0 246.855042331329
1 254.0469421137568
2 265.8674895357188
3 285.4609950735643
4 317.1807543415251
5 362.2682091837397
6 407.6739691477341
7 434.8581430038379
8 445.3355944004522
9 448.572549026573
10 449.4977816731475
11 449.7561774698427
12 449.8278399007639
13 449.8476246945444
14 449.8532161122019
15 449.8547040328324
16 449.8551110889391
17 449.8552318991017
18 449.8552676678729
19 449.8552906398923
20 449.8552946757937
21 449.8552926351923
22 449.8552916753393
23 449.8552866776746
24 449.8552847795688
25 449.855282881463
26 449.8552821262624
27 449.8552820686447
28 449.8552820110269
29 449.8552819534091
30 449.8552818957913