Time X1
0 246.921210817214
1 503.3236633840427
2 503.8113880467949
3 503.8115499840056
4 503.8115408887868
5 503.8115405382597
6 503.8115401877326
7 503.8115398372056
8 503.8115396386062
9 503.8115396283115
10 503.8115396180168
11 503.811539607722
12 503.811539601483
13 503.811539601452
14 503.8115396014209
15 503.8115396013898
16 503.8115396013587
17 503.8115396013277
18 503.8115396012966
19 503.8115396012656
20 503.8115396012345
21 503.8115396012034
22 503.8115396011723
23 503.8115396011413
24 503.8115396011102
25 503.8115396010792
26 503.8115396010481
27 503.811539601017
28 503.811539600986
29 503.8115396009549
30 503.8115396009238