Time X1
0 246.855046389045
1 254.0773347105539
2 265.9487479087148
3 285.626792790047
4 317.4700738233906
5 362.6546191559218
6 407.9854090425868
7 435.0020840771307
8 445.3831920726838
9 448.5857832641445
10 449.5005743350313
11 449.7559466315479
12 449.8267408417324
13 449.8462829702913
14 449.8518044099034
15 449.8532707424629
16 449.8536729326743
17 449.8537921185694
18 449.8538276944385
19 449.8538504668311
20 449.8538541752253
21 449.8538522961895
22 449.8538512212271
23 449.8538462563502
24 449.8538443427967
25 449.8538424292432
26 449.853841728581
27 449.8538416703805
28 449.85384161218
29 449.8538415539794
30 449.8538414957789