Time X1
0 246.883934390168
1 437.5144790317649
2 481.3171141765216
3 482.7398521571058
4 482.7761172136628
5 482.7770075700118
6 482.7770456102854
7 482.7770390742789
8 482.7770349120007
9 482.7770347708074
10 482.7770346296141
11 482.7770344884208
12 482.7770343472276
13 482.7770342060343
14 482.777034064841
15 482.7770339236477
16 482.7770337824545
17 482.7770336632268
18 482.7770336590747
19 482.7770336549225
20 482.7770336507703
21 482.7770336466181
22 482.7770336424659
23 482.7770336383138
24 482.7770336341616
25 482.7770336300094
26 482.7770336266161
27 482.7770336266036
28 482.777033626591
29 482.7770336265785
30 482.777033626566