Time X1
0 246.850366890548
1 235.2919391451477
2 216.8310092596932
3 190.6296507963095
4 160.6930499064543
5 135.7002555994382
6 120.6376232408612
7 113.4828862273424
8 110.4971624480023
9 109.3215153976327
10 108.8694021354341
11 108.6971223658674
12 108.6317093355655
13 108.6068973326096
14 108.5975088290509
15 108.5939585112776
16 108.5925808989589
17 108.5920738653589
18 108.5918909468619
19 108.5918203927277
20 108.5917917170761
21 108.5917806686782
22 108.5917757873176
23 108.5917717472811
24 108.5917700609554
25 108.5917707283404
26 108.5917707677421
27 108.5917708339241
28 108.5917714884087
29 108.5917722932048
30 108.5917725962737