Time X1
0 246.921210817214
1 503.323600388032
2 503.811326418055
3 503.8114883561764
4 503.8114792609194
5 503.8114789103926
6 503.8114785598657
7 503.8114782093388
8 503.8114780107385
9 503.8114780004438
10 503.8114779901491
11 503.8114779798545
12 503.8114779736155
13 503.8114779735844
14 503.8114779735533
15 503.8114779735222
16 503.8114779734912
17 503.8114779734601
18 503.8114779734291
19 503.811477973398
20 503.8114779733669
21 503.8114779733359
22 503.8114779733048
23 503.8114779732738
24 503.8114779732427
25 503.8114779732117
26 503.8114779731806
27 503.8114779731495
28 503.8114779731184
29 503.8114779730874
30 503.8114779730563