Time X1
0 246.859073025105
1 282.6393539484379
2 341.8657404394889
3 409.8027043720819
4 446.1730984144045
5 456.1202271340362
6 458.1862315893701
7 458.5871119000943
8 458.6638614957408
9 458.6785226137226
10 458.6813841232206
11 458.6818916709008
12 458.6819961275473
13 458.682025846983
14 458.6820358358486
15 458.682032921348
16 458.6820309441318
17 458.6820264514135
18 458.6820245595136
19 458.6820234858419
20 458.682023431307
21 458.6820233767722
22 458.6820233222373
23 458.6820232677024
24 458.6820232131676
25 458.6820231586327
26 458.6820231040978
27 458.6820230495629
28 458.682022995028
29 458.6820229404931
30 458.6820228859583