Time X1
0 246.843596536221
1 192.2259370564754
2 139.4532040116492
3 110.6521230021352
4 100.6430627058202
5 97.81080764082012
6 97.06027168251519
7 96.86493208133737
8 96.81433492325031
9 96.80126387717935
10 96.79786674821679
11 96.79699245594684
12 96.79677652450421
13 96.79671551272631
14 96.79669920261017
15 96.79669281813811
16 96.79668986524139
17 96.79669063957223
18 96.79669047845221
19 96.7966915217113
20 96.79669210442088
21 96.79669255061451
22 96.79669277592852
23 96.79669278952866
24 96.79669280312882
25 96.79669281672898
26 96.79669283032912
27 96.79669284392928
28 96.79669285752944
29 96.79669287112958
30 96.79669288472974