Time X1
0 246.91460006866
1 500.1083684060782
2 500.5401949354645
3 500.5403225631317
4 500.5403170206484
5 500.5403165760235
6 500.5403161313987
7 500.5403156867738
8 500.5403156141485
9 500.5403156002631
10 500.5403155863777
11 500.5403155738322
12 500.5403155737876
13 500.5403155737429
14 500.5403155736983
15 500.5403155736537
16 500.5403155736091
17 500.5403155735644
18 500.5403155735198
19 500.5403155734751
20 500.5403155734305
21 500.5403155733859
22 500.5403155733413
23 500.5403155732967
24 500.540315573252
25 500.5403155732074
26 500.5403155731627
27 500.5403155731181
28 500.5403155730735
29 500.5403155730289
30 500.5403155729842