Time X1
0 246.85197031835
1 249.897079807542
2 255.4527314421836
3 265.7942003229554
4 285.5777998850185
5 324.0258576817299
6 391.5632675740603
7 464.679140094722
8 498.0492666317048
9 505.9340174945609
10 507.4147930389545
11 507.6794923529015
12 507.7263672749993
13 507.7347008279816
14 507.7361387532394
15 507.7363888467016
16 507.7364469959863
17 507.7364638556939
18 507.7364629239402
19 507.7364565685031
20 507.7364526818316
21 507.7364502672326
22 507.7364501374316
23 507.7364500076306
24 507.7364498778296
25 507.7364497480287
26 507.7364496182277
27 507.7364494884267
28 507.7364493586257
29 507.7364492288248
30 507.7364490990238