Time X1
0 246.852228985117
1 294.0847358163286
2 429.9145406673391
3 603.1149181608766
4 628.3676132859056
5 629.4891067375713
6 629.533565223633
7 629.5352724912268
8 629.5353720014189
9 629.5353690127693
10 629.5353578578752
11 629.5353549137471
12 629.5353547258504
13 629.5353545379537
14 629.5353543500569
15 629.5353541621602
16 629.5353539742634
17 629.5353537863666
18 629.5353535984699
19 629.5353534105732
20 629.5353532226763
21 629.5353531241427
22 629.5353531185372
23 629.5353531129316
24 629.5353531073259
25 629.5353531017204
26 629.5353530961148
27 629.5353530905093
28 629.5353530849037
29 629.5353530792981
30 629.5353530736926