Time X1
0 246.914154762968
1 502.6470707206414
2 503.0646030429263
3 503.0647257239125
4 503.0647185510045
5 503.0647181978474
6 503.0647178446903
7 503.0647174915332
8 503.06471733222
9 503.0647173218636
10 503.0647173115073
11 503.064717301151
12 503.064717296734
13 503.0647172967028
14 503.0647172966716
15 503.0647172966404
16 503.0647172966092
17 503.064717296578
18 503.0647172965468
19 503.0647172965157
20 503.0647172964844
21 503.0647172964532
22 503.064717296422
23 503.0647172963908
24 503.0647172963596
25 503.0647172963284
26 503.0647172962972
27 503.0647172962661
28 503.0647172962348
29 503.0647172962036
30 503.0647172961724