Time X1
0 246.849621533809
1 215.6623181842125
2 177.7733070609446
3 143.3376163762746
4 121.7946452125778
5 111.8901569102554
6 108.0573568024118
7 106.6801387591263
8 106.1988666243087
9 106.0323335352034
10 105.9749121574888
11 105.9551279408509
12 105.9483322930294
13 105.945998775069
14 105.9451756149131
15 105.9448975740014
16 105.9448084053191
17 105.9447752539509
18 105.9447634203515
19 105.9447575084394
20 105.9447539451348
21 105.9447538757418
22 105.9447539405472
23 105.9447540931048
24 105.9447551866425
25 105.9447556055486
26 105.9447560468247
27 105.9447564478449
28 105.9447564620328
29 105.9447564762208
30 105.9447564904087