Time X1
0 246.849622533809
1 215.6623183755375
2 177.7733062543765
3 143.3376149337625
4 121.794643754787
5 111.8901556636288
6 108.0573557171363
7 106.6801377576325
8 106.1988656604479
9 106.0323325871207
10 105.9749112157861
11 105.9551270016694
12 105.9483313548326
13 105.9459978372342
14 105.9451746772355
15 105.9448966363687
16 105.9448074677024
17 105.9447743163439
18 105.9447624827473
19 105.9447565708415
20 105.9447530075361
21 105.9447529381369
22 105.9447530029486
23 105.9447531555034
24 105.9447542490364
25 105.9447546679471
26 105.9447551092223
27 105.9447555102439
28 105.9447555244318
29 105.9447555386197
30 105.9447555528075