Time X1
0 246.883961964499
1 432.4414553672581
2 476.1572565367187
3 477.6860251960107
4 477.7278477043816
5 477.7289630917162
6 477.7290112721359
7 477.7290045957515
8 477.7289987597578
9 477.7289986162197
10 477.7289984793129
11 477.7289983424062
12 477.7289982054994
13 477.7289980685927
14 477.7289979316859
15 477.7289977947792
16 477.7289976578724
17 477.7289975209656
18 477.7289974962767
19 477.7289974922513
20 477.7289974882258
21 477.7289974842003
22 477.7289974801748
23 477.7289974761493
24 477.7289974721239
25 477.7289974680984
26 477.7289974640729
27 477.7289974628184
28 477.7289974628063
29 477.7289974627941
30 477.728997462782