Time X1
0 246.851794789133
1 248.617300059908
2 251.8114739310228
3 257.663718459597
4 268.6019499269518
5 289.5891037220766
6 330.2278752214482
7 399.5786162222834
8 469.4569533309801
9 499.1966663642879
10 506.0739825642763
11 507.3734056770613
12 507.6085531354457
13 507.6507012958041
14 507.6583590996726
15 507.6596534494943
16 507.6599066528982
17 507.6599660796438
18 507.6599822970157
19 507.6599816335938
20 507.6599748289411
21 507.6599706780561
22 507.6599680995026
23 507.6599679609991
24 507.6599678224956
25 507.6599676839921
26 507.6599675454885
27 507.6599674069851
28 507.6599672684815
29 507.659967129978
30 507.6599669914746