Time X1
0 246.8589045133
1 277.699670463288
2 327.7793512282673
3 389.6732402887678
4 430.5332237930782
5 444.5681078769737
6 448.0222716544629
7 448.7910357046871
8 448.958130560395
9 448.9942514154095
10 449.0020769701192
11 449.0037901708385
12 449.0041344792925
13 449.0042156827218
14 449.0042416240452
15 449.0042525147151
16 449.0042490170214
17 449.0042487658988
18 449.0042438645868
19 449.0042422504742
20 449.0042406363616
21 449.0042403473196
22 449.0042403014552
23 449.0042402555908
24 449.0042402097264
25 449.0042401638621
26 449.0042401179977
27 449.0042400721333
28 449.0042400262689
29 449.0042399804045
30 449.0042399345401