Time X1
0 246.855052464567
1 254.1075166354226
2 266.0294369824071
3 285.7913890971655
4 317.7570029976708
5 363.0366645989558
6 408.2916797472544
7 435.1428372143217
8 445.4293797189819
9 448.5983331780444
10 449.5029150496994
11 449.7553332002672
12 449.8252797226507
13 449.8445849856923
14 449.8500377723806
15 449.8514830080414
16 449.851880434587
17 449.8519980369742
18 449.8520334350862
19 449.8520560068101
20 449.8520593876074
21 449.8520576742124
22 449.8520564839291
23 449.8520515543
24 449.8520496254148
25 449.8520476965296
26 449.8520470505163
27 449.8520469917361
28 449.852046932956
29 449.8520468741759
30 449.8520468153957