Time X1
0 246.850366890548
1 238.4142413847565
2 224.3036212489448
3 202.6675997463865
4 174.5988416037548
5 146.833100409916
6 127.1151164448943
7 116.6091912950522
8 111.9333710999018
9 110.0286367439437
10 109.2816467705297
11 108.9930823070633
12 108.8822536014718
13 108.839789734636
14 108.8235451910342
15 108.817339698586
16 108.8149407590559
17 108.8140213564936
18 108.8136908187439
19 108.8135562438794
20 108.8135025921129
21 108.8134816075027
22 108.8134732221312
23 108.8134689968879
24 108.8134656118741
25 108.8134643154829
26 108.8134651077141
27 108.8134651262826
28 108.8134651917676
29 108.8134657654905
30 108.8134666068538