Time X1
0 246.883882093235
1 437.3492668246822
2 481.2996503957602
3 482.7336576522693
4 482.77033929026
5 482.7712438743724
6 482.7712825396891
7 482.7712758748389
8 482.7712716804598
9 482.7712715394902
10 482.7712713985206
11 482.771271257551
12 482.7712711165814
13 482.7712709756117
14 482.7712708346422
15 482.7712706936725
16 482.771270552703
17 482.7712704312196
18 482.7712704270745
19 482.7712704229294
20 482.7712704187843
21 482.7712704146392
22 482.771270410494
23 482.7712704063489
24 482.7712704022038
25 482.7712703980587
26 482.7712703945574
27 482.7712703945448
28 482.7712703945323
29 482.7712703945198
30 482.7712703945073