Time X1
0 246.914162647961
1 502.6818194249452
2 503.0991842515252
3 503.0993067903979
4 503.0992996285181
5 503.0992992752473
6 503.0992989219765
7 503.0992985687058
8 503.0992984096292
9 503.0992983992692
10 503.0992983889093
11 503.0992983785494
12 503.0992983741447
13 503.0992983741135
14 503.0992983740823
15 503.0992983740511
16 503.0992983740199
17 503.0992983739887
18 503.0992983739575
19 503.0992983739263
20 503.0992983738951
21 503.0992983738639
22 503.0992983738327
23 503.0992983738014
24 503.0992983737702
25 503.099298373739
26 503.0992983737078
27 503.0992983736766
28 503.0992983736454
29 503.0992983736142
30 503.099298373583