Time X1
0 246.854567024541
1 251.1986002987634
2 258.2794299677412
3 269.9465726442115
4 289.252750469186
5 320.2887761323021
6 363.9505146122211
7 407.8157891148648
8 434.5447077423815
9 445.1829990153736
10 448.5842915007516
11 449.5885984250121
12 449.8779366778364
13 449.9607150199806
14 449.9842394589585
15 449.9910667189565
16 449.9929712683545
17 449.9934958210215
18 449.993657908202
19 449.993705542547
20 449.9937324502788
21 449.9937408662782
22 449.993738141433
23 449.9937380804626
24 449.9937326435902
25 449.9937307406917
26 449.9937285943399
27 449.9937275380876
28 449.9937274704916
29 449.9937274028957
30 449.9937273352998