Time X1
0 246.859060369902
1 278.6193996208862
2 330.0033160078016
3 392.2063026832213
4 431.7205183122748
5 444.8482461882783
6 448.0194885219821
7 448.7170337740511
8 448.8671887422228
9 448.8993518416165
10 448.9062677586224
11 448.9077594410803
12 448.9080575199927
13 448.9081275898785
14 448.9081524366928
15 448.908160956871
16 448.9081577936039
17 448.9081568599252
18 448.9081521489679
19 448.908150513833
20 448.908148892016
21 448.9081488454736
22 448.9081487989313
23 448.9081487523891
24 448.9081487058468
25 448.9081486593045
26 448.9081486127621
27 448.9081485662198
28 448.9081485196775
29 448.9081484731352
30 448.908148426593