Time X1
0 246.854103819114
1 248.4008321412555
2 250.8962815263098
3 254.9451153705465
4 261.5653936197083
5 272.4789674574039
6 290.5057704443576
7 319.4593047611807
8 360.6837576214202
9 403.9272855729221
10 432.2026197365436
11 444.2421593036094
12 448.2883977594494
13 449.5294373214212
14 449.8989973141325
15 450.0080947005026
16 450.0401343431698
17 450.0495771581806
18 450.0524104311689
19 450.0531813911023
20 450.0534185459798
21 450.0534921498065
22 450.0535169770683
23 450.0535344697083
24 450.0535383883687
25 450.053534850704
26 450.0535350900848
27 450.0535320443262
28 450.0535287270322
29 450.0535273932434
30 450.0535260594546