Time X1
0 246.806240142584
1 58.78647804856295
2 57.87157486719317
3 57.86160358283419
4 57.86149817285149
5 57.86149571592479
6 57.86149694236017
7 57.8614970560176
8 57.86149707879856
9 57.86149710157951
10 57.86149712436047
11 57.86149714714142
12 57.86149716992238
13 57.86149719270333
14 57.86149720252909
15 57.86149720320052
16 57.86149720387195
17 57.86149720454338
18 57.86149720521481
19 57.86149720588624
20 57.86149720655767
21 57.86149720703293
22 57.86149720703496
23 57.86149720703699
24 57.86149720703903
25 57.86149720704106
26 57.86149720704309
27 57.86149720704513
28 57.86149720704716
29 57.86149720704919
30 57.86149720705122