Time X1
0 246.853674661071
1 262.5404068579047
2 293.0247941586962
3 352.1146951429594
4 437.8117593635845
5 491.584278414143
6 505.3022393129897
7 507.6670631917381
8 508.0413088876008
9 508.0997286186707
10 508.1088577890199
11 508.1102525126397
12 508.1104879943729
13 508.1105440038972
14 508.1105488318041
15 508.1105494504443
16 508.1105421908179
17 508.1105375683513
18 508.1105372943132
19 508.1105371395259
20 508.1105369847386
21 508.1105368299513
22 508.110536675164
23 508.1105365203767
24 508.1105363655894
25 508.110536210802
26 508.1105360560147
27 508.1105359012274
28 508.1105357464401
29 508.1105355916528
30 508.1105354368655