Time X1
0 246.859066706732
1 278.6655148433824
2 330.1186582159764
3 392.3456226412361
4 431.7992154681956
5 444.8837191967402
6 448.0411057640318
7 448.7350809276564
8 448.8843715261355
9 448.9163295767017
10 448.923197938657
11 448.9246777555435
12 448.9249734245086
13 448.9250428851018
14 448.9250676786277
15 448.9250760563553
16 448.9250729202676
17 448.9250719448544
18 448.9250672482385
19 448.9250656117435
20 448.9250640043184
21 448.925063957733
22 448.9250639111476
23 448.9250638645622
24 448.9250638179769
25 448.9250637713915
26 448.9250637248061
27 448.9250636782207
28 448.9250636316354
29 448.9250635850501
30 448.9250635384647