Time X1
0 246.85197031835
1 249.8977578735672
2 255.4546734623355
3 265.7985824937011
4 285.5870645638008
5 324.0445246158123
6 391.5926741717494
7 464.7003283373943
8 498.0557984443986
9 505.9357868199065
10 507.415595700699
11 507.6801174239589
12 507.7269603137819
13 507.7352880667214
14 507.7367249926655
15 507.7369749104383
16 507.737033024325
17 507.7370498758841
18 507.7370489408973
19 507.737042586666
20 507.7370387026153
21 507.737036286717
22 507.7370361570267
23 507.7370360273363
24 507.737035897646
25 507.7370357679556
26 507.7370356382653
27 507.7370355085749
28 507.7370353788846
29 507.7370352491943
30 507.7370351195039