Time X1
0 246.916548168284
1 503.0295400415173
2 503.4690142553954
3 503.4691486911967
4 503.4691408524695
5 503.4691404996346
6 503.4691401467996
7 503.4691397939646
8 503.4691396223835
9 503.4691396120295
10 503.4691396016756
11 503.4691395913217
12 503.469139586343
13 503.4691395863118
14 503.4691395862806
15 503.4691395862493
16 503.4691395862181
17 503.4691395861869
18 503.4691395861557
19 503.4691395861245
20 503.4691395860933
21 503.4691395860621
22 503.4691395860308
23 503.4691395859996
24 503.4691395859684
25 503.4691395859372
26 503.469139585906
27 503.4691395858748
28 503.4691395858435
29 503.4691395858123
30 503.4691395857811