Time X1
0 246.85197031835
1 253.4426655089143
2 266.036879747289
3 291.0234300338627
4 341.3809962192308
5 425.7860153790625
6 494.7408683383089
7 515.8061176733081
8 519.5740986490517
9 520.1649385029062
10 520.255408477414
11 520.2693574556008
12 520.2713895530832
13 520.271723606729
14 520.271781544067
15 520.2718045766908
16 520.2718005356835
17 520.2717985983642
18 520.2717927730901
19 520.2717904071126
20 520.2717895366486
21 520.2717894701442
22 520.2717894036398
23 520.2717893371353
24 520.2717892706308
25 520.2717892041263
26 520.2717891376219
27 520.2717890711175
28 520.271789004613
29 520.2717889381086
30 520.271788871604