Time X1
0 246.883933390168
1 437.5144782044117
2 481.317114142781
3 482.7398521562403
4 482.7761172136403
5 482.7770075700113
6 482.7770456102854
7 482.7770390742789
8 482.7770349120007
9 482.7770347708075
10 482.7770346296143
11 482.7770344884211
12 482.7770343472279
13 482.7770342060347
14 482.7770340648415
15 482.7770339236483
16 482.7770337824551
17 482.7770336632275
18 482.7770336590753
19 482.7770336549231
20 482.7770336507708
21 482.7770336466186
22 482.7770336424663
23 482.777033638314
24 482.7770336341618
25 482.7770336300096
26 482.7770336266162
27 482.7770336266037
28 482.7770336265912
29 482.7770336265786
30 482.777033626566