Time X1
0 246.851748956093
1 248.2414613445237
2 250.7489926027605
3 255.3194761475948
4 263.7894861237792
5 279.8678451954374
6 311.0577236258786
7 368.7881449959718
8 445.1427079979945
9 491.420597549115
10 504.3933536701401
11 506.9811421053259
12 507.4563356782255
13 507.5420970691061
14 507.557629542832
15 507.5603729236188
16 507.5608755971433
17 507.5609720052802
18 507.5610103728726
19 507.5610095699741
20 507.561007700914
21 507.561001500855
22 507.5609974822893
23 507.5609969463958
24 507.5609968133353
25 507.5609966802748
26 507.5609965472143
27 507.5609964141538
28 507.5609962810934
29 507.5609961480329
30 507.5609960149724