Time X1
0 246.849407262728
1 231.9739588766756
2 208.4901071861871
3 177.2172086552127
4 146.1235445646455
5 124.7039549582891
6 113.9382722524164
7 109.4604775695338
8 107.7540615185819
9 107.1261296173474
10 106.8980683353471
11 106.8156392518106
12 106.785901123176
13 106.7751742151166
14 106.7713156169187
15 106.7699249279742
16 106.7694117313354
17 106.7692321769261
18 106.7691710661251
19 106.7691471941096
20 106.7691383273484
21 106.7691335063199
22 106.7691303628835
23 106.7691298698102
24 106.769130489003
25 106.7691303569176
26 106.769130904793
27 106.7691317615602
28 106.7691320954891
29 106.7691324294181
30 106.769132713457