Time X1
0 246.916548168284
1 503.0294776784754
2 503.4689531302869
3 503.4690875668707
4 503.4690797280961
5 503.4690793752609
6 503.4690790224258
7 503.4690786695907
8 503.4690784980084
9 503.4690784876544
10 503.4690784773005
11 503.4690784669466
12 503.4690784619679
13 503.4690784619367
14 503.4690784619055
15 503.4690784618743
16 503.4690784618431
17 503.4690784618119
18 503.4690784617806
19 503.4690784617494
20 503.4690784617182
21 503.469078461687
22 503.4690784616558
23 503.4690784616246
24 503.4690784615934
25 503.4690784615621
26 503.4690784615309
27 503.4690784614997
28 503.4690784614685
29 503.4690784614373
30 503.4690784614061