Time X1
0 246.85187099735
1 249.1666410133909
2 253.3698382696273
3 261.1252314451402
4 275.7806171182855
5 304.18390999267
6 357.8316911063139
7 434.7976500439352
8 487.719893479314
9 503.7361913213021
10 506.978152944834
11 507.570051243722
12 507.6759270672218
13 507.6948526298913
14 507.6981848373123
15 507.6987760911838
16 507.6988891210725
17 507.6989295353798
18 507.6989296085795
19 507.6989292864289
20 507.6989226595032
21 507.6989187695488
22 507.6989177644291
23 507.6989176369254
24 507.6989175094216
25 507.6989173819179
26 507.6989172544142
27 507.6989171269105
28 507.6989169994068
29 507.6989168719031
30 507.6989167443994