Time X1
0 246.916549168284
1 503.0294778110025
2 503.4689532514569
3 503.4690876880337
4 503.4690798492609
5 503.469079496426
6 503.4690791435912
7 503.4690787907563
8 503.4690786191741
9 503.4690786088202
10 503.4690785984663
11 503.4690785881124
12 503.4690785831337
13 503.4690785831025
14 503.4690785830713
15 503.46907858304
16 503.4690785830088
17 503.4690785829776
18 503.4690785829464
19 503.4690785829152
20 503.469078582884
21 503.4690785828527
22 503.4690785828215
23 503.4690785827903
24 503.4690785827591
25 503.4690785827279
26 503.4690785826967
27 503.4690785826655
28 503.4690785826342
29 503.469078582603
30 503.4690785825718