Time X1
0 246.853565455004
1 261.7145596209373
2 290.5078370223818
3 346.5616826508443
4 431.2714742879625
5 489.0671279386478
6 504.7843601628927
7 507.5608950361209
8 508.0053960301399
9 508.0752494277395
10 508.0863484750334
11 508.087997394693
12 508.0882770529371
13 508.088335605338
14 508.0883482415198
15 508.0883477332642
16 508.0883405514278
17 508.0883366123495
18 508.0883349798611
19 508.088334852707
20 508.0883347255528
21 508.0883345983988
22 508.0883344712447
23 508.0883343440905
24 508.0883342169364
25 508.0883340897823
26 508.0883339626282
27 508.088333835474
28 508.0883337083199
29 508.0883335811658
30 508.0883334540117