Time X1
0 246.936974436926
1 504.8721498371002
2 505.5838899534093
3 505.5841877951897
4 505.5841769321268
5 505.5841766018131
6 505.5841762714994
7 505.5841759411857
8 505.5841756685696
9 505.5841756587645
10 505.5841756489593
11 505.5841756391541
12 505.5841756293622
13 505.5841756293323
14 505.5841756293023
15 505.5841756292724
16 505.5841756292425
17 505.5841756292126
18 505.5841756291827
19 505.5841756291528
20 505.5841756291229
21 505.584175629093
22 505.584175629063
23 505.5841756290331
24 505.5841756290032
25 505.5841756289733
26 505.5841756289434
27 505.5841756289134
28 505.5841756288835
29 505.5841756288536
30 505.5841756288237