Time X1
0 246.937268422208
1 503.9694793960611
2 504.6712406329763
3 504.6715337589103
4 504.671522942785
5 504.6715226147807
6 504.6715222867764
7 504.6715219587721
8 504.6715216872963
9 504.6715216775705
10 504.6715216678448
11 504.671521658119
12 504.6715216483933
13 504.6715216483228
14 504.6715216482932
15 504.6715216482636
16 504.6715216482339
17 504.6715216482043
18 504.6715216481747
19 504.671521648145
20 504.6715216481154
21 504.6715216480858
22 504.6715216480561
23 504.6715216480265
24 504.6715216479969
25 504.6715216479672
26 504.6715216479376
27 504.671521647908
28 504.6715216478783
29 504.6715216478487
30 504.6715216478191