Time X1
0 246.854341451856
1 248.5391378815955
2 251.230376167657
3 255.5533014663982
4 262.5480660891314
5 273.9431341326256
6 292.4783678547835
7 321.5741893229228
8 361.6085805279234
9 402.0649831634586
10 428.0930744288689
11 439.3527946152568
12 443.2673845102226
13 444.5157931064468
14 444.9025700548821
15 445.021331079185
16 445.0576133556092
17 445.0687370698023
18 445.0721979874948
19 445.0731830761402
20 445.0734965076219
21 445.0735978255647
22 445.0736309315267
23 445.0736536875307
24 445.0736595399143
25 445.0736567353944
26 445.0736569162206
27 445.0736526883946
28 445.0736500138237
29 445.0736481492632
30 445.0736465375142