Time X1
0 246.853621349998
1 262.1371712004515
2 291.7950694068032
3 349.4115882408987
4 434.6879585675875
5 490.4090822738392
6 505.0621597572732
7 507.61761916059
8 508.0243696273383
9 508.087983257369
10 508.0980670838924
11 508.0995564542337
12 508.0998099565573
13 508.09986634031
14 508.099873658421
15 508.0998749303887
16 508.0998676665399
17 508.0998634343972
18 508.0998624575184
19 508.0998623184279
20 508.0998621793374
21 508.0998620402468
22 508.0998619011563
23 508.0998617620658
24 508.0998616229753
25 508.0998614838848
26 508.0998613447942
27 508.0998612057037
28 508.0998610666132
29 508.0998609275227
30 508.0998607884322