Time X1
0 246.8550718626
1 254.2647974460777
2 266.4526145416981
3 286.6609180894606
4 319.2837572162858
5 365.081607672781
6 409.9525274027061
7 435.9515990129655
8 445.7516571275822
9 448.7467381480996
10 449.5981486310697
11 449.8350578703764
12 449.9005220121746
13 449.9185630638323
14 449.9236439992827
15 449.9249753826635
16 449.925346511293
17 449.9254556276716
18 449.9254900032716
19 449.9255113490557
20 449.9255128663307
21 449.9255121414583
22 449.9255103080746
23 449.925505617931
24 449.9255036138972
25 449.9255016098634
26 449.9255012651096
27 449.9255012034833
28 449.9255011418571
29 449.9255010802308
30 449.9255010186046