Time X1
0 246.853773721419
1 263.2916736340882
2 295.3189604072195
3 357.1020299177273
4 443.2862604729288
5 493.5325079959084
6 505.6939757950204
7 507.7494863005663
8 508.0717700767152
9 508.1215831367251
10 508.1293910801591
11 508.1305284249866
12 508.1307209250641
13 508.1307693760004
14 508.1307720863423
15 508.130772385541
16 508.1307654647105
17 508.1307614084983
18 508.1307608892333
19 508.1307607575922
20 508.130760625951
21 508.1307604943099
22 508.1307603626688
23 508.1307602310276
24 508.1307600993865
25 508.1307599677453
26 508.1307598361042
27 508.1307597044631
28 508.1307595728219
29 508.1307594411808
30 508.1307593095397