Time X1
0 246.914404994536
1 502.7632162306176
2 503.1826897181314
3 503.1828133140779
4 503.1828060905127
5 503.1828057371548
6 503.1828053837968
7 503.1828050304389
8 503.1828048703101
9 503.1828048599467
10 503.1828048495833
11 503.1828048392198
12 503.1828048347687
13 503.1828048347375
14 503.1828048347062
15 503.182804834675
16 503.1828048346438
17 503.1828048346126
18 503.1828048345814
19 503.1828048345502
20 503.1828048345189
21 503.1828048344877
22 503.1828048344565
23 503.1828048344252
24 503.182804834394
25 503.1828048343627
26 503.1828048343315
27 503.1828048343003
28 503.1828048342691
29 503.1828048342379
30 503.1828048342066