Time X1
0 246.851883759151
1 249.3091955440079
2 253.7760871511022
3 262.0340049587451
4 277.6828924880404
5 308.0641353572938
6 364.84407673249
7 442.1398823409677
8 490.6713383275462
9 504.4479893746032
10 507.177830679221
11 507.6732221969689
12 507.7615138923457
13 507.7772965873447
14 507.7800503059772
15 507.780548178835
16 507.7806428888583
17 507.7806802899274
18 507.7806792722498
19 507.7806770882752
20 507.7806709997406
21 507.7806670202302
22 507.7806665965148
23 507.780666465351
24 507.7806663341873
25 507.7806662030236
26 507.7806660718599
27 507.7806659406961
28 507.7806658095324
29 507.7806656783687
30 507.7806655472049