Time X1
0 246.859096184807
1 278.9261259325452
2 330.7804290986788
3 393.1644102424817
4 432.2899815669438
5 445.1337544655706
6 448.2130332991626
7 448.886709090308
8 449.0310502951791
9 449.0618291816219
10 449.0684627156922
11 449.0698340433125
12 449.0701159011943
13 449.070181814275
14 449.0702062989478
15 449.0702138125034
16 449.0702108583243
17 449.0702096282063
18 449.0702050258179
19 449.0702033808312
20 449.0702018611343
21 449.0702018142808
22 449.0702017674275
23 449.0702017205741
24 449.0702016737206
25 449.0702016268673
26 449.0702015800139
27 449.0702015331605
28 449.0702014863071
29 449.0702014394537
30 449.0702013926003