Time X1
0 246.921210817214
1 500.7114664330408
2 501.2109572960473
3 501.2111311812844
4 501.2111216085068
5 501.2111212654712
6 501.2111209224356
7 501.2111205794
8 501.2111203660365
9 501.2111203559815
10 501.2111203459265
11 501.2111203358714
12 501.2111203288618
13 501.2111203288316
14 501.2111203288013
15 501.211120328771
16 501.2111203287407
17 501.2111203287104
18 501.2111203286802
19 501.2111203286499
20 501.2111203286196
21 501.2111203285893
22 501.211120328559
23 501.2111203285288
24 501.2111203284985
25 501.2111203284682
26 501.211120328438
27 501.2111203284077
28 501.2111203283774
29 501.2111203283471
30 501.2111203283168