Time X1
0 246.852021977193
1 250.2722332773178
2 256.5269252249903
3 268.2195200836614
4 290.7038565613863
5 334.2448450266813
6 406.8033309459991
7 474.4784829502512
8 500.7126849085795
9 506.4628471599545
10 507.5206344227105
11 507.7083914655561
12 507.7414261885273
13 507.7473642934278
14 507.7483372369284
15 507.7485236926609
16 507.7485660319742
17 507.7485823690851
18 507.7485786503309
19 507.748576414408
20 507.7485709722251
21 507.7485686283772
22 507.748567558733
23 507.7485674911678
24 507.7485674236027
25 507.7485673560375
26 507.7485672884723
27 507.7485672209071
28 507.748567153342
29 507.7485670857768
30 507.7485670182116