Time X1
0 246.85364804077
1 262.3391707904739
2 292.4107679834909
3 350.768259666521
4 436.2697897934594
5 491.0100162768616
6 505.18472455817
7 507.6430343663047
8 508.0330787106521
9 508.0940335175353
10 508.1036091556092
11 508.1050734393376
12 508.1053011949636
13 508.1053464925995
14 508.1053621313008
15 508.1053588962722
16 508.1053553018244
17 508.1053509516
18 508.1053485925104
19 508.1053483160374
20 508.1053482479783
21 508.1053481799193
22 508.1053481118603
23 508.1053480438012
24 508.1053479757422
25 508.1053479076831
26 508.1053478396241
27 508.1053477715651
28 508.105347703506
29 508.1053476354469
30 508.1053475673879