Time X1
0 246.914162647961
1 502.666401304262
2 503.0839324743864
3 503.0840551279982
4 503.0840479579301
5 503.0840476047173
6 503.0840472515046
7 503.0840468982918
8 503.0840467390494
9 503.0840467286914
10 503.0840467183334
11 503.0840467079754
12 503.0840467035625
13 503.0840467035313
14 503.0840467035001
15 503.0840467034689
16 503.0840467034377
17 503.0840467034064
18 503.0840467033752
19 503.084046703344
20 503.0840467033128
21 503.0840467032816
22 503.0840467032504
23 503.0840467032192
24 503.084046703188
25 503.0840467031568
26 503.0840467031256
27 503.0840467030944
28 503.0840467030632
29 503.084046703032
30 503.0840467030008