Time X1
0 246.937163680947
1 499.563058299327
2 500.2974494633298
3 500.2978044453585
4 500.2977928322429
5 500.2977925067156
6 500.2977921811882
7 500.297791855661
8 500.2977915352776
9 500.2977915257422
10 500.2977915162069
11 500.2977915066715
12 500.2977914971361
13 500.2977914945467
14 500.297791494518
15 500.2977914944893
16 500.2977914944606
17 500.2977914944319
18 500.2977914944033
19 500.2977914943746
20 500.2977914943459
21 500.2977914943172
22 500.2977914942884
23 500.2977914942598
24 500.2977914942311
25 500.2977914942024
26 500.2977914941737
27 500.297791494145
28 500.2977914941163
29 500.2977914940876
30 500.2977914940589