Time X1
0 246.936285893723
1 484.4833528483175
2 485.371140433057
3 485.3716896342701
4 485.3716789060648
5 485.3716785390652
6 485.3716781720656
7 485.3716778050659
8 485.3716774380663
9 485.3716774223585
10 485.3716774110146
11 485.3716773996706
12 485.3716773883266
13 485.3716773853448
14 485.3716773853088
15 485.3716773852727
16 485.3716773852366
17 485.3716773852005
18 485.3716773851644
19 485.3716773851284
20 485.3716773850923
21 485.3716773850562
22 485.3716773850201
23 485.3716773849841
24 485.371677384948
25 485.3716773849119
26 485.3716773848759
27 485.3716773848398
28 485.3716773848037
29 485.3716773847676
30 485.3716773847315