Time X1
0 246.852529648023
1 253.9859145371165
2 267.321051105277
3 293.0848831255302
4 342.9055572087514
5 421.2347041443792
6 483.052765361201
7 503.0536955119232
8 507.0284372112386
9 507.7225109392163
10 507.840764526135
11 507.860872773846
12 507.8642419926924
13 507.8648137389158
14 507.8649176103506
15 507.8649564385585
16 507.8649555272694
17 507.8649527919425
18 507.8649468647728
19 507.8649428891168
20 507.8649427555186
21 507.8649426219205
22 507.8649424883224
23 507.8649423547242
24 507.8649422211261
25 507.8649420875279
26 507.8649419539298
27 507.8649418203317
28 507.8649416867336
29 507.8649415531354
30 507.8649414195373