Time X1
0 246.855047389045
1 254.0770135843761
2 265.9478800739961
3 285.6250009553472
4 317.4668977234915
5 362.6502730018773
6 407.9817286239698
7 435.0001511961548
8 445.3822977322441
9 448.5852674333483
10 449.5001756716534
11 449.7555824744441
12 449.8263867475639
13 449.8459317323794
14 449.8514540082617
15 449.8529206005844
16 449.85332285096
17 449.8534420570077
18 449.8534776354751
19 449.8535004104492
20 449.8535041227185
21 449.8535022418293
22 449.8535011681816
23 449.8534962029126
24 449.853494289511
25 449.8534923761094
26 449.8534916748343
27 449.8534916166394
28 449.8534915584445
29 449.8534915002496
30 449.8534914420547