Time X1
0 246.851748956093
1 244.9106778890997
2 241.5631003017654
3 235.875855120909
4 226.482711353251
5 211.782431376028
6 190.9933718649452
7 166.3200395746213
8 143.6000818728355
9 127.8221315368081
10 119.137986282267
11 115.008109881619
12 113.1864377046835
13 112.4105375502493
14 112.0849247150563
15 111.9491682090292
16 111.8927087976874
17 111.8692595163815
18 111.8595160856784
19 111.8554841245415
20 111.85381110289
21 111.8531102716102
22 111.8528145127587
23 111.8526970041404
24 111.8526505717889
25 111.8526297815906
26 111.8526208613395
27 111.8526169897026
28 111.8526133450083
29 111.8526113535205
30 111.8526110152392