Time X1
0 246.806240142584
1 58.77763102875645
2 57.86440649731433
3 57.85446757233023
4 57.85436261982909
5 57.85436018661992
6 57.85436141802834
7 57.85436152736755
8 57.85436155034529
9 57.85436157332303
10 57.85436159630077
11 57.85436161927851
12 57.85436164225625
13 57.85436166523399
14 57.85436167466733
15 57.85436167534568
16 57.85436167602403
17 57.85436167670237
18 57.85436167738072
19 57.85436167805906
20 57.85436167873741
21 57.85436167919319
22 57.85436167919524
23 57.8543616791973
24 57.85436167919936
25 57.85436167920142
26 57.85436167920347
27 57.85436167920553
28 57.85436167920759
29 57.85436167920965
30 57.8543616792117