Time X1
0 246.855030229969
1 253.9742254221718
2 265.6730967599443
3 285.0642931828298
4 316.4875206371426
5 361.3379790831551
6 406.9180727677598
7 434.5063684674911
8 445.2188379224427
9 448.5399776633101
10 449.4908331990171
11 449.7566543625535
12 449.8304513108958
13 449.850832210863
14 449.8565944663034
15 449.8581352668659
16 449.8585542067578
17 449.8586790064563
18 449.8587152952587
19 449.8587387333388
20 449.858743538874
21 449.8587411353192
22 449.8587404450171
23 449.8587353802702
24 449.8587335188174
25 449.8587316573647
26 449.8587307745621
27 449.8587307183221
28 449.858730662082
29 449.8587306058419
30 449.8587305496019