Time X1
0 246.851883759151
1 249.2676239589393
2 253.6570786351583
3 261.7663331511139
4 277.1190494532054
5 306.9072896479719
6 362.75467223602
7 439.9853740173266
8 489.7923990909138
9 504.1974525112768
10 507.0703108488376
11 507.5927986517548
12 507.6860653977225
13 507.7027406393097
14 507.7056630675252
15 507.7061873597968
16 507.7062869056835
17 507.7063254983086
18 507.7063247646325
19 507.7063232865566
20 507.7063169715801
21 507.7063130501083
22 507.7063123909861
23 507.7063122622014
24 507.7063121334168
25 507.7063120046321
26 507.7063118758475
27 507.7063117470628
28 507.7063116182782
29 507.7063114894935
30 507.7063113607088