Time X1
0 246.858931116644
1 277.8259417074779
2 328.0743120766687
3 389.9868997368833
4 430.6435056667999
5 444.5486372483311
6 447.9635553090266
7 448.7227067879263
8 448.8875662070894
9 448.9231754475696
10 448.9308850580111
11 448.9325706881537
12 448.9329092026487
13 448.9329890720542
14 448.9330148617271
15 448.9330254927289
16 448.933022020003
17 448.9330216970176
18 448.9330168122523
19 448.9330151965559
20 448.9330135808595
21 448.9330133181399
22 448.9330132722236
23 448.9330132263073
24 448.933013180391
25 448.9330131344747
26 448.9330130885585
27 448.9330130426422
28 448.9330129967259
29 448.9330129508096
30 448.9330129048933