Time X1
0 246.853673661071
1 262.5407607523673
2 293.0258868689048
3 352.1171345494593
4 437.8146607831523
5 491.585547712826
6 505.302711878684
7 507.6673706086881
8 508.0415877604635
9 508.1000027369691
10 508.1091310709402
11 508.1105256861821
12 508.1107611457919
13 508.1108171552336
14 508.1108219812684
15 508.1108225965484
16 508.1108153373808
17 508.1108107141618
18 508.1108104415896
19 508.1108102867707
20 508.1108101319518
21 508.110809977133
22 508.1108098223141
23 508.1108096674952
24 508.1108095126763
25 508.1108093578575
26 508.1108092030386
27 508.1108090482197
28 508.1108088934008
29 508.1108087385819
30 508.1108085837631