Time X1
0 246.937181518572
1 502.3254653173385
2 503.041688709903
3 503.0420178894891
4 503.0420062586751
5 503.042005928073
6 503.0420055974708
7 503.0420052668687
8 503.0420049597058
9 503.0420049500163
10 503.0420049403268
11 503.0420049306373
12 503.0420049209478
13 503.0420049191815
14 503.0420049191524
15 503.0420049191232
16 503.042004919094
17 503.0420049190648
18 503.0420049190357
19 503.0420049190065
20 503.0420049189773
21 503.0420049189481
22 503.042004918919
23 503.0420049188897
24 503.0420049188606
25 503.0420049188314
26 503.0420049188023
27 503.042004918773
28 503.0420049187439
29 503.0420049187147
30 503.0420049186856