Time X1
0 246.927751886484
1 498.9312429317095
2 500.4293818658973
3 500.4306607465828
4 500.4306478144755
5 500.4306474394301
6 500.4306470643846
7 500.4306466893392
8 500.4306463142938
9 500.4306461744289
10 500.4306461627544
11 500.4306461510801
12 500.4306461394056
13 500.4306461305259
14 500.4306461304885
15 500.4306461304511
16 500.4306461304137
17 500.4306461303763
18 500.4306461303389
19 500.4306461303015
20 500.4306461302641
21 500.4306461302266
22 500.4306461301893
23 500.4306461301519
24 500.4306461301145
25 500.4306461300771
26 500.4306461300397
27 500.4306461300023
28 500.4306461299649
29 500.4306461299275
30 500.4306461298901