Time X1
0 246.858932116644
1 277.825943391011
2 328.074314626818
3 389.9869021315749
4 430.6435067063696
5 444.5486375245236
6 447.9635553716299
7 448.7227068015811
8 448.8875662100399
9 448.9231754482072
10 448.9308850581519
11 448.9325706881825
12 448.9329092026554
13 448.9329890720558
14 448.9330148617277
15 448.9330254927284
16 448.9330220200011
17 448.9330216970153
18 448.9330168122484
19 448.9330151965531
20 448.9330135808578
21 448.9330133181382
22 448.933013272222
23 448.9330132263058
24 448.9330131803897
25 448.9330131344735
26 448.9330130885573
27 448.9330130426411
28 448.9330129967249
29 448.9330129508088
30 448.9330129048926