Time X1
0 246.851863957434
1 249.1297878423067
2 253.2650758743245
3 260.8916452863179
4 275.2935922360423
5 303.1926498526223
6 356.0195625097157
7 432.8089629230128
8 486.8897383282599
9 503.5487327638596
10 506.9408980017056
11 507.5611674633448
12 507.6721993996586
13 507.6920513986925
14 507.6955479227981
15 507.6961667486901
16 507.696285374637
17 507.6963265082591
18 507.696326942713
19 507.6963270528071
20 507.6963203349308
21 507.6963164579558
22 507.6963153226961
23 507.6963151957204
24 507.6963150687448
25 507.6963149417691
26 507.6963148147934
27 507.6963146878177
28 507.696314560842
29 507.6963144338664
30 507.6963143068907