Time X1
0 246.851997038298
1 250.0913559841996
2 256.0087461751081
3 267.0481505912175
4 288.2256281402936
5 329.3242188661249
6 399.6558568587922
7 470.1226976870311
8 499.5660274948712
9 506.2368572935861
10 507.4752056248921
11 507.695722064169
12 507.7345950398037
13 507.7415968375249
14 507.7427462000175
15 507.7429656700697
16 507.7430132039756
17 507.7430321689302
18 507.7430286383892
19 507.74302638094
20 507.7430208360384
21 507.7430182764458
22 507.7430172589125
23 507.7430171835216
24 507.7430171081307
25 507.7430170327398
26 507.7430169573489
27 507.7430168819579
28 507.743016806567
29 507.7430167311762
30 507.7430166557853