Time X1
0 246.851742312356
1 248.2482155387035
2 250.7686678224098
3 255.3642784268053
4 263.8845235660304
5 280.0668317951274
6 311.4717627153541
7 369.5477384561212
8 445.9411875043977
9 491.8058712296133
10 504.574228275027
11 507.1146512351647
12 507.5801598023409
13 507.6641529603939
14 507.6792775221368
15 507.6820513686017
16 507.6825161050674
17 507.682607114229
18 507.6826363729825
19 507.6826419555276
20 507.6826397808797
21 507.6826361550247
22 507.6826321580263
23 507.6826301751772
24 507.6826295236206
25 507.6826294676731
26 507.6826294117255
27 507.682629355778
28 507.6826292998305
29 507.682629243883
30 507.6826291879354