Time X1
0 246.852021977193
1 246.850086741465
2 246.8466981333412
3 246.8406964354114
4 246.8302335467601
5 246.8118736424317
6 246.7797565452207
7 246.7235153622439
8 246.62514434219
9 246.4538068049132
10 246.1545732778773
11 245.6329769690187
12 244.7257083514189
13 243.1537940363344
14 240.4494445790346
15 235.8530875581877
16 228.2183628300355
17 216.0676135380019
18 198.2163285607285
19 175.453545312864
20 152.1372140811868
21 133.9060491092037
22 122.8167898470678
23 117.1645551982846
24 114.556370711394
25 113.4098551420382
26 112.9168005044612
27 112.7067557135728
28 112.6176494249638
29 112.5799038389688
30 112.563935613242