Time X1
0 246.914200555818
1 502.7080293158331
2 503.1256537978488
3 503.1257764442272
4 503.1257692770805
5 503.125768923752
6 503.1257685704236
7 503.1257682170951
8 503.1257680579479
9 503.1257680475862
10 503.1257680372244
11 503.1257680268627
12 503.1257680224556
13 503.1257680224244
14 503.1257680223932
15 503.125768022362
16 503.1257680223308
17 503.1257680222996
18 503.1257680222683
19 503.1257680222371
20 503.1257680222059
21 503.1257680221747
22 503.1257680221435
23 503.1257680221123
24 503.125768022081
25 503.1257680220498
26 503.1257680220186
27 503.1257680219874
28 503.1257680219562
29 503.125768021925
30 503.1257680218938