Time X1
0 246.883934390168
1 437.4716043136419
2 481.2839208211159
3 482.7080949888245
4 482.7444221223221
5 482.7453147615012
6 482.7453529070834
7 482.7453463487517
8 482.7453421809678
9 482.7453420398205
10 482.7453418986732
11 482.7453417575259
12 482.7453416163786
13 482.7453414752313
14 482.7453413340839
15 482.7453411929366
16 482.7453410517893
17 482.74534093215
18 482.7453409279991
19 482.7453409238483
20 482.7453409196974
21 482.7453409155466
22 482.7453409113958
23 482.7453409072449
24 482.7453409030941
25 482.7453408989432
26 482.7453408955299
27 482.7453408955173
28 482.7453408955048
29 482.7453408954922
30 482.7453408954797