Time X1
0 246.936974436926
1 502.114916125992
2 502.8437166516264
3 502.8440572871192
4 502.8440456338179
5 502.84404530431
6 502.8440449748022
7 502.8440446452944
8 502.8440443328764
9 502.8440443232198
10 502.8440443135632
11 502.8440443039066
12 502.8440442942501
13 502.8440442921981
14 502.844044292169
15 502.8440442921399
16 502.8440442921109
17 502.8440442920818
18 502.8440442920527
19 502.8440442920237
20 502.8440442919946
21 502.8440442919655
22 502.8440442919364
23 502.8440442919074
24 502.8440442918783
25 502.8440442918492
26 502.8440442918202
27 502.8440442917911
28 502.844044291762
29 502.844044291733
30 502.8440442917039