Time X1
0 246.851514306363
1 246.6086554703012
2 246.1754861123817
3 245.4039011298788
4 244.0343442147493
5 241.6184652806338
6 237.4068636654821
7 230.2223487644979
8 218.4636517019206
9 200.6721127929292
10 177.3199427695598
11 152.8538801373862
12 133.5594923697307
13 121.9133817659718
14 116.087385219603
15 113.4615315168141
16 112.3354469277169
17 111.8629948083391
18 111.6666134250918
19 111.5852971341652
20 111.5516867942536
21 111.5377902223957
22 111.5320683400875
23 111.5297092730698
24 111.5287046436427
25 111.5283081268834
26 111.5281477991696
27 111.5280828010034
28 111.5280540599926
29 111.5280417935066
30 111.5280360774921