Time X1
0 246.851743312356
1 248.2482159758012
2 250.7686672473227
3 255.3642759943868
4 263.8845176191606
5 280.0668189482393
6 311.4717363549751
7 369.5476922341369
8 445.9411433793513
9 491.8058547900092
10 504.5742242761075
11 507.1146500108612
12 507.5801591022403
13 507.6641523561565
14 507.6792769353202
15 507.6820507850842
16 507.6825155221024
17 507.6826065313685
18 507.6826357901347
19 507.6826413726992
20 507.6826391980448
21 507.6826355721943
22 507.6826315751915
23 507.6826295923424
24 507.6826289407844
25 507.6826288848369
26 507.6826288288894
27 507.6826287729419
28 507.6826287169945
29 507.682628661047
30 507.6826286050996