Time X1
0 246.845139864385
1 205.2778316100466
2 156.6673606162759
3 121.8762172094005
4 106.5223456383485
5 101.4116916946938
6 99.88827225599948
7 99.44977643470746
8 99.32486057704266
9 99.28938371173828
10 99.27931366109553
11 99.27646295159521
12 99.27564339801742
13 99.2754145971448
14 99.27535334867602
15 99.27533447959689
16 99.27532879943772
17 99.2753248197462
18 99.27532372579218
19 99.27532454644664
20 99.27532445517005
21 99.27532505630322
22 99.27532577713878
23 99.27532604968816
24 99.27532632223755
25 99.27532639593436
26 99.27532640352835
27 99.27532641112234
28 99.27532641871633
29 99.27532642631031
30 99.27532643390431