Time X1
0 246.854103819114
1 248.440079682785
2 250.9997354209519
3 255.1547328140243
4 261.9526652024759
5 273.1655518677071
6 291.6849596309115
7 321.3438800164423
8 363.1317245033612
9 406.0037716025179
10 433.2907360099916
11 444.6906134569396
12 448.4874985090805
13 449.6475762942832
14 449.9923428999977
15 450.0939822524081
16 450.1237917824751
17 450.132563277219
18 450.1351964798909
19 450.1359135687655
20 450.1361325373197
21 450.1362005911223
22 450.136230955278
23 450.1362448189064
24 450.136242333351
25 450.1362434315307
26 450.1362386122222
27 450.1362361631538
28 450.1362337569402
29 450.1362324865883
30 450.1362324068367