Time X1
0 246.853165306899
1 242.9048936318529
2 236.6929444043476
3 227.1413003056899
4 213.0789434733549
5 193.99146341184
6 171.4834023018284
7 149.9309908518828
8 133.7622039033558
9 124.009347851749
10 118.9509571241913
11 116.5426306714695
12 115.4443909413567
13 114.9535435930657
14 114.7361027772193
15 114.6401842381358
16 114.5979403071119
17 114.5793542095085
18 114.5711731839427
19 114.5675825122569
20 114.5660068818083
21 114.5653118239939
22 114.5649990729814
23 114.564863629013
24 114.5648079981795
25 114.5647829896374
26 114.5647712431954
27 114.5647659870526
28 114.5647612454979
29 114.5647585974633
30 114.5647580977377