Time X1
0 246.85197031835
1 249.8974202069556
2 255.4537063417561
3 265.7964001233682
4 285.5824505114652
5 324.0352277758125
6 391.5780287197745
7 464.6897763399402
8 498.052545205885
9 505.9349051363523
10 507.4151953848999
11 507.6798055443612
12 507.7266643858864
13 507.7349950272424
14 507.7364324508502
15 507.7366824561185
16 507.7367405876333
17 507.7367574432542
18 507.7367565098771
19 507.7367501550464
20 507.73674626969
21 507.7367438544373
22 507.7367437246919
23 507.7367435949465
24 507.736743465201
25 507.7367433354556
26 507.7367432057102
27 507.7367430759647
28 507.7367429462194
29 507.7367428164739
30 507.7367426867285