Time X1
0 246.936285893723
1 484.4670613960701
2 485.3551817344185
3 485.3557314280848
4 485.3557207001363
5 485.3557203329705
6 485.3557199658047
7 485.355719598639
8 485.3557192314732
9 485.3557192157947
10 485.3557192044445
11 485.3557191930944
12 485.3557191817442
13 485.3557191787639
14 485.3557191787278
15 485.3557191786917
16 485.3557191786555
17 485.3557191786194
18 485.3557191785833
19 485.3557191785472
20 485.3557191785112
21 485.3557191784751
22 485.355719178439
23 485.3557191784029
24 485.3557191783668
25 485.3557191783307
26 485.3557191782946
27 485.3557191782585
28 485.3557191782224
29 485.3557191781862
30 485.3557191781501