Time X1
0 246.806239142584
1 58.77761791444326
2 57.86439367921263
3 57.85445476256459
4 57.85434981019922
5 57.85434737699615
6 57.8543486084049
7 57.85434871774333
8 57.85434874072108
9 57.85434876369883
10 57.85434878667658
11 57.85434880965433
12 57.85434883263208
13 57.85434885560983
14 57.8543488650431
15 57.85434886572145
16 57.8543488663998
17 57.85434886707815
18 57.85434886775651
19 57.85434886843485
20 57.8543488691132
21 57.85434886956898
22 57.85434886957103
23 57.85434886957309
24 57.85434886957515
25 57.85434886957721
26 57.85434886957926
27 57.85434886958132
28 57.85434886958338
29 57.85434886958544
30 57.85434886958749