Time X1
0 246.843596536221
1 190.2726934753678
2 137.4965022325172
3 109.6905573696797
4 100.2538350576768
5 97.61849871484357
6 96.92619362768541
7 96.74732091356657
8 96.70131305056337
9 96.68949058755477
10 96.68646144097366
11 96.6856708385927
12 96.68547267769972
13 96.68542313786554
14 96.68540941623465
15 96.68540403880725
16 96.68540150299991
17 96.68540228549126
18 96.68540209344212
19 96.68540287963903
20 96.68540352102546
21 96.68540388102473
22 96.68540413579387
23 96.68540414638753
24 96.68540415698118
25 96.68540416757483
26 96.68540417816848
27 96.68540418876213
28 96.68540419935579
29 96.68540420994944
30 96.68540422054309