Time X1
0 246.937180518572
1 502.3255319124654
2 503.0417532960686
3 503.0420824737665
4 503.0420708429558
5 503.0420705123531
6 503.0420701817505
7 503.0420698511478
8 503.0420695439856
9 503.042069534296
10 503.0420695246063
11 503.0420695149166
12 503.042069505227
13 503.0420695034608
14 503.0420695034316
15 503.0420695034024
16 503.0420695033732
17 503.0420695033441
18 503.0420695033149
19 503.0420695032857
20 503.0420695032565
21 503.0420695032274
22 503.0420695031982
23 503.042069503169
24 503.0420695031399
25 503.0420695031107
26 503.0420695030815
27 503.0420695030523
28 503.0420695030232
29 503.042069502994
30 503.0420695029648