Time X1
0 246.851879780715
1 249.2800883109527
2 253.6932326420269
3 261.848850679172
4 277.2957366315885
5 307.2768794139383
6 363.4405340757536
7 440.7292041046131
8 490.1350820054147
9 504.3306868060519
10 507.1543733620499
11 507.6673110451403
12 507.7587851463983
13 507.7751315902355
14 507.7779911330396
15 507.7785051451182
16 507.7786025791577
17 507.7786408695074
18 507.778640013881
19 507.7786383170906
20 507.7786320707128
21 507.7786281425546
22 507.7786275510942
23 507.7786274220532
24 507.7786272930122
25 507.7786271639711
26 507.7786270349301
27 507.778626905889
28 507.7786267768479
29 507.7786266478069
30 507.7786265187659