Time X1
0 246.853595887587
1 261.9370265273651
2 291.1852875264331
3 348.0641024607135
4 433.0884381520141
5 489.788305770384
6 504.9341355942167
7 507.5913953219618
8 508.015499656171
9 508.081976987235
10 508.0925288887154
11 508.0940903086192
12 508.0943562134191
13 508.0944139593391
14 508.0944232705162
15 508.0944239353021
16 508.0944166541639
17 508.0944124709912
18 508.0944112966035
19 508.0944111594988
20 508.0944110223941
21 508.0944108852894
22 508.0944107481847
23 508.09441061108
24 508.0944104739752
25 508.0944103368706
26 508.0944101997658
27 508.0944100626612
28 508.0944099255565
29 508.0944097884517
30 508.0944096513471