Time X1
0 246.851748956093
1 248.2831149179625
2 250.8669271506971
3 255.5798416616709
4 264.3236742893792
5 280.9467468502599
6 313.2118997864034
7 372.5150325114271
8 448.6553074408183
9 492.7345874294412
10 504.7345838764813
11 507.1063296174964
12 507.5406243751839
13 507.6188603806866
14 507.633083870082
15 507.6355283336809
16 507.6359981893214
17 507.6360871394699
18 507.6361217812536
19 507.6361205361879
20 507.6361215889648
21 507.6361148664884
22 507.6361118728984
23 507.6361099630931
24 507.6361098714651
25 507.6361097798372
26 507.6361096882092
27 507.6361095965813
28 507.6361095049533
29 507.6361094133253
30 507.6361093216973