Time X1
0 246.854104819114
1 248.4400812929726
2 250.999738025759
3 255.1547370565075
4 261.9526721709628
5 273.1655633945342
6 291.6849785656958
7 321.3439092764809
8 363.1317612218879
9 406.0038013595417
10 433.2907505357871
11 444.6906186146958
12 448.4875001187355
13 449.6475767756764
14 449.9923430420823
15 450.0939822942262
16 450.1237917948299
17 450.1325632806581
18 450.13519648083
19 450.1359135691283
20 450.1361325374239
21 450.1362005911545
22 450.1362309552462
23 450.1362448188934
24 450.1362423333171
25 450.1362434315186
26 450.1362386122568
27 450.1362361631524
28 450.1362337569493
29 450.1362324865799
30 450.1362324068286