Time X1
0 246.859096184807
1 278.8816816187221
2 330.6589118468518
3 392.995765414912
4 432.1653567660131
5 445.0493298981817
6 448.1426925061725
7 448.8202086761544
8 448.9655195991627
9 448.9965355424641
10 449.0032278518486
11 449.0046111147133
12 449.0048958657742
13 449.0049625383868
14 449.0049870876158
15 449.0049947952647
16 449.0049917975547
17 449.004990625751
18 449.0049860011046
19 449.0049843582219
20 449.0049828183814
21 449.0049827715935
22 449.0049827248056
23 449.0049826780178
24 449.0049826312299
25 449.0049825844421
26 449.0049825376542
27 449.0049824908663
28 449.0049824440785
29 449.0049823972906
30 449.0049823505028