Time X1
0 246.85186999735
1 249.1669772297515
2 253.3707970359445
3 261.1273735537942
4 275.7850927518492
5 304.1930385995145
6 357.8483859800861
7 434.81590644852
8 487.7276196441821
9 503.7381452420211
10 506.9787592829172
11 507.5704023168868
12 507.6762315634053
13 507.6951487422867
14 507.6984794444539
15 507.6990704465824
16 507.6991834252847
17 507.6992238329238
18 507.699223902858
19 507.6992235765894
20 507.6992169505928
21 507.6992130605144
22 507.6992120566401
23 507.6992119291316
24 507.699211801623
25 507.6992116741145
26 507.6992115466059
27 507.6992114190974
28 507.6992112915888
29 507.6992111640802
30 507.6992110365717