Time X1
0 246.855052464567
1 254.1078394224264
2 266.0303076826481
3 285.7931856586662
4 317.7601841594305
5 363.0410056289925
6 408.2953395646583
7 435.1447539825647
8 445.4302674324879
9 448.5988467942564
10 449.5033129795328
11 449.7556970784808
12 449.8256336761316
13 449.8449361230165
14 449.8503880806337
15 449.8518330598782
16 449.8522304269165
17 449.8523480094882
18 449.8523834051224
19 449.852405974229
20 449.8524093511143
21 449.8524076396386
22 449.8524064480264
23 449.852401518822
24 449.8523995897846
25 449.8523976607472
26 449.8523970153532
27 449.8523969565672
28 449.8523968977813
29 449.8523968389952
30 449.8523967802092