Time X1
0 246.8589045133
1 277.6554122954826
2 327.657638265114
3 389.4990560522591
4 430.4016446006593
5 444.4803817328633
6 447.9505410011828
7 448.7237480692132
8 448.8919818847309
9 448.9283847198264
10 448.9362785196098
11 448.9380089016843
12 448.938357002924
13 448.938439108244
14 448.9384651485378
15 448.9384762278161
16 448.9384727132548
17 448.9384725186763
18 448.9384676066977
19 448.9384659946722
20 448.9384643826468
21 448.9384640716999
22 448.9384640259002
23 448.9384639801006
24 448.9384639343009
25 448.9384638885012
26 448.9384638427016
27 448.9384637969019
28 448.9384637511023
29 448.9384637053026
30 448.938463659503