Time X1
0 246.853674661071
1 266.415905792602
2 306.0549877125852
3 383.3446787483681
4 474.7573525622933
5 512.0180302248464
6 518.7372114799184
7 519.6899745366569
8 519.8197905881692
9 519.8374956967269
10 519.8397983183274
11 519.8401347289878
12 519.8401910150171
13 519.8402078498472
14 519.8402044450269
15 519.8401983767408
16 519.8401948990497
17 519.8401927988474
18 519.8401927200972
19 519.8401926413471
20 519.8401925625971
21 519.8401924838469
22 519.8401924050968
23 519.8401923263466
24 519.8401922475965
25 519.8401921688463
26 519.8401920900963
27 519.8401920113461
28 519.840191932596
29 519.8401918538458
30 519.8401917750957