Time X1
0 246.914162647961
1 502.6664011801241
2 503.0839323538611
3 503.0840550074761
4 503.0840478374076
5 503.0840474841949
6 503.0840471309822
7 503.0840467777695
8 503.0840466185271
9 503.0840466081688
10 503.0840465978105
11 503.0840465874522
12 503.0840465830392
13 503.084046583008
14 503.0840465829768
15 503.0840465829456
16 503.0840465829144
17 503.0840465828831
18 503.0840465828519
19 503.0840465828207
20 503.0840465827895
21 503.0840465827583
22 503.0840465827271
23 503.0840465826959
24 503.0840465826647
25 503.0840465826334
26 503.0840465826022
27 503.084046582571
28 503.0840465825398
29 503.0840465825086
30 503.0840465824774