Time X1
0 246.859066706732
1 282.5920214506235
2 341.7479846095192
3 409.6771770587703
4 446.1135987982178
5 456.09432805252
6 458.1692269844993
7 458.5721044067641
8 458.6492828840875
9 458.6640346053633
10 458.6669158161597
11 458.6674271813058
12 458.6675324316145
13 458.6675622423197
14 458.6675723783438
15 458.6675694388323
16 458.667567506001
17 458.6675629916306
18 458.6675611010927
19 458.6675600129959
20 458.6675599585045
21 458.6675599040131
22 458.6675598495218
23 458.6675597950303
24 458.667559740539
25 458.6675596860476
26 458.6675596315562
27 458.6675595770649
28 458.6675595225735
29 458.6675594680821
30 458.6675594135907