Time X1
0 246.85364804077
1 262.3391693850252
2 292.4107637752322
3 350.7682505368518
4 436.2697791972075
5 491.0100119752336
6 505.1847232798432
7 507.6430337037003
8 508.0330781521062
9 508.0940329760694
10 508.103608616948
11 508.1050729011073
12 508.1053006568014
13 508.1053459544457
14 508.1053615931535
15 508.1053583581239
16 508.105354763678
17 508.1053504134522
18 508.105348054363
19 508.1053477778895
20 508.1053477098305
21 508.1053476417716
22 508.1053475737126
23 508.1053475056536
24 508.1053474375947
25 508.1053473695357
26 508.1053473014767
27 508.1053472334177
28 508.1053471653588
29 508.1053470972998
30 508.1053470292408