Time X1
0 246.855092331265
1 254.3414846625917
2 266.6551729474044
3 287.0669360038902
4 319.9729329168336
5 365.952743079471
6 410.5837503000863
7 436.1800570692017
8 445.767986878774
9 448.692012311041
10 449.5223065517545
11 449.7531505951771
12 449.8169834705153
13 449.8346162260478
14 449.8394895682544
15 449.840862056814
16 449.8412147992507
17 449.8413159102965
18 449.8413486056618
19 449.8413686105193
20 449.8413694014737
21 449.841369181163
22 449.8413671133792
23 449.841362857591
24 449.8413609050196
25 449.8413589524482
26 449.8413588301124
27 449.8413587692968
28 449.8413587084814
29 449.8413586476659
30 449.8413585868503