Time X1
0 246.854341451856
1 245.3722558468098
2 243.093701709885
3 239.6113332887391
4 234.3414116363958
5 226.5078972059456
6 215.2323673341345
7 199.9199698003992
8 181.1031314616239
9 161.2802702557987
10 144.1629027915762
11 132.1208342048891
12 124.9514444398515
13 121.130439291238
14 119.2185679537612
15 118.2928725016927
16 117.8518693964021
17 117.6434048967666
18 117.5452280290009
19 117.4990730236325
20 117.4773851053714
21 117.4672123983361
22 117.462439180423
23 117.460207486068
24 117.4591414158861
25 117.4586370879722
26 117.45840691169
27 117.4583058309381
28 117.4582562864459
29 117.4582315960286
30 117.4582198404697