Time X1
0 246.900150782907
1 589.4672362943026
2 589.5851130106358
3 589.5851029689258
4 589.5851025519936
5 589.5851021350616
6 589.5851017181295
7 589.5851016577446
8 589.5851016458516
9 589.5851016339586
10 589.5851016292874
11 589.5851016292524
12 589.5851016292177
13 589.5851016291829
14 589.585101629148
15 589.5851016291132
16 589.5851016290784
17 589.5851016290435
18 589.5851016290087
19 589.5851016289739
20 589.585101628939
21 589.5851016289042
22 589.5851016288694
23 589.5851016288345
24 589.5851016287997
25 589.585101628765
26 589.5851016287301
27 589.5851016286953
28 589.5851016286605
29 589.5851016286256
30 589.5851016285908