Time X1
0 246.914929459758
1 502.8595265033043
2 503.2836821547824
3 503.283808220385
4 503.2838008509719
5 503.2838004976478
6 503.2838001443238
7 503.2837997909998
8 503.2837996282637
9 503.2837996178993
10 503.2837996075348
11 503.2837995971704
12 503.2837995926002
13 503.283799592569
14 503.2837995925377
15 503.2837995925065
16 503.2837995924752
17 503.283799592444
18 503.2837995924128
19 503.2837995923815
20 503.2837995923503
21 503.283799592319
22 503.2837995922878
23 503.2837995922566
24 503.2837995922254
25 503.2837995921941
26 503.2837995921629
27 503.2837995921316
28 503.2837995921004
29 503.2837995920692
30 503.2837995920379