Time X1
0 246.883882093235
1 437.3065814808239
2 481.2665572376501
3 482.7020021996273
4 482.7387462367057
5 482.7396531269503
6 482.7396918977938
7 482.7396852116953
8 482.7396810118507
9 482.7396808709269
10 482.739680730003
11 482.7396805890792
12 482.7396804481553
13 482.7396803072314
14 482.7396801663076
15 482.7396800253837
16 482.7396798844599
17 482.739679762568
18 482.7396797584242
19 482.7396797542804
20 482.7396797501366
21 482.7396797459928
22 482.739679741849
23 482.7396797377053
24 482.7396797335614
25 482.7396797294177
26 482.7396797258965
27 482.7396797258839
28 482.7396797258714
29 482.7396797258589
30 482.7396797258464