Time X1
0 246.854567024541
1 254.5567754277986
2 267.6039076513544
3 289.9802020234249
4 327.3241150525903
5 379.9889156865107
6 427.80659573859
7 451.5694606312474
8 459.2096144916152
9 461.2589094856905
10 461.7797220060702
11 461.910214644603
12 461.9427188083221
13 461.9509376034461
14 461.9529304681607
15 461.9534243653673
16 461.9535562980666
17 461.9535972826478
18 461.9536178545617
19 461.9536153517864
20 461.9536162624624
21 461.953610606962
22 461.9536078786061
23 461.9536051502501
24 461.9536048135071
25 461.9536047250818
26 461.9536046366567
27 461.9536045482315
28 461.9536044598063
29 461.9536043713812
30 461.953604282956