Time X1
0 246.85364804077
1 262.3388152524869
2 292.4096732056836
3 350.7658092422936
4 436.2668277940483
5 491.0087031458759
6 505.1842412431653
7 507.6427248304603
8 508.0327992371713
9 508.0937590813485
10 508.1033355622573
11 508.1047999776641
12 508.1050277543771
13 508.1050730546412
14 508.1050886954645
15 508.1050854602479
16 508.1050818664098
17 508.1050775158067
18 508.1050751567261
19 508.1050748800803
20 508.1050748120215
21 508.1050747439627
22 508.1050746759039
23 508.1050746078452
24 508.1050745397864
25 508.1050744717276
26 508.1050744036688
27 508.10507433561
28 508.1050742675512
29 508.1050741994924
30 508.1050741314336