Time X1
0 246.853621349998
1 262.0922411163369
2 291.6527156723278
3 349.080090294499
4 434.2568821167089
5 490.1893482705582
6 504.9609648267111
7 507.5424398919813
8 507.9538528006172
9 508.0182695438142
10 508.0284897952548
11 508.0300010424712
12 508.0302584383724
13 508.0303153001861
14 508.0303231996156
15 508.0303243080866
16 508.0303170348517
17 508.0303128065747
18 508.0303117791016
19 508.0303116401452
20 508.0303115011888
21 508.0303113622325
22 508.0303112232761
23 508.0303110843197
24 508.0303109453633
25 508.030310806407
26 508.0303106674506
27 508.0303105284943
28 508.0303103895379
29 508.0303102505815
30 508.0303101116252