Time X1
0 246.85895976224
1 277.9524370978921
2 328.3693234956949
3 390.2989519941234
4 430.7521979366202
5 444.528681663634
6 447.9048147686179
7 448.6544757459938
8 448.8171298824588
9 448.852234543681
10 448.8598299762247
11 448.8614884244263
12 448.8618212491166
13 448.8618997978404
14 448.8619254409476
15 448.8619358116478
16 448.8619323665468
17 448.8619319715875
18 448.8619271044591
19 448.861925487217
20 448.8619238699749
21 448.8619236335702
22 448.8619235876034
23 448.8619235416367
24 448.8619234956699
25 448.8619234497031
26 448.8619234037363
27 448.8619233577695
28 448.8619233118027
29 448.861923265836
30 448.8619232198692