Time X1
0 246.937268422208
1 503.985963764969
2 504.687446751764
3 504.6877396230798
4 504.6877288079207
5 504.6877284798263
6 504.6877281517319
7 504.6877278236375
8 504.6877275523258
9 504.687727542597
10 504.6877275328682
11 504.6877275231393
12 504.6877275134105
13 504.6877275133517
14 504.687727513322
15 504.6877275132924
16 504.6877275132628
17 504.6877275132331
18 504.6877275132035
19 504.6877275131738
20 504.6877275131442
21 504.6877275131145
22 504.6877275130849
23 504.6877275130552
24 504.6877275130256
25 504.6877275129959
26 504.6877275129663
27 504.6877275129366
28 504.687727512907
29 504.6877275128774
30 504.6877275128477