Time X1
0 246.853165306899
1 242.9052035503429
2 236.6937287711179
3 227.1427734959903
4 213.081310407387
5 193.9947297644131
6 171.4870987505606
7 149.9342595294198
8 133.7644780670894
9 124.0106895047707
10 118.9516997723526
11 116.5430549639269
12 115.4446607303706
13 114.9537415651962
14 114.7362679598514
15 114.6403345957841
16 114.5980839827335
17 114.5794948816736
18 114.5713125096593
19 114.5677212244662
20 114.56614532971
21 114.5654501541845
22 114.5651373468048
23 114.5650018774675
24 114.564946235784
25 114.5649212229017
26 114.5649094744094
27 114.5649042172136
28 114.5648994759402
29 114.5648968273316
30 114.5648963269205