Time X1
0 246.855047389045
1 254.0773350505291
2 265.948747170223
3 285.6267902698052
4 317.4700686325428
5 362.6546115659239
6 407.9854023436444
7 435.002080409004
8 445.3831902799399
9 448.585782171432
10 449.5005734631786
11 449.7559458258256
12 449.8267400555795
13 449.846282189772
14 449.8518036310521
15 449.8532699641329
16 449.8536721544678
17 449.8537913404046
18 449.8538269162793
19 449.8538496886758
20 449.8538533970759
21 449.8538515180371
22 449.8538504430762
23 449.8538454781979
24 449.8538435646456
25 449.8538416510932
26 449.8538409504308
27 449.8538408922302
28 449.8538408340297
29 449.8538407758292
30 449.8538407176286