Time X1
0 246.937163680947
1 502.2913439228606
2 503.0087396576473
3 503.0090699477874
4 503.0090583145641
5 503.0090579840763
6 503.0090576535885
7 503.0090573231006
8 503.0090570154118
9 503.0090570057257
10 503.0090569960397
11 503.0090569863536
12 503.0090569766676
13 503.0090569748725
14 503.0090569748434
15 503.0090569748141
16 503.009056974785
17 503.0090569747558
18 503.0090569747267
19 503.0090569746975
20 503.0090569746683
21 503.0090569746392
22 503.00905697461
23 503.0090569745809
24 503.0090569745517
25 503.0090569745225
26 503.0090569744933
27 503.0090569744642
28 503.009056974435
29 503.0090569744058
30 503.0090569743767