Time X1
0 246.883961964499
1 437.6239780427125
2 481.3437676898173
3 482.7598470272969
4 482.7958618708468
5 482.7967436276351
6 482.7967812852294
7 482.796774831413
8 482.7967706889765
9 482.7967705476414
10 482.7967704063063
11 482.7967702649711
12 482.796770123636
13 482.7967699823009
14 482.7967698409657
15 482.7967696996306
16 482.7967695582955
17 482.7967694404751
18 482.7967694363184
19 482.7967694321616
20 482.7967694280048
21 482.796769423848
22 482.7967694196913
23 482.7967694155345
24 482.7967694113778
25 482.7967694072211
26 482.7967694038952
27 482.7967694038826
28 482.7967694038701
29 482.7967694038575
30 482.796769403845