Time X1
0 246.850366890548
1 241.6563838130926
2 232.546246754839
3 217.3986532823577
4 194.7459666119622
5 166.8347705650012
6 141.1502436651765
7 124.1092244754161
8 115.4032511305163
9 111.5908970328275
10 110.0396207533288
11 109.4278410181943
12 109.1894896630351
13 109.0970978762783
14 109.0613537707981
15 109.0475471323513
16 109.0422168717904
17 109.0401357554993
18 109.0393318716382
19 109.0390401967522
20 109.0389196252077
21 109.0388711080543
22 109.0388519839597
23 109.0388442644393
24 109.0388381371175
25 109.0388354268995
26 109.0388361561298
27 109.0388356764999
28 109.038835899897
29 109.0388370710769
30 109.03883753125