Time X1
0 246.883881093235
1 437.3063394563399
2 481.2664153778652
3 482.701870355333
4 482.7386147928702
5 482.7395216973873
6 482.73956046887
7 482.7395537826428
8 482.7395495827652
9 482.7395494418415
10 482.7395493009179
11 482.7395491599943
12 482.7395490190706
13 482.739548878147
14 482.7395487372233
15 482.7395485962997
16 482.7395484553761
17 482.7395483334818
18 482.739548329338
19 482.7395483251943
20 482.7395483210506
21 482.7395483169069
22 482.7395483127632
23 482.7395483086195
24 482.7395483044758
25 482.739548300332
26 482.7395482968108
27 482.7395482967982
28 482.7395482967857
29 482.7395482967732
30 482.7395482967607