Time X1
0 246.851514306363
1 246.5674258689301
2 246.0606998991952
3 245.1592454571248
4 243.5610482268364
5 240.7489196562175
6 235.8690910583889
7 227.6163485991483
8 214.3304949627542
9 194.8391365491896
10 170.5634337981243
11 146.9307307362489
12 129.6826721391008
13 119.8778724327265
14 115.1447067323086
15 113.0489162955433
16 112.1573937430208
17 111.7846900869929
18 111.6300223285782
19 111.56603302041
20 111.5395909002685
21 111.528677697181
22 111.5241763794474
23 111.5223221867157
24 111.5215369797006
25 111.5212181603289
26 111.5210951028731
27 111.5210428536373
28 111.5210198118957
29 111.521010196275
30 111.5210060783715