Time X1
0 246.852228985117
1 294.0240270341463
2 429.6509848801376
3 602.945123254449
4 628.2994732965237
5 629.4273113972473
6 629.4720723625757
7 629.4737923064732
8 629.4738924518177
9 629.4738895654322
10 629.4738784046632
11 629.4738754394533
12 629.4738752514924
13 629.4738750635315
14 629.4738748755706
15 629.4738746876097
16 629.4738744996489
17 629.473874311688
18 629.4738741237271
19 629.4738739357662
20 629.4738737478053
21 629.473873648296
22 629.4738736426875
23 629.4738736370789
24 629.4738736314704
25 629.4738736258619
26 629.4738736202534
27 629.4738736146448
28 629.4738736090363
29 629.4738736034278
30 629.4738735978193