Time X1
0 246.916548168284
1 503.0139456531119
2 503.453596464987
3 503.453731025336
4 503.4537231788645
5 503.4537228260982
6 503.4537224733318
7 503.4537221205655
8 503.4537219488117
9 503.45372193846
10 503.4537219281083
11 503.4537219177567
12 503.4537219127693
13 503.4537219127381
14 503.4537219127069
15 503.4537219126757
16 503.4537219126445
17 503.4537219126133
18 503.4537219125821
19 503.4537219125509
20 503.4537219125197
21 503.4537219124884
22 503.4537219124572
23 503.453721912426
24 503.4537219123948
25 503.4537219123636
26 503.4537219123324
27 503.4537219123012
28 503.45372191227
29 503.4537219122388
30 503.4537219122076