Time X1
0 246.851742312356
1 248.2482128168223
2 250.7686601573428
3 255.3642616085882
4 263.8844892959906
5 280.0667630846996
6 311.4716264733997
7 369.5475036482148
8 445.9409661097839
9 491.8057905118105
10 504.5742100915971
11 507.1146468954424
12 507.5801580602601
13 507.6641516902075
14 507.6792763371522
15 507.6820501996425
16 507.6825149387769
17 507.6826059484402
18 507.6826352072496
19 507.6826407898849
20 507.6826386152105
21 507.6826349893756
22 507.6826309923606
23 507.6826290095112
24 507.6826283579488
25 507.6826283020013
26 507.6826282460538
27 507.6826281901064
28 507.6826281341589
29 507.6826280782115
30 507.682628022264