Time X1
0 246.852539880684
1 254.0619691667398
2 267.5449135745615
3 293.6070483344229
4 343.9644549530605
5 422.5896828438526
6 483.6913208604901
7 503.2002537413737
8 507.0575323265288
9 507.7299747953965
10 507.8444277992979
11 507.8638779242249
12 507.8671325339505
13 507.8676862457457
14 507.8677870598428
15 507.8678250299894
16 507.8678239651664
17 507.8678207786734
18 507.8678150305929
19 507.8678111689364
20 507.8678110338744
21 507.8678108988124
22 507.8678107637504
23 507.8678106286883
24 507.8678104936263
25 507.8678103585643
26 507.8678102235023
27 507.8678100884403
28 507.8678099533782
29 507.8678098183162
30 507.8678096832542