Time X1
0 246.937185977978
1 502.3340776285426
2 503.0500056938983
3 503.0503345940605
4 503.050322963868
5 503.0503226332369
6 503.0503223026059
7 503.0503219719749
8 503.0503216649446
9 503.0503216552542
10 503.0503216455638
11 503.0503216358733
12 503.0503216261829
13 503.050321624424
14 503.0503216243948
15 503.0503216243656
16 503.0503216243364
17 503.0503216243072
18 503.0503216242781
19 503.0503216242489
20 503.0503216242197
21 503.0503216241905
22 503.0503216241614
23 503.0503216241322
24 503.050321624103
25 503.0503216240738
26 503.0503216240447
27 503.0503216240155
28 503.0503216239863
29 503.0503216239571
30 503.0503216239279