Time X1
0 246.916547168284
1 503.0294777959003
2 503.4689532514525
3 503.469087688035
4 503.4690798492618
5 503.4690794964269
6 503.469079143592
7 503.469078790757
8 503.4690786191748
9 503.4690786088207
10 503.4690785984666
11 503.4690785881126
12 503.4690785831338
13 503.4690785831025
14 503.4690785830713
15 503.4690785830401
16 503.4690785830089
17 503.4690785829777
18 503.4690785829465
19 503.4690785829152
20 503.469078582884
21 503.4690785828528
22 503.4690785828216
23 503.4690785827904
24 503.4690785827592
25 503.4690785827279
26 503.4690785826967
27 503.4690785826655
28 503.4690785826343
29 503.4690785826031
30 503.4690785825719