Time X1
0 246.936395505233
1 501.8183701035686
2 502.5813774420883
3 502.581749093966
4 502.5817374196363
5 502.5817370927713
6 502.5817367659064
7 502.5817364390414
8 502.5817361133944
9 502.5817361038182
10 502.5817360942421
11 502.5817360846659
12 502.5817360750898
13 502.5817360723243
14 502.5817360722955
15 502.5817360722667
16 502.5817360722378
17 502.581736072209
18 502.5817360721802
19 502.5817360721514
20 502.5817360721226
21 502.5817360720937
22 502.5817360720649
23 502.5817360720361
24 502.5817360720073
25 502.5817360719785
26 502.5817360719496
27 502.5817360719208
28 502.581736071892
29 502.5817360718632
30 502.5817360718344