Time X1
0 246.845139864385
1 202.9740971352566
2 153.6817386772902
3 120.0289239533481
4 105.7239627119212
5 101.0639989253745
6 99.69199430778055
7 99.3005814748532
8 99.18993904906874
9 99.15874257340695
10 99.14997121859645
11 99.14747401419363
12 99.14678655044648
13 99.1465939981277
14 99.14653596224794
15 99.14651904781674
16 99.14651170486913
17 99.14650847052197
18 99.14650907621174
19 99.14650892386291
20 99.14651023074025
21 99.14651069848817
22 99.14651127310786
23 99.14651148800097
24 99.14651150687158
25 99.14651152574217
26 99.14651154461278
27 99.14651156348337
28 99.14651158235398
29 99.14651160122457
30 99.14651162009518