Time X1
0 246.852539880684
1 254.0616230320384
2 267.5438907049337
3 293.6046494375593
4 343.9595535412781
5 422.5833293394853
6 483.6881560195787
7 503.1993103595299
8 507.0571245435373
9 507.7296667226065
10 507.8441374384341
11 507.8635906570839
12 507.8668458145006
13 507.8673996126799
14 507.8675004401767
15 507.867538415845
16 507.8675373517433
17 507.8675341674615
18 507.8675284184735
19 507.867524556249
20 507.8675244211934
21 507.8675242861379
22 507.8675241510824
23 507.8675240160268
24 507.8675238809713
25 507.8675237459157
26 507.8675236108602
27 507.8675234758047
28 507.8675233407491
29 507.8675232056936
30 507.8675230706381