Time X1
0 246.853621349998
1 258.4185985578096
2 279.9391466831683
3 320.7128517326037
4 389.4496661720399
5 458.4718898328881
6 487.8901491642993
7 494.7090525658369
8 495.9994411257555
9 496.2332949398688
10 496.2753085089552
11 496.2829274706672
12 496.2842313995541
13 496.2844875875957
14 496.2845425802792
15 496.2845643822889
16 496.2845614006177
17 496.2845585279824
18 496.2845530881107
19 496.2845500820358
20 496.2845493552884
21 496.2845492626936
22 496.2845491700989
23 496.2845490775041
24 496.2845489849093
25 496.2845488923145
26 496.2845487997198
27 496.284548707125
28 496.2845486145303
29 496.2845485219354
30 496.2845484293407