Time X1
0 246.855047389045
1 257.4977864105423
2 275.6569205473456
3 306.69343648261
4 355.277523803718
5 410.2209537098118
6 444.6164247772658
7 457.0192153391643
8 460.4108672896651
9 461.2594685139792
10 461.4668900655271
11 461.5171981037959
12 461.5294911367359
13 461.5324413553403
14 461.5331277477005
15 461.5333092974727
16 461.533358111623
17 461.5333841516932
18 461.5333823747696
19 461.5333843398989
20 461.5333783873503
21 461.5333758787075
22 461.5333730860377
23 461.5333725925453
24 461.5333725019336
25 461.5333724113219
26 461.5333723207102
27 461.5333722300985
28 461.5333721394867
29 461.533372048875
30 461.5333719582633