Time X1
0 246.93458125202
1 501.1542461353715
2 502.0340081682106
3 502.0344656419891
4 502.0344535755486
5 502.03445311806
6 502.0344526605713
7 502.0344522030827
8 502.0344519089152
9 502.0344518943124
10 502.0344518797095
11 502.0344518651067
12 502.0344518558694
13 502.0344518558214
14 502.0344518557734
15 502.0344518557254
16 502.0344518556774
17 502.0344518556294
18 502.0344518555814
19 502.0344518555334
20 502.0344518554854
21 502.0344518554374
22 502.0344518553894
23 502.0344518553414
24 502.0344518552934
25 502.0344518552454
26 502.0344518551973
27 502.0344518551494
28 502.0344518551013
29 502.0344518550534
30 502.0344518550053