Time X1
0 246.843596536221
1 192.1993236019324
2 139.4232664661995
3 110.635408011381
4 100.6350103131963
5 97.80594649598973
6 97.05640084887318
7 96.86135219399814
8 96.81083858425484
9 96.79779128134643
10 96.7944008338856
11 96.7935284076644
12 96.79331296446057
13 96.79325210114614
14 96.79323583371733
15 96.79322945983054
16 96.79322651398337
17 96.79322728944059
18 96.7932271287378
19 96.793228170221
20 96.79322875362379
21 96.79322919894689
22 96.79322942462086
23 96.79322943818762
24 96.7932294517544
25 96.79322946532116
26 96.79322947888794
27 96.7932294924547
28 96.79322950602148
29 96.79322951958825
30 96.79322953315501