Time X1
0 246.914156339967
1 502.6664037098416
2 503.0837685269528
3 503.083891087141
4 503.0838839230171
5 503.0838835697912
6 503.0838832165653
7 503.0838828633393
8 503.0838827042066
9 503.0838826938482
10 503.0838826834899
11 503.0838826731315
12 503.0838826687238
13 503.0838826686926
14 503.0838826686614
15 503.0838826686302
16 503.083882668599
17 503.0838826685678
18 503.0838826685365
19 503.0838826685053
20 503.0838826684741
21 503.083882668443
22 503.0838826684118
23 503.0838826683806
24 503.0838826683494
25 503.0838826683182
26 503.0838826682869
27 503.0838826682557
28 503.0838826682245
29 503.0838826681933
30 503.0838826681621