Time X1
0 246.849623533809
1 215.6623208640694
2 177.773309950455
3 143.3376185375223
4 121.7946463456018
5 111.8901573709653
6 108.0573569721304
7 106.6801388182732
8 106.198866644046
9 106.0323335419654
10 105.9749121598541
11 105.9551279416522
12 105.9483322931147
13 105.9459987753031
14 105.945175614698
15 105.9448975740224
16 105.9448084054047
17 105.9447752539628
18 105.9447634203628
19 105.9447575082897
20 105.9447539450304
21 105.9447538758323
22 105.9447539404624
23 105.9447540931021
24 105.944755186772
25 105.9447556055525
26 105.9447560468514
27 105.9447564478261
28 105.9447564620149
29 105.9447564762038
30 105.9447564903926