Time X1
0 246.93718709283
1 502.3196853079897
2 503.0358244802455
3 503.0361536121376
4 503.0361419815185
5 503.0361416509124
6 503.0361413203063
7 503.0361409897002
8 503.0361406825554
9 503.0361406728658
10 503.0361406631761
11 503.0361406534864
12 503.0361406437967
13 503.0361406420315
14 503.0361406420023
15 503.0361406419731
16 503.0361406419439
17 503.0361406419148
18 503.0361406418856
19 503.0361406418564
20 503.0361406418272
21 503.0361406417981
22 503.0361406417689
23 503.0361406417397
24 503.0361406417105
25 503.0361406416814
26 503.0361406416521
27 503.036140641623
28 503.0361406415938
29 503.0361406415647
30 503.0361406415354