Time X1
0 246.93458125202
1 501.1373486025898
2 502.0174556809989
3 502.0179135521306
4 502.0179014860232
5 502.0179010286841
6 502.017900571345
7 502.0179001140058
8 502.0178998195758
9 502.0178998049782
10 502.0178997903807
11 502.0178997757831
12 502.0178997665304
13 502.0178997664825
14 502.0178997664345
15 502.0178997663865
16 502.0178997663385
17 502.0178997662906
18 502.0178997662425
19 502.0178997661945
20 502.0178997661466
21 502.0178997660986
22 502.0178997660506
23 502.0178997660026
24 502.0178997659547
25 502.0178997659067
26 502.0178997658587
27 502.0178997658107
28 502.0178997657627
29 502.0178997657147
30 502.0178997656668