Time X1
0 246.93718709283
1 502.3362139334144
2 503.0520686920165
3 503.0523975228356
4 503.052385892798
5 503.0523855621597
6 503.0523852315214
7 503.0523849008831
8 503.0523845938856
9 503.052384584195
10 503.0523845745043
11 503.0523845648137
12 503.052384555123
13 503.0523845533659
14 503.0523845533367
15 503.0523845533075
16 503.0523845532783
17 503.0523845532491
18 503.05238455322
19 503.0523845531907
20 503.0523845531616
21 503.0523845531324
22 503.0523845531032
23 503.052384553074
24 503.0523845530449
25 503.0523845530157
26 503.0523845529865
27 503.0523845529573
28 503.0523845529281
29 503.052384552899
30 503.0523845528698