Time X1
0 246.914084290748
1 500.4785815865418
2 500.9040040816742
3 500.9041277640956
4 500.9041223031461
5 500.9041218542468
6 500.9041214053475
7 500.9041209564483
8 500.9041208929667
9 500.904120878929
10 500.9041208648912
11 500.904120852714
12 500.9041208526688
13 500.9041208526236
14 500.9041208525784
15 500.9041208525333
16 500.9041208524881
17 500.9041208524429
18 500.9041208523977
19 500.9041208523525
20 500.9041208523074
21 500.9041208522622
22 500.904120852217
23 500.9041208521718
24 500.9041208521267
25 500.9041208520815
26 500.9041208520363
27 500.9041208519911
28 500.9041208519459
29 500.9041208519007
30 500.9041208518556