Time X1
0 246.840172042514
1 168.516076141997
2 116.2160588910365
3 97.88629177950288
4 93.36469861736065
5 92.36380164475352
6 92.14784673654583
7 92.10150939442593
8 92.09159436354859
9 92.08945341815215
10 92.08900568711364
11 92.08891345472675
12 92.08889178144037
13 92.08888426460645
14 92.08888280312279
15 92.08888276290432
16 92.08888389031445
17 92.08888447514447
18 92.08888508030634
19 92.08888510141561
20 92.08888512252487
21 92.08888514363413
22 92.0888851647434
23 92.08888518585266
24 92.08888520696192
25 92.08888522807119
26 92.08888524918045
27 92.08888527028971
28 92.08888529139898
29 92.08888531250824
30 92.0888853336175