Time X1
0 246.862027067875
1 296.4625730617216
2 368.3328134318601
3 423.8997251631815
4 442.5698905784311
5 446.4981609949517
6 447.2234452450148
7 447.3538929584262
8 447.377285875533
9 447.3814214277434
10 447.3821545283633
11 447.3822961131031
12 447.3823319375284
13 447.3823438078956
14 447.3823409119603
15 447.382337962926
16 447.3823335222883
17 447.382331310951
18 447.3823306103343
19 447.3823305455782
20 447.3823304808221
21 447.382330416066
22 447.3823303513099
23 447.3823302865538
24 447.3823302217977
25 447.3823301570416
26 447.3823300922855
27 447.3823300275294
28 447.3823299627733
29 447.3823298980172
30 447.3823298332611