Time X1
0 246.916548168284
1 503.0294779284274
2 503.4689533726227
3 503.4690878091979
4 503.4690799704263
5 503.4690796175914
6 503.4690792647565
7 503.4690789119215
8 503.4690787403395
9 503.4690787299857
10 503.4690787196319
11 503.469078709278
12 503.4690787042994
13 503.4690787042682
14 503.4690787042369
15 503.4690787042057
16 503.4690787041745
17 503.4690787041433
18 503.4690787041121
19 503.4690787040809
20 503.4690787040497
21 503.4690787040184
22 503.4690787039872
23 503.469078703956
24 503.4690787039248
25 503.4690787038936
26 503.4690787038624
27 503.4690787038312
28 503.4690787038
29 503.4690787037688
30 503.4690787037375