Time X1
0 246.936974436926
1 502.1315429587372
2 502.8600522502518
3 502.8603925723567
4 502.8603809193788
5 502.8603805898381
6 502.8603802602975
7 502.8603799307567
8 502.8603796184871
9 502.8603796088294
10 502.8603795991718
11 502.8603795895142
12 502.8603795798566
13 502.8603795778128
14 502.8603795777837
15 502.8603795777546
16 502.8603795777256
17 502.8603795776964
18 502.8603795776673
19 502.8603795776383
20 502.8603795776092
21 502.8603795775801
22 502.860379577551
23 502.860379577522
24 502.8603795774929
25 502.8603795774638
26 502.8603795774347
27 502.8603795774056
28 502.8603795773766
29 502.8603795773475
30 502.8603795773184