Time X1
0 246.859073025105
1 278.7121833927724
2 330.2353899374114
3 392.4865425824511
4 431.8788931697436
5 444.9198376755814
6 448.0632753281346
7 448.7536582761936
8 448.9020793823713
9 448.9338312824491
10 448.940701534834
11 448.9421197442359
12 448.9424130011695
13 448.9424818497715
14 448.9425065897578
15 448.9425148229782
16 448.9425117152684
17 448.9425106975046
18 448.9425060157804
19 448.942504377904
20 448.9425027850719
21 448.9425027384427
22 448.9425026918135
23 448.9425026451843
24 448.9425025985551
25 448.9425025519259
26 448.9425025052967
27 448.9425024586675
28 448.9425024120383
29 448.9425023654091
30 448.9425023187799