Time X1
0 246.914084290748
1 503.0376190696358
2 503.4529557955514
3 503.4530767250721
4 503.4530696891686
5 503.4530693346185
6 503.4530689800685
7 503.4530686255184
8 503.4530684691054
9 503.4530684587043
10 503.4530684483031
11 503.453068437902
12 503.4530684336359
13 503.4530684336045
14 503.4530684335732
15 503.4530684335418
16 503.4530684335105
17 503.4530684334791
18 503.4530684334478
19 503.4530684334165
20 503.4530684333851
21 503.4530684333538
22 503.4530684333224
23 503.4530684332911
24 503.4530684332597
25 503.4530684332284
26 503.453068433197
27 503.4530684331657
28 503.4530684331343
29 503.453068433103
30 503.4530684330716