Time X1
0 246.852533741489
1 254.0237690581027
2 267.4324626326025
3 293.3447367637757
4 343.4328399385858
5 421.9115289348546
6 483.3731250033626
7 503.1273524861389
8 507.0430564737644
9 507.7262517692194
10 507.8425938615089
11 507.8623708096893
12 507.8656825229374
13 507.8662451835073
14 507.8663473813881
15 507.8663859085523
16 507.8663849178447
17 507.866381957952
18 507.8663761183095
19 507.8663721993469
20 507.8663720650149
21 507.866371930683
22 507.866371796351
23 507.866371662019
24 507.8663715276871
25 507.8663713933552
26 507.8663712590232
27 507.8663711246913
28 507.8663709903593
29 507.8663708560274
30 507.8663707216954