Time X1
0 246.93458125202
1 501.1372799078181
2 502.0173894721675
3 502.0178473458332
4 502.0178352797263
5 502.0178348223886
6 502.0178343650509
7 502.0178339077132
8 502.0178336132819
9 502.017833598684
10 502.017833584086
11 502.017833569488
12 502.0178335602349
13 502.0178335601869
14 502.017833560139
15 502.0178335600909
16 502.017833560043
17 502.017833559995
18 502.017833559947
19 502.017833559899
20 502.017833559851
21 502.017833559803
22 502.017833559755
23 502.0178335597071
24 502.0178335596591
25 502.0178335596111
26 502.0178335595631
27 502.0178335595151
28 502.0178335594671
29 502.0178335594192
30 502.0178335593711