Time X1
0 246.834926283595
1 1589.129140377592
2 1589.129135171376
3 1589.129135039278
4 1589.129135038613
5 1589.129135037947
6 1589.129135037281
7 1589.129135036615
8 1589.12913503595
9 1589.129135035284
10 1589.129135034618
11 1589.129135033952
12 1589.129135033863
13 1589.129135033861
14 1589.129135033859
15 1589.129135033857
16 1589.129135033855
17 1589.129135033852
18 1589.12913503385
19 1589.129135033848
20 1589.129135033847
21 1589.129135033847
22 1589.129135033847
23 1589.129135033847
24 1589.129135033847
25 1589.129135033847
26 1589.129135033847
27 1589.129135033847
28 1589.129135033847
29 1589.129135033847
30 1589.129135033847