Time X1
0 246.93458125202
1 501.1372800474947
2 502.0173896040552
3 502.0178474777143
4 502.0178354116075
5 502.0178349542691
6 502.0178344969307
7 502.0178340395923
8 502.0178337451608
9 502.0178337305633
10 502.0178337159657
11 502.0178337013681
12 502.0178336921153
13 502.0178336920673
14 502.0178336920193
15 502.0178336919713
16 502.0178336919233
17 502.0178336918754
18 502.0178336918274
19 502.0178336917793
20 502.0178336917314
21 502.0178336916834
22 502.0178336916354
23 502.0178336915874
24 502.0178336915395
25 502.0178336914914
26 502.0178336914435
27 502.0178336913955
28 502.0178336913475
29 502.0178336912995
30 502.0178336912516