Time X1
0 246.914162647961
1 502.65098277399
2 503.0686803524393
3 503.0688031208713
4 503.0687959426299
5 503.0687955894747
6 503.0687952363195
7 503.0687948831643
8 503.0687947237564
9 503.0687947134003
10 503.0687947030443
11 503.0687946926882
12 503.068794688267
13 503.0687946882358
14 503.0687946882046
15 503.0687946881734
16 503.0687946881422
17 503.068794688111
18 503.0687946880798
19 503.0687946880486
20 503.0687946880174
21 503.0687946879862
22 503.0687946879551
23 503.0687946879239
24 503.0687946878926
25 503.0687946878614
26 503.0687946878302
27 503.068794687799
28 503.0687946877679
29 503.0687946877367
30 503.0687946877055