Time X1
0 246.914156339967
1 502.6510478914139
2 503.0685778768338
3 503.0687005510482
4 503.0686933787953
5 503.0686930256265
6 503.0686926724577
7 503.0686923192889
8 503.0686921599916
9 503.0686921496351
10 503.0686921392787
11 503.0686921289222
12 503.0686921245061
13 503.0686921244749
14 503.0686921244437
15 503.0686921244125
16 503.0686921243814
17 503.0686921243502
18 503.0686921243189
19 503.0686921242877
20 503.0686921242565
21 503.0686921242253
22 503.0686921241941
23 503.0686921241629
24 503.0686921241317
25 503.0686921241005
26 503.0686921240693
27 503.0686921240381
28 503.0686921240069
29 503.0686921239757
30 503.0686921239445