Time X1
0 246.859095184807
1 278.8816786209529
2 330.6589061453275
3 392.9957593716962
4 432.1653536381426
5 445.0493285539126
6 448.1426916913689
7 448.820207990348
8 448.9655189432333
9 448.9965348933515
10 449.0032272043296
11 449.0046104675037
12 449.0048952186368
13 449.0049618912677
14 449.0049864404986
15 449.0049941481509
16 449.004991150441
17 449.0049899786381
18 449.0049853539921
19 449.0049837111092
20 449.0049821712684
21 449.0049821244805
22 449.0049820776926
23 449.0049820309047
24 449.0049819841168
25 449.0049819373289
26 449.004981890541
27 449.0049818437531
28 449.0049817969651
29 449.0049817501773
30 449.0049817033893