Time X1
0 246.853565455004
1 261.7594069974305
2 290.6496707892765
3 346.8935658973569
4 431.7154871002289
5 489.2985807688584
6 504.8886186703974
7 507.6367532376472
8 508.0761413687369
9 508.14511085149
10 508.1560616399301
11 508.1576851277802
12 508.1579607980719
13 508.1580190370254
14 508.1580308343212
15 508.1580305900543
16 508.158023374737
17 508.1580193836915
18 508.1580178594116
19 508.1580177301683
20 508.1580176009249
21 508.1580174716816
22 508.1580173424383
23 508.1580172131949
24 508.1580170839515
25 508.1580169547082
26 508.1580168254648
27 508.1580166962215
28 508.1580165669781
29 508.1580164377348
30 508.1580163084914