Time X1
0 246.853772721419
1 263.2920284596951
2 295.3200584570098
3 357.1044493985094
4 443.2889663550052
5 493.5336383969629
6 505.6944153017832
7 507.7497868974987
8 508.0720468756334
9 508.1218560028291
10 508.1296632819735
11 508.1308005237771
12 508.130993005722
13 508.1310414542435
14 508.1310441635519
15 508.1310444621417
16 508.1310375414582
17 508.1310334853361
18 508.1310329661841
19 508.1310328345467
20 508.1310327029094
21 508.131032571272
22 508.1310324396346
23 508.1310323079973
24 508.1310321763598
25 508.1310320447225
26 508.1310319130851
27 508.1310317814477
28 508.1310316498104
29 508.131031518173
30 508.1310313865357