Time X1
0 246.855030229969
1 254.0145417645819
2 265.7833401883677
3 285.2954798609837
4 316.9057873634815
5 361.9281857866274
6 407.4427637401042
7 434.8042521570563
8 445.3747477102353
9 448.6426814875243
10 449.5767398633626
11 449.8375335793016
12 449.9098424950847
13 449.9297960833242
14 449.9354330623048
15 449.9369344901493
16 449.9373441595901
17 449.9374658190812
18 449.9375016216916
19 449.9375246750344
20 449.9375289407509
21 449.9375267667453
22 449.9375259002676
23 449.9375208780289
24 449.9375189995307
25 449.9375171210326
26 449.937516319115
27 449.9375162622459
28 449.9375162053768
29 449.9375161485076
30 449.9375160916385