Time X1
0 246.834926283595
1 1589.094288049292
2 1589.094282843699
3 1589.094282711601
4 1589.094282710936
5 1589.09428271027
6 1589.094282709605
7 1589.094282708939
8 1589.094282708274
9 1589.094282707608
10 1589.094282706943
11 1589.094282706277
12 1589.094282706188
13 1589.094282706186
14 1589.094282706183
15 1589.094282706181
16 1589.094282706179
17 1589.094282706177
18 1589.094282706175
19 1589.094282706172
20 1589.094282706171
21 1589.094282706171
22 1589.094282706171
23 1589.094282706171
24 1589.094282706171
25 1589.094282706171
26 1589.094282706171
27 1589.094282706171
28 1589.094282706171
29 1589.094282706171
30 1589.094282706171