Time X1
0 246.920785187053
1 467.1618619548784
2 467.8208873533391
3 467.8212738331935
4 467.8212636856916
5 467.8212633834998
6 467.821263081308
7 467.8212627791162
8 467.8212624769243
9 467.8212624349069
10 467.8212624258715
11 467.8212624168361
12 467.8212624078007
13 467.8212624035793
14 467.8212624035515
15 467.8212624035237
16 467.821262403496
17 467.8212624034682
18 467.8212624034405
19 467.8212624034127
20 467.8212624033849
21 467.8212624033571
22 467.8212624033294
23 467.8212624033016
24 467.8212624032739
25 467.8212624032461
26 467.8212624032183
27 467.8212624031905
28 467.8212624031628
29 467.821262403135
30 467.8212624031073