Time X1
0 246.849407262728
1 229.0115757039755
2 202.1103741096144
3 168.8495469632604
4 139.0560130497876
5 120.5962083122161
6 111.9956210604604
7 108.5686107392338
8 107.2928661502401
9 106.8302894980743
10 106.664165642367
11 106.6047214112069
12 106.5834698696919
13 106.5758911712617
14 106.573182332951
15 106.5721980553501
16 106.5718594655184
17 106.5717418296761
18 106.5716965646327
19 106.5716800285031
20 106.5716732860157
21 106.5716682502068
22 106.5716666443217
23 106.5716674474387
24 106.5716671169903
25 106.5716677056618
26 106.5716686616654
27 106.5716691083556
28 106.5716695550458
29 106.5716698389069
30 106.5716698531962