Time X1
0 246.853594887587
1 261.9370246353027
2 291.1852837964949
3 348.0640955223353
4 433.0884305501223
5 489.7883029768166
6 504.9341350633304
7 507.591395236071
8 508.0154996426486
9 508.0819769851418
10 508.0925288884088
11 508.0940903085693
12 508.0943562134107
13 508.0944139593324
14 508.0944232705214
15 508.0944239353034
16 508.0944166541663
17 508.0944124709936
18 508.094411296604
19 508.0944111594993
20 508.0944110223947
21 508.09441088529
22 508.0944107481853
23 508.0944106110807
24 508.094410473976
25 508.0944103368714
26 508.0944101997667
27 508.0944100626621
28 508.0944099255574
29 508.0944097884527
30 508.0944096513481