Time X1
0 246.900150782907
1 589.4671794204248
2 589.5850564839792
3 589.5850464423435
4 589.5850460254112
5 589.5850456084788
6 589.5850451915464
7 589.585045131161
8 589.5850451192682
9 589.5850451073753
10 589.585045102704
11 589.5850451026693
12 589.5850451026345
13 589.5850451025997
14 589.5850451025648
15 589.58504510253
16 589.5850451024952
17 589.5850451024603
18 589.5850451024255
19 589.5850451023907
20 589.5850451023558
21 589.585045102321
22 589.5850451022862
23 589.5850451022515
24 589.5850451022166
25 589.5850451021818
26 589.585045102147
27 589.5850451021121
28 589.5850451020773
29 589.5850451020425
30 589.5850451020076