Time X1
0 246.937185977978
1 502.33414409773
2 503.0500701487301
3 503.0503990470036
4 503.0503874168148
5 503.0503870861834
6 503.0503867555521
7 503.0503864249208
8 503.0503861178914
9 503.0503861082011
10 503.0503860985107
11 503.0503860888203
12 503.05038607913
13 503.0503860773711
14 503.0503860773419
15 503.0503860773127
16 503.0503860772835
17 503.0503860772544
18 503.0503860772251
19 503.050386077196
20 503.0503860771668
21 503.0503860771376
22 503.0503860771084
23 503.0503860770793
24 503.0503860770501
25 503.0503860770209
26 503.0503860769917
27 503.0503860769625
28 503.0503860769334
29 503.0503860769042
30 503.050386076875