Time X1
0 246.855042331329
1 250.7468040977988
2 256.9102449434617
3 266.7477562664259
4 282.492235157471
5 307.1920027016902
6 342.6472554011251
7 382.9276814365314
8 413.6491016407671
9 429.0692847865306
10 434.9574828427236
11 436.9457436763632
12 437.5877179432614
13 437.7919726141378
14 437.8566268735377
15 437.8770500796429
16 437.883620556199
17 437.8856561355353
18 437.8862725858841
19 437.8864836339135
20 437.8865522041248
21 437.8865833044227
22 437.886599981219
23 437.8865972714999
24 437.8865997899587
25 437.8865967064729
26 437.8865928609926
27 437.8865904417844
28 437.8865880815113
29 437.886588000613
30 437.8865879197147