Time X1
0 246.852539880684
1 257.7158203033717
2 278.9712625094074
3 322.0962696545026
4 401.6110509343229
5 483.3751774824041
6 513.5415245477192
7 519.1227739694062
8 519.9740967012229
9 520.0996571983288
10 520.1181956534366
11 520.1208236336989
12 520.121233644663
13 520.1213018375223
14 520.1213265602618
15 520.1213229714263
16 520.1213191981278
17 520.1213140304708
18 520.1213111628482
19 520.121311045886
20 520.1213109618973
21 520.1213108779085
22 520.1213107939197
23 520.121310709931
24 520.1213106259422
25 520.1213105419534
26 520.1213104579647
27 520.1213103739759
28 520.1213102899872
29 520.1213102059984
30 520.1213101220096