Time X1
0 246.914929459758
1 502.859588568328
2 503.283743025903
3 503.2838690907668
4 503.2838617214007
5 503.283861368076
6 503.2838610147513
7 503.2838606614267
8 503.2838604986915
9 503.2838604883274
10 503.2838604779633
11 503.2838604675993
12 503.2838604630293
13 503.2838604629981
14 503.2838604629669
15 503.2838604629356
16 503.2838604629044
17 503.2838604628732
18 503.2838604628419
19 503.2838604628107
20 503.2838604627794
21 503.2838604627482
22 503.283860462717
23 503.2838604626858
24 503.2838604626545
25 503.2838604626233
26 503.283860462592
27 503.2838604625608
28 503.2838604625296
29 503.2838604624984
30 503.2838604624671