Time X1
0 246.858932116644
1 277.8702251824927
2 328.1959952172737
3 390.1602936628306
4 430.7740724544591
5 444.6358776903131
6 448.0350848754487
7 448.7898825434893
8 448.9536281876202
9 448.9889620202357
10 448.9966051903791
11 448.9982740765048
12 448.9986089209847
13 448.9986879059696
14 448.9987136033191
15 448.9987240450648
16 448.9987205927625
17 448.9987202130363
18 448.9987153404691
19 448.9987137226906
20 448.9987121049123
21 448.9987118641166
22 448.9987118181356
23 448.9987117721546
24 448.9987117261737
25 448.9987116801927
26 448.9987116342118
27 448.9987115882308
28 448.9987115422499
29 448.998711496269
30 448.998711450288