Time X1
0 246.84502967354
1 204.2889140150171
2 155.222322236398
3 120.850955073666
4 105.9846662600186
5 101.104144487054
6 99.6630531209603
7 99.2514441581971
8 99.13501298653996
9 99.10217054513389
10 99.09290801536432
11 99.09031404859697
12 99.08956805820024
13 99.08936198929239
14 99.08930672952511
15 99.08928974100824
16 99.0892839948643
17 99.08928030911549
18 99.08928003246193
19 99.08928037451889
20 99.08928058868146
21 99.08928160329228
22 99.08928193936258
23 99.08928227543288
24 99.08928247210811
25 99.0892824819438
26 99.08928249177949
27 99.08928250161519
28 99.08928251145088
29 99.08928252128656
30 99.08928253112225