Time X1
0 246.85364804077
1 262.3391721959234
2 292.4107721917488
3 350.7682687961815
4 436.2698003897005
5 491.0100205784849
6 505.1847258364955
7 507.6430350289092
8 508.033079269198
9 508.0940340590016
10 508.1036096942702
11 508.1050739775677
12 508.1053017331257
13 508.1053470307533
14 508.1053626694478
15 508.1053594344203
16 508.1053558399706
17 508.1053514897476
18 508.1053491306578
19 508.1053488541854
20 508.1053487861263
21 508.1053487180673
22 508.1053486500082
23 508.1053485819491
24 508.10534851389
25 508.1053484458309
26 508.1053483777719
27 508.1053483097128
28 508.1053482416538
29 508.1053481735947
30 508.1053481055356