Time X1
0 246.85197031835
1 249.8974188403548
2 255.4537024501595
3 265.7963913982122
4 285.5824321917245
5 324.035191129891
6 391.5779714531439
7 464.6897356051369
8 498.0525331220855
9 505.9349022842597
10 507.4151943939266
11 507.6798048931299
12 507.7266637955478
13 507.7349944478541
14 507.7364318733487
15 507.7366818789475
16 507.7367400105296
17 507.7367568661608
18 507.7367559327919
19 507.7367495779587
20 507.7367456925971
21 507.7367432773483
22 507.7367431476026
23 507.7367430178569
24 507.7367428881112
25 507.7367427583655
26 507.7367426286198
27 507.7367424988741
28 507.7367423691284
29 507.7367422393827
30 507.736742109637