Time X1
0 246.853566455004
1 261.7145615115955
2 290.5078407472037
3 346.5616896057896
4 431.2714820608369
5 489.0671308665171
6 504.7843607248614
7 507.5608951273773
8 508.0053960445383
9 508.0752494299572
10 508.0863484753901
11 508.0879973947397
12 508.0882770529451
13 508.0883356053475
14 508.0883482415143
15 508.0883477332666
16 508.0883405514311
17 508.0883366123497
18 508.0883349798636
19 508.0883348527092
20 508.0883347255549
21 508.0883345984005
22 508.0883344712461
23 508.0883343440918
24 508.0883342169374
25 508.088334089783
26 508.0883339626287
27 508.0883338354743
28 508.0883337083199
29 508.0883335811656
30 508.0883334540111