Time X1
0 246.853773721419
1 263.2920303602199
2 295.3200622171335
3 357.1044562158716
4 443.2889729589785
5 493.5336405107634
6 505.6944156825218
7 507.7497869578266
8 508.0720468849842
9 508.1218560042738
10 508.1296632821961
11 508.1308005238146
12 508.1309930057283
13 508.1310414542424
14 508.1310441635499
15 508.1310444621411
16 508.1310375414577
17 508.1310334853366
18 508.1310329661836
19 508.1310328345462
20 508.1310327029088
21 508.1310325712714
22 508.131032439634
23 508.1310323079966
24 508.1310321763592
25 508.1310320447218
26 508.1310319130844
27 508.131031781447
28 508.1310316498096
29 508.1310315181722
30 508.1310313865348