Time X1
0 246.851920762561
1 249.537762431547
2 254.4266364950523
3 263.488448828619
4 280.7260050374033
5 314.2336951895894
6 375.5592711122216
7 452.0860108609417
8 494.1468848057178
9 505.1351635858581
10 507.2590029771246
11 507.6419788102497
12 507.7100037564583
13 507.7222286030802
14 507.7242908104008
15 507.7246835571914
16 507.7247569049248
17 507.7247876847528
18 507.7247854354572
19 507.72478656812
20 507.7247800123002
21 507.7247775023375
22 507.7247754712983
23 507.7247753978697
24 507.7247753244412
25 507.7247752510127
26 507.7247751775841
27 507.7247751041555
28 507.724775030727
29 507.7247749572985
30 507.7247748838699