Time X1
0 246.859066706732
1 278.709924578034
2 330.2401831714665
3 392.5151748822821
4 431.9250024367339
5 444.9687011291381
6 448.1116881248512
7 448.8017202732233
8 448.9500128657862
9 448.9817260038012
10 448.9885851337095
11 448.9900009430591
12 448.990293546588
13 448.9903622161996
14 448.9903869426805
15 448.9903951274815
16 448.9903920296657
17 448.990390996304
18 448.9903863196315
19 448.9903846810337
20 448.9903830936981
21 448.9903830470472
22 448.9903830003963
23 448.9903829537455
24 448.9903829070946
25 448.9903828604438
26 448.9903828137929
27 448.9903827671421
28 448.9903827204912
29 448.9903826738404
30 448.9903826271895