Time X1
0 246.883961964499
1 437.666825019001
2 481.3769345369428
3 482.7915856410497
4 482.8275389359163
5 482.8284184385649
6 482.8284559915023
7 482.8284495607678
8 482.8284454238412
9 482.82844528246
10 482.8284451410788
11 482.8284449996975
12 482.8284448583162
13 482.828444716935
14 482.8284445755537
15 482.8284444341725
16 482.8284442927912
17 482.8284441753829
18 482.8284441712249
19 482.8284441670668
20 482.8284441629087
21 482.8284441587506
22 482.8284441545925
23 482.8284441504344
24 482.8284441462763
25 482.8284441421183
26 482.8284441388125
27 482.8284441387999
28 482.8284441387873
29 482.8284441387748
30 482.8284441387622