Time X1
0 246.914154762968
1 502.6625499924973
2 503.0799148063196
3 503.0800373718376
4 503.0800302071528
5 503.0800298539378
6 503.0800295007228
7 503.0800291475077
8 503.0800289883609
9 503.080028978003
10 503.080028967645
11 503.0800289572871
12 503.0800289528785
13 503.0800289528473
14 503.0800289528161
15 503.0800289527849
16 503.0800289527537
17 503.0800289527225
18 503.0800289526913
19 503.0800289526601
20 503.0800289526289
21 503.0800289525977
22 503.0800289525665
23 503.0800289525353
24 503.0800289525041
25 503.0800289524728
26 503.0800289524417
27 503.0800289524105
28 503.0800289523793
29 503.0800289523481
30 503.0800289523169