Time X1
0 246.93458125202
1 501.1372112130193
2 502.0173232633161
3 502.0177811395189
4 502.0177690734118
5 502.0177686160737
6 502.0177681587356
7 502.0177677013976
8 502.0177674069643
9 502.0177673923669
10 502.0177673777694
11 502.017767363172
12 502.0177673539192
13 502.0177673538712
14 502.0177673538232
15 502.0177673537752
16 502.0177673537272
17 502.0177673536792
18 502.0177673536313
19 502.0177673535833
20 502.0177673535353
21 502.0177673534873
22 502.0177673534394
23 502.0177673533914
24 502.0177673533434
25 502.0177673532954
26 502.0177673532474
27 502.0177673531994
28 502.0177673531514
29 502.0177673531035
30 502.0177673530555