Time X1
0 246.859060369902
1 282.5445541429524
2 341.6298449042044
3 409.551037493537
4 446.0537354289278
5 456.0682874801722
6 458.1521504655523
7 458.5570420639417
8 458.6346532893551
9 458.6494965322061
10 458.6523975909957
11 458.6529128323269
12 458.6530188854906
13 458.6530487890431
14 458.6530590725267
15 458.6530561086387
16 458.653054220284
17 458.6530496845137
18 458.6530477953451
19 458.6530466927849
20 458.6530466383375
21 458.65304658389
22 458.6530465294426
23 458.6530464749951
24 458.6530464205476
25 458.6530463661002
26 458.6530463116528
27 458.6530462572053
28 458.6530462027578
29 458.6530461483104
30 458.6530460938629