Time X1
0 246.85186999735
1 249.1666378442427
2 253.3698311068434
3 261.1252167146168
4 275.7805875197412
5 304.1838508981951
6 357.8315845030052
7 434.7975349300885
8 487.7198459563527
9 503.736180344501
10 506.9781504256426
11 507.5700503138521
12 507.6759264251012
13 507.6948520391734
14 507.698184255753
15 507.6987755111457
16 507.6988885413411
17 507.6989289556872
18 507.6989290289065
19 507.6989287067793
20 507.6989220798486
21 507.6989181898954
22 507.6989171847692
23 507.6989170572658
24 507.6989169297623
25 507.6989168022589
26 507.6989166747554
27 507.6989165472519
28 507.6989164197485
29 507.698916292245
30 507.6989161647415