Time X1
0 246.855042331329
1 254.0466193851294
2 265.8666191709648
3 285.4591990415058
4 317.1775693713489
5 362.2638404947681
6 407.6702545155643
7 434.8561877473648
8 445.3346913483337
9 448.5720303692319
10 449.4973821037498
11 449.7558129860402
12 449.8274856534626
13 449.8472733521835
14 449.8528656165275
15 449.8543538009609
16 449.8547609180425
17 449.8548817486965
18 449.8549175202398
19 449.8549404948141
20 449.8549445345664
21 449.854942492177
22 449.8549415336296
23 449.8549365356109
24 449.8549346376525
25 449.8549327396942
26 449.8549319838842
27 449.8549319262719
28 449.8549318686595
29 449.8549318110472
30 449.8549317534349