Time X1
0 246.859073025105
1 274.9197100501652
2 319.2225901018052
3 374.9821465799053
4 416.209114787642
5 432.8568322455314
6 437.5718957528942
7 438.7505033826889
8 439.0355093371673
9 439.1038476312204
10 439.1202152287064
11 439.1241805610306
12 439.1251117081998
13 439.125326240619
14 439.1253819234349
15 439.1254039250528
16 439.1254132707234
17 439.1254095645548
18 439.1254099339948
19 439.1254062653538
20 439.1254037566547
21 439.1254023544385
22 439.1254014707703
23 439.1254014313914
24 439.1254013920126
25 439.1254013526337
26 439.1254013132549
27 439.125401273876
28 439.1254012344971
29 439.1254011951183
30 439.1254011557394