Time X1
0 246.862027067875
1 300.7005883201152
2 379.5626112774886
3 436.016533465944
4 452.4256096636164
5 455.4522589965463
6 455.9520130568959
7 456.0329185140682
8 456.0461209313314
9 456.0481568585171
10 456.0485153398848
11 456.0485842764307
12 456.0486050466459
13 456.0486039184857
14 456.0485974490546
15 456.0485934114483
16 456.0485914808619
17 456.0485913459373
18 456.0485912110127
19 456.0485910760881
20 456.0485909411635
21 456.0485908062388
22 456.0485906713142
23 456.0485905363896
24 456.048590401465
25 456.0485902665404
26 456.0485901316158
27 456.0485899966911
28 456.0485898617665
29 456.0485897268419
30 456.0485895919173