Time X1
0 246.851514306363
1 246.6083212487567
2 246.1745559091541
3 245.4019143143945
4 244.0304950715961
5 241.611377733611
6 237.3942838864457
7 230.2008947973884
8 218.4292317989408
9 200.6225283571136
10 177.2605913326918
11 152.7996784363158
12 133.5226884724683
13 121.8935704157771
14 116.0780645365103
15 113.4573954966126
16 112.3336249201083
17 111.8621607623606
18 111.6661933779623
19 111.5850493089147
20 111.5515103376049
21 111.5376433210905
22 111.5319336305753
23 111.5295796579687
24 111.5285772323401
25 111.5281814169917
26 111.5280214825868
27 111.5279566105177
28 111.5279279281291
29 111.5279156875379
30 111.5279099752969