Time X1
0 246.843597536221
1 192.225938295205
2 139.4532049021873
3 110.6521233614261
4 100.6430628127904
5 97.81080766957315
6 97.06027169002684
7 96.86493208328501
8 96.81433492375412
9 96.80126387731016
10 96.79786674825226
11 96.79699245595641
12 96.79677652450677
13 96.79671551272702
14 96.79669920261038
15 96.79669281813794
16 96.79668986524122
17 96.79669063957205
18 96.79669047845211
19 96.79669152171142
20 96.79669210442091
21 96.79669255061455
22 96.79669277592851
23 96.79669278952865
24 96.79669280312881
25 96.79669281672896
26 96.79669283032912
27 96.79669284392926
28 96.79669285752942
29 96.79669287112958
30 96.79669288472972