Time X1
0 246.914200555818
1 502.6926706306253
2 503.1104604052998
3 503.1105831657993
4 503.1105759905043
5 503.1105756372344
6 503.1105752839645
7 503.1105749306947
8 503.1105747713822
9 503.1105747610223
10 503.1105747506624
11 503.1105747403024
12 503.110574735887
13 503.1105747358558
14 503.1105747358246
15 503.1105747357934
16 503.1105747357622
17 503.1105747357309
18 503.1105747356997
19 503.1105747356685
20 503.1105747356373
21 503.1105747356061
22 503.1105747355749
23 503.1105747355437
24 503.1105747355124
25 503.1105747354812
26 503.11057473545
27 503.1105747354188
28 503.1105747353876
29 503.1105747353564
30 503.1105747353251