Time X1
0 246.855047389045
1 254.0370137804371
2 265.8384687766522
3 285.3955598942496
4 317.0523620156556
5 362.0681281330997
6 407.4680221429752
7 434.7093230479488
8 445.2293157333814
9 448.4837461190422
10 449.4148860321793
11 449.67515136091
12 449.7473932375098
13 449.7673517834013
14 449.77299606209
15 449.7745009084433
16 449.7749121999886
17 449.7750344540493
18 449.775070474655
19 449.7750936400831
20 449.7750978987539
21 449.7750957731495
22 449.7750948787302
23 449.7750898633116
24 449.7750879670646
25 449.7750860708176
26 449.7750852871492
27 449.7750852295907
28 449.7750851720321
29 449.7750851144735
30 449.775085056915