Time X1
0 246.840172042514
1 168.5358835283195
2 116.2309708342009
3 97.89320187920652
4 93.36857464797816
5 92.36683610485156
6 92.15066740880714
7 92.10427754530538
8 92.09434980798962
9 92.09220576084878
10 92.09175740024236
11 92.09166502126645
12 92.09164330844429
13 92.09163578837922
14 92.09163431385306
15 92.09163427825497
16 92.09163540010539
17 92.09163598876675
18 92.09163659548692
19 92.09163661657577
20 92.09163663766462
21 92.09163665875347
22 92.09163667984232
23 92.09163670093118
24 92.09163672202003
25 92.09163674310886
26 92.09163676419772
27 92.09163678528657
28 92.09163680637542
29 92.09163682746427
30 92.09163684855312