Time X1
0 246.851997038298
1 250.0913532497312
2 256.008738378425
3 267.0481330720164
4 288.2255912840438
5 329.3241456798589
6 399.6557480753384
7 470.1226278823578
8 499.5660078873089
9 506.236852554634
10 507.4752038226819
11 507.6957207951986
12 507.7345938661213
13 507.7415956811537
14 507.7427450464748
15 507.7429645170886
16 507.7430120511257
17 507.7430310160931
18 507.7430274855672
19 507.7430252280826
20 507.7430196831912
21 507.7430171235869
22 507.7430161060666
23 507.7430160306753
24 507.743015955284
25 507.7430158798927
26 507.7430158045013
27 507.74301572911
28 507.7430156537187
29 507.7430155783273
30 507.743015502936