Time X1
0 246.851742312356
1 248.2898735380308
2 250.8866420714618
3 255.624815628343
4 264.4192988846522
5 281.1474921044122
6 313.629832260085
7 373.2713512029171
8 449.41924509885
9 493.0966121609898
10 504.910184631122
11 507.2385586228245
12 507.6642471447323
13 507.7409036502415
14 507.7547434364152
15 507.757187199126
16 507.7576210304138
17 507.7577050009439
18 507.7577358409782
19 507.7577379026603
20 507.7577372562272
21 507.7577318715998
22 507.7577286508039
23 507.7577263674332
24 507.7577261232209
25 507.7577260576305
26 507.75772599204
27 507.7577259264496
28 507.7577258608591
29 507.7577257952686
30 507.7577257296782