Time X1
0 246.854341451856
1 245.3722533456163
2 243.0936953783207
3 239.6113211628673
4 234.3413909422311
5 226.5078643738662
6 215.2323187299868
7 199.9199040753516
8 181.103053722793
9 161.2801938676438
10 144.162841976751
11 132.1207938559286
12 124.951420540397
13 121.1304256194771
14 119.2185598359422
15 118.2928672003624
16 117.8518654758371
17 117.6434016426822
18 117.5452250940742
19 117.4990702409397
20 117.47738239506
21 117.467209722734
22 117.4624365211778
23 117.4602048346584
24 117.4591387679994
25 117.4586344418971
26 117.458404266543
27 117.4583031861851
28 117.4582536418516
29 117.4582289515212
30 117.4582171960075