Time X1
0 246.845139864385
1 205.3084487702873
2 156.7110553167808
3 121.9061459779185
4 106.536999153956
5 101.4192686345758
6 99.89335430817968
7 99.45405296045946
8 99.32888526086596
9 99.29333060661287
10 99.28323671034799
11 99.28037878946216
12 99.27955699234458
13 99.27932762392552
14 99.27926618222773
15 99.27924725807181
16 99.27923986726466
17 99.27923622953313
18 99.27923673164193
19 99.27923647576672
20 99.27923766006438
21 99.27923814400916
22 99.27923871254522
23 99.27923892174296
24 99.27923894083268
25 99.2792389599224
26 99.27923897901212
27 99.27923899810185
28 99.27923901719157
29 99.2792390362813
30 99.27923905537101