Time X1
0 246.93718609283
1 502.3362137862313
2 503.0520685636282
3 503.0523973944569
4 503.0523857644195
5 503.0523854337814
6 503.0523851031434
7 503.0523847725053
8 503.052384465508
9 503.0523844558174
10 503.0523844461268
11 503.0523844364362
12 503.0523844267456
13 503.0523844249884
14 503.0523844249592
15 503.05238442493
16 503.0523844249009
17 503.0523844248717
18 503.0523844248425
19 503.0523844248133
20 503.0523844247842
21 503.052384424755
22 503.0523844247258
23 503.0523844246966
24 503.0523844246674
25 503.0523844246383
26 503.0523844246091
27 503.0523844245799
28 503.0523844245507
29 503.0523844245216
30 503.0523844244924