Time X1
0 246.851883759151
1 249.2672871601187
2 253.6561191945057
3 261.7641874813214
4 277.1145586368506
5 306.8981346975311
6 362.7382048111057
7 439.9683952884565
8 489.7856282797986
9 504.1957455117254
10 507.0697529096727
11 507.5924570671
12 507.6857632537015
13 507.702445535838
14 507.705369272005
15 507.7058937740486
16 507.7059933620549
17 507.7060319606117
18 507.7060312293017
19 507.7060297552014
20 507.7060234389871
21 507.7060195176204
22 507.706018857306
23 507.7060187285256
24 507.7060185997451
25 507.7060184709647
26 507.7060183421842
27 507.7060182134038
28 507.7060180846233
29 507.7060179558429
30 507.7060178270625