Time X1
0 246.853622349998
1 262.1371730937831
2 291.7950731412258
3 349.4115951633675
4 434.6879660170669
5 490.4090849525082
6 505.0621602619505
7 507.6176192419821
8 508.02436964012
9 508.0879832593637
10 508.0980670842002
11 508.0995564542852
12 508.0998099565658
13 508.0998663403108
14 508.0998736584219
15 508.0998749303899
16 508.0998676665425
17 508.0998634343993
18 508.0998624575199
19 508.0998623184294
20 508.0998621793388
21 508.0998620402482
22 508.0998619011577
23 508.0998617620671
24 508.0998616229765
25 508.0998614838859
26 508.0998613447954
27 508.0998612057048
28 508.0998610666143
29 508.0998609275237
30 508.0998607884331