Time X1
0 246.914155339967
1 502.6509860797429
2 503.0685172433722
3 503.0686399183085
4 503.0686327460072
5 503.0686323928389
6 503.0686320396705
7 503.0686316865022
8 503.068631527204
9 503.0686315168475
10 503.0686315064909
11 503.0686314961344
12 503.0686314917183
13 503.0686314916871
14 503.0686314916559
15 503.0686314916247
16 503.0686314915935
17 503.0686314915623
18 503.0686314915311
19 503.0686314914998
20 503.0686314914686
21 503.0686314914374
22 503.0686314914063
23 503.0686314913751
24 503.0686314913439
25 503.0686314913127
26 503.0686314912815
27 503.0686314912502
28 503.068631491219
29 503.0686314911878
30 503.0686314911566