Time X1
0 246.93458125202
1 501.1372797681415
2 502.0173893402799
3 502.0178472139538
4 502.0178351478468
5 502.0178346905086
6 502.0178342331704
7 502.0178337758322
8 502.0178334814007
9 502.0178334668029
10 502.0178334522051
11 502.0178334376074
12 502.0178334283543
13 502.0178334283063
14 502.0178334282584
15 502.0178334282104
16 502.0178334281624
17 502.0178334281144
18 502.0178334280665
19 502.0178334280185
20 502.0178334279705
21 502.0178334279225
22 502.0178334278746
23 502.0178334278265
24 502.0178334277786
25 502.0178334277306
26 502.0178334276826
27 502.0178334276346
28 502.0178334275867
29 502.0178334275387
30 502.0178334274907