Time X1
0 246.849622533809
1 215.6311607099043
2 177.7199735813844
3 143.2863275345251
4 121.7624431501011
5 111.8725571018246
6 108.0471782623179
7 106.6729890071318
8 106.192907038826
9 106.0268150427591
10 105.9695563494981
11 105.9498319788662
12 105.9430588895365
13 105.9407322639968
14 105.9399130338739
15 105.9396358263573
16 105.9395467969794
17 105.939513932435
18 105.9395021529296
19 105.9394965719257
20 105.9394929482299
21 105.9394925247748
22 105.9394929066052
23 105.9394929100754
24 105.9394937568444
25 105.9394943959285
26 105.9394947920478
27 105.939495188167
28 105.939495286073
29 105.9394952984646
30 105.9394953108562