Time X1
0 246.920786187053
1 469.4729770140243
2 470.1199349675957
3 470.120308309124
4 470.120298491466
5 470.1202982492406
6 470.1202980070154
7 470.1202977647901
8 470.1202975225648
9 470.120297415061
10 470.1202974082229
11 470.1202974013848
12 470.1202973945468
13 470.1202973877087
14 470.1202973875641
15 470.1202973875443
16 470.1202973875244
17 470.1202973875046
18 470.1202973874848
19 470.120297387465
20 470.1202973874452
21 470.1202973874254
22 470.1202973874056
23 470.1202973873857
24 470.120297387366
25 470.1202973873461
26 470.1202973873263
27 470.1202973873065
28 470.1202973872867
29 470.1202973872669
30 470.1202973872471