Time X1
0 246.853674661071
1 262.5407626482002
2 293.0258906128603
3 352.1171414394548
4 437.8146679316957
5 491.5855501768416
6 505.3027123352892
7 507.6673706818558
8 508.0415877719323
9 508.100002738835
10 508.109131071138
11 508.1105256862239
12 508.1107611457983
13 508.1108171552483
14 508.110821981276
15 508.110822596542
16 508.1108153373745
17 508.1108107141543
18 508.1108104415879
19 508.1108102867687
20 508.1108101319495
21 508.1108099771303
22 508.110809822311
23 508.1108096674918
24 508.1108095126726
25 508.1108093578533
26 508.1108092030341
27 508.1108090482149
28 508.1108088933956
29 508.1108087385765
30 508.1108085837572