Time X1
0 246.849407262728
1 231.9736479632618
2 208.4893782290215
3 177.21614480441
4 146.1225267235639
5 124.7032774552223
6 113.9378938806705
7 109.4602587934717
8 107.7539122745127
9 107.1260083260433
10 106.8979579290663
11 106.8155330268366
12 106.7857964927299
13 106.7750701924478
14 106.7712118229568
15 106.7698212193901
16 106.7693080560127
17 106.7691285148669
18 106.7690674080925
19 106.7690435377499
20 106.7690346716679
21 106.7690298507201
22 106.7690267074909
23 106.7690262146111
24 106.7690268337163
25 106.7690267016809
26 106.769027249601
27 106.7690281063291
28 106.7690284402546
29 106.76902877418
30 106.7690290581943