Time X1
0 258.566061619669
1 161.1992343525581
2 158.5512860252816
3 158.4043751847001
4 158.3960242823894
5 158.3955571950573
6 158.395523761476
7 158.3955224318333
8 158.3955251917835
9 158.395526381403
10 158.3955264467374
11 158.3955265120718
12 158.3955265774062
13 158.3955266427406
14 158.395526708075
15 158.3955267734094
16 158.3955268387438
17 158.3955269040781
18 158.3955269694125
19 158.395527019214
20 158.3955270213826
21 158.3955270235512
22 158.3955270257198
23 158.3955270278884
24 158.395527030057
25 158.3955270322255
26 158.3955270343941
27 158.3955270365628
28 158.3955270387314
29 158.3955270407212
30 158.3955270407286