Time X1
0 246.85186999735
1 249.2085245399064
2 253.4896090080583
3 261.3941422160893
4 276.345809342467
5 305.3439357509317
6 359.9621892345016
7 437.125652234041
8 488.7223860554606
9 504.0185945443729
10 507.0921354291488
11 507.6519415013743
12 507.7519208720953
13 507.7697803995023
14 507.7729181744847
15 507.7734769992848
16 507.7735834118798
17 507.7736229466991
18 507.7736226040192
19 507.7736217195908
20 507.7736152304998
21 507.7736113236656
22 507.7736104896734
23 507.7736103614989
24 507.7736102333243
25 507.7736101051498
26 507.7736099769754
27 507.7736098488008
28 507.7736097206263
29 507.7736095924518
30 507.7736094642773