Time X1
0 246.853675661071
1 262.540764544043
2 293.0258943568341
3 352.11714832948
4 437.8146750803132
5 491.5855526408625
6 505.3027127919038
7 507.6673707550187
8 508.0415877833908
9 508.1000027406789
10 508.1091310713595
11 508.1105256862677
12 508.1107611458048
13 508.110817155258
14 508.1108219812818
15 508.1108225965375
16 508.1108153373716
17 508.1108107141496
18 508.1108104415883
19 508.1108102867693
20 508.1108101319503
21 508.1108099771313
22 508.1108098223123
23 508.1108096674932
24 508.1108095126743
25 508.1108093578553
26 508.1108092030362
27 508.1108090482172
28 508.1108088933982
29 508.1108087385792
30 508.1108085837602