Time X1
0 246.855052464567
1 254.0675111395977
2 265.9199923238696
3 285.5618720769269
4 317.3426012023181
5 362.4561220401897
6 407.7814165981431
7 434.8545148138513
8 445.2774230766741
9 448.4971599745374
10 449.4177456174414
11 449.6749519368109
12 449.7463145431656
13 449.7660272005199
14 449.771600709901
15 449.7730836741771
16 449.7734900351924
17 449.7736106393234
18 449.7736464557099
19 449.7736694221863
20 449.7736733538817
21 449.7736713867994
22 449.7736703774996
23 449.7736653933595
24 449.7736634816426
25 449.7736615699258
26 449.7736608407357
27 449.7736607825935
28 449.7736607244513
29 449.7736606663091
30 449.7736606081669