Time X1
0 246.853564455004
1 261.7145577302991
2 290.5078332975921
3 346.561675695944
4 431.2714665151461
5 489.0671250107978
6 504.7843596009274
7 507.560894944865
8 508.0053960157412
9 508.0752494255211
10 508.0863484746768
11 508.0879973946459
12 508.0882770529288
13 508.088335605327
14 508.0883482415254
15 508.0883477332648
16 508.088340551431
17 508.0883366123534
18 508.0883349798621
19 508.0883348527079
20 508.0883347255538
21 508.0883345983996
22 508.0883344712454
23 508.0883343440913
24 508.0883342169371
25 508.0883340897829
26 508.0883339626287
27 508.0883338354745
28 508.0883337083204
29 508.0883335811662
30 508.0883334540121