Time X1
0 246.85186999735
1 252.6927093653144
2 263.8028256522052
3 285.6993961887749
4 329.944474644989
5 409.0309726300933
6 486.0635198544367
7 513.9521856812785
8 519.2786995851909
9 520.1294151204222
10 520.2610046238948
11 520.28130914971
12 520.2843798955428
13 520.284866103696
14 520.2849529557615
15 520.2849789731093
16 520.2849776828224
17 520.2849703012995
18 520.2849656117324
19 520.2849637269593
20 520.2849635699755
21 520.2849634129918
22 520.2849632560082
23 520.2849630990244
24 520.2849629420407
25 520.284962785057
26 520.2849626280732
27 520.2849624710896
28 520.2849623141059
29 520.2849621571221
30 520.2849620001384