Time X1
0 246.914928459758
1 502.8595266204067
2 503.2836822754892
3 503.2838083410932
4 503.2838009716784
5 503.2838006183538
6 503.2838002650294
7 503.2837999117048
8 503.2837997489688
9 503.2837997386047
10 503.2837997282407
11 503.2837997178767
12 503.2837997133067
13 503.2837997132755
14 503.2837997132442
15 503.283799713213
16 503.2837997131818
17 503.2837997131505
18 503.2837997131193
19 503.2837997130881
20 503.2837997130569
21 503.2837997130256
22 503.2837997129944
23 503.2837997129632
24 503.283799712932
25 503.2837997129007
26 503.2837997128695
27 503.2837997128383
28 503.283799712807
29 503.2837997127758
30 503.2837997127446