Time X1
0 246.883882093235
1 437.306339587711
2 481.2664151067062
3 482.7018700827226
4 482.7386145205941
5 482.7395214251296
6 482.739560196613
7 482.7395535103839
8 482.7395493105075
9 482.7395491695841
10 482.7395490286606
11 482.7395488877372
12 482.7395487468137
13 482.7395486058903
14 482.7395484649668
15 482.7395483240434
16 482.73954818312
17 482.7395480612258
18 482.739548057082
19 482.7395480529382
20 482.7395480487943
21 482.7395480446505
22 482.7395480405067
23 482.7395480363629
24 482.7395480322191
25 482.7395480280753
26 482.7395480245539
27 482.7395480245414
28 482.7395480245289
29 482.7395480245164
30 482.7395480245038