Time X1
0 246.937163680947
1 502.2748125258493
2 502.9924932256965
3 502.9928238182123
4 502.992812184445
5 502.9928118539898
6 502.9928115235346
7 502.9928111930794
8 502.9928108852433
9 502.9928108755581
10 502.9928108658728
11 502.9928108561876
12 502.9928108465023
13 502.992810844699
14 502.9928108446699
15 502.9928108446407
16 502.9928108446115
17 502.9928108445824
18 502.9928108445532
19 502.9928108445241
20 502.9928108444949
21 502.9928108444657
22 502.9928108444366
23 502.9928108444074
24 502.9928108443783
25 502.9928108443491
26 502.9928108443199
27 502.9928108442908
28 502.9928108442616
29 502.9928108442325
30 502.9928108442033