Time X1
0 246.850366890548
1 238.4142400612819
2 224.3036178230793
3 202.6675936183233
4 174.5988334688887
5 146.8330927258469
6 127.1151110867505
7 116.60918806683
8 111.9333690859635
9 110.0286352947119
10 109.2816455626685
11 108.9930811985792
12 108.882252533402
13 108.8397886828568
14 108.8235441457963
15 108.8173386559552
16 108.8149397174756
17 108.8140203153395
18 108.8136897777534
19 108.8135552029503
20 108.8135015512096
21 108.8134805666104
22 108.8134721812434
23 108.8134679559998
24 108.813464570987
25 108.8134632745969
26 108.8134640668297
27 108.8134640853974
28 108.8134641508827
29 108.813464724606
30 108.8134655659696