Time X1
0 246.853165306899
1 242.9433599162268
2 236.7895819813563
3 227.3214687401848
4 213.3658555836957
5 194.3839444688461
6 171.9235120927173
7 150.3158042276124
8 134.0254120815917
9 124.1601387523114
10 119.0302064959455
11 116.5841728399095
12 115.4677743866039
13 114.9685504822705
14 114.7473135246959
15 114.6496906693919
16 114.6066839626637
17 114.5877572374968
18 114.5794244457037
19 114.5757651105911
20 114.5741600584022
21 114.5734519339687
22 114.5731329769806
23 114.5729947699423
24 114.5729379653415
25 114.5729124816365
26 114.5729005134702
27 114.5728951449797
28 114.5728904235201
29 114.5728877175695
30 114.5728871533136