Time X1
0 246.850366890548
1 238.3750446466051
2 224.2054932695513
3 202.4987997260576
4 174.3850865066873
5 146.6434270392593
6 126.9948449473574
7 116.5473100236931
8 111.9032124576254
9 110.0126950977558
10 109.271591925489
11 108.9853833207842
12 108.8754879974543
13 108.8333914424855
14 108.8172911442611
15 108.8111419420845
16 108.8087652569204
17 108.8078547241248
18 108.807527517716
19 108.8073941891447
20 108.8073410513452
21 108.8073202808936
22 108.8073119822073
23 108.8073077610909
24 108.8073043999559
25 108.8073031290988
26 108.8073039485195
27 108.8073039401686
28 108.8073040125632
29 108.8073045936496
30 108.8073054270281