Time X1
0 246.927750886484
1 498.9312430600249
2 500.4293820074629
3 500.4306608881495
4 500.4306479560429
5 500.4306475809969
6 500.4306472059509
7 500.4306468309049
8 500.430646455859
9 500.430646315994
10 500.4306463043197
11 500.4306462926454
12 500.4306462809711
13 500.4306462720915
14 500.430646272054
15 500.4306462720166
16 500.4306462719792
17 500.4306462719418
18 500.4306462719045
19 500.4306462718671
20 500.4306462718297
21 500.4306462717923
22 500.4306462717549
23 500.4306462717175
24 500.4306462716801
25 500.4306462716427
26 500.4306462716053
27 500.4306462715679
28 500.4306462715305
29 500.4306462714931
30 500.4306462714557