Time X1
0 246.853594887587
1 261.9373796689485
2 291.1863756805168
3 348.0665547852088
4 433.0915023377488
5 489.7897054244864
6 504.934640236728
7 507.5917092844168
8 508.0157803723006
9 508.0822521059529
10 508.0928030771781
11 508.0943643531863
12 508.0946302330324
13 508.0946879765769
14 508.0946972830023
15 508.0946979493285
16 508.0946906681688
17 508.0946864847872
18 508.0946853109521
19 508.0946851738389
20 508.0946850367256
21 508.0946848996124
22 508.0946847624991
23 508.0946846253859
24 508.0946844882726
25 508.0946843511594
26 508.0946842140461
27 508.0946840769329
28 508.0946839398196
29 508.0946838027064
30 508.0946836655932