Time X1
0 240.895269945264
1 165.3923174365723
2 145.4257051554478
3 137.7611708445015
4 134.5952108774001
5 133.2579950704955
6 132.6885628288896
7 132.4453082660125
8 132.3412511482536
9 132.2967141483932
10 132.2776483140986
11 132.2694843886159
12 132.2659960678536
13 132.2645073017137
14 132.2638483899334
15 132.2635755087754
16 132.2634630379575
17 132.2634155204757
18 132.2633937618617
19 132.2633841387257
20 132.2633798173859
21 132.2633756525265
22 132.2633733010794
23 132.2633727630445
24 132.2633740384218
25 132.2633736619217
26 132.2633737194792
27 132.2633742168605
28 132.2633751540656
29 132.2633755119259
30 132.2633757697633