Time X1
0 246.914200555818
1 502.6926089435891
2 503.1103998864915
3 503.1105226477131
4 503.1105154723677
5 503.1105151190978
6 503.110514765828
7 503.1105144125582
8 503.1105142532447
9 503.1105142428847
10 503.1105142325246
11 503.1105142221646
12 503.1105142177491
13 503.1105142177179
14 503.1105142176867
15 503.1105142176555
16 503.1105142176243
17 503.110514217593
18 503.1105142175618
19 503.1105142175306
20 503.1105142174994
21 503.1105142174682
22 503.110514217437
23 503.1105142174058
24 503.1105142173746
25 503.1105142173434
26 503.1105142173122
27 503.110514217281
28 503.1105142172497
29 503.1105142172185
30 503.1105142171873