Time X1
0 246.859060369902
1 278.6634589466015
2 330.1239617744451
3 392.3749206698485
4 431.8458204650607
5 444.9329198530319
6 448.0897956385203
7 448.7834023986302
8 448.9325597856235
9 448.9644778528683
10 448.9713353733562
11 448.9728121248176
12 448.9731071205776
13 448.9731763976324
14 448.9732011772836
15 448.9732095059472
16 448.9732063796023
17 448.9732053883988
18 448.9732006967731
19 448.9731990595483
20 448.9731974576906
21 448.9731974110833
22 448.9731973644759
23 448.9731973178686
24 448.9731972712613
25 448.973197224654
26 448.9731971780466
27 448.9731971314393
28 448.973197084832
29 448.9731970382247
30 448.9731969916173