Time X1
0 246.920786187053
1 467.1469489859277
2 467.8062078046632
3 467.8065945736282
4 467.8065844301307
5 467.8065841281508
6 467.8065838261708
7 467.8065835241909
8 467.8065832222109
9 467.8065831798465
10 467.8065831708185
11 467.8065831617905
12 467.8065831527625
13 467.8065831485256
14 467.8065831484978
15 467.8065831484701
16 467.8065831484423
17 467.8065831484146
18 467.8065831483868
19 467.8065831483591
20 467.8065831483314
21 467.8065831483036
22 467.8065831482759
23 467.8065831482481
24 467.8065831482204
25 467.8065831481927
26 467.8065831481649
27 467.8065831481372
28 467.8065831481094
29 467.8065831480817
30 467.806583148054