Time X1
0 246.855047389045
1 250.7765633481458
2 256.9876738663091
3 266.9022422198914
4 282.7694383074934
5 307.6459774943993
6 343.272807745366
7 383.5365795669223
8 414.0210337646922
9 429.2281232992389
10 435.0151130594072
11 436.9661079214734
12 437.5955967230351
13 437.7957522536798
14 437.8591094637827
15 437.8791261181341
16 437.8855516000075
17 437.8875197380838
18 437.8881316040668
19 437.8883396085045
20 437.888407151725
21 437.8884319340511
22 437.88844991061
23 437.8884545885026
24 437.8884509574605
25 437.8884515711632
26 437.8884488800948
27 437.8884452057303
28 437.8884437730617
29 437.8884423403932
30 437.8884416628394