Time X1
0 246.914162647961
1 505.2456199845642
2 505.6531917428496
3 505.6533010005315
4 505.6532960221886
5 505.6532954533017
6 505.6532948844148
7 505.6532944210225
8 505.6532944024345
9 505.6532943838466
10 505.6532943652586
11 505.6532943586228
12 505.6532943585602
13 505.6532943584976
14 505.6532943584351
15 505.6532943583725
16 505.6532943583099
17 505.6532943582473
18 505.6532943581847
19 505.6532943581221
20 505.6532943580595
21 505.6532943579969
22 505.6532943579343
23 505.6532943578717
24 505.6532943578092
25 505.6532943577466
26 505.653294357684
27 505.6532943576214
28 505.6532943575588
29 505.6532943574962
30 505.6532943574337