Time X1
0 246.914084290748
1 503.037619317605
2 503.4529560363363
3 503.4530769658522
4 503.45306992995
5 503.4530695754001
6 503.4530692208502
7 503.4530688663003
8 503.4530687098872
9 503.4530686994859
10 503.4530686890845
11 503.4530686786832
12 503.453068674417
13 503.4530686743857
14 503.4530686743543
15 503.453068674323
16 503.4530686742917
17 503.4530686742603
18 503.453068674229
19 503.4530686741976
20 503.4530686741663
21 503.4530686741349
22 503.4530686741036
23 503.4530686740722
24 503.4530686740409
25 503.4530686740095
26 503.4530686739782
27 503.4530686739468
28 503.4530686739155
29 503.4530686738841
30 503.4530686738528