Time X1
0 246.85197031835
1 246.4841889684277
2 245.8430159080706
3 244.7282894884151
4 242.7987433318352
5 239.4870456124065
6 233.8908559926613
7 224.7009851482038
8 210.4060813627694
9 190.2919643451297
10 166.4434432385946
11 144.3344584650634
12 128.7485069870266
13 120.0020497508422
14 115.7598692114477
15 113.8543807284815
16 113.0287071531097
17 112.6765647075732
18 112.5274018797867
19 112.4644043989879
20 112.4378326909208
21 112.4266207484406
22 112.4219098594647
23 112.4199277797315
24 112.4190646101261
25 112.418717279116
26 112.4185733664627
27 112.4185143135761
28 112.4184876154017
29 112.4184759851928
30 112.4184708247053