Time X1
0 246.851920762561
1 246.1339421315506
2 244.884995503753
3 242.7243141627703
4 239.0205417935047
5 232.7820077018718
6 222.6106390471453
7 207.0185100828461
8 185.6775931612973
9 161.492671493583
10 140.3418911391418
11 126.2474788849665
12 118.6572780941941
13 115.066208117626
14 113.47547238684
15 112.7918346767371
16 112.5018736688369
17 112.3795839271787
18 112.3281321350574
19 112.3065048842712
20 112.2974220701156
21 112.2936122201771
22 112.2920179233529
23 112.2913269598344
24 112.2910428547692
25 112.2909305615706
26 112.2908828781082
27 112.2908614922451
28 112.2908522889446
29 112.290847551676
30 112.2908436218026