Time X1
0 246.927751886484
1 498.9129324000459
2 500.4116544119804
3 500.4129346019338
4 500.4129216622626
5 500.4129212872668
6 500.4129209122709
7 500.4129205372751
8 500.4129201622792
9 500.412920022184
10 500.4129200105112
11 500.4129199988383
12 500.4129199871655
13 500.4129199782747
14 500.4129199782373
15 500.4129199781999
16 500.4129199781625
17 500.4129199781251
18 500.4129199780877
19 500.4129199780503
20 500.4129199780129
21 500.4129199779755
22 500.4129199779381
23 500.4129199779007
24 500.4129199778633
25 500.4129199778259
26 500.4129199777885
27 500.4129199777512
28 500.4129199777138
29 500.4129199776764
30 500.412919977639