Time X1
0 246.852021977193
1 250.2725714117166
2 256.5278968376281
3 268.2217235305652
4 290.7085351667243
5 334.2541344420139
6 406.8165946196451
7 474.4863930316033
8 500.7149379301409
9 506.4635169982125
10 507.520995005336
11 507.7086951122179
12 507.7417211870605
13 507.7476564129456
14 507.748629014098
15 507.7488154777162
16 507.748857968428
17 507.7488741883145
18 507.7488705198968
19 507.7488681639585
20 507.7488627649835
21 507.7488603925639
22 507.7488593623686
23 507.7488592937804
24 507.7488592251921
25 507.7488591566038
26 507.7488590880155
27 507.7488590194272
28 507.748858950839
29 507.7488588822507
30 507.7488588136624