Time X1
0 246.921210817214
1 503.3079133400888
2 503.7958326850706
3 503.7959947674881
4 503.7959856660456
5 503.7959853155887
6 503.7959849651317
7 503.7959846146748
8 503.7959844159053
9 503.7959844056126
10 503.7959843953199
11 503.7959843850272
12 503.7959843787793
13 503.7959843787483
14 503.7959843787173
15 503.7959843786862
16 503.7959843786551
17 503.7959843786241
18 503.795984378593
19 503.795984378562
20 503.7959843785309
21 503.7959843784998
22 503.7959843784688
23 503.7959843784378
24 503.7959843784067
25 503.7959843783756
26 503.7959843783445
27 503.7959843783135
28 503.7959843782825
29 503.7959843782514
30 503.7959843782203