Time X1
0 246.936395505233
1 504.5717257113261
2 505.3172544536442
3 505.3175787341877
4 505.3175677792314
5 505.3175674528999
6 505.3175671265683
7 505.3175668002368
8 505.317566513881
9 505.3175665042049
10 505.3175664945288
11 505.3175664848526
12 505.3175664751765
13 505.3175664743525
14 505.317566474323
15 505.3175664742935
16 505.317566474264
17 505.3175664742345
18 505.317566474205
19 505.3175664741755
20 505.317566474146
21 505.3175664741166
22 505.3175664740871
23 505.3175664740576
24 505.3175664740281
25 505.3175664739986
26 505.3175664739691
27 505.3175664739396
28 505.3175664739102
29 505.3175664738807
30 505.3175664738512