Time X1
0 246.927751886484
1 498.9312432418407
2 500.4293821490759
3 500.4306610297148
4 500.4306480976076
5 500.430647722562
6 500.4306473475164
7 500.4306469724708
8 500.4306465974253
9 500.4306464575603
10 500.4306464458858
11 500.4306464342113
12 500.4306464225368
13 500.430646413657
14 500.4306464136196
15 500.4306464135822
16 500.4306464135449
17 500.4306464135075
18 500.4306464134701
19 500.4306464134327
20 500.4306464133953
21 500.4306464133579
22 500.4306464133205
23 500.4306464132831
24 500.4306464132457
25 500.4306464132083
26 500.4306464131709
27 500.4306464131335
28 500.4306464130961
29 500.4306464130587
30 500.4306464130213