Time X1
0 246.937268422208
1 504.0025808231624
2 504.7037816870687
3 504.7040743007779
4 504.7040634866111
5 504.704063158426
6 504.7040628302408
7 504.7040625020557
8 504.7040622309102
9 504.7040622211787
10 504.7040622114471
11 504.7040622017155
12 504.704062191984
13 504.7040621919369
14 504.7040621919072
15 504.7040621918776
16 504.7040621918479
17 504.7040621918183
18 504.7040621917886
19 504.704062191759
20 504.7040621917293
21 504.7040621916997
22 504.70406219167
23 504.7040621916403
24 504.7040621916107
25 504.704062191581
26 504.7040621915514
27 504.7040621915217
28 504.7040621914921
29 504.7040621914624
30 504.7040621914327