Time X1
0 246.851278149231
1 232.0317598875756
2 210.2841434134915
3 182.269463276236
4 153.5732514726154
5 131.9021715194382
6 119.6347766984635
7 113.9233319827298
8 111.5222277158689
9 110.5580288520631
10 110.1779991572771
11 110.0293467585197
12 109.9713643763706
13 109.9487752628326
14 109.9399832995591
15 109.9365644963633
16 109.9352344837482
17 109.9347041653472
18 109.93450178419
19 109.9344285434704
20 109.9343979881065
21 109.934385627658
22 109.9343804622794
23 109.9343761008964
24 109.9343741022203
25 109.9343744662509
26 109.9343746327547
27 109.9343746266966
28 109.9343752287785
29 109.9343760370586
30 109.9343763601149