Time X1
0 246.852021977193
1 250.2725741471078
2 256.5279046468886
3 268.2217411131327
4 290.708572212052
5 334.2542073984419
6 406.8166978046606
7 474.4864535308378
8 500.7149542401615
9 506.4635210502577
10 507.5209966811906
11 507.7086963535172
12 507.7417223637738
13 507.7476575670579
14 507.7486301655938
15 507.7488166292894
16 507.7488591212035
17 507.7488753401535
18 507.7488716721394
19 507.7488693152437
20 507.7488639166168
21 507.7488615439716
22 507.7488605140923
23 507.7488604454959
24 507.7488603768996
25 507.7488603083032
26 507.7488602397069
27 507.7488601711106
28 507.7488601025142
29 507.7488600339179
30 507.7488599653216