Time X1
0 246.851278149231
1 232.0676437654347
2 210.3635285019664
3 182.3832418146256
4 153.6868001351732
5 131.9827503580201
6 119.6802363569765
7 113.9472826079026
8 111.5361893707263
9 110.5675565159517
10 110.1856918661708
11 110.0362703452222
12 109.9779813075515
13 109.9552600061324
14 109.9464253862139
15 109.9429905829949
16 109.9416387503215
17 109.9411056738692
18 109.9409113257837
19 109.9408359842112
20 109.9408045098717
21 109.9407919917765
22 109.9407869434267
23 109.9407827398785
24 109.9407804362899
25 109.9407801997442
26 109.9407810375641
27 109.9407808339354
28 109.9407811359473
29 109.9407819435999
30 109.9407824844556