Time X1
0 246.851998038298
1 250.0913564286575
2 256.0087456130053
3 267.0481481296135
4 288.2256219394578
5 329.3242056258937
6 399.6558364374073
7 470.1226841250154
8 499.5660233614181
9 506.2368560142222
10 507.4752049191421
11 507.6957214642759
12 507.7345944591086
13 507.7415962603612
14 507.7427456234487
15 507.7429650936169
16 507.7430126275463
17 507.7430315925081
18 507.7430280619695
19 507.7430258045175
20 507.7430202596171
21 507.7430177000218
22 507.7430166824893
23 507.7430166070983
24 507.7430165317073
25 507.7430164563164
26 507.7430163809254
27 507.7430163055344
28 507.7430162301434
29 507.7430161547525
30 507.7430160793615