Time X1
0 246.85186899735
1 249.1666374033348
2 253.3698316751321
3 261.1252191626804
4 275.7805936152862
5 304.1838641970334
6 357.8316095234965
7 434.7975626872332
8 487.7198578802549
9 503.736183475344
10 506.9781514881099
11 507.5700509819156
12 507.6759270207446
13 507.6948526217011
14 507.6981848359122
15 507.6987760909062
16 507.6988891210201
17 507.6989295353568
18 507.6989296085698
19 507.6989292864368
20 507.6989226595062
21 507.6989187695531
22 507.698917764428
23 507.6989176369243
24 507.6989175094205
25 507.6989173819168
26 507.698917254413
27 507.6989171269092
28 507.6989169994055
29 507.6989168719018
30 507.698916744398