Time X1
0 246.85197031835
1 249.8974174737542
2 255.4536985585632
3 265.7963826730573
4 285.5824138719864
5 324.035154483972
6 391.5779141864973
7 464.6896948702937
8 498.0525210382683
9 505.934899432163
10 507.4151934029524
11 507.6798042418981
12 507.7266632052094
13 507.7349938684689
14 507.7364312958481
15 507.7366813017763
16 507.736739433427
17 507.7367562890729
18 507.7367553557112
19 507.736749000876
20 507.7367451155081
21 507.7367427002612
22 507.7367425705151
23 507.736742440769
24 507.736742311023
25 507.736742181277
26 507.7367420515309
27 507.7367419217848
28 507.7367417920387
29 507.7367416622927
30 507.7367415325466