Time X1
0 246.8550728626
1 254.2244371112069
2 266.3421024568472
3 286.4291226456052
4 318.8666622109072
5 364.5047419083382
6 409.4560322676454
7 435.6740022640537
8 445.6040064005022
9 448.6468336055275
10 449.5132102241213
11 449.7545835152151
12 449.8213638265971
13 449.8397840899372
14 449.8449780813218
15 449.8463444174271
16 449.8467239157638
17 449.8468357028226
18 449.8468704485978
19 449.8468922139153
20 449.8468943046465
21 449.8468932785187
22 449.8468916341405
23 449.8468868658884
24 449.846884878663
25 449.8468828914377
26 449.8468824602625
27 449.8468823992662
28 449.8468823382699
29 449.8468822772737
30 449.8468822162774