Time X1
0 246.852534741489
1 254.0237708976958
2 267.432466123031
3 293.3447435912823
4 343.4328526775425
5 421.9115445172342
6 483.3731321091758
7 503.127354051004
8 507.0430567524267
9 507.7262518168924
10 507.8425938695644
11 507.8623708110441
12 507.8656825231521
13 507.8662451835474
14 507.8663473814012
15 507.8663859085531
16 507.8663849178452
17 507.8663819579478
18 507.8663761183082
19 507.8663721993468
20 507.8663720650149
21 507.8663719306829
22 507.866371796351
23 507.866371662019
24 507.8663715276871
25 507.8663713933551
26 507.8663712590231
27 507.8663711246912
28 507.8663709903593
29 507.8663708560273
30 507.8663707216953