Time X1
0 246.8550718626
1 254.2241125809516
2 266.341228419337
3 286.4273206493296
4 318.8634816365428
5 364.5004454271135
6 409.4524685554424
7 435.6721533326971
8 445.6031457147416
9 448.6463288877994
10 449.5128152097254
11 449.7542207339582
12 449.8210104232494
13 449.8394333525151
14 449.8446281316074
15 449.8459947097707
16 449.8463742647974
17 449.8464860699948
18 449.8465208180763
19 449.8465425861353
20 449.8465446808721
21 449.8465436526072
22 449.8465420095912
23 449.8465372408006
24 449.8465352537215
25 449.8465332666424
26 449.8465328348341
27 449.8465327738433
28 449.8465327128525
29 449.8465326518617
30 449.8465325908709