Time X1
0 246.8550718626
1 254.2244367710081
2 266.342103195003
3 286.4291251641891
4 318.8666673793392
5 364.5047493734648
6 409.4560387282988
7 435.6740057656468
8 445.6040081263121
9 448.6468346759077
10 449.5132110885282
11 449.7545843180661
12 449.8213646112677
13 449.8397848693654
14 449.8449788591838
15 449.8463451948044
16 449.8467246930249
17 449.8468364800464
18 449.8468712258164
19 449.8468929911286
20 449.8468950818523
21 449.8468940557287
22 449.8468924113482
23 449.8468876430973
24 449.8468856558714
25 449.8468836686455
26 449.8468832374713
27 449.8468831764749
28 449.8468831154785
29 449.8468830544821
30 449.8468829934857