Time X1
0 246.852228985117
1 294.0838211003143
2 429.9109097258143
3 603.1130579591338
4 628.3671405713994
5 629.4887136392001
6 629.5331757020438
7 629.5348831138662
8 629.5349826311602
9 629.5349796434914
10 629.5349684884885
11 629.5349655441776
12 629.5349653562774
13 629.5349651683774
14 629.5349649804773
15 629.5349647925773
16 629.5349646046772
17 629.5349644167771
18 629.534964228877
19 629.534964040977
20 629.5349638530769
21 629.5349637545401
22 629.5349637489342
23 629.5349637433283
24 629.5349637377224
25 629.5349637321166
26 629.5349637265107
27 629.5349637209048
28 629.5349637152989
29 629.534963709693
30 629.5349637040872