Time X1
0 246.91460006866
1 502.6521775224558
2 503.0739625379606
3 503.0740875742324
4 503.0740802550991
5 503.0740799022454
6 503.0740795493917
7 503.0740791965381
8 503.0740790345266
9 503.0740790241789
10 503.0740790138311
11 503.0740790034834
12 503.0740789989398
13 503.0740789989086
14 503.0740789988774
15 503.0740789988463
16 503.0740789988151
17 503.0740789987839
18 503.0740789987528
19 503.0740789987216
20 503.0740789986904
21 503.0740789986592
22 503.0740789986281
23 503.0740789985969
24 503.0740789985657
25 503.0740789985345
26 503.0740789985034
27 503.0740789984721
28 503.074078998441
29 503.0740789984098
30 503.0740789983786