Time X1
0 246.852539880684
1 254.0616244125351
2 267.5438947303622
3 293.6046587400556
4 343.9595722469313
5 422.5833531146173
6 483.6881674005454
7 503.1993133553966
8 507.0571255496266
9 507.7296673632997
10 507.84413801504
11 507.8635912226288
12 507.8668463781096
13 507.8674001759875
14 507.8675010034381
15 507.8675389790882
16 507.8675379149848
17 507.8675347306958
18 507.8675289817111
19 507.8675251194875
20 507.867524984432
21 507.8675248493764
22 507.8675247143208
23 507.8675245792653
24 507.8675244442097
25 507.8675243091542
26 507.8675241740986
27 507.8675240390431
28 507.8675239039875
29 507.867523768932
30 507.8675236338764