Time X1
0 248
1 506.785341138123
2 649.6274495673267
3 652.2094841221608
4 652.2331167980586
5 652.233358318941
6 652.2333463378241
7 652.233340916353
8 652.2333406918343
9 652.2333404673155
10 652.2333402427969
11 652.2333400182781
12 652.2333397937595
13 652.2333395692407
14 652.2333393825468
15 652.2333393760509
16 652.233339369555
17 652.233339363059
18 652.2333393565632
19 652.2333393500672
20 652.2333393435714
21 652.2333393373123
22 652.2333393372929
23 652.2333393372736
24 652.2333393372543
25 652.233339337235
26 652.2333393372157
27 652.2333393371964
28 652.2333393371771
29 652.2333393371578
30 652.2333393371384