Time X1
0 246.8589045133
1 277.6550718088936
2 327.65675774933
3 389.4978948331444
4 430.4008697674387
5 444.4799358581895
6 447.9502078753462
7 448.7234450780394
8 448.8916864085235
9 448.928091065533
10 448.9359852992364
11 448.9377157890306
12 448.9380639138211
13 448.9381460246753
14 448.9381720655851
15 448.938183145996
16 448.9381796313381
17 448.9381794370948
18 448.9381745250536
19 448.9381729130406
20 448.9381713010276
21 448.938170989952
22 448.9381709441528
23 448.9381708983536
24 448.9381708525544
25 448.9381708067552
26 448.938170760956
27 448.9381707151568
28 448.9381706693576
29 448.9381706235584
30 448.9381705777592