Time X1
0 246.883934390168
1 432.330534709939
2 476.1276228611771
3 477.6635630663229
4 477.7056764585936
5 477.7068025452861
6 477.7068511572606
7 477.7068445123641
8 477.7068386233478
9 477.7068384557467
10 477.7068383189903
11 477.7068381822338
12 477.7068380454774
13 477.7068379087209
14 477.7068377719644
15 477.706837635208
16 477.7068374984515
17 477.7068373616951
18 477.7068373354641
19 477.7068373314434
20 477.7068373274226
21 477.7068373234019
22 477.7068373193812
23 477.7068373153604
24 477.7068373113397
25 477.7068373073189
26 477.7068373032982
27 477.706837301972
28 477.7068373019599
29 477.7068373019477
30 477.7068373019356