Time X1
0 246.883882093235
1 437.2634130365883
2 481.2331771740929
3 482.6700811050315
4 482.7068884422963
5 482.7077976729987
6 482.7078365507753
7 482.7078298433376
8 482.7078256379638
9 482.7078254970862
10 482.7078253562086
11 482.707825215331
12 482.7078250744534
13 482.7078249335758
14 482.7078247926981
15 482.7078246518205
16 482.7078245109429
17 482.7078243886377
18 482.7078243844953
19 482.7078243803529
20 482.7078243762106
21 482.7078243720682
22 482.7078243679259
23 482.7078243637835
24 482.7078243596411
25 482.7078243554988
26 482.7078243519575
27 482.707824351945
28 482.7078243519325
29 482.70782435192
30 482.7078243519074