Time X1
0 246.850365890548
1 238.4142396642376
2 224.3036184564934
3 202.6675957221681
4 174.5988369521043
5 146.8330965241875
6 127.1151141211196
7 116.6091901960005
8 111.933370640049
9 110.0286365615852
10 109.2816466998202
11 108.9930822798431
12 108.8822535910366
13 108.8397897306408
14 108.823545189506
15 108.8173396979985
16 108.814940758831
17 108.8140213564097
18 108.8136908187119
19 108.8135562438665
20 108.8135025921077
21 108.8134816075006
22 108.8134732221304
23 108.813468996887
24 108.8134656118736
25 108.8134643154828
26 108.8134651077146
27 108.8134651262833
28 108.8134651917685
29 108.8134657654916
30 108.8134666068556