Time X1
0 246.852529648023
1 253.9862578086498
2 267.3220651044361
3 293.0872606494456
4 342.9104266331071
5 421.2410926202557
6 483.055997631943
7 503.0546586396109
8 507.0288480745177
9 507.7228187439609
10 507.8410540175395
11 507.8611590549082
12 507.8645277127446
13 507.8650993690468
14 507.8652032229418
15 507.8652420489111
16 507.8652411367914
17 507.865238399273
18 507.8652324729417
19 507.8652284978461
20 507.8652283642413
21 507.8652282306364
22 507.8652280970315
23 507.8652279634267
24 507.8652278298218
25 507.865227696217
26 507.8652275626121
27 507.8652274290073
28 507.8652272954024
29 507.8652271617976
30 507.8652270281927