Time X1
0 246.851884759151
1 249.2672876013585
2 253.656118626765
3 261.7641850313763
4 277.1145525269433
5 306.8981213774767
6 362.7381801653317
7 439.9683695003529
8 489.7856178253448
9 504.1957427616031
10 507.0697519215182
11 507.5924564130106
12 507.6857626609167
13 507.7024449540656
14 507.705368692292
15 507.705893194667
16 507.7059927827403
17 507.7060313813068
18 507.7060306500029
19 507.7060291759096
20 507.706022859695
21 507.7060189383265
22 507.7060182780101
23 507.7060181492296
24 507.706018020449
25 507.7060178916685
26 507.7060177628879
27 507.7060176341073
28 507.7060175053268
29 507.7060173765462
30 507.7060172477657