Time X1
0 246.855036266592
1 250.7111220271681
2 256.8174150527722
3 266.5625546292564
4 282.159845029129
5 306.6469472566051
6 341.8932295668694
7 382.1881384669366
8 413.1937133385848
9 428.8738421323706
10 434.8864524420852
11 436.9206323477673
12 437.5780582192396
13 437.787356948978
14 437.8536406823739
15 437.8745733954938
16 437.8813185252357
17 437.88342107467
18 437.8840436621323
19 437.8842570106771
20 437.8843266458348
21 437.8843542164783
22 437.8843723067847
23 437.8843743251688
24 437.8843729484738
25 437.8843723496223
26 437.8843675342646
27 437.8843656962653
28 437.884363861502
29 437.884362450247
30 437.8843623930986