Time X1
0 246.853165306899
1 242.9055160080294
2 236.6945196169212
3 227.144258972175
4 213.0836973075622
5 193.9980240628921
6 171.4908274068055
7 149.937557383282
8 133.7667732263087
9 124.0120441971958
10 118.9524502442693
11 116.5434842678605
12 115.444934150108
13 114.953942520008
14 114.7364358266071
15 114.6404875014425
16 114.5982301445288
17 114.5796380120074
18 114.5714542809032
19 114.5678623763825
20 114.5662862148213
21 114.565590920461
22 114.5652780561692
23 114.5651425612177
24 114.5650869085787
25 114.5650618913137
26 114.5650501407513
27 114.5650448824921
28 114.5650401415028
29 114.565037492314
30 114.5650369912099