Time X1
0 246.855036266592
1 254.010175935834
2 265.7691917783296
3 285.2603887449044
4 316.8303198995719
5 361.7986313796369
6 407.2932991365728
7 434.6811834135144
8 445.2766814522407
9 448.5558661101535
10 449.4939466213996
11 449.7560653628
12 449.8287977158278
13 449.8488814850211
14 449.8545587428666
15 449.856073219399
16 449.8564862504583
17 449.8566090627982
18 449.856645084733
19 449.856668294837
20 449.856672722953
21 449.8566704944285
22 449.8566696721075
23 449.8566646384965
24 449.8566627589954
25 449.8566608794944
26 449.8566600591659
27 449.8566600022483
28 449.8566599453306
29 449.856659888413
30 449.8566598314954