Time X1
0 246.851748956093
1 248.2831135566499
2 250.8669233167226
3 255.5798332459312
4 264.3236571278164
5 280.9467124123221
6 313.2118315832302
7 372.5149164491442
8 448.6552019926508
9 492.7345501983736
10 504.7345755368355
11 507.1063275890913
12 507.5406235292863
13 507.6188597534638
14 507.6330832769069
15 507.6355277502752
16 507.6359976063176
17 507.6360865565827
18 507.6361211978973
19 507.6361199528987
20 507.6361210060648
21 507.6361142835912
22 507.6361112901329
23 507.6361093801688
24 507.6361092885459
25 507.636109196923
26 507.6361091053001
27 507.6361090136771
28 507.6361089220542
29 507.6361088304313
30 507.6361087388084