Time X1
0 246.914929459758
1 505.4459052610904
2 505.8599351094855
3 505.8600472812885
4 505.8600422185796
5 505.8600416513292
6 505.8600410840789
7 505.8600406151941
8 505.8600405966665
9 505.8600405781389
10 505.8600405596114
11 505.8600405526443
12 505.8600405525819
13 505.8600405525196
14 505.8600405524572
15 505.8600405523948
16 505.8600405523325
17 505.8600405522701
18 505.8600405522077
19 505.8600405521454
20 505.860040552083
21 505.8600405520207
22 505.8600405519583
23 505.8600405518959
24 505.8600405518335
25 505.8600405517712
26 505.8600405517088
27 505.8600405516465
28 505.8600405515841
29 505.8600405515217
30 505.8600405514593