Time X1
0 246.85364704077
1 262.3391688958842
2 292.4107642447312
3 350.7682527614544
4 436.2697824974733
5 491.0100137089577
6 505.1847240778949
7 507.6430342892314
8 508.0330786985687
9 508.0940335156511
10 508.1036091553289
11 508.1050734392942
12 508.1053011949562
13 508.1053464925975
14 508.1053621313027
15 508.1053588962737
16 508.105355301827
17 508.1053509516017
18 508.1053485925115
19 508.1053483160382
20 508.1053482479792
21 508.1053481799202
22 508.1053481118612
23 508.1053480438022
24 508.1053479757433
25 508.1053479076843
26 508.1053478396253
27 508.1053477715663
28 508.1053477035073
29 508.1053476354483
30 508.1053475673893