Time X1
0 246.852528648023
1 253.9862573495481
2 267.322065638569
3 293.0872631211606
4 342.9104326230392
5 421.2411010372413
6 483.0560021427537
7 503.0546601371378
8 507.0288488149978
9 507.7228193395133
10 507.8410545867449
11 507.8611596193982
12 507.8645282763946
13 507.8650999325599
14 507.8652037864279
15 507.8652426123929
16 507.8652417002709
17 507.8652389627488
18 507.8652330364181
19 507.8652290613243
20 507.8652289277198
21 507.8652287941152
22 507.8652286605107
23 507.8652285269062
24 507.8652283933015
25 507.865228259697
26 507.8652281260925
27 507.8652279924879
28 507.8652278588834
29 507.8652277252788
30 507.8652275916743