Time X1
0 246.859073025105
1 278.7118435391227
2 330.2345173748291
3 392.4854256537356
4 431.8781649702548
5 444.9194121100458
6 448.0629500660811
7 448.7533594321436
8 448.9017870416232
9 448.9335405040259
10 448.9404111395938
11 448.9418294240606
12 448.9421226997368
13 448.9421915531355
14 448.9422162935298
15 448.9422245279059
16 448.942221419965
17 448.9422204025447
18 448.9422157207004
19 448.9422140828366
20 448.9422124898866
21 448.9422124432579
22 448.9422123966291
23 448.9422123500003
24 448.9422123033715
25 448.9422122567428
26 448.9422122101141
27 448.9422121634853
28 448.9422121168565
29 448.9422120702278
30 448.942212023599