Time X1
0 246.851793789133
1 248.6172982592197
2 251.8114706580386
3 257.6637124170269
4 268.6019385062141
5 289.5890815673358
6 330.2278330433925
7 399.5785549215383
8 469.4569142707024
9 499.1966557539057
10 506.0739804838013
11 507.3734052974293
12 507.6085530668131
13 507.6507012857748
14 507.6583590970196
15 507.6596534488065
16 507.6599066527574
17 507.6599660800498
18 507.6599822968715
19 507.6599816337406
20 507.6599748289905
21 507.6599706779879
22 507.6599680995633
23 507.6599679610548
24 507.6599678225463
25 507.6599676840378
26 507.6599675455292
27 507.6599674070207
28 507.6599672685122
29 507.6599671300037
30 507.6599669914951