Time X1
0 246.845139864385
1 205.2778327793407
2 156.6673626301812
3 121.876218996554
4 106.522346898434
5 101.4116926625961
6 99.88827310926239
7 99.44977724800908
8 99.32486137708878
9 99.28938450749402
10 99.27931445548471
11 99.27646374555694
12 99.27564419184306
13 99.27541539093311
14 99.2753541424522
15 99.27533527336936
16 99.27532959320976
17 99.27532561351775
18 99.27532451956299
19 99.27532534021806
20 99.27532524894124
21 99.27532585007407
22 99.2753265709102
23 99.2753268434594
24 99.27532711600858
25 99.27532718970555
26 99.2753271972995
27 99.27532720489347
28 99.27532721248743
29 99.27532722008138
30 99.27532722767535