Time X1
0 246.853621349998
1 262.1371697955896
2 291.7950652013
3 349.4115790840623
4 434.6879477540263
5 490.4090778087183
6 505.0621584410139
7 507.6176184905449
8 508.0243690670638
9 508.0879827151457
10 508.0980665446144
11 508.0995559154133
12 508.099809417816
13 508.0998658015788
14 508.0998731197004
15 508.0998743916654
16 508.0998671278165
17 508.0998628956735
18 508.0998619187939
19 508.0998617797035
20 508.0998616406131
21 508.0998615015228
22 508.0998613624323
23 508.0998612233419
24 508.0998610842515
25 508.0998609451611
26 508.0998608060707
27 508.0998606669803
28 508.0998605278899
29 508.0998603887995
30 508.0998602497091