Time X1
0 246.921210817214
1 503.3237266336449
2 503.8114499206558
3 503.8116118569506
4 503.8116027617696
5 503.8116024112428
6 503.811602060716
7 503.8116017101892
8 503.8116015115909
9 503.8116015012959
10 503.8116014910008
11 503.8116014807057
12 503.8116014744666
13 503.8116014744355
14 503.8116014744044
15 503.8116014743734
16 503.8116014743423
17 503.8116014743113
18 503.8116014742802
19 503.8116014742491
20 503.811601474218
21 503.811601474187
22 503.8116014741559
23 503.8116014741249
24 503.8116014740938
25 503.8116014740627
26 503.8116014740316
27 503.8116014740006
28 503.8116014739695
29 503.8116014739385
30 503.8116014739074