Time X1
0 246.859096184807
1 278.8816789943708
2 330.6589054988253
3 392.9957578940874
4 432.1653523991214
5 445.0493276972929
6 448.142690985295
7 448.820207327934
8 448.9655182922968
9 448.996534245304
10 449.003226557015
11 449.0046098203396
12 449.0048945715101
13 449.0049612441506
14 449.0049857933827
15 449.0049935010375
16 449.0049905033257
17 449.0049893315235
18 449.004984706876
19 449.0049830639937
20 449.004981524153
21 449.0049814773651
22 449.0049814305772
23 449.0049813837894
24 449.0049813370015
25 449.0049812902136
26 449.0049812434257
27 449.0049811966379
28 449.00498114985
29 449.0049811030621
30 449.0049810562742