Time X1
0 246.914084290748
1 503.037680970489
2 503.4530165276049
3 503.4531374564101
4 503.453130420557
5 503.4531300660068
6 503.4531297114566
7 503.4531293569064
8 503.4531292004943
9 503.4531291900931
10 503.4531291796919
11 503.4531291692907
12 503.4531291650246
13 503.4531291649932
14 503.4531291649619
15 503.4531291649306
16 503.4531291648992
17 503.4531291648679
18 503.4531291648365
19 503.4531291648052
20 503.4531291647738
21 503.4531291647425
22 503.4531291647112
23 503.4531291646798
24 503.4531291646485
25 503.4531291646171
26 503.4531291645858
27 503.4531291645545
28 503.4531291645231
29 503.4531291644918
30 503.4531291644604