Time X1
0 246.85196931835
1 249.8974170300535
2 255.4536991220045
3 265.796385132204
4 285.5824200551851
5 324.0351677834205
6 391.5779357340601
7 464.6897106780357
8 498.052526058256
9 505.9349009017301
10 507.4151941448764
11 507.6798048489588
12 507.7266637877265
13 507.7349944464943
14 507.736431873108
15 507.7366818789013
16 507.7367400105263
17 507.7367568661598
18 507.7367559327955
19 507.7367495779578
20 507.7367456925937
21 507.7367432773484
22 507.7367431476026
23 507.7367430178568
24 507.7367428881111
25 507.7367427583653
26 507.7367426286195
27 507.7367424988738
28 507.736742369128
29 507.7367422393823
30 507.7367421096365