Time X1
0 246.853773721419
1 263.2468363878708
2 295.1754706172404
3 356.77322150831
4 442.8935970321822
5 493.3436142237826
6 505.6009316367395
7 507.6763831617723
8 508.0021915699819
9 508.0525925086962
10 508.0605085707456
11 508.0616615977729
12 508.0618567978212
13 508.061904917493
14 508.0619079180078
15 508.0619088805262
16 508.0619018845725
17 508.0618980000591
18 508.0618971881697
19 508.0618970634737
20 508.0618969387778
21 508.0618968140818
22 508.0618966893859
23 508.0618965646899
24 508.061896439994
25 508.061896315298
26 508.061896190602
27 508.0618960659061
28 508.0618959412101
29 508.0618958165142
30 508.0618956918182