Time X1
0 246.854341451856
1 245.3725625127034
2 243.0944757377877
3 239.6128108204176
4 234.3439241382852
5 226.5118677334939
6 215.2382199755225
7 199.9278460685545
8 181.1123950767183
9 161.2893076734118
10 144.1700239185205
11 132.1254813075374
12 124.9541195302096
13 121.1318954813593
14 119.2193655376246
15 118.2933376138311
16 117.8521722172332
17 117.6436297059961
18 117.545415631113
19 117.4992429480528
20 117.4775466568743
21 117.4673699498631
22 117.4625948538501
23 117.4603622630311
24 117.4592957911431
25 117.4587912573989
26 117.4585609760432
27 117.4584598508215
28 117.4584102884739
29 117.4583855883193
30 117.4583738277143