Time X1
0 246.914157339967
1 502.6509860940612
2 503.0685172433762
3 503.0686399183084
4 503.0686327460072
5 503.068632392839
6 503.0686320396709
7 503.0686316865028
8 503.0686315272046
9 503.0686315168479
10 503.0686315064912
11 503.0686314961345
12 503.0686314917183
13 503.0686314916871
14 503.0686314916559
15 503.0686314916247
16 503.0686314915935
17 503.0686314915623
18 503.0686314915312
19 503.0686314915
20 503.0686314914688
21 503.0686314914375
22 503.0686314914063
23 503.0686314913751
24 503.0686314913439
25 503.0686314913127
26 503.0686314912815
27 503.0686314912503
28 503.0686314912191
29 503.0686314911879
30 503.0686314911567