Time X1
0 246.851794789133
1 248.6176372920779
2 251.8124291752515
3 257.6658333679944
4 268.6063143359287
5 289.5979634276437
6 330.2451681964555
7 399.6041661260886
8 469.4735562354579
9 499.2014380823186
10 506.0751641664083
11 507.3738642329419
12 507.6088782033287
13 507.6510010238667
14 507.6586555358815
15 507.6599490235135
16 507.660201989809
17 507.6602611907609
18 507.6602776299095
19 507.6602768492719
20 507.660270085769
21 507.6602659822826
22 507.660263351289
23 507.660263214778
24 507.6602630782669
25 507.6602629417558
26 507.6602628052448
27 507.6602626687337
28 507.6602625322227
29 507.6602623957116
30 507.6602622592006