Time X1
0 246.937186977978
1 502.3340775063714
2 503.0500055655189
3 503.0503344656797
4 503.0503228354877
5 503.0503225048568
6 503.0503221742259
7 503.050321843595
8 503.0503215365649
9 503.0503215268745
10 503.0503215171842
11 503.0503215074938
12 503.0503214978035
13 503.0503214960445
14 503.0503214960153
15 503.0503214959862
16 503.050321495957
17 503.0503214959278
18 503.0503214958986
19 503.0503214958695
20 503.0503214958403
21 503.0503214958111
22 503.0503214957819
23 503.0503214957527
24 503.0503214957236
25 503.0503214956944
26 503.0503214956652
27 503.050321495636
28 503.0503214956069
29 503.0503214955777
30 503.0503214955485