Time X1
0 246.849407262728
1 232.0112340220025
2 208.5749924268822
3 177.3375646724176
4 146.2345744558116
5 124.7735497413404
6 113.9737374451476
7 109.4782907230462
8 107.7643331875283
9 107.1334218228832
10 106.9042290491894
11 106.8213757650689
12 106.7914771437937
13 106.7806888793924
14 106.7768088890718
15 106.7754123379828
16 106.7748969006627
17 106.7747144169609
18 106.774652650557
19 106.7746292501251
20 106.7746203948864
21 106.7746149069557
22 106.7746119960318
23 106.7746123223001
24 106.7746121975208
25 106.7746123822584
26 106.7746134379025
27 106.7746138653311
28 106.7746142920936
29 106.7746147188561
30 106.7746147500415