Time X1
0 246.851921762561
1 249.5381027804696
2 254.4276064518494
3 263.4906253390849
4 280.7305810571748
5 314.2429942366165
6 375.5751615217985
7 452.1000024487693
8 494.1517684869576
9 505.1364113606397
10 507.2594730834411
11 507.6423043541459
12 507.7103030938952
13 507.7225232685004
14 507.7245846263955
15 507.7249772251005
16 507.7250505446118
17 507.7250813222656
18 507.7250790707284
19 507.7250802004859
20 507.7250736447728
21 507.7250711345224
22 507.7250691043832
23 507.7250690309443
24 507.7250689575054
25 507.7250688840664
26 507.7250688106275
27 507.7250687371886
28 507.7250686637497
29 507.7250685903107
30 507.7250685168718