Time X1
0 246.851996038298
1 250.0913528053785
2 256.0087389407082
3 267.0481355339701
4 288.2255974855499
5 329.3241589213519
6 399.6557684985654
7 470.1226414455272
8 499.5660120210275
9 506.2368538340533
10 507.4752045284478
11 507.6957213951009
12 507.7345944468192
13 507.7415962583161
14 507.7427456230441
15 507.7429650935416
16 507.7430126275534
17 507.7430315925147
18 507.7430280619868
19 507.7430258045065
20 507.7430202596142
21 507.7430177000123
22 507.7430166824907
23 507.7430166070996
24 507.7430165317085
25 507.7430164563173
26 507.7430163809261
27 507.743016305535
28 507.7430162301438
29 507.7430161547527
30 507.7430160793615