Time X1
0 246.883934390168
1 442.7987488762057
2 486.5608720514269
3 487.8755052379483
4 487.9065955385436
5 487.9072988361722
6 487.907330450549
7 487.9073234065258
8 487.9073199922581
9 487.9073198042997
10 487.9073196163414
11 487.9073194283831
12 487.9073192404247
13 487.9073190524664
14 487.9073188645081
15 487.9073186765497
16 487.9073185062387
17 487.9073185004258
18 487.9073184946129
19 487.9073184887999
20 487.907318482987
21 487.907318477174
22 487.9073184713611
23 487.9073184655482
24 487.9073184597352
25 487.9073184582186
26 487.9073184582001
27 487.9073184581816
28 487.9073184581632
29 487.9073184581446
30 487.9073184581262