Time X1
0 246.859066706732
1 274.8743663129248
2 319.1091139388902
3 374.830153376036
4 416.1063903959488
5 432.8069217296205
6 437.5431414641589
7 438.7280666230172
8 439.0148002014961
9 439.0835988659799
10 439.10008705205
11 439.1040841222945
12 439.1050234676394
13 439.1052398014378
14 439.1052960375715
15 439.1053180822754
16 439.1053275638367
17 439.1053238439904
18 439.1053242520471
19 439.105320627614
20 439.1053180749248
21 439.1053166740526
22 439.1053157748202
23 439.1053157354834
24 439.1053156961466
25 439.1053156568099
26 439.1053156174731
27 439.1053155781364
28 439.1053155387996
29 439.1053154994628
30 439.105315460126