Time X1
0 246.851748956093
1 248.3247797874157
2 250.9849577338553
3 255.8406572823936
4 264.859520265888
5 282.030668820455
6 315.3741103955819
7 376.1984600493545
8 451.973519725601
9 493.9311885592201
10 505.0475209222231
11 507.2259790778089
12 507.6238623921209
13 507.6954394837587
14 507.7084272889077
15 507.7106692862121
16 507.7110940057671
17 507.7111744984684
18 507.7112047722505
19 507.7112069160367
20 507.7112059560733
21 507.7112008829733
22 507.7111973880079
23 507.711195188868
24 507.7111948115443
25 507.7111947491134
26 507.7111946866825
27 507.7111946242516
28 507.7111945618207
29 507.7111944993897
30 507.7111944369588