Time X1
0 246.854341451856
1 245.410167642312
2 243.1891346395371
3 239.7929778225062
4 234.649377158556
5 226.9932051871762
6 215.9460346852052
7 200.8790418102152
8 182.2309942645808
9 162.3813048903467
10 145.0299407230491
11 132.6837915490533
12 125.2711842594077
13 121.2996577789708
14 119.3065716594212
15 118.3399823554339
16 117.87919025599
17 117.6611205476595
18 117.558416308361
19 117.5101209978319
20 117.4874221968793
21 117.4767605996933
22 117.4717638829737
23 117.4694196621589
24 117.4683158468077
25 117.4677847406726
26 117.46753862428
27 117.4674303695138
28 117.4673797437922
29 117.4673543922182
30 117.4673421601095