Time X1
0 246.851742312356
1 248.2482141776995
2 250.7686639897614
3 255.3642700174953
4 263.8845064306443
5 280.0667974392179
6 311.4716945930204
7 369.5476210498441
8 445.9410768051125
9 491.8058308699774
10 504.5742191831578
11 507.1146490652761
12 507.5801589312957
13 507.6641523253001
14 507.6792769296447
15 507.6820507841218
16 507.6825155219221
17 507.6826065313346
18 507.682635790115
19 507.6826413727037
20 507.6826391980431
21 507.6826355721975
22 507.6826315751915
23 507.6826295923428
24 507.6826289407838
25 507.6826288848364
26 507.6826288288891
27 507.6826287729417
28 507.6826287169942
29 507.6826286610468
30 507.6826286050994