Time X1
0 246.927757275341
1 498.9147971126254
2 500.4128899094605
3 500.414168985382
4 500.414156051803
5 500.4141556767909
6 500.4141553017788
7 500.4141549267667
8 500.4141545517546
9 500.4141544118217
10 500.4141544001486
11 500.4141543884754
12 500.4141543768023
13 500.4141543679193
14 500.4141543678819
15 500.4141543678446
16 500.4141543678072
17 500.4141543677698
18 500.4141543677324
19 500.4141543676949
20 500.4141543676576
21 500.4141543676202
22 500.4141543675828
23 500.4141543675454
24 500.414154367508
25 500.4141543674706
26 500.4141543674332
27 500.4141543673958
28 500.4141543673584
29 500.414154367321
30 500.4141543672836