Time X1
0 246.859096184807
1 275.0859487779168
2 319.6383455916026
3 375.5373050677799
4 416.5828263030787
5 433.0383031608089
6 437.6767176117424
7 438.8325023674091
8 439.1112737356756
9 439.177953988098
10 439.1938874304137
11 439.1977390212111
12 439.1986406287935
13 439.1988486581839
14 439.1989023655019
15 439.1989242134655
16 439.1989330595715
17 439.1989294116773
18 439.198929639101
19 439.1989258079184
20 439.1989234643309
21 439.1989220571933
22 439.1989212306568
23 439.1989211911239
24 439.198921151591
25 439.1989211120582
26 439.1989210725253
27 439.1989210329925
28 439.1989209934596
29 439.1989209539267
30 439.1989209143939