Time X1
0 246.852021977193
1 250.2304425721074
2 256.406080830955
3 267.9435083814557
4 290.1130189300046
5 333.0591807233554
6 405.0775377419419
7 473.4091073801366
8 500.3780543580845
9 506.3380486208948
10 507.4372865304341
11 507.6326617039825
12 507.667169137231
13 507.6733467781236
14 507.6743856521128
15 507.6745776247373
16 507.6746241478285
17 507.674636804475
18 507.6746353368934
19 507.6746292047058
20 507.6746260583531
21 507.6746234555614
22 507.6746233554896
23 507.6746232554178
24 507.674623155346
25 507.6746230552743
26 507.6746229552024
27 507.6746228551307
28 507.6746227550589
29 507.6746226549871
30 507.6746225549153