Time X1
0 246.93458125202
1 498.3491702493772
2 499.2495982279708
3 499.2501170451675
4 499.2501059081644
5 499.2501055928261
6 499.2501052774878
7 499.2501049621495
8 499.2501046468112
9 499.2501045749325
10 499.2501045657008
11 499.250104556469
12 499.2501045472372
13 499.2501045416006
14 499.2501045415728
15 499.2501045415451
16 499.2501045415173
17 499.2501045414895
18 499.2501045414618
19 499.250104541434
20 499.2501045414062
21 499.2501045413784
22 499.2501045413507
23 499.2501045413229
24 499.2501045412952
25 499.2501045412674
26 499.2501045412396
27 499.2501045412119
28 499.2501045411841
29 499.2501045411564
30 499.2501045411286