Time X1
0 246.927757275341
1 498.9331817089307
2 500.4306874150872
3 500.4319651744885
4 500.4319522485432
5 500.4319518734817
6 500.4319514984202
7 500.4319511233588
8 500.4319507482973
9 500.4319506085959
10 500.4319505969209
11 500.4319505852459
12 500.4319505735709
13 500.431950564699
14 500.4319505646616
15 500.4319505646242
16 500.4319505645868
17 500.4319505645494
18 500.431950564512
19 500.4319505644746
20 500.4319505644373
21 500.4319505643999
22 500.4319505643625
23 500.4319505643251
24 500.4319505642877
25 500.4319505642503
26 500.4319505642129
27 500.4319505641755
28 500.431950564138
29 500.4319505641006
30 500.4319505640633