Time X1
0 246.858932116644
1 277.781673239939
2 327.9526652954067
3 389.8133771628809
4 430.5126958803899
5 444.4612626036719
6 447.8919660007981
7 448.6554972298736
8 448.8214783401976
9 448.8573651704287
10 448.865141855927
11 448.8668443867213
12 448.8671866180333
13 448.8672673784255
14 448.8672932631197
15 448.8673040829643
16 448.8673005913535
17 448.8673003249816
18 448.8672954287026
19 448.8672938150877
20 448.8672922014728
21 448.8672919168509
22 448.8672918709993
23 448.8672918251477
24 448.867291779296
25 448.8672917334444
26 448.8672916875927
27 448.8672916417411
28 448.8672915958895
29 448.8672915500379
30 448.8672915041863