Time X1
0 246.936285893723
1 484.4834209271051
2 485.3712060565544
3 485.3717552545881
4 485.3717445263712
5 485.3717441593717
6 485.3717437923722
7 485.3717434253727
8 485.3717430583732
9 485.3717430426664
10 485.3717430313228
11 485.3717430199792
12 485.3717430086356
13 485.3717430056539
14 485.3717430056178
15 485.3717430055817
16 485.3717430055456
17 485.3717430055095
18 485.3717430054734
19 485.3717430054374
20 485.3717430054013
21 485.3717430053652
22 485.3717430053292
23 485.3717430052931
24 485.371743005257
25 485.3717430052209
26 485.3717430051848
27 485.3717430051487
28 485.3717430051127
29 485.3717430050766
30 485.3717430050405