Time X1
0 246.858932116644
1 277.8259420796164
2 328.0743114253096
3 389.9868982118805
4 430.6435043648065
5 444.5486363604689
6 447.9635545896895
7 448.722706118188
8 448.8875655505526
9 448.9231747943909
10 448.9308844056602
11 448.9325700360151
12 448.9329085505575
13 448.9329884199744
14 448.9330142096494
15 448.9330248406545
16 448.9330213679281
17 448.9330210449438
18 448.9330161601783
19 448.9330145444814
20 448.9330129287846
21 448.9330126660643
22 448.933012620148
23 448.9330125742317
24 448.9330125283154
25 448.9330124823991
26 448.9330124364828
27 448.9330123905666
28 448.9330123446503
29 448.933012298734
30 448.9330122528177