Time X1
0 246.850366890548
1 238.4534511059618
2 224.4016270828954
3 202.8360270583677
4 174.8122884322748
5 147.0234955386888
6 127.2360359403023
7 116.6713173299488
8 111.9636761639097
9 110.0447254968678
10 109.2917698908951
11 109.0008088511436
12 108.8890363651625
13 108.8462014944374
14 108.8297917944418
15 108.823520474365
16 108.8211270411926
17 108.820203744267
18 108.8198434265758
19 108.8197130865829
20 108.8196641862655
21 108.8196440853192
22 108.8196361961184
23 108.819631805629
24 108.8196286432737
25 108.8196277141658
26 108.8196286902706
27 108.8196283571795
28 108.8196285871749
29 108.8196293802569
30 108.8196299221037