Time X1
0 246.855091331265
1 254.3411600204402
2 266.6542982728448
3 287.0651329418628
4 319.9697600862922
5 365.948499996068
6 410.580286412277
7 436.1782754663466
8 445.7671524020725
9 448.6915162530312
10 449.5219143906104
11 449.7527889107381
12 449.8166306228904
13 449.8342659174116
14 449.8391399824539
15 449.8405126867142
16 449.8408654918547
17 449.8409666178477
18 449.8409993159944
19 449.84101932353
20 449.8410201175491
21 449.841019895674
22 449.8410178287999
23 449.8410135725566
24 449.8410116200209
25 449.8410096674853
26 449.8410095447627
27 449.8410094839487
28 449.8410094231346
29 449.8410093623205
30 449.8410093015064