Time X1
0 246.853773721419
1 263.3372386255497
2 295.4641942787474
3 357.4345148355021
4 443.6807921973664
5 493.7218891303517
6 505.787579932956
7 507.8231161969284
8 508.1418763825684
9 508.1910929777484
10 508.1987977831054
11 508.1999189065209
12 508.2001085106799
13 508.2001566012533
14 508.2001591372623
15 508.2001593083185
16 508.2001524155853
17 508.200148365787
18 508.200147878751
19 508.2001477473958
20 508.2001476160406
21 508.2001474846853
22 508.2001473533301
23 508.2001472219749
24 508.2001470906197
25 508.2001469592644
26 508.2001468279092
27 508.200146696554
28 508.2001465651988
29 508.2001464338436
30 508.2001463024883