Time X1
0 246.927756275341
1 498.9331065971097
2 500.4306165670127
3 500.4318943347161
4 500.4318814087236
5 500.4318810336624
6 500.4318806586011
7 500.4318802835399
8 500.4318799084787
9 500.4318797687759
10 500.4318797571009
11 500.4318797454259
12 500.4318797337509
13 500.4318797248789
14 500.4318797248415
15 500.431879724804
16 500.4318797247666
17 500.4318797247292
18 500.4318797246919
19 500.4318797246545
20 500.4318797246171
21 500.4318797245797
22 500.4318797245423
23 500.4318797245049
24 500.4318797244675
25 500.4318797244301
26 500.4318797243927
27 500.4318797243553
28 500.4318797243179
29 500.4318797242805
30 500.4318797242431