Time X1
0 246.854567024541
1 251.1989202618329
2 258.2802830773357
3 269.948326464589
4 289.2560010490017
5 320.2941918584214
6 363.9576215042966
7 407.8216723956898
8 434.547722003512
9 445.1842881461521
10 448.5849385899987
11 449.5890430786729
12 449.8783206967782
13 449.9610810027279
14 449.9846002895853
15 449.9914260314466
16 449.993330103242
17 449.9938545446004
18 449.9940165933855
19 449.994064216094
20 449.9940911238433
21 449.9940995344073
22 449.9940968112454
23 449.99409674841
24 449.9940913091013
25 449.9940894085991
26 449.9940872620325
27 449.9940862066822
28 449.9940861390779
29 449.9940860714735
30 449.9940860038692