Time X1
0 246.8589045133
1 277.6111657863949
2 327.5359569467814
3 389.3247387688646
4 430.2698168674822
5 444.3925183228275
6 447.8787495340525
7 448.6564262670458
8 448.8258071552755
9 448.8624942173225
10 448.870456905238
11 448.8722046344912
12 448.8725565753942
13 448.8726395891838
14 448.8726657311475
15 448.8726769986195
16 448.8726734687329
17 448.8726733305708
18 448.8726684086125
19 448.8726667986729
20 448.8726651887333
21 448.8726648559041
22 448.8726648101692
23 448.8726647644344
24 448.8726647186996
25 448.8726646729647
26 448.8726646272299
27 448.8726645814951
28 448.8726645357602
29 448.8726644900254
30 448.8726644442906