Time X1
0 246.853164306899
1 242.9052032338251
2 236.6937295343853
3 227.1427758861365
4 213.0813150153806
5 193.9947368018092
6 171.4871073339084
7 149.9342676878792
8 133.7644842669539
9 124.010693648116
10 118.9517025131161
11 116.543056925951
12 115.4446623004254
13 114.9537429470906
14 114.736269253271
15 114.6403358481037
16 114.5980852160541
17 114.5794961062507
18 114.5713137302296
19 114.5677224431708
20 114.5661465475962
21 114.5654513716996
22 114.5651385641388
23 114.5650030947185
24 114.5649474529991
25 114.5649224401022
26 114.5649106916029
27 114.5649054344035
28 114.5649006931309
29 114.5648980445199
30 114.5648975441058