Time X1
0 246.862027067875
1 305.0898569224015
2 391.1499742664744
3 447.7992931365917
4 462.0131132847824
5 464.3189446548915
6 464.6598718438754
7 464.7095372190149
8 464.7168261430871
9 464.7178577684533
10 464.7180130996348
11 464.7180491772491
12 464.7180521005226
13 464.7180523611884
14 464.7180465183122
15 464.7180439413198
16 464.7180428070305
17 464.7180427301094
18 464.7180426531883
19 464.7180425762672
20 464.7180424993461
21 464.718042422425
22 464.7180423455039
23 464.7180422685828
24 464.7180421916617
25 464.7180421147406
26 464.7180420378195
27 464.7180419608984
28 464.7180418839773
29 464.7180418070562
30 464.718041730135