Time X1
0 246.851920762561
1 249.4961394230487
2 254.3072047757198
3 263.2188245288015
4 280.1555153369223
5 313.0653663162053
6 373.5356314218813
7 450.253086299126
8 493.4706539649454
9 504.9341727667421
10 507.1610745988651
11 507.5633993463415
12 507.6349645901925
13 507.6478226975354
14 507.6500037042809
15 507.6504167892472
16 507.6504940732648
17 507.6505250497308
18 507.6505236780139
19 507.6505247300905
20 507.6505181797398
21 507.6505157332916
22 507.6505135569636
23 507.650513485822
24 507.6505134146805
25 507.6505133435389
26 507.6505132723973
27 507.6505132012558
28 507.6505131301142
29 507.6505130589726
30 507.6505129878311