Time X1
0 246.854103819114
1 248.4400784011716
2 250.9997320629287
3 255.1547260550018
4 261.95265280468
5 273.165530059956
6 291.6849225154375
7 321.3438214202911
8 363.1316498775013
9 406.0037102625768
10 433.2907053776263
11 444.6906019671937
12 448.4874943358926
13 449.6475744664755
14 449.992341782993
15 450.0939813470781
16 450.1237909398279
17 450.1325624535806
18 450.135195661685
19 450.1359127518678
20 450.1361317209698
21 450.1361997749285
22 450.1362301392105
23 450.1362440028096
24 450.1362415172874
25 450.1362426154264
26 450.136237796031
27 450.1362353470238
28 450.1362329407938
29 450.1362316704739
30 450.1362315907218