Time X1
0 246.849408262728
1 231.973648333931
2 208.4893775693494
3 177.2161429663495
4 146.1225243276915
5 124.7032753483753
6 113.9378922752059
7 109.4602575216046
8 107.7539111687766
9 107.1260072939459
10 106.8979569279429
11 106.8155320383874
12 106.7857955093773
13 106.7750692111316
14 106.7712108424358
15 106.7698202391747
16 106.7693070759207
17 106.7691275348272
18 106.769066428068
19 106.769042557732
20 106.7690336916528
21 106.769028870705
22 106.7690257274767
23 106.7690252345979
24 106.7690258537021
25 106.769025721667
26 106.7690262695875
27 106.769027126315
28 106.7690274602406
29 106.7690277941662
30 106.7690280781804