Time X1
0 246.854103819114
1 251.7374781579989
2 259.9354093092344
3 273.8978916317615
4 297.8088988880455
5 336.9596661018213
6 389.2533867932662
7 432.9731027154475
8 453.4572297726926
9 459.9768338079335
10 461.754603787327
11 462.2175446546665
12 462.3366136552015
13 462.3670723078241
14 462.3749736393719
15 462.3769550260956
16 462.3774491312431
17 462.3775855112804
18 462.3776246627828
19 462.3776476189003
20 462.37764773784
21 462.3776480215162
22 462.3776449736908
23 462.3776406945198
24 462.3776385117524
25 462.3776368220292
26 462.3776367548735
27 462.3776366877179
28 462.3776366205622
29 462.3776365534065
30 462.3776364862509