Time X1
0 246.851883759151
1 249.2669476329255
2 253.6551520200437
3 261.7620246158482
4 277.1100320597809
5 306.8889072518878
6 362.7216068297756
7 439.9512796258734
8 489.7788025576794
9 504.1940255762555
10 507.0691916140774
11 507.5921139253599
12 507.685459879337
13 507.7021492602031
14 507.7050743149701
15 507.70559902852
16 507.7056986589949
17 507.705737263528
18 507.7057365346069
19 507.7057350645122
20 507.7057287470542
21 507.7057248257922
22 507.7057241642773
23 507.7057240355011
24 507.7057239067248
25 507.7057237779485
26 507.7057236491722
27 507.705723520396
28 507.7057233916197
29 507.7057232628434
30 507.7057231340672