Time X1
0 246.851514306363
1 243.2789218362656
2 237.1891039901232
3 227.1104083132275
4 211.3582733028967
5 189.2758177696644
6 163.6325995169433
7 140.8608583174019
8 125.7120700840836
9 117.6922394530372
10 113.9927728965188
11 112.3994011703076
12 111.7338784305906
13 111.4594809237291
14 111.3469666392661
15 111.3009345348695
16 111.2821209472462
17 111.2744269125547
18 111.271293770316
19 111.2700157153247
20 111.2694777333222
21 111.2692660497354
22 111.2691824036458
23 111.2691484587318
24 111.2691336293338
25 111.2691273893567
26 111.2691222683331
27 111.2691196448261
28 111.2691196353082
29 111.2691198975163
30 111.2691197905151