Time X1
0 246.914200555818
1 502.6925470082445
2 503.1103391266082
3 503.1104618885523
4 503.1104547131582
5 503.1104543598888
6 503.1104540066195
7 503.1104536533502
8 503.1104534940358
9 503.1104534836757
10 503.1104534733156
11 503.1104534629555
12 503.11045345854
13 503.1104534585088
14 503.1104534584776
15 503.1104534584463
16 503.1104534584151
17 503.1104534583839
18 503.1104534583527
19 503.1104534583215
20 503.1104534582903
21 503.1104534582591
22 503.1104534582279
23 503.1104534581967
24 503.1104534581654
25 503.1104534581342
26 503.110453458103
27 503.1104534580718
28 503.1104534580406
29 503.1104534580094
30 503.1104534579782