Time X1
0 246.883882093235
1 437.3063402864676
2 481.2664154119299
3 482.7018703562105
4 482.7386147928933
5 482.7395216973879
6 482.7395604688693
7 482.73955378264
8 482.739549582764
9 482.7395494418405
10 482.7395493009171
11 482.7395491599936
12 482.7395490190701
13 482.7395488781467
14 482.7395487372232
15 482.7395485962998
16 482.7395484553763
17 482.7395483334822
18 482.7395483293384
19 482.7395483251947
20 482.7395483210509
21 482.7395483169071
22 482.7395483127634
23 482.7395483086196
24 482.7395483044758
25 482.739548300332
26 482.7395482968108
27 482.7395482967983
28 482.7395482967857
29 482.7395482967732
30 482.7395482967607