Time X1
0 246.914154762968
1 502.6471324008814
2 503.0646635557279
3 503.0647862359951
4 503.064779063136
5 503.0647787099786
6 503.0647783568211
7 503.0647780036636
8 503.0647778443513
9 503.0647778339951
10 503.0647778236388
11 503.0647778132825
12 503.0647778088657
13 503.0647778088345
14 503.0647778088033
15 503.0647778087721
16 503.0647778087409
17 503.0647778087097
18 503.0647778086785
19 503.0647778086473
20 503.0647778086161
21 503.0647778085849
22 503.0647778085537
23 503.0647778085225
24 503.0647778084913
25 503.0647778084601
26 503.0647778084289
27 503.0647778083977
28 503.0647778083665
29 503.0647778083353
30 503.0647778083041