Time X1
0 246.859073025105
1 278.756258627001
2 330.3560358584988
3 392.6547773712055
4 432.0036976644223
5 445.0042716582718
6 448.1334790754842
7 448.8199677925321
8 448.967403577699
9 448.9989138368463
10 449.0057238505971
11 449.0071300700917
12 449.0074203173632
13 449.0074883865466
14 449.0075130604327
15 449.007521101638
16 449.0075180330974
17 449.0075169576523
18 449.0075122962492
19 449.0075106562805
20 449.0075090834296
21 449.0075090367353
22 449.0075089900411
23 449.0075089433468
24 449.0075088966525
25 449.0075088499582
26 449.0075088032639
27 449.0075087565697
28 449.0075087098754
29 449.0075086631811
30 449.0075086164869