Time X1
0 246.759462762624
1 137.2203159312574
2 132.6589662704321
3 132.2761192371471
4 132.2428661914504
5 132.2399675136791
6 132.2397089882341
7 132.2396831243862
8 132.2396779311664
9 132.2396787589994
10 132.2396806493426
11 132.2396814814231
12 132.2396815057271
13 132.2396815300311
14 132.2396815543352
15 132.2396815786392
16 132.2396816029432
17 132.2396816272473
18 132.2396816515513
19 132.2396816758553
20 132.2396817001594
21 132.2396817244634
22 132.2396817487674
23 132.2396817730715
24 132.2396817973755
25 132.2396818176652
26 132.2396818183639
27 132.2396818190627
28 132.2396818197615
29 132.2396818204602
30 132.239681821159