Time X1
0 246.937268422208
1 506.7528566656281
2 507.4375930867715
3 507.4378662261793
4 507.4378555087707
5 507.4378551727995
6 507.4378548368283
7 507.437854500857
8 507.4378542438525
9 507.4378542338677
10 507.437854223883
11 507.4378542138983
12 507.4378542049003
13 507.4378542048698
14 507.4378542048393
15 507.4378542048088
16 507.4378542047783
17 507.4378542047479
18 507.4378542047173
19 507.4378542046869
20 507.4378542046563
21 507.4378542046259
22 507.4378542045953
23 507.4378542045649
24 507.4378542045343
25 507.4378542045039
26 507.4378542044734
27 507.4378542044429
28 507.4378542044124
29 507.4378542043819
30 507.4378542043514