Time X1
0 246.852534741489
1 254.0237695173879
2 267.4324620988264
3 293.3447342925016
4 343.4328339562575
5 421.9115205764666
6 483.3731205554343
7 503.1273510068971
8 507.0430557369903
9 507.7262511744423
10 507.8425932925438
11 507.8623702453364
12 507.8656819594117
13 507.866244620116
14 507.8663468180184
15 507.8663853451893
16 507.8663843544824
17 507.8663813945919
18 507.8663755549485
19 507.8663716359862
20 507.8663715016543
21 507.8663713673222
22 507.8663712329903
23 507.8663710986583
24 507.8663709643263
25 507.8663708299943
26 507.8663706956623
27 507.8663705613304
28 507.8663704269983
29 507.8663702926664
30 507.8663701583344