Time X1
0 246.852539880684
1 250.5447575587793
2 257.1488362996052
3 269.2045903282617
4 291.7323704891762
5 333.6588358112315
6 400.2140512886189
7 461.7736680393204
8 487.5428420769928
9 493.8850412229243
10 495.1904488104839
11 495.4484160173353
12 495.4988512151055
13 495.508846471389
14 495.510716721175
15 495.5110995222865
16 495.5111785768062
17 495.511213450861
18 495.5112123918542
19 495.5112127939333
20 495.5112063682829
21 495.5112029870024
22 495.5112012121597
23 495.5112011030438
24 495.5112009939278
25 495.511200884812
26 495.5112007756961
27 495.5112006665801
28 495.5112005574642
29 495.5112004483483
30 495.5112003392324