Time X1
0 246.859060369902
1 278.5746697458769
2 329.8809477143753
3 392.0353025079339
4 431.5935165020047
5 444.7625923743861
6 447.9484722355079
7 448.650033330875
8 448.8012060326818
9 448.8336193388178
10 448.8405949554308
11 448.8421018723168
12 448.8424031196939
13 448.8424740007939
14 448.8424989162757
15 448.8425076298636
16 448.8425044307771
17 448.8425035551805
18 448.8424988253499
19 448.8424971923309
20 448.8424955593119
21 448.8424955038649
22 448.8424954573885
23 448.842495410912
24 448.8424953644356
25 448.8424953179591
26 448.8424952714827
27 448.8424952250062
28 448.8424951785298
29 448.8424951320533
30 448.8424950855768