Time X1
0 246.855047389045
1 254.1176707471488
2 266.0591041480702
3 285.858236310234
4 317.8878845377663
5 363.2393584555338
6 408.49827345922
7 435.2913245070866
8 445.5355611263262
9 448.6872853803366
10 449.5860669575414
11 449.8366543055187
12 449.9060348330536
13 449.9251706260711
14 449.9305713634593
15 449.9320000916709
16 449.9323933743393
17 449.9325095798889
18 449.9325447485832
19 449.9325671218254
20 449.9325702733317
21 449.9325686555931
22 449.932567397573
23 449.9325624901724
24 449.9325605592745
25 449.9325586283765
26 449.932558011775
27 449.9325579529299
28 449.9325578940847
29 449.9325578352396
30 449.9325577763944