Time X1
0 246.859067706732
1 278.6655178403342
2 330.1186639260367
3 392.3456287365639
4 431.7992186454712
5 444.8837205599681
6 448.0411065849618
7 448.7350816159142
8 448.88437218359
9 448.9163302271019
10 448.9231985874687
11 448.9246784039696
12 448.9249740728578
13 448.9250435334321
14 448.9250683269572
15 448.9250767046792
16 448.9250735685908
17 448.9250725931757
18 448.9250678965584
19 448.9250662600646
20 448.9250646526411
21 448.9250646060558
22 448.9250645594706
23 448.9250645128853
24 448.9250644663001
25 448.9250644197148
26 448.9250643731295
27 448.9250643265443
28 448.925064279959
29 448.9250642333737
30 448.9250641867885