Time X1
0 243.991272099316
1 60.52436731990786
2 58.7249579787032
3 58.68417788493814
4 58.68324422975112
5 58.6832201748879
6 58.68321946968163
7 58.68322050393959
8 58.68322076853604
9 58.68322078389588
10 58.68322079925571
11 58.68322081461555
12 58.68322082997539
13 58.68322084533523
14 58.68322086069506
15 58.6832208760549
16 58.68322089141473
17 58.68322090101481
18 58.68322090144682
19 58.68322090187882
20 58.68322090231082
21 58.68322090274282
22 58.68322090317483
23 58.68322090360683
24 58.68322090403883
25 58.68322090447084
26 58.68322090479891
27 58.68322090480015
28 58.6832209048014
29 58.68322090480265
30 58.68322090480389