Time X1
0 246.937268422208
1 503.986030092682
2 504.6875111021999
3 504.6878039719084
4 504.6877931567564
5 504.6877928286616
6 504.6877925005668
7 504.6877921724721
8 504.6877919011615
9 504.6877918914326
10 504.6877918817037
11 504.6877918719749
12 504.687791862246
13 504.6877918621872
14 504.6877918621576
15 504.6877918621279
16 504.6877918620983
17 504.6877918620687
18 504.687791862039
19 504.6877918620094
20 504.6877918619797
21 504.6877918619501
22 504.6877918619204
23 504.6877918618907
24 504.6877918618611
25 504.6877918618314
26 504.6877918618018
27 504.6877918617722
28 504.6877918617425
29 504.6877918617129
30 504.6877918616833