Time X1
0 246.914929459758
1 502.8594646870215
2 503.283621525063
3 503.2837475913999
4 503.2837402219395
5 503.2837398686156
6 503.2837395152916
7 503.2837391619677
8 503.2837389992308
9 503.2837389888665
10 503.2837389785023
11 503.2837389681381
12 503.2837389635681
13 503.2837389635368
14 503.2837389635056
15 503.2837389634743
16 503.2837389634431
17 503.2837389634119
18 503.2837389633806
19 503.2837389633494
20 503.2837389633182
21 503.283738963287
22 503.2837389632558
23 503.2837389632245
24 503.2837389631933
25 503.2837389631621
26 503.2837389631308
27 503.2837389630996
28 503.2837389630683
29 503.2837389630371
30 503.2837389630059