Time X1
0 246.93458125202
1 503.9519284606153
2 504.8116236089834
3 504.8120505075177
4 504.812038426977
5 504.8120379538493
6 504.8120374807216
7 504.8120370075939
8 504.8120367375932
9 504.8120367224266
10 504.8120367072598
11 504.8120366920932
12 504.8120366843185
13 504.8120366842684
14 504.8120366842184
15 504.8120366841683
16 504.8120366841182
17 504.8120366840681
18 504.812036684018
19 504.812036683968
20 504.8120366839179
21 504.8120366838678
22 504.8120366838177
23 504.8120366837677
24 504.8120366837176
25 504.8120366836675
26 504.8120366836175
27 504.8120366835674
28 504.8120366835173
29 504.8120366834672
30 504.8120366834171