Time X1
0 246.849407262728
1 231.9360719952152
2 208.4038130022214
3 177.0953947671052
4 146.0116499513352
5 124.6336253109001
6 113.9024233912904
7 109.4424286782381
8 107.7435735470702
9 107.1186164775949
10 106.8916917989608
11 106.8096919475125
12 106.7801149981047
13 106.7694486267708
14 106.7656125364976
15 106.764230170563
16 106.7637201743826
17 106.7635418630641
18 106.7634811368176
19 106.7634574226207
20 106.7634486187971
21 106.7634438092322
22 106.7634406840602
23 106.7634402046562
24 106.7634408193033
25 106.7634406902762
26 106.7634412396754
27 106.7634420946362
28 106.7634424277356
29 106.763442760835
30 106.7634430438568