Time X1
0 246.852228985117
1 294.0842767183525
2 429.9127187767187
3 603.1139852314757
4 628.3673764848048
5 629.4889098734848
6 629.5333701534641
7 629.5350774933875
8 629.5351770071419
9 629.5351740189832
10 629.535162864034
11 629.5351599198145
12 629.5351597319162
13 629.5351595440179
14 629.5351593561196
15 629.5351591682214
16 629.5351589803231
17 629.5351587924248
18 629.5351586045265
19 629.5351584166283
20 629.53515822873
21 629.5351581301948
22 629.5351581245889
23 629.5351581189831
24 629.5351581133772
25 629.5351581077714
26 629.5351581021655
27 629.5351580965596
28 629.5351580909538
29 629.5351580853479
30 629.5351580797421