Time X1
0 246.93718709283
1 502.3527420542443
2 503.0683125069168
3 503.0686410369348
4 503.068629407487
5 503.0686290768169
6 503.0686287461469
7 503.0686284154768
8 503.068628108627
9 503.0686280989352
10 503.0686280892435
11 503.0686280795517
12 503.0686280698599
13 503.0686280681107
14 503.0686280680815
15 503.0686280680524
16 503.0686280680231
17 503.068628067994
18 503.0686280679648
19 503.0686280679356
20 503.0686280679064
21 503.0686280678772
22 503.068628067848
23 503.0686280678188
24 503.0686280677896
25 503.0686280677605
26 503.0686280677313
27 503.0686280677021
28 503.0686280676729
29 503.0686280676437
30 503.0686280676145