Time X1
0 246.852535741489
1 254.0237727372671
2 267.4324696134211
3 293.3447504187155
4 343.432865416358
5 421.9115600994367
6 483.3731392149041
7 503.1273556158507
8 507.0430570310858
9 507.7262518645646
10 507.8425938776198
11 507.8623708123991
12 507.865682523367
13 507.8662451835875
14 507.8663473814153
15 507.8663859085575
16 507.8663849178459
17 507.8663819579434
18 507.8663761183042
19 507.8663721993449
20 507.8663720650129
21 507.8663719306809
22 507.866371796349
23 507.866371662017
24 507.866371527685
25 507.8663713933531
26 507.866371259021
27 507.8663711246891
28 507.8663709903571
29 507.8663708560251
30 507.8663707216932