Time X1
0 246.852228985117
1 294.1445519243987
2 430.1745223733874
3 603.2826822585687
4 628.4352750561573
5 629.5505436078046
6 629.5946438550142
7 629.5963586288207
8 629.5964497795873
9 629.5964486642581
10 629.5964391245025
11 629.596435957041
12 629.5964358207749
13 629.5964356845088
14 629.5964355482428
15 629.5964354119766
16 629.5964352757105
17 629.5964351394445
18 629.5964350031784
19 629.5964348669123
20 629.5964347306463
21 629.5964345943802
22 629.59643456201
23 629.5964345581351
24 629.5964345542602
25 629.5964345503853
26 629.5964345465103
27 629.5964345426354
28 629.5964345387605
29 629.5964345348856
30 629.5964345310107