Time X1
0 246.84503067354
1 204.288914257978
2 155.222321544812
3 120.8509540082487
4 105.9846652709129
5 101.1041436077065
6 99.66305229726623
7 99.25144335665014
8 99.13501219297645
9 99.10216975430008
10 99.09290722544839
11 99.09031325896434
12 99.08956726865912
13 99.08936119978218
14 99.08930594002244
15 99.08928895150835
16 99.08928320536452
17 99.08927951961603
18 99.08927924296314
19 99.0892795850199
20 99.08927979918262
21 99.08928081379354
22 99.08928114986389
23 99.08928148593425
24 99.0892816826095
25 99.08928169244517
26 99.08928170228086
27 99.08928171211653
28 99.08928172195222
29 99.08928173178789
30 99.08928174162358