Time X1
0 246.85197031835
1 249.8553718464853
2 255.332606508494
3 265.5214256732721
4 284.9969961979547
5 322.8449314600336
6 389.672377899252
7 463.2710944305575
8 497.5827358689354
9 505.7808239144524
10 507.3260579884831
11 507.6027542164828
12 507.6517171694077
13 507.6605278527232
14 507.6619957828889
15 507.6622772517929
16 507.6623388154607
17 507.6623590002807
18 507.6623573203643
19 507.6623508476337
20 507.662347092235
21 507.6623440812584
22 507.662343955517
23 507.6623438297757
24 507.6623437040344
25 507.662343578293
26 507.6623434525516
27 507.6623433268103
28 507.6623432010689
29 507.6623430753276
30 507.6623429495863