Time X1
0 246.806240142584
1 58.77761770362065
2 57.86439345799948
3 57.85445454115607
4 57.8543495887876
5 57.85434715558452
6 57.85434838699335
7 57.85434849633173
8 57.85434851930948
9 57.85434854228724
10 57.85434856526499
11 57.85434858824275
12 57.8543486112205
13 57.85434863419826
14 57.85434864363152
15 57.85434864430988
16 57.85434864498823
17 57.85434864566658
18 57.85434864634493
19 57.85434864702329
20 57.85434864770163
21 57.8543486481574
22 57.85434864815947
23 57.85434864816153
24 57.85434864816358
25 57.85434864816564
26 57.85434864816769
27 57.85434864816975
28 57.85434864817181
29 57.85434864817387
30 57.85434864817592