Time X1
0 246.851864957434
1 252.6548908302779
2 263.6904713307539
3 285.4324073393222
4 329.3661094680461
5 408.1273026516704
6 485.5379797388555
7 513.8330735710124
8 519.258734367725
9 520.1262330087611
10 520.2604874129783
11 520.2812072376438
12 520.2843445768366
13 520.2848405682597
14 520.2849288169056
15 520.2849555363119
16 520.2849542186761
17 520.2849468651971
18 520.2849421640963
19 520.2849402376453
20 520.2849400801658
21 520.2849399226864
22 520.2849397652069
23 520.2849396077276
24 520.2849394502481
25 520.2849392927686
26 520.2849391352892
27 520.2849389778097
28 520.2849388203302
29 520.2849386628508
30 520.2849385053713