Time X1
0 246.85895976224
1 277.9967318894223
2 328.490941983891
3 390.4716882253954
4 430.8820076545839
5 444.6155777580764
6 447.9762056194488
7 448.7215745787497
8 448.8831318266389
9 448.9179653548428
10 448.9254955013705
11 448.9271374717367
12 448.9274667021868
13 448.9275443773711
14 448.9275699320946
15 448.9275801133081
16 448.9275766906415
17 448.9275762388748
18 448.9275713847892
19 448.9275697654714
20 448.9275681461537
21 448.9275679316688
22 448.9275678856376
23 448.9275678396066
24 448.9275677935755
25 448.9275677475443
26 448.9275677015132
27 448.9275676554821
28 448.927567609451
29 448.9275675634199
30 448.9275675173888