Time X1
0 246.936286893723
1 484.483352720319
2 485.3711402975813
3 485.3716894987951
4 485.3716787705893
5 485.3716784035894
6 485.3716780365895
7 485.3716776695896
8 485.3716773025897
9 485.3716772868822
10 485.3716772755385
11 485.3716772641949
12 485.3716772528512
13 485.3716772498694
14 485.3716772498333
15 485.3716772497972
16 485.3716772497612
17 485.3716772497251
18 485.3716772496891
19 485.371677249653
20 485.3716772496169
21 485.3716772495808
22 485.3716772495447
23 485.3716772495087
24 485.3716772494726
25 485.3716772494366
26 485.3716772494005
27 485.3716772493644
28 485.3716772493283
29 485.3716772492922
30 485.3716772492562