Time X1
0 246.920786187053
1 467.1618619661181
2 467.8208873533463
3 467.8212738331944
4 467.8212636856929
5 467.8212633835008
6 467.8212630813088
7 467.8212627791166
8 467.8212624769245
9 467.8212624349071
10 467.8212624258716
11 467.8212624168362
12 467.8212624078008
13 467.8212624035794
14 467.8212624035516
15 467.8212624035239
16 467.8212624034961
17 467.8212624034683
18 467.8212624034405
19 467.8212624034127
20 467.821262403385
21 467.8212624033572
22 467.8212624033295
23 467.8212624033017
24 467.8212624032739
25 467.8212624032461
26 467.8212624032184
27 467.8212624031906
28 467.8212624031628
29 467.8212624031351
30 467.8212624031073