Time X1
0 246.852529648023
1 253.9432328265306
2 267.19326521267
3 292.7805253203312
4 342.2698645312965
5 420.3744493914804
6 482.5873381883546
7 502.8887617044239
8 506.9385985209967
9 507.6469713213586
10 507.7678109263123
11 507.7883804006109
12 507.7918310627478
13 507.7924161375578
14 507.7925226471087
15 507.792561820634
16 507.7925610415325
17 507.7925586219122
18 507.7925525768688
19 507.7925485368912
20 507.7925483858364
21 507.7925482530723
22 507.7925481203083
23 507.7925479875442
24 507.7925478547801
25 507.7925477220161
26 507.792547589252
27 507.792547456488
28 507.792547323724
29 507.7925471909599
30 507.7925470581959