Time X1
0 246.859060369902
1 274.8288940719157
2 318.9952845272477
3 374.6774853522359
4 416.0030322951582
5 432.7566903781583
6 437.5142348941129
7 438.70553563537
8 438.9940135692268
9 439.0632774487204
10 439.0798875228425
11 439.0839167263075
12 439.0848643538197
13 439.0850825060036
14 439.0851393032635
15 439.0851613916834
16 439.0851710093629
17 439.0851672767579
18 439.0851677234909
19 439.0851641433374
20 439.0851615469848
21 439.0851601474582
22 439.0851592326236
23 439.0851591933289
24 439.0851591540341
25 439.0851591147394
26 439.0851590754447
27 439.0851590361499
28 439.0851589968552
29 439.0851589575604
30 439.0851589182657