Time X1
0 246.854342451856
1 245.372256136873
2 243.0937009074489
3 239.6113308246647
4 234.3414066994004
5 226.5078887371941
6 215.2323542225345
7 199.9199515468231
8 181.1031094003825
9 161.2802481618099
10 144.1628848366861
11 132.1208219671787
12 124.9514368964658
13 121.1304347086755
14 119.2185649978157
15 118.2928703792011
16 117.8518676864438
17 117.6434033877526
18 117.5452266170541
19 117.4990716583745
20 117.4773837624917
21 117.4672110662721
22 117.4624378534944
23 117.4602061616176
24 117.4591400925576
25 117.4586357652247
26 117.4584055892421
27 117.4583045086181
28 117.4582549641778
29 117.4582302737891
30 117.4582185182452