Time X1
0 246.937185977978
1 499.6059900746792
2 500.3388854837816
3 500.3392389798865
4 500.3392273669199
5 500.3392270412462
6 500.3392267155725
7 500.3392263898988
8 500.339226070166
9 500.3392260606261
10 500.3392260510863
11 500.3392260415464
12 500.3392260320065
13 500.3392260294529
14 500.3392260294242
15 500.3392260293955
16 500.3392260293668
17 500.3392260293381
18 500.3392260293094
19 500.3392260292807
20 500.339226029252
21 500.3392260292233
22 500.3392260291945
23 500.3392260291658
24 500.3392260291371
25 500.3392260291084
26 500.3392260290797
27 500.339226029051
28 500.3392260290223
29 500.3392260289936
30 500.3392260289649