Time X1
0 246.936284893723
1 484.4833526894883
2 485.3711402975636
3 485.3716894987941
4 485.3716787705891
5 485.3716784035897
6 485.3716780365902
7 485.3716776695907
8 485.3716773025912
9 485.3716772868834
10 485.3716772755394
11 485.3716772641955
12 485.3716772528516
13 485.3716772498697
14 485.3716772498336
15 485.3716772497976
16 485.3716772497615
17 485.3716772497254
18 485.3716772496894
19 485.3716772496533
20 485.3716772496172
21 485.3716772495811
22 485.371677249545
23 485.371677249509
24 485.3716772494729
25 485.3716772494368
26 485.3716772494008
27 485.3716772493647
28 485.3716772493286
29 485.3716772492925
30 485.3716772492564