Time X1
0 246.858932116644
1 277.8259447023789
2 328.074317828292
3 389.9869060512318
4 430.6435090479185
5 444.5486386885747
6 447.9635561535693
7 448.7227074849737
8 448.8875668695271
9 448.9231761020229
10 448.9308857106433
11 448.9325713403496
12 448.9329098547527
13 448.932989724137
14 448.933015513808
15 448.9330261448061
16 448.9330226720786
17 448.9330223490921
18 448.933017464325
19 448.9330158486294
20 448.9330142329339
21 448.9330139702142
22 448.9330139242979
23 448.9330138783816
24 448.9330138324654
25 448.9330137865491
26 448.9330137406329
27 448.9330136947166
28 448.9330136488003
29 448.933013602884
30 448.9330135569678