Time X1
0 246.854102819114
1 248.4400780730722
2 250.9997328170703
3 255.154728572967
4 261.9526582362925
5 273.1655403447446
6 291.6849407022697
7 321.3438507659716
8 363.1316877966737
9 406.0037418562093
10 433.2907214880348
11 444.6906083003303
12 448.4874968998026
13 449.6475758129874
14 449.9923427579199
15 450.0939822106082
16 450.1237917701559
17 450.1325632737111
18 450.1351964789196
19 450.1359135684242
20 450.1361325372192
21 450.1362005910916
22 450.136230955296
23 450.136244818916
24 450.136242333373
25 450.136243431538
26 450.1362386121975
27 450.1362361631515
28 450.1362337569317
29 450.1362324865917
30 450.1362324068398