Time X1
0 246.927752886484
1 498.9312431135255
2 500.4293820075103
3 500.4306608881496
4 500.4306479560411
5 500.4306475809957
6 500.4306472059503
7 500.4306468309049
8 500.4306464558596
9 500.4306463159946
10 500.4306463043202
11 500.4306462926457
12 500.4306462809713
13 500.4306462720916
14 500.4306462720542
15 500.4306462720168
16 500.4306462719794
17 500.430646271942
18 500.4306462719046
19 500.4306462718672
20 500.4306462718298
21 500.4306462717924
22 500.430646271755
23 500.4306462717176
24 500.4306462716802
25 500.4306462716428
26 500.4306462716054
27 500.430646271568
28 500.4306462715306
29 500.4306462714932
30 500.4306462714558