Time X1
0 246.883961964499
1 437.5811317172493
2 481.3105982251509
3 482.7281070163737
4 482.7641835060458
5 482.7650675227353
6 482.7651052851112
7 482.7650988083815
8 482.7650946604376
9 482.7650945191485
10 482.7650943778594
11 482.7650942365703
12 482.7650940952811
13 482.765093953992
14 482.7650938127029
15 482.7650936714138
16 482.7650935301247
17 482.7650934118923
18 482.765093407737
19 482.7650934035817
20 482.7650933994264
21 482.7650933952712
22 482.7650933911158
23 482.7650933869605
24 482.7650933828052
25 482.76509337865
26 482.765093375304
27 482.7650933752915
28 482.765093375279
29 482.7650933752664
30 482.7650933752539