Time X1
0 246.855052464567
1 254.1078381307524
2 266.0303042462047
3 285.7931786751094
4 317.7601719982767
5 363.0409893545686
6 408.2953262240179
7 435.1447473599249
8 445.4302646780383
9 448.5988454227802
10 449.5033120297442
11 449.7556962512442
12 449.8256328841998
13 449.8449353409915
14 449.8503873014977
15 449.8518322816291
16 449.85222964887
17 449.8523472315091
18 449.8523826271517
19 449.8524051962692
20 449.8524085731693
21 449.8524068616852
22 449.8524056700783
23 449.8524007408712
24 449.8523988118342
25 449.8523968827973
26 449.8523962374004
27 449.8523961786145
28 449.8523961198287
29 449.8523960610427
30 449.8523960022569