Time X1
0 246.851864957434
1 249.1297882825131
2 253.2650753045586
3 260.891642836663
4 275.2935861415076
5 303.1926365546013
6 356.0195373466879
7 432.8089344067326
8 486.8897257974975
9 503.5487294718093
10 506.940896907576
11 507.5611667893593
12 507.6721988028158
13 507.6920508158799
14 507.6955473424753
15 507.6961661687907
16 507.6962847948246
17 507.6963259284559
18 507.696326362915
19 507.6963264730152
20 507.6963197551373
21 507.6963158781638
22 507.6963147429024
23 507.6963146159265
24 507.6963144889507
25 507.6963143619748
26 507.696314234999
27 507.6963141080232
28 507.6963139810474
29 507.6963138540715
30 507.6963137270957