Time X1
0 246.920786187053
1 467.1617974210115
2 467.8208245957036
3 467.8212110775656
4 467.8212009300814
5 467.8212006278899
6 467.8212003256985
7 467.8212000235071
8 467.8211997213157
9 467.8211996792967
10 467.8211996702614
11 467.8211996612261
12 467.8211996521908
13 467.8211996479694
14 467.8211996479416
15 467.8211996479138
16 467.821199647886
17 467.8211996478583
18 467.8211996478306
19 467.8211996478028
20 467.821199647775
21 467.8211996477472
22 467.8211996477195
23 467.8211996476917
24 467.8211996476639
25 467.8211996476361
26 467.8211996476084
27 467.8211996475806
28 467.8211996475529
29 467.8211996475251
30 467.8211996474973