Time X1
0 246.927757275341
1 498.9331066238486
2 500.4306165670365
3 500.4318943347173
4 500.4318814087247
5 500.431881033663
6 500.4318806586014
7 500.4318802835398
8 500.4318799084782
9 500.4318797687753
10 500.4318797571004
11 500.4318797454256
12 500.4318797337507
13 500.4318797248788
14 500.4318797248414
15 500.431879724804
16 500.4318797247666
17 500.4318797247292
18 500.4318797246918
19 500.4318797246544
20 500.431879724617
21 500.4318797245796
22 500.4318797245422
23 500.4318797245048
24 500.4318797244674
25 500.43187972443
26 500.4318797243927
27 500.4318797243553
28 500.4318797243179
29 500.4318797242805
30 500.4318797242431