Time X1
0 246.853773721419
1 263.2923870868414
2 295.3211640300462
3 357.1068825064535
4 443.291685357737
5 493.5347729649134
6 505.6948555554271
7 507.7500876119193
8 508.0723236921954
9 508.1221288711323
10 508.1299354836061
11 508.1310726220266
12 508.1312650857788
13 508.1313135318719
14 508.1313162401452
15 508.1313165381302
16 508.1313096175937
17 508.1313055615631
18 508.1313050425214
19 508.131304910888
20 508.1313047792545
21 508.1313046476211
22 508.1313045159876
23 508.1313043843541
24 508.1313042527207
25 508.1313041210872
26 508.1313039894537
27 508.1313038578203
28 508.1313037261868
29 508.1313035945533
30 508.1313034629199