Time X1
0 246.851278149231
1 231.995890098425
2 210.2048318736973
3 182.1558705672445
4 153.4602701930555
5 131.8221059327952
6 119.5893467344765
7 113.8987910540873
8 111.508083466059
9 110.5483521723412
10 110.1703248724036
11 110.0224099029675
12 109.9647338614109
13 109.9422662694006
14 109.933556581399
15 109.9301159822278
16 109.9288011920027
17 109.9283038179226
18 109.9281087764545
19 109.9280274099338
20 109.9279952064008
21 109.9279822183683
22 109.9279769595203
23 109.9279728750992
24 109.9279704585017
25 109.9279700547004
26 109.9279710142784
27 109.92797077055
28 109.9279710152106
29 109.9279717482604
30 109.9279723792801