Time X1
0 246.851865957434
1 249.1297914513212
2 253.2650824645519
3 260.8916575538513
4 275.2936156930118
5 303.1926955619425
6 356.0196444143353
7 432.809052558978
8 486.8897757729817
9 503.5487410947305
10 506.9408995520951
11 507.5611677421101
12 507.6721994492252
13 507.6920514073288
14 507.695547924293
15 507.6961667489875
16 507.6962853746928
17 507.6963265082833
18 507.6963269427194
19 507.6963270527949
20 507.6963203349205
21 507.6963164579471
22 507.696315322693
23 507.6963151957173
24 507.6963150687415
25 507.6963149417658
26 507.69631481479
27 507.6963146878143
28 507.6963145608385
29 507.6963144338628
30 507.696314306887