Time X1
0 246.855036266592
1 257.4295018304967
2 275.469569723484
3 306.3089124776515
4 354.6748634995984
5 409.6724577689573
6 444.3690500774018
7 456.9503812475321
8 460.3996533526068
9 461.2637149022986
10 461.4750789413301
11 461.5263818677453
12 461.5389248610988
13 461.5419370238701
14 461.542637120926
15 461.5428227096994
16 461.5428722751359
17 461.5428987872965
18 461.5428971084017
19 461.5428991766123
20 461.54289328986
21 461.5428907099967
22 461.5428879033465
23 461.5428873873607
24 461.5428872961676
25 461.5428872049745
26 461.5428871137813
27 461.5428870225882
28 461.5428869313951
29 461.542886840202
30 461.5428867490089