Time X1
0 246.851747956093
1 248.2831117585588
2 250.8669200584334
3 255.5798272646219
4 264.3236459214295
5 280.9466908486551
6 313.2117897634166
7 372.5148460680884
8 448.6551385804699
9 492.7345281572045
10 504.7345708941575
11 507.1063267279415
12 507.54062337332
13 507.6188597272078
14 507.6330832708796
15 507.6355277499347
16 507.6359976062298
17 507.6360865565644
18 507.6361211976123
19 507.6361199526549
20 507.6361210060416
21 507.6361142835724
22 507.6361112901872
23 507.6361093801331
24 507.636109288513
25 507.6361091968928
26 507.6361091052727
27 507.6361090136526
28 507.6361089220325
29 507.6361088304124
30 507.6361087387923