Time X1
0 246.936395505233
1 501.8016488402185
2 502.564960693867
3 502.5653326860689
4 502.5653210120578
5 502.5653206852245
6 502.5653203583912
7 502.5653200315579
8 502.5653197057633
9 502.5653196961881
10 502.565319686613
11 502.5653196770377
12 502.5653196674625
13 502.565319664689
14 502.5653196646601
15 502.5653196646313
16 502.5653196646025
17 502.5653196645737
18 502.5653196645449
19 502.565319664516
20 502.5653196644872
21 502.5653196644584
22 502.5653196644296
23 502.5653196644008
24 502.5653196643719
25 502.5653196643431
26 502.5653196643143
27 502.5653196642855
28 502.5653196642567
29 502.5653196642278
30 502.565319664199