Time X1
0 246.8550718626
1 254.2244354791874
2 266.3420997575421
3 286.4291181815532
4 318.8666552585009
5 364.5047333199074
6 409.4560257896161
7 435.6739994128632
8 445.6040054765678
9 448.6468333379882
10 449.5132101492277
11 449.7545834944061
12 449.8213638208606
13 449.839784088308
14 449.8449780808626
15 449.8463444173179
16 449.8467239157309
17 449.8468357028135
18 449.8468704485905
19 449.8468922139108
20 449.8468943046476
21 449.846893278517
22 449.8468916341408
23 449.8468868658881
24 449.8468848786632
25 449.8468828914383
26 449.8468824602623
27 449.846882399266
28 449.8468823382696
29 449.8468822772733
30 449.846882216277