Time X1
0 246.806240142584
1 58.7776179160204
2 57.86439367922895
3 57.85445476256483
4 57.85434981019912
5 57.85434737699608
6 57.85434860840489
7 57.85434871774329
8 57.85434874072104
9 57.8543487636988
10 57.85434878667656
11 57.85434880965432
12 57.85434883263208
13 57.85434885560984
14 57.85434886504311
15 57.85434886572146
16 57.8543488663998
17 57.85434886707815
18 57.8543488677565
19 57.85434886843485
20 57.8543488691132
21 57.85434886956897
22 57.85434886957103
23 57.85434886957308
24 57.85434886957514
25 57.85434886957719
26 57.85434886957925
27 57.85434886958131
28 57.85434886958337
29 57.85434886958542
30 57.85434886958748