Time X1
0 246.914084290748
1 503.0221959271673
2 503.4376983602626
3 503.437819403541
4 503.4378123591469
5 503.437812004663
6 503.4378116501791
7 503.4378112956952
8 503.4378111391108
9 503.4378111287116
10 503.4378111183124
11 503.4378111079132
12 503.4378111036384
13 503.437811103607
14 503.4378111035757
15 503.4378111035444
16 503.437811103513
17 503.4378111034817
18 503.4378111034504
19 503.437811103419
20 503.4378111033877
21 503.4378111033564
22 503.437811103325
23 503.4378111032937
24 503.4378111032623
25 503.437811103231
26 503.4378111031996
27 503.4378111031683
28 503.437811103137
29 503.4378111031056
30 503.4378111030743