Time X1
0 246.855091331265
1 254.3414817380037
2 266.6551668078652
3 287.0669245561887
4 319.9729139059276
5 365.9527187785626
6 410.5837314792414
7 436.1800482523709
8 445.7679834513917
9 448.6920107521229
10 449.5223055518663
11 449.753149755463
12 449.8169826762405
13 449.8346154445641
14 449.8394887903434
15 449.8408612799499
16 449.8412140226858
17 449.8413151338021
18 449.8413478291802
19 449.8413678340497
20 449.8413686250177
21 449.8413684046995
22 449.8413663369195
23 449.8413620811286
24 449.8413601285579
25 449.8413581759871
26 449.8413580536497
27 449.8413579928344
28 449.841357932019
29 449.8413578712037
30 449.8413578103883