Time X1
0 246.852534741489
1 257.6769768604905
2 278.8522688681899
3 321.81115012073
4 401.1253993397032
5 483.0736290795267
6 513.4745666950912
7 519.1130123994293
8 519.9737243796523
9 520.100730740351
10 520.1194821143935
11 520.1221468267956
12 520.1225613250845
13 520.1226297988736
14 520.1226549751991
15 520.1226513386397
16 520.1226479468162
17 520.1226426055015
18 520.1226398066302
19 520.1226395616015
20 520.1226394801032
21 520.1226393986047
22 520.1226393171064
23 520.1226392356079
24 520.1226391541096
25 520.1226390726112
26 520.1226389911128
27 520.1226389096144
28 520.122638828116
29 520.1226387466176
30 520.1226386651192