Time X1
0 246.85197031835
1 249.9394792960865
2 255.574902800585
3 266.071815522276
4 286.1693390618755
5 325.2272606365594
6 393.4670770466133
7 466.0642825577049
8 498.5032502558497
9 506.0848585610217
10 507.5035393525524
11 507.7566496610781
12 507.8014301393407
13 507.8094458381667
14 507.8108075244659
15 507.8110566631063
16 507.8111140496118
17 507.8111295593624
18 507.8111290118644
19 507.8111225553487
20 507.8111185891692
21 507.8111162907863
22 507.8111161581837
23 507.811116025581
24 507.8111158929784
25 507.8111157603758
26 507.8111156277732
27 507.8111154951706
28 507.8111153625679
29 507.8111152299654
30 507.8111150973627