Time X1
0 246.806241142584
1 58.77761791759753
2 57.86439367924528
3 57.85445476256508
4 57.85434981019901
5 57.85434737699616
6 57.85434860840502
7 57.85434871774334
8 57.85434874072109
9 57.85434876369884
10 57.85434878667659
11 57.85434880965434
12 57.85434883263209
13 57.85434885560984
14 57.85434886504311
15 57.85434886572146
16 57.8543488663998
17 57.85434886707816
18 57.85434886775651
19 57.85434886843485
20 57.85434886911321
21 57.85434886956897
22 57.85434886957103
23 57.85434886957309
24 57.85434886957515
25 57.85434886957721
26 57.85434886957926
27 57.85434886958132
28 57.85434886958338
29 57.85434886958544
30 57.85434886958749