Time X1
0 246.93458025202
1 501.1372798923539
2 502.0173894721598
3 502.0178473458333
4 502.0178352797263
5 502.017834822388
6 502.0178343650496
7 502.0178339077112
8 502.0178336132798
9 502.0178335986823
10 502.0178335840848
11 502.0178335694874
12 502.0178335602346
13 502.0178335601867
14 502.0178335601387
15 502.0178335600907
16 502.0178335600427
17 502.0178335599948
18 502.0178335599468
19 502.0178335598988
20 502.0178335598508
21 502.0178335598029
22 502.0178335597549
23 502.0178335597069
24 502.0178335596589
25 502.0178335596109
26 502.017833559563
27 502.017833559515
28 502.017833559467
29 502.017833559419
30 502.0178335593711