Time X1
0 246.936285893723
1 487.0955115063841
2 487.9649467361705
3 487.9654674033805
4 487.9654583119537
5 487.9654580807904
6 487.965457849627
7 487.9654576184637
8 487.9654573873004
9 487.9654572402189
10 487.9654572337857
11 487.9654572273525
12 487.9654572209194
13 487.9654572144862
14 487.9654572123687
15 487.9654572123503
16 487.965457212332
17 487.9654572123136
18 487.9654572122952
19 487.9654572122769
20 487.9654572122585
21 487.9654572122402
22 487.9654572122218
23 487.9654572122034
24 487.9654572121851
25 487.9654572121667
26 487.9654572121484
27 487.96545721213
28 487.9654572121116
29 487.9654572120932
30 487.9654572120749