Time X1
0 246.862027067875
1 300.7487613572172
2 379.6748549202361
3 436.1149420427705
4 452.4945131670736
5 455.5120061602047
6 456.0097548853753
7 456.0902615947201
8 456.1033857284499
9 456.1054077232941
10 456.1057635781261
11 456.1058323358646
12 456.1058526231833
13 456.1058516068447
14 456.1058450769651
15 456.1058409906325
16 456.1058391439653
17 456.1058390070062
18 456.1058388700472
19 456.1058387330882
20 456.1058385961292
21 456.1058384591701
22 456.1058383222111
23 456.1058381852521
24 456.105838048293
25 456.105837911334
26 456.1058377743749
27 456.1058376374159
28 456.1058375004569
29 456.1058373634979
30 456.1058372265388