Time X1
0 246.853565455004
1 258.006507957345
2 278.7246250238541
3 317.9825115888577
4 385.0731107387948
5 455.4114917769026
6 486.9729548535207
7 494.4895896089002
8 495.9266608149522
9 496.1886047264337
10 496.2358175279194
11 496.244468701446
12 496.2459380151939
13 496.2462247678955
14 496.2462875350685
15 496.2463089426518
16 496.2463073794741
17 496.2463012789459
18 496.246297387377
19 496.2462942757522
20 496.2462941472152
21 496.2462940186782
22 496.2462938901411
23 496.2462937616041
24 496.2462936330671
25 496.2462935045301
26 496.2462933759932
27 496.2462932474562
28 496.2462931189191
29 496.2462929903821
30 496.2462928618451