Time X1
0 246.851883759151
1 249.267284430997
2 253.6561114557474
3 261.7641702634792
4 277.1145227996475
5 306.8980620607446
6 362.7380749498136
7 439.9682624602303
8 489.785576315779
9 504.1957333263277
10 507.0697496991094
11 507.5924555374887
12 507.6857620289525
13 507.7024443652395
14 507.705368111416
15 507.7058926150571
16 507.7059922033828
17 507.7060308019836
18 507.7060300706927
19 507.7060285966223
20 507.7060222803998
21 507.7060183590331
22 507.70601769871
23 507.7060175699294
24 507.7060174411489
25 507.7060173123684
26 507.7060171835878
27 507.7060170548073
28 507.7060169260267
29 507.7060167972462
30 507.7060166684656