Time X1
0 246.854340451856
1 245.372253055553
2 243.0936961807567
3 239.6113236269415
4 234.3413958792258
5 226.5078728426159
6 215.2323318415824
7 199.9199223289172
8 181.1030757840129
9 161.2802159615995
10 144.1628599316052
11 132.1208060936107
12 124.9514280837643
13 121.1304302020297
14 119.2185627918824
15 118.292869322851
16 117.8518671857942
17 117.6434031516958
18 117.545226506021
19 117.4990716061977
20 117.4773837379395
21 117.4672110547981
22 117.4624378481064
23 117.4602061591089
24 117.4591400913277
25 117.4586357646445
26 117.4584055889909
27 117.4583045085051
28 117.4582549641197
29 117.4582302737606
30 117.4582185182319