Time X1
0 246.927757275341
1 498.9331067789004
2 500.4306167086174
3 500.4318944762732
4 500.4318815502813
5 500.43188117522
6 500.4318808001588
7 500.4318804250975
8 500.4318800500362
9 500.4318799103334
10 500.4318798986583
11 500.4318798869834
12 500.4318798753084
13 500.4318798664363
14 500.4318798663989
15 500.4318798663615
16 500.4318798663241
17 500.4318798662867
18 500.4318798662493
19 500.4318798662119
20 500.4318798661745
21 500.4318798661371
22 500.4318798660997
23 500.4318798660623
24 500.4318798660249
25 500.4318798659875
26 500.4318798659501
27 500.4318798659127
28 500.4318798658753
29 500.4318798658379
30 500.4318798658005