Time X1
0 246.855047389045
1 254.0773376337743
2 265.9487540425239
3 285.6268042372475
4 317.4700929754204
5 362.6546442300652
6 407.9854292393133
7 435.0020938004717
8 445.3831958459357
9 448.5857849327268
10 449.5005753684812
11 449.7559474822371
12 449.8267416402488
13 449.8462837543095
14 449.8518051897502
15 449.8532715210281
16 449.8536737109538
17 449.8537928967538
18 449.8538284726126
19 449.8538512449939
20 449.8538549533684
21 449.853853074343
22 449.8538519993737
23 449.8538470344993
24 449.8538451209445
25 449.8538432073896
26 449.8538425067307
27 449.85384244853
28 449.8538423903293
29 449.8538423321286
30 449.853842273928