Time X1
0 246.85895976224
1 277.9963899450963
2 328.4900599250345
3 390.4705364912721
4 430.8812453537259
5 444.6151372027349
6 447.9758740815446
7 448.721272043063
8 448.8828364933516
9 448.917671763501
10 448.9252023221806
11 448.9268443951326
12 448.9271736476728
13 448.9272513281904
14 448.9272768834531
15 448.9272870658118
16 448.9272836430055
17 448.9272831915781
18 448.9272783374119
19 448.927276718105
20 448.9272750987981
21 448.9272748841832
22 448.9272748381524
23 448.9272747921216
24 448.9272747460907
25 448.9272747000599
26 448.927274654029
27 448.9272746079982
28 448.9272745619674
29 448.9272745159365
30 448.9272744699057