Time X1
0 246.93718809283
1 502.3362138112445
2 503.0520685636391
3 503.0523973944579
4 503.0523857644205
5 503.0523854337822
6 503.0523851031439
7 503.0523847725055
8 503.0523844655081
9 503.0523844558174
10 503.0523844461268
11 503.0523844364362
12 503.0523844267455
13 503.0523844249883
14 503.0523844249591
15 503.05238442493
16 503.0523844249008
17 503.0523844248716
18 503.0523844248424
19 503.0523844248133
20 503.0523844247841
21 503.0523844247549
22 503.0523844247257
23 503.0523844246966
24 503.0523844246674
25 503.0523844246382
26 503.052384424609
27 503.0523844245799
28 503.0523844245507
29 503.0523844245215
30 503.0523844244923