Time X1
0 246.855052464567
1 254.1081622097914
2 266.031178385245
3 285.7949822253541
4 317.763365307708
5 363.0453465232168
6 408.2989990978322
7 435.1466705465041
8 445.4311550629623
9 448.5993603825215
10 449.5037108999114
11 449.7560609529434
12 449.8259876276041
13 449.8452872588462
14 449.8507383874886
15 449.8521831103624
16 449.8525804179025
17 449.8526979806637
18 449.8527333738215
19 449.8527559403121
20 449.8527593132847
21 449.8527576037258
22 449.8527564107841
23 449.8527514820003
24 449.8527495528126
25 449.8527476236248
26 449.8527469788502
27 449.8527469200586
28 449.852746861267
29 449.8527468024754
30 449.8527467436838