Time X1
0 246.855042331329
1 254.0469408222855
2 265.8674861000377
3 285.4609880900048
4 317.1807421604225
5 362.2681927949104
6 407.6739555926926
7 434.8581362344124
8 445.3355915885762
9 448.5725476366364
10 449.4977807175979
11 449.7561766406601
12 449.8278391080245
13 449.8476239120317
14 449.8532153326415
15 449.8547032541853
16 449.8551103104996
17 449.8552311207317
18 449.8552668895118
19 449.8552898615395
20 449.8552938974545
21 449.8552918568483
22 449.8552908970002
23 449.8552858993362
24 449.8552840012301
25 449.8552821031239
26 449.8552813479212
27 449.8552812903035
28 449.8552812326857
29 449.855281175068
30 449.8552811174503