Time X1
0 246.853773721419
1 263.2920289520949
2 295.3200579948165
3 357.1044472216939
4 443.2889633425923
5 493.533636879462
6 505.6944145592875
7 507.7497863245754
8 508.0720463336669
9 508.121855466245
10 508.1296627463419
11 508.1307999882976
12 508.1309924702705
13 508.1310409187959
14 508.1310436281053
15 508.1310439266961
16 508.1310370060121
17 508.1310329498901
18 508.1310324307377
19 508.1310322991002
20 508.1310321674628
21 508.1310320358253
22 508.1310319041878
23 508.1310317725503
24 508.1310316409129
25 508.1310315092754
26 508.1310313776378
27 508.1310312460004
28 508.1310311143629
29 508.1310309827254
30 508.1310308510879