Time X1
0 246.921211817214
1 503.3236635192594
2 503.8113881693665
3 503.8115501065727
4 503.8115410113533
5 503.8115406608267
6 503.8115403103
7 503.8115399597733
8 503.811539761174
9 503.8115397508789
10 503.8115397405839
11 503.8115397302888
12 503.8115397240496
13 503.8115397240186
14 503.8115397239875
15 503.8115397239564
16 503.8115397239254
17 503.8115397238943
18 503.8115397238632
19 503.8115397238321
20 503.8115397238011
21 503.81153972377
22 503.811539723739
23 503.8115397237079
24 503.8115397236768
25 503.8115397236458
26 503.8115397236147
27 503.8115397235836
28 503.8115397235526
29 503.8115397235215
30 503.8115397234905