Time X1
0 246.93718709283
1 502.3362137987378
2 503.0520685636336
3 503.0523973944578
4 503.0523857644205
5 503.0523854337824
6 503.0523851031442
7 503.0523847725061
8 503.0523844655088
9 503.052384455818
10 503.0523844461272
11 503.0523844364363
12 503.0523844267456
13 503.0523844249883
14 503.0523844249591
15 503.0523844249299
16 503.0523844249008
17 503.0523844248716
18 503.0523844248424
19 503.0523844248132
20 503.0523844247841
21 503.0523844247549
22 503.0523844247257
23 503.0523844246965
24 503.0523844246674
25 503.0523844246381
26 503.052384424609
27 503.0523844245798
28 503.0523844245507
29 503.0523844245214
30 503.0523844244923