Time X1
0 246.8589045133
1 281.5625738430137
2 339.2647517958366
3 407.1842225270317
4 445.1749990890644
5 455.920701206165
6 458.1937073765617
7 458.6402545490157
8 458.7266839224642
9 458.7433732211389
10 458.7466612207833
11 458.7472559606248
12 458.7473777536067
13 458.7474095440666
14 458.7474224504936
15 458.7474191619954
16 458.7474180654721
17 458.7474131974017
18 458.7474113361999
19 458.7474099761534
20 458.7474099226328
21 458.7474098691121
22 458.7474098155914
23 458.7474097620708
24 458.7474097085502
25 458.7474096550295
26 458.7474096015088
27 458.7474095479882
28 458.7474094944675
29 458.7474094409469
30 458.7474093874262