Time X1
0 246.853674661071
1 262.5407640541947
2 293.0258948248396
3 352.117150544331
4 437.8146783178653
5 491.5855543247258
6 505.302713576771
7 507.6673713376489
8 508.0415883288568
9 508.1000032796284
10 508.1091316091539
11 508.1105262238827
12 508.1107616833854
13 508.1108176928351
14 508.1108225188566
15 508.1108231341116
16 508.1108158749453
17 508.110811251723
18 508.1108109791616
19 508.1108108243426
20 508.1108106695236
21 508.1108105147046
22 508.1108103598856
23 508.1108102050666
24 508.1108100502476
25 508.1108098954286
26 508.1108097406096
27 508.1108095857905
28 508.1108094309715
29 508.1108092761526
30 508.1108091213335