Time X1
0 246.853674661071
1 262.5411184389582
2 293.0269870700737
3 352.1195877300528
4 437.8175764086837
5 491.5868218675476
6 505.3031853396633
7 507.6676781681956
8 508.0418666550372
9 508.1002768582944
10 508.1094043526466
11 508.1107988591868
12 508.1110342966032
13 508.111090305976
14 508.1110951301293
15 508.1110957420229
16 508.1110884833176
17 508.1110838593411
18 508.1110835882467
19 508.1110834333959
20 508.1110832785451
21 508.1110831236943
22 508.1110829688435
23 508.1110828139927
24 508.111082659142
25 508.1110825042912
26 508.1110823494404
27 508.1110821945896
28 508.1110820397388
29 508.111081884888
30 508.1110817300372