Time X1
0 246.849622533809
1 213.2763517311072
2 173.9990346926487
3 140.051805435229
4 119.8848257559438
5 110.9585847064907
6 107.5833748658074
7 106.3882563506746
8 105.9751775960083
9 105.8336105782083
10 105.7852409434914
11 105.7687230036421
12 105.7630988743607
13 105.7611786354648
14 105.7605088862364
15 105.7602909544537
16 105.7602182695819
17 105.7601914753644
18 105.7601821306
19 105.7601759366138
20 105.7601735570019
21 105.7601741936663
22 105.7601738310871
23 105.760174600273
24 105.7601753938656
25 105.7601759171821
26 105.7601764404986
27 105.760176515704
28 105.7601765332587
29 105.7601765508134
30 105.7601765683681