Time X1
0 246.937269422208
1 503.9860302388662
2 504.6875112299647
3 504.687804099664
4 504.6877932845119
5 504.687792956417
6 504.687792628322
7 504.687792300227
8 504.6877920289162
9 504.6877920191875
10 504.6877920094587
11 504.6877919997301
12 504.6877919900014
13 504.6877919899426
14 504.687791989913
15 504.6877919898833
16 504.6877919898537
17 504.687791989824
18 504.6877919897944
19 504.6877919897647
20 504.6877919897351
21 504.6877919897054
22 504.6877919896758
23 504.6877919896461
24 504.6877919896165
25 504.6877919895869
26 504.6877919895572
27 504.6877919895276
28 504.687791989498
29 504.6877919894683
30 504.6877919894387