Time X1
0 246.840172042514
1 168.515886026302
2 116.2158850801108
3 97.88618842232547
4 93.36462580702222
5 92.36373796566401
6 92.1477854959371
7 92.10144877478933
8 92.09153389821893
9 92.08939299125251
10 92.08894526823643
11 92.08885303773265
12 92.08883136495822
13 92.08882384817532
14 92.08882238685121
15 92.08882234657904
16 92.08882347405326
17 92.08882405883811
18 92.08882466398097
19 92.08882468509043
20 92.08882470619987
21 92.08882472730933
22 92.08882474841877
23 92.08882476952823
24 92.08882479063767
25 92.08882481174713
26 92.08882483285659
27 92.08882485396603
28 92.08882487507549
29 92.08882489618493
30 92.08882491729439