Time X1
0 246.845139864385
1 205.2472270654046
2 156.6237093509488
3 121.8463353040056
4 106.5077175722707
5 101.4041259827444
6 99.88319566701492
7 99.44550332826489
8 99.32083864792266
9 99.28543934384427
10 99.27539306675213
11 99.27254955069259
12 99.27173222537097
13 99.27150399917565
14 99.27144294243115
15 99.27142412858183
16 99.27141844833146
17 99.27141447413432
18 99.27141339932868
19 99.27141421065816
20 99.27141412640063
21 99.27141473862845
22 99.27141545076329
23 99.27141572496485
24 99.27141599916642
25 99.2714160681594
26 99.27141607581011
27 99.27141608346084
28 99.27141609111156
29 99.27141609876227
30 99.271416106413