Time X1
0 246.8589045133
1 277.6557527823746
2 327.6585187803995
3 389.5002172602146
4 430.4024194195583
5 444.4808276007719
6 447.950874124377
7 448.724051059046
8 448.8922773599674
9 448.9286783732463
10 448.9365717391366
11 448.9383020134978
12 448.9386500911887
13 448.9387321909747
14 448.9387582306509
15 448.9387693087947
16 448.9387657943327
17 448.9387655994187
18 448.9387606875055
19 448.9387590754669
20 448.9387574634283
21 448.9387571526105
22 448.9387571068104
23 448.9387570610103
24 448.9387570152102
25 448.93875696941
26 448.9387569236099
27 448.9387568778097
28 448.9387568320096
29 448.9387567862095
30 448.9387567404094