Time X1
0 246.937268422208
1 501.2449359231491
2 501.9631463018478
3 501.9634810058675
4 501.9634693819397
5 501.9634690527715
6 501.9634687236032
7 501.963468394435
8 501.9634680840434
9 501.9634680743964
10 501.9634680647495
11 501.9634680551025
12 501.9634680454556
13 501.9634680434788
14 501.9634680434498
15 501.9634680434207
16 501.9634680433917
17 501.9634680433626
18 501.9634680433336
19 501.9634680433045
20 501.9634680432755
21 501.9634680432465
22 501.9634680432174
23 501.9634680431884
24 501.9634680431593
25 501.9634680431303
26 501.9634680431012
27 501.9634680430722
28 501.9634680430431
29 501.9634680430141
30 501.963468042985