Time X1
0 246.937163680947
1 502.2912774349505
2 503.0086751881558
3 503.0090054801925
4 503.0089938469661
5 503.0089935164785
6 503.008993185991
7 503.0089928555035
8 503.0089925478138
9 503.0089925381276
10 503.0089925284415
11 503.0089925187553
12 503.0089925090691
13 503.008992507274
14 503.0089925072448
15 503.0089925072157
16 503.0089925071865
17 503.0089925071574
18 503.0089925071282
19 503.008992507099
20 503.0089925070699
21 503.0089925070407
22 503.0089925070116
23 503.0089925069824
24 503.0089925069532
25 503.0089925069241
26 503.0089925068949
27 503.0089925068658
28 503.0089925068366
29 503.0089925068074
30 503.0089925067783