Time X1
0 246.853621349998
1 266.0018422182889
2 304.7534321729615
3 380.6485706574878
4 472.6697098253481
5 511.5312085041216
6 518.6720348364802
7 519.6913725307534
8 519.8309034997447
9 519.8498644269306
10 519.8524784667954
11 519.8528152160885
12 519.8528716336853
13 519.852889486448
14 519.8528862187527
15 519.8528811372022
16 519.8528775246981
17 519.8528754385929
18 519.8528753649119
19 519.852875291231
20 519.85287521755
21 519.8528751438691
22 519.8528750701882
23 519.8528749965072
24 519.8528749228263
25 519.8528748491453
26 519.8528747754644
27 519.8528747017835
28 519.8528746281025
29 519.8528745544216
30 519.8528744807406