Time X1
0 246.920786187053
1 448.695977598945
2 450.3140934216097
3 450.3166519625026
4 450.3166474474173
5 450.3166447934732
6 450.3166444784106
7 450.3166441633479
8 450.3166438482853
9 450.3166435332226
10 450.316643512608
11 450.316643502762
12 450.3166434929159
13 450.3166434830699
14 450.3166434748812
15 450.3166434748496
16 450.3166434748179
17 450.3166434747862
18 450.3166434747546
19 450.3166434747229
20 450.3166434746913
21 450.3166434746596
22 450.3166434746279
23 450.3166434745963
24 450.3166434745646
25 450.3166434745329
26 450.3166434745012
27 450.3166434744696
28 450.3166434744379
29 450.3166434744062
30 450.3166434743746