Time X1
0 246.853594887587
1 261.9370260396587
2 291.1852879992073
3 348.0641047047549
4 433.0884415805966
5 489.7883076116923
6 504.9341364202893
7 507.5913959138396
8 508.0155002047152
9 508.0819775281204
10 508.0925294282742
11 508.0940908479646
12 508.0943567527262
13 508.0944144986416
14 508.0944238098115
15 508.0944244746003
16 508.0944171934629
17 508.0944130102894
18 508.0944118359026
19 508.0944116987979
20 508.0944115616932
21 508.0944114245884
22 508.0944112874837
23 508.094411150379
24 508.0944110132742
25 508.0944108761695
26 508.0944107390648
27 508.0944106019601
28 508.0944104648553
29 508.0944103277506
30 508.0944101906459