Time X1
0 246.855036266592
1 254.010499921128
2 265.7700653773728
3 285.2621914374495
4 316.8335193006018
5 361.8030330333177
6 407.2970606654704
7 434.6831690999902
8 445.277596787193
9 448.5563892734024
10 449.4943481565192
11 449.7564310470717
12 449.829152933375
13 449.8492337343125
14 449.8549101304878
15 449.8564243379719
16 449.856837306976
17 449.8569600983837
18 449.8569961173293
19 449.8570193249084
20 449.8570237492082
21 449.8570215224007
22 449.8570206987897
23 449.8570156655005
24 449.8570137858496
25 449.8570119061988
26 449.8570110864721
27 449.8570110295488
28 449.8570109726255
29 449.8570109157023
30 449.857010858779