Time X1
0 246.914404994536
1 502.7633399237247
2 503.1828110577677
3 503.1829346522632
4 503.1829274287953
5 503.1829270754371
6 503.182926722079
7 503.1829263687209
8 503.182926208594
9 503.1829261982303
10 503.1829261878666
11 503.1829261775029
12 503.1829261730518
13 503.1829261730206
14 503.1829261729894
15 503.1829261729581
16 503.1829261729269
17 503.1829261728956
18 503.1829261728644
19 503.1829261728332
20 503.182926172802
21 503.1829261727707
22 503.1829261727395
23 503.1829261727083
24 503.1829261726771
25 503.1829261726459
26 503.1829261726146
27 503.1829261725834
28 503.1829261725522
29 503.1829261725209
30 503.1829261724897