Time X1
0 246.920786187053
1 140.1783540348731
2 118.9874414302268
3 113.197504529824
4 111.5642783464937
5 111.1008866143736
6 110.9692142684853
7 110.9317855576062
8 110.9211578152745
9 110.9181442188186
10 110.9172674085623
11 110.9170269539566
12 110.9169602072946
13 110.9169397336171
14 110.916932288059
15 110.9169280334096
16 110.9169285771677
17 110.916928165762
18 110.9169288615789
19 110.9169298118581
20 110.9169303191084
21 110.9169307851094
22 110.9169308011264
23 110.9169308171434
24 110.9169308331603
25 110.9169308491773
26 110.9169308651943
27 110.9169308812112
28 110.9169308972282
29 110.9169309132452
30 110.9169309292621