Time X1
0 246.853620349998
1 262.1371693071588
2 291.7950656724324
3 349.411581318473
4 434.6879511182428
5 490.409079595184
6 505.0621592525986
7 507.6176190791989
8 508.0243696145563
9 508.0879832553787
10 508.0980670835895
11 508.0995564541835
12 508.0998099565491
13 508.0998663403083
14 508.0998736584261
15 508.0998749303944
16 508.0998676665474
17 508.0998634344019
18 508.0998624575221
19 508.0998623184313
20 508.0998621793405
21 508.0998620402497
22 508.0998619011589
23 508.099861762068
24 508.0998616229772
25 508.0998614838864
26 508.0998613447956
27 508.0998612057048
28 508.0998610666139
29 508.0998609275231
30 508.0998607884323