Time X1
0 246.859073025105
1 278.7115010617277
2 330.2336384559239
3 392.4843011447523
4 431.8774323420964
5 444.9189843177792
6 448.0626232737043
7 448.7530592353833
8 448.901493390821
9 448.9332484256015
10 448.9401194467832
11 448.9415378067791
12 448.9418311013143
13 448.9418999595388
14 448.9419247003457
15 448.9419329358853
16 448.941929827714
17 448.9419288106399
18 448.9419241286773
19 448.9419224908239
20 448.9419208977533
21 448.9419208511248
22 448.9419208044962
23 448.9419207578678
24 448.9419207112392
25 448.9419206646107
26 448.9419206179822
27 448.9419205713536
28 448.9419205247252
29 448.9419204780966
30 448.9419204314681