Time X1
0 246.936395505233
1 501.8017832955129
2 502.5650908416599
3 502.5654628295974
4 502.5654511555836
5 502.5654508287502
6 502.5654505019168
7 502.5654501750834
8 502.565449849291
9 502.5654498397157
10 502.5654498301403
11 502.5654498205649
12 502.5654498109896
13 502.5654498082161
14 502.5654498081873
15 502.5654498081585
16 502.5654498081296
17 502.5654498081008
18 502.565449808072
19 502.5654498080432
20 502.5654498080144
21 502.5654498079855
22 502.5654498079567
23 502.5654498079279
24 502.5654498078991
25 502.5654498078703
26 502.5654498078414
27 502.5654498078126
28 502.5654498077838
29 502.565449807755
30 502.5654498077262