Time X1
0 246.927751886484
1 498.949553383592
2 500.4471093982233
3 500.4483869706626
4 500.4483740461609
5 500.4483736710649
6 500.4483732959688
7 500.4483729208727
8 500.4483725457767
9 500.4483724061426
10 500.4483723944668
11 500.4483723827909
12 500.4483723711151
13 500.4483723622466
14 500.4483723622092
15 500.4483723621718
16 500.4483723621344
17 500.448372362097
18 500.4483723620596
19 500.4483723620222
20 500.4483723619848
21 500.4483723619474
22 500.44837236191
23 500.4483723618726
24 500.4483723618352
25 500.4483723617978
26 500.4483723617604
27 500.448372361723
28 500.4483723616856
29 500.4483723616482
30 500.4483723616108