Time X1
0 246.914154762968
1 502.6471325250226
2 503.0646636762563
3 503.0647863565197
4 503.0647791836615
5 503.0647788305043
6 503.0647784773472
7 503.0647781241901
8 503.0647779648779
9 503.0647779545216
10 503.0647779441654
11 503.0647779338091
12 503.0647779293922
13 503.064777929361
14 503.0647779293298
15 503.0647779292986
16 503.0647779292674
17 503.0647779292362
18 503.064777929205
19 503.0647779291738
20 503.0647779291426
21 503.0647779291114
22 503.0647779290802
23 503.064777929049
24 503.0647779290178
25 503.0647779289866
26 503.0647779289554
27 503.0647779289242
28 503.064777928893
29 503.0647779288618
30 503.0647779288306