Time X1
0 246.851920762561
1 249.5380996071337
2 254.4275992594038
3 263.4906104730367
4 280.7305509998224
5 314.242934473185
6 375.5750609003032
7 452.0999152569422
8 494.1517391882415
9 505.1364048676754
10 507.2594714209419
11 507.6423035814798
12 507.7103024811273
13 507.7225226839886
14 507.7245840469814
15 507.7249766465652
16 507.7250499662429
17 507.7250807439076
18 507.7250784923835
19 507.7250796221583
20 507.7250730664444
21 507.7250705561962
22 507.7250685260519
23 507.7250684526131
24 507.7250683791743
25 507.7250683057354
26 507.7250682322966
27 507.7250681588578
28 507.7250680854189
29 507.7250680119801
30 507.7250679385413