Time X1
0 246.854568024541
1 251.1989218827954
2 258.2802857328853
3 269.9483308584552
4 289.256008290725
5 320.2942030858028
6 363.9576354704407
7 407.8216833120194
8 434.5477270659333
9 445.1842898646474
10 448.5849391070408
11 449.5890432284584
12 449.8783207397294
13 449.9610810147817
14 449.9846002930568
15 449.9914260324553
16 449.9933301034932
17 449.9938545446819
18 449.9940165934096
19 449.9940642161013
20 449.9940911238531
21 449.9940995344101
22 449.9940968112489
23 449.9940967484112
24 449.9940913090991
25 449.9940894085988
26 449.9940872620319
27 449.9940862066823
28 449.9940861390779
29 449.9940860714734
30 449.994086003869