Time X1
0 246.843596536221
1 192.2259359773435
2 139.4532024286386
3 110.6521217300469
4 100.6430617553248
5 97.81080683094611
6 97.06027092117228
7 96.86493133536962
8 96.81433418195139
9 96.80126313727109
10 96.79786600871772
11 96.79699171656119
12 96.79677578514666
13 96.79671477337796
14 96.79669846326462
15 96.79669207879253
16 96.79668912589663
17 96.79668990022738
18 96.79668973910769
19 96.79669078236726
20 96.79669136507647
21 96.79669181127014
22 96.79669203658398
23 96.79669205018413
24 96.79669206378429
25 96.79669207738445
26 96.79669209098459
27 96.79669210458475
28 96.79669211818491
29 96.79669213178506
30 96.79669214538522