Time X1
0 246.914156339967
1 505.2300213472973
2 505.6375940765011
3 505.6377033527041
4 505.6376983738124
5 505.6376978049151
6 505.6376972360177
7 505.6376967725869
8 505.6376967539982
9 505.6376967354095
10 505.6376967168208
11 505.6376967101833
12 505.6376967101207
13 505.6376967100582
14 505.6376967099956
15 505.637696709933
16 505.6376967098703
17 505.6376967098078
18 505.6376967097452
19 505.6376967096826
20 505.63769670962
21 505.6376967095574
22 505.6376967094948
23 505.6376967094322
24 505.6376967093697
25 505.6376967093071
26 505.6376967092445
27 505.6376967091819
28 505.6376967091193
29 505.6376967090567
30 505.6376967089941