Time X1
0 246.851795789133
1 248.6173018608588
2 251.8114772045422
3 257.6637245030878
4 268.601961349426
5 289.5891258801832
6 330.227917405887
7 399.5786775323324
8 469.4569923946767
9 499.196676975111
10 506.0739846451095
11 507.3734060568259
12 507.6085532041526
13 507.6507013055806
14 507.6583591023816
15 507.659653450213
16 507.6599066530462
17 507.6599660791922
18 507.6599822971788
19 507.659981633436
20 507.6599748288946
21 507.659970678137
22 507.6599680994387
23 507.6599679609403
24 507.659967822442
25 507.6599676839436
26 507.6599675454453
27 507.6599674069469
28 507.6599672684486
29 507.6599671299502
30 507.6599669914519