Time X1
0 246.85895976224
1 281.9106558979469
2 340.1061517291755
3 408.0366456534578
4 445.4959858641245
5 455.9757943180857
6 458.1795357020648
7 458.6107795120066
8 458.6939582381166
9 458.709964900423
10 458.7131110123655
11 458.7136757423906
12 458.7137916867571
13 458.7138227435307
14 458.7138347369981
15 458.7138315314068
16 458.7138301667089
17 458.7138254015147
18 458.7138235331392
19 458.7138222606907
20 458.7138222069394
21 458.7138221531882
22 458.7138220994369
23 458.7138220456856
24 458.7138219919344
25 458.7138219381831
26 458.7138218844319
27 458.7138218306806
28 458.7138217769293
29 458.7138217231781
30 458.7138216694268