Time X1
0 246.859060369902
1 278.6190572143446
2 330.0024367838382
3 392.2051748753568
4 431.7197819746962
5 444.847816761637
6 448.0191610955063
7 448.7167332527528
8 448.8668948500275
9 448.8990595441913
10 448.9059758352472
11 448.9074676119061
12 448.9077657101364
13 448.9078357849311
14 448.907860632162
15 448.9078691534996
16 448.907865990014
17 448.9078650566797
18 448.9078603456076
19 448.9078587104858
20 448.9078570885507
21 448.9078570420087
22 448.9078569954668
23 448.9078569489249
24 448.9078569023829
25 448.907856855841
26 448.907856809299
27 448.907856762757
28 448.9078567162151
29 448.9078566696732
30 448.9078566231312