Time X1
0 246.854341451856
1 245.3343525990354
2 242.9983304478985
3 239.429922066017
4 234.0341610446312
5 226.0245892492143
6 214.5238850423364
7 198.9731029708243
8 179.9994891073427
9 160.2149593720603
10 143.3336603698988
11 131.5875217615464
12 124.6503529631753
13 120.971498785126
14 119.1356157830851
15 118.2481735191392
16 117.8258250557536
17 117.6262535449035
18 117.5323076300163
19 117.4881533129678
20 117.4674250961574
21 117.457700069921
22 117.4531358261176
23 117.4509922339593
24 117.4499886045635
25 117.4494974009677
26 117.4492806150898
27 117.4491780281862
28 117.4491327920929
29 117.4491103304311
30 117.4490992163916