Time X1
0 246.859096184807
1 278.8372463211782
2 330.5374173255252
3 392.8269783910416
4 432.0405006663619
5 444.9647831969394
6 448.0722955760543
7 448.7536753042007
8 448.8999626355218
9 448.9312175795305
10 448.9379692683464
11 448.9393645070626
12 448.9396521982433
13 448.9397196390197
14 448.9397442534778
15 448.939752154807
16 448.9397491151083
17 448.9397480014901
18 448.9397433552772
19 448.9397417144986
20 448.9397401545372
21 448.9397401078148
22 448.9397400610924
23 448.93974001437
24 448.9397399676477
25 448.9397399209253
26 448.9397398742029
27 448.9397398274805
28 448.9397397807581
29 448.9397397340358
30 448.9397396873134