Time X1
0 246.845140864385
1 205.2778341986132
2 156.6673639537889
3 121.8762197033213
4 106.5223471537807
5 101.4116927407855
6 99.88827313195495
7 99.44977725448662
8 99.32486137893052
9 99.28938450801586
10 99.27931445563124
11 99.27646374559779
12 99.27564419185319
13 99.27541539093639
14 99.27535414245308
15 99.27533527336962
16 99.2753295932103
17 99.27532561351829
18 99.27532451956306
19 99.27532534021837
20 99.27532524894139
21 99.27532585007388
22 99.27532657091025
23 99.27532684345938
24 99.2753271160085
25 99.27532718970559
26 99.27532719729957
27 99.27532720489354
28 99.27532721248753
29 99.27532722008149
30 99.27532722767548