Time X1
0 246.914929459758
1 502.8749829603279
2 503.2989695101387
3 503.299095458261
4 503.2990880969581
5 503.2990877435699
6 503.2990873901816
7 503.2990870367934
8 503.2990868742266
9 503.2990868638605
10 503.2990868534944
11 503.2990868431284
12 503.299086838567
13 503.2990868385357
14 503.2990868385044
15 503.2990868384732
16 503.299086838442
17 503.2990868384107
18 503.2990868383795
19 503.2990868383483
20 503.299086838317
21 503.2990868382857
22 503.2990868382545
23 503.2990868382233
24 503.2990868381921
25 503.2990868381608
26 503.2990868381295
27 503.2990868380983
28 503.2990868380671
29 503.2990868380359
30 503.2990868380046