Time X1
0 246.851920762561
1 249.5800760430666
2 254.5481059113128
3 263.7628747021137
4 281.307158033967
5 315.4232785039603
6 377.6014999430515
7 453.8911000723551
8 494.8005594260458
9 505.3307530990769
10 507.3564151928153
11 507.7208485745367
12 507.7855994999406
13 507.7971062909984
14 507.7991721243463
15 507.7995147030964
16 507.7995813890445
17 507.7996082838662
18 507.7996077803446
19 507.7996079786489
20 507.7996026465906
21 507.7996000607379
22 507.7995980398353
23 507.7995978990768
24 507.7995978419152
25 507.7995977847537
26 507.7995977275921
27 507.7995976704306
28 507.799597613269
29 507.7995975561075
30 507.799597498946