Time X1
0 246.851277149231
1 232.0317583581387
2 210.2841412720901
3 182.269460765828
4 153.5732492564148
5 131.9021701033575
6 119.6347759921427
7 113.9233316762334
8 111.5222275911037
9 110.5580288026466
10 110.1779991378998
11 110.0293467509573
12 109.9713643734195
13 109.9487752616988
14 109.9399832991065
15 109.9365644961837
16 109.9352344836836
17 109.934704165324
18 109.9345017841799
19 109.9344285434652
20 109.9343979881046
21 109.9343856276573
22 109.9343804622804
23 109.9343761008982
24 109.9343741022215
25 109.9343744662503
26 109.9343746327554
27 109.9343746266967
28 109.9343752287777
29 109.9343760370579
30 109.9343763601143