Time X1
0 246.927751886484
1 495.9555554130831
2 497.4869355446337
3 497.4883214118254
4 497.4883080299559
5 497.4883076549927
6 497.4883072800295
7 497.4883069050663
8 497.4883065301032
9 497.4883063741275
10 497.4883063624241
11 497.4883063507206
12 497.4883063390172
13 497.4883063293388
14 497.4883063293012
15 497.4883063292637
16 497.488306329226
17 497.4883063291884
18 497.4883063291508
19 497.4883063291132
20 497.4883063290757
21 497.488306329038
22 497.4883063290005
23 497.4883063289629
24 497.4883063289253
25 497.4883063288877
26 497.4883063288501
27 497.4883063288125
28 497.4883063287749
29 497.4883063287373
30 497.4883063286997