Time X1
0 246.806240142584
1 58.77802900020124
2 57.86476511132162
3 57.85482532660525
4 57.85472036106079
5 57.85471792731389
6 57.85471915869242
7 57.85471926808821
8 57.85471929106494
9 57.85471931404167
10 57.85471933701841
11 57.85471935999514
12 57.85471938297187
13 57.8547194059486
14 57.85471941538618
15 57.85471941606449
16 57.8547194167428
17 57.8547194174211
18 57.85471941809941
19 57.85471941877772
20 57.85471941945603
21 57.854719419912
22 57.85471941991406
23 57.85471941991612
24 57.85471941991818
25 57.85471941992024
26 57.85471941992229
27 57.85471941992435
28 57.8547194199264
29 57.85471941992846
30 57.85471941993052