Time X1
0 246.855030229969
1 253.974228005147
2 265.6731036303812
3 285.064307151416
4 316.4875450487494
5 361.3380121366497
6 406.918100401494
7 434.5063823696437
8 445.2188436891444
9 448.5399804892099
10 449.4908351244165
11 449.7566560257343
12 449.8304528983277
13 449.8508337770809
14 449.856596026438
15 449.8581368251107
16 449.8585557645762
17 449.8586805641309
18 449.8587168529131
19 449.8587402909774
20 449.8587450964866
21 449.8587426929445
22 449.8587420026333
23 449.8587369378891
24 449.8587350764345
25 449.8587332149799
26 449.8587323321814
27 449.8587322759413
28 449.8587322197013
29 449.8587321634612
30 449.8587321072212