Time X1
0 246.851879780715
1 249.1962965047964
2 253.4535076764238
3 261.3101863074182
4 276.162426585586
5 304.9511897850204
6 359.2038247003658
7 436.2302862936198
8 488.2493048948045
9 503.7967511058621
10 506.9324212966547
11 507.504664123441
12 507.6070346736068
13 507.6253442517398
14 507.6285678165453
15 507.6291413708924
16 507.6292508888278
17 507.6292908451661
18 507.6292907063865
19 507.6292901176427
20 507.6292835553341
21 507.6292796585591
22 507.629278731079
23 507.6292786032823
24 507.6292784754857
25 507.6292783476891
26 507.6292782198925
27 507.6292780920959
28 507.6292779642993
29 507.6292778365028
30 507.6292777087061