Time X1
0 246.843596536221
1 192.2259381355293
2 139.4532055946162
3 110.6521242742101
4 100.6430636563134
5 97.81080845069191
6 97.06027244385747
7 96.86493282730642
8 96.81433566454901
9 96.80126461708889
10 96.79786748771917
11 96.79699319533431
12 96.79677726386204
13 96.7967162520747
14 96.79669994195581
15 96.79669355748349
16 96.79669060458612
17 96.79669137891696
18 96.79669121779675
19 96.79669226105563
20 96.79669284376541
21 96.79669328995898
22 96.79669351527305
23 96.79669352887322
24 96.79669354247341
25 96.79669355607358
26 96.79669356967376
27 96.79669358327394
28 96.79669359687412
29 96.79669361047429
30 96.79669362407448