Time X1
0 246.85895976224
1 274.2186393826032
2 317.5047511457231
3 372.7531423573978
4 414.8215615089083
5 432.3217981430957
6 437.3721835491895
7 438.6495357108523
8 438.9612144362874
9 439.0365911634381
10 439.0547905305471
11 439.0592350638941
12 439.0602869999673
13 439.0605283935824
14 439.0605922947289
15 439.0606150038701
16 439.0606262078973
17 439.0606223966664
18 439.0606232881648
19 439.0606202127354
20 439.0606171438404
21 439.0606157588529
22 439.0606146653139
23 439.0606146264785
24 439.060614587643
25 439.0606145488076
26 439.0606145099721
27 439.0606144711367
28 439.0606144323012
29 439.0606143934658
30 439.0606143546304