Time X1
0 246.914156339967
1 502.6509862110427
2 503.0685173639019
3 503.0686400388357
4 503.0686328665337
5 503.0686325133652
6 503.0686321601967
7 503.0686318070281
8 503.0686316477298
9 503.0686316373733
10 503.0686316270167
11 503.0686316166602
12 503.0686316122441
13 503.0686316122129
14 503.0686316121817
15 503.0686316121505
16 503.0686316121192
17 503.068631612088
18 503.0686316120569
19 503.0686316120257
20 503.0686316119945
21 503.0686316119633
22 503.0686316119321
23 503.0686316119009
24 503.0686316118696
25 503.0686316118384
26 503.0686316118072
27 503.0686316117761
28 503.0686316117449
29 503.0686316117137
30 503.0686316116825