Time X1
0 246.851278149231
1 232.0317586473088
2 210.2841405003443
3 182.2694587980216
4 153.5732466052477
5 131.902167622629
6 119.6347740452831
7 113.9233301583997
8 111.5222263157584
9 110.5580276459715
10 110.1779980355902
11 110.0293456727393
12 109.9713633056777
13 109.9487741984461
14 109.9399822377727
15 109.9365634356552
16 109.9352334234879
17 109.9347031052731
18 109.9345007241896
19 109.934427483498
20 109.9343969281468
21 109.9343845677037
22 109.9343794023276
23 109.9343750409463
24 109.9343730422706
25 109.9343734063005
26 109.9343735728055
27 109.9343735667471
28 109.9343741688283
29 109.934374977109
30 109.934375300165