Time X1
0 246.883934390168
1 437.5144797287821
2 481.3171144811224
3 482.7398524302669
4 482.7761174856511
5 482.7770078419599
6 482.7770458822317
7 482.7770393462247
8 482.7770351839472
9 482.777035042754
10 482.7770349015607
11 482.7770347603675
12 482.7770346191743
13 482.7770344779811
14 482.7770343367878
15 482.7770341955946
16 482.7770340544014
17 482.7770339351738
18 482.7770339310216
19 482.7770339268694
20 482.7770339227172
21 482.777033918565
22 482.7770339144128
23 482.7770339102606
24 482.7770339061084
25 482.7770339019561
26 482.7770338985628
27 482.7770338985503
28 482.7770338985378
29 482.7770338985252
30 482.7770338985126