Time X1
0 246.900149782907
1 589.4671793213466
2 589.5850563879391
3 589.5850463463046
4 589.5850459293725
5 589.5850455124406
6 589.5850450955086
7 589.5850450351231
8 589.5850450232302
9 589.5850450113373
10 589.585045006666
11 589.5850450066312
12 589.5850450065964
13 589.5850450065615
14 589.5850450065267
15 589.5850450064919
16 589.585045006457
17 589.5850450064222
18 589.5850450063874
19 589.5850450063526
20 589.5850450063177
21 589.5850450062829
22 589.5850450062482
23 589.5850450062132
24 589.5850450061785
25 589.5850450061437
26 589.5850450061088
27 589.585045006074
28 589.5850450060392
29 589.5850450060044
30 589.5850450059695