Time X1
0 246.914162647961
1 502.6663393749917
2 503.0838717198018
3 503.0839943741358
4 503.0839872040186
5 503.0839868508062
6 503.0839864975937
7 503.0839861443813
8 503.083985985138
9 503.0839859747801
10 503.0839859644223
11 503.0839859540644
12 503.0839859496514
13 503.0839859496202
14 503.083985949589
15 503.0839859495578
16 503.0839859495266
17 503.0839859494953
18 503.0839859494641
19 503.0839859494329
20 503.0839859494017
21 503.0839859493706
22 503.0839859493394
23 503.0839859493082
24 503.083985949277
25 503.0839859492457
26 503.0839859492145
27 503.0839859491833
28 503.0839859491521
29 503.0839859491209
30 503.0839859490897