Time X1
0 246.883934390168
1 437.5147197725725
2 481.3172557666133
3 482.7399838554591
4 482.7762485176948
5 482.777138860061
6 482.7771768997028
7 482.7771703638316
8 482.7771662015861
9 482.7771660603926
10 482.7771659191991
11 482.7771657780056
12 482.7771656368121
13 482.7771654956186
14 482.7771653544251
15 482.7771652132316
16 482.7771650720381
17 482.777164952813
18 482.7771649486607
19 482.7771649445084
20 482.7771649403561
21 482.7771649362038
22 482.7771649320515
23 482.7771649278992
24 482.7771649237469
25 482.7771649195946
26 482.7771649162014
27 482.7771649161888
28 482.7771649161763
29 482.7771649161637
30 482.7771649161512