Time X1
0 246.855091331265
1 254.3414830300894
2 266.655170246543
3 287.066931538686
4 319.9729259864682
5 365.9527346119878
6 410.5837440287025
7 436.1800543492932
8 445.7679860033738
9 448.6920120584957
10 449.5223064812228
11 449.753150575637
12 449.8169834651279
13 449.8346162245601
14 449.8394895678337
15 449.8408620566994
16 449.8412147992217
17 449.8413159102876
18 449.8413486056571
19 449.841368610517
20 449.841369401473
21 449.8413691811612
22 449.8413671133774
23 449.8413628575883
24 449.8413609050176
25 449.8413589524469
26 449.8413588301113
27 449.8413587692961
28 449.8413587084808
29 449.8413586476656
30 449.8413585868503