Time X1
0 246.855042331329
1 254.0066252553934
2 265.7572411548732
3 285.2298341226112
4 316.7629031720948
5 361.6801033254263
6 407.1530918329088
7 434.56282750921
8 445.1806703742997
9 448.4701561688356
10 449.4119708952362
11 449.6753316551938
12 449.7484638259986
13 449.7686712119274
14 449.7743868583688
15 449.7759138135024
16 449.7763300772764
17 449.7764540008617
18 449.7764902391995
19 449.7765135999891
20 449.7765181812547
21 449.7765159033494
22 449.7765151220732
23 449.7765100782621
24 449.7765081973882
25 449.7765063165143
26 449.7765054792095
27 449.7765054222297
28 449.7765053652498
29 449.7765053082699
30 449.77650525129