Time X1
0 246.8550718626
1 254.1840853502025
2 266.2316565920059
3 286.1975175204195
4 318.4496188081294
5 363.926061329992
6 408.9551341075895
7 435.3930926325972
8 445.4549551736799
9 448.5464328560917
10 449.4280886360334
11 449.6740252513134
12 449.7421527374784
13 449.7609608944983
14 449.7662708678621
15 449.7676731071724
16 449.7680611784868
17 449.768175750386
18 449.7682108807953
19 449.7682330598019
20 449.7682357191499
21 449.7682344053185
22 449.7682329482815
23 449.7682281086874
24 449.7682261384215
25 449.7682241681557
26 449.7682236511366
27 449.7682235907749
28 449.7682235304133
29 449.7682234700516
30 449.7682234096899