Time X1
0 246.858932116644
1 274.0509824174392
2 317.0939152651758
3 372.2159344953295
4 414.4857216788806
5 432.1968763398389
6 437.3313303473491
7 438.6335875745082
8 438.9520167996508
9 439.0291775624191
10 439.0478435595729
11 439.0524106776035
12 439.0534923762896
13 439.0537409491052
14 439.053806928197
15 439.053829851302
16 439.053841487979
17 439.0538376780997
18 439.0538386907294
19 439.0538357528293
20 439.0538325645511
21 439.0538311835551
22 439.053830041079
23 439.0538300023695
24 439.0538299636601
25 439.0538299249506
26 439.0538298862411
27 439.0538298475317
28 439.0538298088222
29 439.0538297701128
30 439.0538297314033