Time X1
0 246.927758275341
1 498.9331066505875
2 500.4306165670601
3 500.4318943347161
4 500.4318814087238
5 500.4318810336624
6 500.4318806586009
7 500.4318802835394
8 500.431879908478
9 500.4318797687752
10 500.4318797571004
11 500.4318797454255
12 500.4318797337507
13 500.4318797248788
14 500.4318797248414
15 500.431879724804
16 500.4318797247666
17 500.4318797247292
18 500.4318797246918
19 500.4318797246544
20 500.431879724617
21 500.4318797245796
22 500.4318797245422
23 500.4318797245048
24 500.4318797244674
25 500.43187972443
26 500.4318797243926
27 500.4318797243552
28 500.4318797243178
29 500.4318797242804
30 500.431879724243