Time X1
0 246.916548168284
1 500.4532617572681
2 500.9033908937847
3 500.9035279975062
4 500.9035224419453
5 500.9035219957261
6 500.903521549507
7 500.9035211032879
8 500.9035210202545
9 500.9035210062992
10 500.9035209923438
11 500.9035209792627
12 500.9035209792178
13 500.9035209791729
14 500.903520979128
15 500.9035209790831
16 500.9035209790381
17 500.9035209789932
18 500.9035209789483
19 500.9035209789034
20 500.9035209788585
21 500.9035209788135
22 500.9035209787686
23 500.9035209787237
24 500.9035209786788
25 500.9035209786338
26 500.9035209785889
27 500.903520978544
28 500.9035209784991
29 500.9035209784542
30 500.9035209784092