Time X1
0 246.853565455004
1 261.7149143744948
2 290.5089272435796
3 346.5641462423064
4 431.2746075116855
5 489.0685835241487
6 504.7848787169863
7 507.5612117952625
8 508.0056774937457
9 508.0755249349435
10 508.0866230082098
11 508.0882717605702
12 508.0885513942781
13 508.088609945529
14 508.0886225754694
15 508.0886220693591
16 508.0886148871984
17 508.0886109476053
18 508.0886093160079
19 508.0886091888328
20 508.0886090616577
21 508.0886089344827
22 508.0886088073077
23 508.0886086801326
24 508.0886085529575
25 508.0886084257825
26 508.0886082986074
27 508.0886081714323
28 508.0886080442573
29 508.0886079170822
30 508.0886077899072