Time X1
0 246.914403994536
1 502.763278069987
2 503.1827503879558
3 503.1828739831764
4 503.1828667596608
5 503.1828664063032
6 503.1828660529455
7 503.1828656995879
8 503.1828655394602
9 503.1828655290966
10 503.182865518733
11 503.1828655083694
12 503.1828655039183
13 503.1828655038871
14 503.1828655038558
15 503.1828655038246
16 503.1828655037934
17 503.1828655037621
18 503.1828655037309
19 503.1828655036997
20 503.1828655036684
21 503.1828655036372
22 503.182865503606
23 503.1828655035748
24 503.1828655035436
25 503.1828655035123
26 503.1828655034811
27 503.1828655034499
28 503.1828655034186
29 503.1828655033874
30 503.1828655033562