Time X1
0 253.275337129831
1 190.1832495232576
2 189.5413926139694
3 189.5311872480297
4 189.531026016872
5 189.5310212892988
6 189.5310248537996
7 189.5310253743655
8 189.5310254397467
9 189.5310255051279
10 189.5310255705091
11 189.5310256358904
12 189.5310257012716
13 189.5310257666528
14 189.531025832034
15 189.5310258418997
16 189.5310258438381
17 189.5310258457766
18 189.531025847715
19 189.5310258496534
20 189.5310258515919
21 189.5310258535303
22 189.5310258554688
23 189.5310258555465
24 189.5310258555524
25 189.5310258555583
26 189.5310258555642
27 189.5310258555701
28 189.531025855576
29 189.5310258555819
30 189.5310258555878