Time X1
0 246.937181518572
1 502.3255319249786
2 503.0417532960739
3 503.0420824737676
4 503.0420708429566
5 503.0420705123537
6 503.0420701817508
7 503.0420698511479
8 503.0420695439855
9 503.0420695342959
10 503.0420695246062
11 503.0420695149165
12 503.0420695052269
13 503.0420695034606
14 503.0420695034314
15 503.0420695034023
16 503.0420695033731
17 503.042069503344
18 503.0420695033148
19 503.0420695032856
20 503.0420695032564
21 503.0420695032273
22 503.0420695031981
23 503.0420695031689
24 503.0420695031397
25 503.0420695031106
26 503.0420695030814
27 503.0420695030522
28 503.0420695030231
29 503.0420695029939
30 503.0420695029647