Time X1
0 246.937181518572
1 502.3420609042698
2 503.0579978289853
3 503.0583267055549
4 503.0583150753262
5 503.0583147446921
6 503.058314414058
7 503.058314083424
8 503.0583137764098
9 503.0583137667191
10 503.0583137570284
11 503.0583137473378
12 503.0583137376472
13 503.058313735889
14 503.0583137358598
15 503.0583137358307
16 503.0583137358014
17 503.0583137357723
18 503.0583137357431
19 503.058313735714
20 503.0583137356847
21 503.0583137356556
22 503.0583137356264
23 503.0583137355972
24 503.058313735568
25 503.0583137355389
26 503.0583137355097
27 503.0583137354805
28 503.0583137354513
29 503.0583137354222
30 503.058313735393