Time X1
0 246.855042331329
1 257.4667342740573
2 275.5717220611116
3 306.5186049124134
4 355.0037676082039
5 409.9723299313645
6 444.5045324795203
7 456.9881277562363
8 460.4058273973592
9 461.2614138151931
10 461.4706166586245
11 461.5213738381193
12 461.5337794760739
13 461.5367578326418
14 461.5374506952055
15 461.5376340856123
16 461.5376833004134
17 461.5377095457339
18 461.5377078160408
19 461.5377097983445
20 461.537703811083
21 461.5377013164486
22 461.5376985054564
23 461.5376980254931
24 461.5376979341279
25 461.5376978427628
26 461.5376977513977
27 461.5376976600326
28 461.5376975686675
29 461.5376974773023
30 461.5376973859372