Time X1
0 246.883935390168
1 437.5144798591304
2 481.3171142102639
3 482.7398521579714
4 482.7761172136853
5 482.7770075700124
6 482.7770456102849
7 482.7770390742763
8 482.7770349119997
9 482.7770347708066
10 482.7770346296135
11 482.7770344884204
12 482.7770343472273
13 482.7770342060342
14 482.7770340648411
15 482.777033923648
16 482.777033782455
17 482.7770336632275
18 482.7770336590752
19 482.777033654923
20 482.7770336507707
21 482.7770336466185
22 482.7770336424662
23 482.777033638314
24 482.7770336341617
25 482.7770336300094
26 482.7770336266161
27 482.7770336266036
28 482.777033626591
29 482.7770336265785
30 482.7770336265659