Time X1
0 246.843595536221
1 192.2259358177699
2 139.4532031211251
3 110.6521226428489
4 100.6430625988506
5 97.81080761206776
6 97.06027167500365
7 96.86493207938939
8 96.8143349227466
9 96.80126387704826
10 96.79786674818038
11 96.79699245593669
12 96.79677652450151
13 96.79671551272563
14 96.79669920260997
15 96.79669281813831
16 96.79668986524146
17 96.79669063957243
18 96.79669047845226
19 96.79669152171107
20 96.7966921044209
21 96.79669255061447
22 96.79669277592856
23 96.79669278952869
24 96.79669280312883
25 96.79669281672896
26 96.79669283032911
27 96.79669284392924
28 96.79669285752938
29 96.79669287112951
30 96.79669288472965