Time X1
0 246.914162647961
1 502.6664629852368
2 503.0839929879041
3 503.0841156407976
4 503.0841084707776
5 503.0841081175648
6 503.0841077643519
7 503.0841074111391
8 503.0841072518977
9 503.0841072415396
10 503.0841072311815
11 503.0841072208233
12 503.0841072164104
13 503.0841072163792
14 503.084107216348
15 503.0841072163168
16 503.0841072162856
17 503.0841072162544
18 503.0841072162232
19 503.084107216192
20 503.0841072161608
21 503.0841072161296
22 503.0841072160983
23 503.0841072160671
24 503.0841072160359
25 503.0841072160047
26 503.0841072159735
27 503.0841072159423
28 503.0841072159111
29 503.0841072158799
30 503.0841072158487