Time X1
0 246.854567024541
1 251.1992402252734
2 258.2811361895668
3 269.950080293597
4 289.2592516405458
5 320.2996075269047
6 363.9647279880527
7 407.8275548787065
8 434.5507356949038
9 445.1855770442611
10 448.5855856017854
11 449.5894877076315
12 449.8787047073127
13 449.9614469823196
14 449.9849611182233
15 449.9917853423656
16 449.9936889366904
17 449.9942132667406
18 449.9943752771362
19 449.9944228882115
20 449.9944497959768
21 449.9944582011147
22 449.9944554796332
23 449.9944554149384
24 449.9944499732012
25 449.9944480750887
26 449.9944459283058
27 449.9944448738528
28 449.99444480624
29 449.9944447386272
30 449.9944446710143