Time X1
0 246.883961964499
1 437.623979434914
2 481.3437682983649
3 482.7598475732746
4 482.7958624144962
5 482.7967441712047
6 482.7967818287946
7 482.7967753749805
8 482.7967712325439
9 482.7967710912087
10 482.7967709498736
11 482.7967708085384
12 482.7967706672032
13 482.796770525868
14 482.7967703845328
15 482.7967702431976
16 482.7967701018624
17 482.7967699840421
18 482.7967699798854
19 482.7967699757286
20 482.7967699715719
21 482.7967699674152
22 482.7967699632584
23 482.7967699591017
24 482.7967699549449
25 482.7967699507882
26 482.7967699474624
27 482.7967699474498
28 482.7967699474373
29 482.7967699474247
30 482.7967699474121