Time X1
0 246.85364804077
1 266.2090837780265
2 305.4053607887498
3 382.0028949445274
4 473.7284387880949
5 511.7799380778838
6 518.7055012151729
7 519.6908041876767
8 519.8253283734291
9 519.8437157855411
10 519.8461064179196
11 519.8464587258065
12 519.8465190711876
13 519.8465344287455
14 519.8465320273324
15 519.8465247730456
16 519.8465214986697
17 519.8465198155825
18 519.8465197174698
19 519.8465196193572
20 519.8465195212447
21 519.846519423132
22 519.8465193250194
23 519.8465192269068
24 519.8465191287942
25 519.8465190306815
26 519.846518932569
27 519.8465188344563
28 519.8465187363437
29 519.8465186382311
30 519.8465185401185