Time X1
0 246.843596536221
1 192.2261761206742
2 139.4535074161273
3 110.6523219215275
4 100.643181230059
5 97.81089418430929
6 97.06034777145693
7 96.86500497726293
8 96.81440687450134
9 96.80133555309961
10 96.79793834480789
11 96.79706403035742
12 96.79684809321698
13 96.79678707965047
14 96.79677076900813
15 96.79676438446054
16 96.79676143144191
17 96.79676220577512
18 96.79676204462353
19 96.7967630878541
20 96.79676367059484
21 96.7967641167903
22 96.79676434211665
23 96.79676435571687
24 96.7967643693171
25 96.79676438291733
26 96.79676439651756
27 96.79676441011779
28 96.79676442371802
29 96.79676443731825
30 96.79676445091847