Time X1
0 246.85186999735
1 249.1247674844923
2 253.2501652767907
3 260.8567715033337
4 275.2169943653388
5 303.0273820598297
6 355.6941036523801
7 432.4035847938386
8 486.6620974280726
9 503.4388946242228
10 506.8612030242148
11 507.4875884579894
12 507.5998048370292
13 507.6198831516057
14 507.6234216181836
15 507.6240478965248
16 507.6241681142088
17 507.6242094532484
18 507.6242100016547
19 507.6242102467245
20 507.6242035048555
21 507.6241996326248
22 507.6241984543146
23 507.6241983275159
24 507.6241982007171
25 507.6241980739184
26 507.6241979471196
27 507.6241978203208
28 507.624197693522
29 507.6241975667233
30 507.6241974399245