Time X1
0 246.927757275341
1 501.9379678151995
2 503.4021875847822
3 503.4033595501612
4 503.4033480842806
5 503.4033476692674
6 503.4033472542541
7 503.4033468392408
8 503.4033464242275
9 503.4033463384251
10 503.4033463252771
11 503.4033463121292
12 503.4033462989813
13 503.4033462927209
14 503.4033462926781
15 503.4033462926351
16 503.4033462925923
17 503.4033462925494
18 503.4033462925065
19 503.4033462924637
20 503.4033462924207
21 503.4033462923779
22 503.403346292335
23 503.4033462922921
24 503.4033462922492
25 503.4033462922063
26 503.4033462921635
27 503.4033462921206
28 503.4033462920777
29 503.4033462920348
30 503.403346291992