Time X1
0 246.852539880684
1 254.0612796588427
2 267.5428758902673
3 293.6022691600546
4 343.9546895218274
5 422.5770230179355
6 483.6850135347559
7 503.1983728528693
8 507.056718749318
9 507.729359926396
10 507.8438482293322
11 507.8633045202247
12 507.8665602215435
13 507.867114105524
14 507.8672149463337
15 507.8672529274841
16 507.867251864095
17 507.867248682007
18 507.8672429321164
19 507.8672390693308
20 507.8672389342819
21 507.8672387992329
22 507.8672386641839
23 507.867238529135
24 507.867238394086
25 507.867238259037
26 507.867238123988
27 507.8672379889391
28 507.8672378538901
29 507.8672377188411
30 507.8672375837921