Time X1
0 246.854103819114
1 245.2576588932856
2 242.7793731201837
3 238.9584357547081
4 233.1358577452982
5 224.4496893193272
6 211.9817086398018
7 195.2872563272304
8 175.4103895503283
9 155.5293454216524
10 139.4459834933527
11 128.8310454715875
12 122.8256262210989
13 119.7391605106716
14 118.2334484323334
15 117.5182036834484
16 117.1827052114276
17 117.0262653240561
18 116.9535153736998
19 116.9197460583455
20 116.9040706685565
21 116.8968118595188
22 116.8934368128498
23 116.8918749780666
24 116.8911434082155
25 116.8907993414378
26 116.8906417403326
27 116.8905733882652
28 116.890541251964
29 116.8905254198422
30 116.8905178657106