Time X1
0 246.853166306899
1 242.9052064053831
2 236.6937344831902
3 227.1427833767922
4 213.0813257154159
5 193.994750535856
6 171.4871220970561
7 149.9342801701593
8 133.7644925226178
9 124.0106981764877
10 118.9517047323403
11 116.5430579521239
12 115.4446627618921
13 114.9537431521247
14 114.7362693438251
15 114.6403358880109
16 114.5980852336131
17 114.5794961139708
18 114.5713137336272
19 114.5677224446389
20 114.5661465482482
21 114.5654513719949
22 114.5651385642668
23 114.5650030947725
24 114.564947453022
25 114.5649224401129
26 114.5649106916079
27 114.5649054344056
28 114.5649006931336
29 114.5648980445211
30 114.5648975441054