Time X1
0 246.849622533809
1 215.6625868868745
2 177.7737965222109
3 143.3381158176997
4 121.7949986967784
5 111.8903760959085
6 108.0575059872024
7 106.6802575542044
8 106.1989732746178
9 106.0324356243371
10 105.9750125293355
11 105.9552276576729
12 105.9484317390661
13 105.9460981804118
14 105.9452749263649
15 105.9449969170573
16 105.9449077552496
17 105.9448745907711
18 105.9448627566513
19 105.9448568183652
20 105.944853262422
21 105.9448532248348
22 105.9448532608698
23 105.9448534268687
24 105.944854542061
25 105.9448549402767
26 105.9448553853117
27 105.9448557788908
28 105.9448557932307
29 105.9448558075706
30 105.9448558219105