Time X1
0 246.834926283595
1 1589.12918432389
2 1589.129179117678
3 1589.129178985579
4 1589.129178984913
5 1589.129178984247
6 1589.129178983582
7 1589.129178982916
8 1589.12917898225
9 1589.129178981584
10 1589.129178980919
11 1589.129178980253
12 1589.129178980163
13 1589.129178980161
14 1589.129178980159
15 1589.129178980157
16 1589.129178980155
17 1589.129178980153
18 1589.129178980151
19 1589.129178980149
20 1589.129178980147
21 1589.129178980147
22 1589.129178980147
23 1589.129178980147
24 1589.129178980147
25 1589.129178980147
26 1589.129178980147
27 1589.129178980147
28 1589.129178980147
29 1589.129178980147
30 1589.129178980147