Time X1
0 246.937181518572
1 502.3255320596684
2 503.0417534244668
3 503.0420826021543
4 503.0420709713431
5 503.0420706407403
6 503.0420703101374
7 503.0420699795346
8 503.0420696723722
9 503.0420696626828
10 503.0420696529932
11 503.0420696433038
12 503.0420696336142
13 503.0420696318481
14 503.0420696318189
15 503.0420696317897
16 503.0420696317605
17 503.0420696317314
18 503.0420696317022
19 503.042069631673
20 503.0420696316438
21 503.0420696316147
22 503.0420696315855
23 503.0420696315563
24 503.0420696315271
25 503.042069631498
26 503.0420696314688
27 503.0420696314396
28 503.0420696314104
29 503.0420696313813
30 503.0420696313521