Time X1
0 246.853165306899
1 246.079611654488
2 244.8115985450659
3 242.742223081175
4 239.3883791049992
5 234.0218529643327
6 225.6293943295991
7 213.0451375354512
8 195.5680547887533
9 174.2864345453034
10 153.0052449339146
11 136.237018426758
12 125.6617950949251
13 119.986000152329
14 117.2166611725596
15 115.9302182112734
16 115.3465012477274
17 115.0844683957818
18 114.9674148643665
19 114.9152425377564
20 114.8920132334636
21 114.8816640139635
22 114.8770721170333
23 114.8750302185431
24 114.8741187549972
25 114.8737041406343
26 114.8735225138377
27 114.8734470547299
28 114.8734127167019
29 114.8733964103711
30 114.8733890162265