Time X1
0 246.855091331265
1 254.341806040148
2 266.6560422226635
3 287.0687301404901
4 319.9760918714388
5 365.9569690901603
6 410.5872013769545
7 436.1818330487704
8 445.7688195320416
9 448.6925078394297
10 449.5226985632995
11 449.7535122371161
12 449.8173363054199
13 449.834966530193
14 449.8398391518271
15 449.8412114253338
16 449.8415641052527
17 449.8416652013958
18 449.8416978939875
19 449.8417178961744
20 449.8417186840719
21 449.841718465321
22 449.84171639663
23 449.841712141295
24 449.8417101886884
25 449.8417082360817
26 449.8417081141316
27 449.8417080533149
28 449.8417079924982
29 449.8417079316816
30 449.841707870865