Time X1
0 246.920786187053
1 467.1767747724825
2 467.8355667961064
3 467.8359529869082
4 467.8359428354209
5 467.8359425330175
6 467.8359422306141
7 467.8359419282106
8 467.8359416258072
9 467.8359415841364
10 467.8359415750934
11 467.8359415660504
12 467.8359415570074
13 467.8359415528016
14 467.8359415527738
15 467.835941552746
16 467.8359415527182
17 467.8359415526904
18 467.8359415526626
19 467.8359415526348
20 467.835941552607
21 467.8359415525792
22 467.8359415525514
23 467.8359415525236
24 467.8359415524959
25 467.8359415524681
26 467.8359415524403
27 467.8359415524125
28 467.8359415523847
29 467.8359415523569
30 467.8359415523291