Time X1
0 246.8589045133
1 277.6554109840193
2 327.6576350587644
3 389.4990521057193
4 430.4016422319215
5 444.4803805577504
6 447.9505402155926
7 448.7237473843072
8 448.8919812242976
9 448.9283840652059
10 448.9362778663508
11 448.9380082487583
12 448.9383563500701
13 448.9384384554069
14 448.9384644957022
15 448.9384755749839
16 448.9384720604244
17 448.9384718658475
18 448.9384669538717
19 448.9384653418447
20 448.9384637298177
21 448.9384634188704
22 448.9384633730707
23 448.938463327271
24 448.9384632814713
25 448.9384632356716
26 448.9384631898719
27 448.9384631440722
28 448.9384630982725
29 448.9384630524727
30 448.938463006673