Time X1
0 246.852228985117
1 294.0842801975392
2 429.9127316190618
3 603.1139909117861
4 628.3673773744442
5 629.4889105035795
6 629.5333707724258
7 629.5350781119133
8 629.535177625646
9 629.5351746374857
10 629.5351634825375
11 629.5351605383181
12 629.5351603504196
13 629.535160162521
14 629.5351599746225
15 629.535159786724
16 629.5351595988254
17 629.5351594109269
18 629.5351592230284
19 629.5351590351297
20 629.5351588472312
21 629.5351587486958
22 629.5351587430903
23 629.5351587374846
24 629.5351587318791
25 629.5351587262735
26 629.5351587206678
27 629.5351587150623
28 629.5351587094566
29 629.535158703851
30 629.5351586982454