Time X1
0 246.851794789133
1 248.5755635573925
2 251.6928834415462
3 257.4002661057241
4 268.0563072773063
5 288.4768666917141
6 328.0422167450942
7 396.2935033978523
8 467.2468070910234
9 498.5236054764052
10 505.8797399517977
11 507.2763600304607
12 507.5295653051809
13 507.5749830226041
14 507.5832685537288
15 507.5846668329789
16 507.5849388934015
17 507.5849991258851
18 507.5850195097
19 507.5850176640307
20 507.5850118204978
21 507.5850077119667
22 507.5850045263978
23 507.5850044046383
24 507.5850042828789
25 507.5850041611195
26 507.58500403936
27 507.5850039176005
28 507.5850037958411
29 507.5850036740817
30 507.5850035523222