Time X1
0 246.914201555818
1 502.6926088266086
2 503.110399765964
3 503.1105225271843
4 503.1105153518395
5 503.1105149985698
6 503.1105146453002
7 503.1105142920306
8 503.1105141327172
9 503.1105141223571
10 503.1105141119971
11 503.110514101637
12 503.1105140972216
13 503.1105140971904
14 503.1105140971592
15 503.110514097128
16 503.1105140970968
17 503.1105140970655
18 503.1105140970343
19 503.1105140970031
20 503.1105140969719
21 503.1105140969407
22 503.1105140969095
23 503.1105140968782
24 503.110514096847
25 503.1105140968158
26 503.1105140967846
27 503.1105140967534
28 503.1105140967222
29 503.1105140966909
30 503.1105140966597