Time X1
0 246.859066706732
1 278.6211193727098
2 329.9971690851814
3 392.1759437211108
4 431.6732023027148
5 444.7986166032014
6 447.9704693072573
7 448.6684108987152
8 448.8187063457796
9 448.850911282603
10 448.8578385042646
11 448.8593333655706
12 448.8596321466561
13 448.8597024067978
14 448.8597272680378
15 448.8597358382659
16 448.8597326654485
17 448.8597317478512
18 448.8597270319813
19 448.8597253975896
20 448.8597237700992
21 448.8597237235792
22 448.8597236770593
23 448.8597236305394
24 448.8597235840195
25 448.8597235374996
26 448.8597234909797
27 448.8597234444597
28 448.8597233979398
29 448.8597233514199
30 448.8597233049