Time X1
0 246.91460006866
1 500.0929885378671
2 500.5249858219801
3 500.5251135649166
4 500.5251080200727
5 500.5251075755339
6 500.5251071309951
7 500.5251066864564
8 500.5251066135994
9 500.5251065997167
10 500.5251065858339
11 500.5251065732783
12 500.5251065732337
13 500.5251065731891
14 500.5251065731445
15 500.5251065730998
16 500.5251065730552
17 500.5251065730106
18 500.525106572966
19 500.5251065729214
20 500.5251065728768
21 500.5251065728322
22 500.5251065727875
23 500.5251065727429
24 500.5251065726983
25 500.5251065726537
26 500.525106572609
27 500.5251065725644
28 500.5251065725198
29 500.5251065724752
30 500.5251065724306