Time X1
0 246.914154762968
1 502.6471943293841
2 503.06472430957
3 503.0648469891145
4 503.0648398163036
5 503.064839463146
6 503.0648391099884
7 503.0648387568309
8 503.0648385975196
9 503.0648385871634
10 503.0648385768072
11 503.0648385664509
12 503.0648385620341
13 503.0648385620029
14 503.0648385619717
15 503.0648385619405
16 503.0648385619093
17 503.0648385618781
18 503.0648385618469
19 503.0648385618157
20 503.0648385617845
21 503.0648385617533
22 503.0648385617221
23 503.0648385616909
24 503.0648385616597
25 503.0648385616285
26 503.0648385615973
27 503.0648385615661
28 503.0648385615349
29 503.0648385615037
30 503.0648385614725