Time X1
0 246.859073025105
1 278.7118422270889
2 330.2345141969607
3 392.4854218690734
4 431.8781627624624
5 444.9194109996607
6 448.0629493021107
7 448.7533587564116
8 448.9017863870643
9 448.9335398544509
10 448.9404104912215
11 448.9418287759195
12 448.9421220516533
13 448.9421909050662
14 448.9422156454619
15 448.9422238798412
16 448.9422207719012
17 448.942219754482
18 448.942215072639
19 448.9422134347743
20 448.9422118418233
21 448.9422117951945
22 448.9422117485657
23 448.9422117019369
24 448.942211655308
25 448.9422116086792
26 448.9422115620504
27 448.9422115154216
28 448.9422114687928
29 448.942211422164
30 448.9422113755352