Time X1
0 246.937185977978
1 502.3340108899721
2 503.0499409822781
3 503.0502698843396
4 503.0502582541436
5 503.0502579235129
6 503.0502575928822
7 503.0502572622515
8 503.0502569552205
9 503.0502569455299
10 503.0502569358393
11 503.0502569261488
12 503.0502569164582
13 503.0502569146992
14 503.05025691467
15 503.0502569146408
16 503.0502569146116
17 503.0502569145825
18 503.0502569145533
19 503.0502569145241
20 503.0502569144949
21 503.0502569144657
22 503.0502569144365
23 503.0502569144074
24 503.0502569143782
25 503.050256914349
26 503.0502569143198
27 503.0502569142906
28 503.0502569142615
29 503.0502569142323
30 503.0502569142031