Time X1
0 246.849622533809
1 215.6623195241474
2 177.7733085057196
3 143.337617456925
4 121.7946457779802
5 111.8901571402548
6 108.0573568870929
7 106.6801387886745
8 106.1988666342178
9 106.0323335386015
10 105.974912158675
11 105.9551279412536
12 105.9483322930847
13 105.9459987751778
14 105.9451756148211
15 105.9448975740112
16 105.9448084053567
17 105.9447752539562
18 105.9447634203565
19 105.944757508374
20 105.9447539450891
21 105.9447538757813
22 105.94475394051
23 105.9447540931034
24 105.9447551866988
25 105.9447556055499
26 105.9447560468362
27 105.9447564478365
28 105.9447564620248
29 105.9447564762132
30 105.9447564904015