Time X1
0 246.850366890548
1 238.4145635004503
2 224.3044411440125
3 202.6690371485577
4 174.6007021808542
5 146.8347967333819
6 127.1162341135654
7 116.6098035934288
8 111.9337026394887
9 110.0288402366282
10 109.2817964291928
11 108.9932101220528
12 108.8823726499186
13 108.8399052916434
14 108.8236593615008
15 108.817453321978
16 108.8150541641571
17 108.8141346738106
18 108.8138041026816
19 108.8136695153103
20 108.8136158583172
21 108.8135948715132
22 108.8135864852502
23 108.8135822599694
24 108.813578874708
25 108.8135775780455
26 108.8135783699819
27 108.8135783888436
28 108.8135784542526
29 108.813579027893
30 108.8135798693453