Time X1
0 246.855042331329
1 254.0872708166414
2 265.9778096529074
3 285.692358221429
4 317.5986945009524
5 362.8545542809908
6 408.1902805411457
7 435.1498843373158
8 445.4889847946909
9 448.6743975093823
10 449.5833938786476
11 449.8369347945568
12 449.9071621970931
13 449.9265344561533
14 449.9320039505283
15 449.9334537377417
16 449.9338517786269
17 449.9339695567947
18 449.9340048993235
19 449.9340274765202
20 449.9340309600675
21 449.9340291717245
22 449.9340280305852
23 449.9340230859987
24 449.9340211705603
25 449.9340192551219
26 449.9340185831912
27 449.9340185249305
28 449.9340184666697
29 449.934018408409
30 449.9340183501483