Time X1
0 246.916548168284
1 503.0294778034515
2 503.4689532514548
3 503.4690876880367
4 503.4690798492624
5 503.4690794964272
6 503.469079143592
7 503.4690787907568
8 503.4690786191744
9 503.4690786088204
10 503.4690785984664
11 503.4690785881123
12 503.4690785831336
13 503.4690785831024
14 503.4690785830712
15 503.46907858304
16 503.4690785830088
17 503.4690785829775
18 503.4690785829463
19 503.4690785829151
20 503.4690785828839
21 503.4690785828527
22 503.4690785828215
23 503.4690785827902
24 503.469078582759
25 503.4690785827278
26 503.4690785826966
27 503.4690785826654
28 503.4690785826342
29 503.4690785826029
30 503.4690785825717