Time X1
0 246.914154762968
1 502.631714896259
2 503.0494124424494
3 503.049535237538
4 503.0495280565199
5 503.0495277034195
6 503.0495273503191
7 503.0495269972186
8 503.0495268377412
9 503.0495268273868
10 503.0495268170326
11 503.0495268066783
12 503.0495268022532
13 503.049526802222
14 503.0495268021908
15 503.0495268021596
16 503.0495268021284
17 503.0495268020972
18 503.049526802066
19 503.0495268020348
20 503.0495268020036
21 503.0495268019724
22 503.0495268019412
23 503.04952680191
24 503.0495268018789
25 503.0495268018477
26 503.0495268018165
27 503.0495268017852
28 503.0495268017541
29 503.0495268017229
30 503.0495268016917