Time X1
0 246.850366890548
1 238.4139192695861
2 224.3028013584101
3 202.6661623648268
4 174.5969810839393
5 146.8314041754124
6 127.1139988541126
7 116.6085790424719
8 111.9330395822851
9 110.0284332610195
10 109.2814971161975
11 108.9929544941283
12 108.8821345541382
13 108.8396741783596
14 108.8234310211456
15 108.817226075705
16 108.8148273544428
17 108.8139080396567
18 108.8135775352812
19 108.8134429729225
20 108.8133893263816
21 108.813368343965
22 108.813359959485
23 108.8133557342783
24 108.8133523495119
25 108.8133510533921
26 108.8133518459189
27 108.8133518641954
28 108.8133519297565
29 108.8133525035622
30 108.8133533448382