Time X1
0 246.855030229969
1 253.933923510243
2 265.5629319962597
3 284.8333238505986
4 316.0693770212685
5 360.7460653706131
6 406.3887722120601
7 434.2048068360915
8 445.0613397879962
9 448.4367105342367
10 449.4047235634301
11 449.6756861873808
12 449.7510075559222
13 449.7718257292963
14 449.7777159644583
15 449.7792970154337
16 449.7797254156285
17 449.779853435318
18 449.7798902536497
19 449.7799140707534
20 449.7799194080915
21 449.7799167904567
22 449.7799162730736
23 449.7799111726242
24 449.7799093279489
25 449.7799074832735
26 449.7799065210656
27 449.7799064654433
28 449.7799064098209
29 449.7799063541986
30 449.7799062985762