Time X1
0 246.851997038298
1 250.1335670354346
2 256.1303175030279
3 267.3252558447797
4 288.8177999132999
5 330.5192892583514
6 401.4598018378246
7 471.3139746948046
8 499.944206303052
9 506.3710981015759
10 507.5605207899195
11 507.7720124961416
12 507.8092480384144
13 507.8159478082641
14 507.8170470579303
15 507.8172565113899
16 507.8173017663101
17 507.8173204044794
18 507.8173166250548
19 507.8173149052205
20 507.8173092183826
21 507.8173068561105
22 507.8173056439546
23 507.8173055757252
24 507.8173055074959
25 507.8173054392665
26 507.8173053710372
27 507.8173053028078
28 507.8173052345785
29 507.8173051663491
30 507.8173050981198