Time X1
0 246.849622533809
1 215.6620521618001
2 177.7728204916193
3 143.3371191004817
4 121.7942928419397
5 111.8899381692215
6 108.0572077701317
7 106.6800200360324
8 106.1987600051587
9 106.0322314574053
10 105.9748117912908
11 105.955028224797
12 105.9482328514028
13 105.9458993618889
14 105.9450763022999
15 105.9447982323351
16 105.9447090551174
17 105.9446759173457
18 105.9446640842979
19 105.9446581995382
20 105.9446546288857
21 105.9446545270814
22 105.9446546210947
23 105.9446547599873
24 105.9446558314522
25 105.9446562712447
26 105.9446567086682
27 105.9446571172281
28 105.9446571312607
29 105.9446571452933
30 105.9446571593259