Time X1
0 246.936395505233
1 499.0573570929841
2 499.838630546399
3 499.8390300331885
4 499.8390184529526
5 499.839018130689
6 499.8390178084254
7 499.8390174861618
8 499.8390171638982
9 499.8390171384687
10 499.8390171290305
11 499.8390171195923
12 499.839017110154
13 499.839017106614
14 499.8390171065856
15 499.8390171065572
16 499.8390171065288
17 499.8390171065004
18 499.8390171064721
19 499.8390171064436
20 499.8390171064153
21 499.8390171063868
22 499.8390171063585
23 499.8390171063301
24 499.8390171063017
25 499.8390171062733
26 499.8390171062449
27 499.8390171062165
28 499.8390171061881
29 499.8390171061597
30 499.8390171061313