Time X1
0 246.855037266592
1 254.0105002609795
2 265.770064638689
3 285.2621889164155
4 316.8335140996776
5 361.8030253865096
6 407.2970538549769
7 434.6831653521735
8 445.2775949621275
9 448.5563881698836
10 449.4943472810822
11 449.7564302399866
12 449.829152146538
13 449.8492329533007
14 449.8549093511867
15 449.856423559208
16 449.8568365283396
17 449.8569593197902
18 449.8569953387419
19 449.8570185463262
20 449.8570229706339
21 449.8570207438221
22 449.8570199202137
23 449.857014886923
24 449.8570130072729
25 449.8570111276227
26 449.8570103078948
27 449.8570102509717
28 449.8570101940485
29 449.8570101371253
30 449.8570100802021