Time X1
0 246.914162647961
1 502.6664010559861
2 503.0839322333358
3 503.0840548869522
4 503.0840477168836
5 503.0840473636709
6 503.0840470104583
7 503.0840466572457
8 503.0840464980033
9 503.0840464876451
10 503.0840464772869
11 503.0840464669287
12 503.0840464625157
13 503.0840464624845
14 503.0840464624533
15 503.0840464624221
16 503.0840464623909
17 503.0840464623597
18 503.0840464623285
19 503.0840464622973
20 503.0840464622661
21 503.0840464622349
22 503.0840464622037
23 503.0840464621725
24 503.0840464621413
25 503.0840464621101
26 503.0840464620788
27 503.0840464620476
28 503.0840464620164
29 503.0840464619852
30 503.084046461954