Time X1
0 246.851794789133
1 248.6169628280082
2 251.810518690718
3 257.6616035720111
4 268.597585598066
5 289.5802442380915
6 330.210582232419
7 399.5530620669155
8 469.4403418243956
9 499.1918912481688
10 506.0728003380495
11 507.3729470336138
12 507.6082280757979
13 507.6504014549158
14 507.658062687191
15 507.6593578881605
16 507.6596113182037
17 507.6596709512983
18 507.6596869652659
19 507.6596864100166
20 507.6596795690307
21 507.6596753749006
22 507.6596728448155
23 507.6596727044882
24 507.6596725641609
25 507.6596724238336
26 507.6596722835063
27 507.659672143179
28 507.6596720028517
29 507.6596718625244
30 507.6596717221971