Time X1
0 246.859096184807
1 282.8128780841297
2 342.2970271654465
3 410.2607332289364
4 446.3895878339004
5 456.214603676918
6 458.2483733610231
7 458.642027921621
8 458.7172274137865
9 458.7315619202348
10 458.7343519730375
11 458.7348459323417
12 458.7349475383087
13 458.7349769343415
14 458.7349863827565
15 458.7349835659418
16 458.7349814257403
17 458.7349770150632
18 458.734975118186
19 458.7349740974039
20 458.7349740427098
21 458.7349739880157
22 458.7349739333215
23 458.7349738786274
24 458.7349738239333
25 458.7349737692391
26 458.734973714545
27 458.7349736598509
28 458.7349736051568
29 458.7349735504626
30 458.7349734957685