Time X1
0 246.883934390168
1 437.51447833475
2 481.3171138719211
3 482.739851883945
4 482.7761169416745
5 482.7770072980637
6 482.7770453383401
7 482.7770388023322
8 482.777034640054
9 482.7770344988608
10 482.7770343576677
11 482.7770342164745
12 482.7770340752814
13 482.7770339340883
14 482.7770337928952
15 482.777033651702
16 482.7770335105089
17 482.7770333912814
18 482.7770333871291
19 482.7770333829768
20 482.7770333788245
21 482.7770333746722
22 482.7770333705199
23 482.7770333663675
24 482.7770333622152
25 482.7770333580629
26 482.7770333546695
27 482.7770333546569
28 482.7770333546444
29 482.7770333546318
30 482.7770333546193