Time X1
0 246.937181518572
1 505.0790713852639
2 505.778488956733
3 505.7787771904659
4 505.7787663785011
5 505.7787660464289
6 505.7787657143566
7 505.7787653822844
8 505.7787651151559
9 505.7787651052937
10 505.7787650954315
11 505.7787650855693
12 505.7787650760513
13 505.7787650760212
14 505.7787650759911
15 505.778765075961
16 505.7787650759308
17 505.7787650759008
18 505.7787650758706
19 505.7787650758406
20 505.7787650758104
21 505.7787650757803
22 505.7787650757502
23 505.7787650757201
24 505.77876507569
25 505.7787650756599
26 505.7787650756298
27 505.7787650755997
28 505.7787650755696
29 505.7787650755395
30 505.7787650755094