Time X1
0 246.883882093235
1 442.5935157667154
2 486.5158405806888
3 487.8422463799567
4 487.8737461632554
5 487.8744616775356
6 487.874493646157
7 487.8744867095653
8 487.8744832487732
9 487.8744830610382
10 487.8744828733031
11 487.8744826855681
12 487.874482497833
13 487.874482310098
14 487.8744821223629
15 487.8744819346279
16 487.8744817612674
17 487.8744817554614
18 487.8744817496554
19 487.8744817438495
20 487.8744817380435
21 487.8744817322375
22 487.8744817264315
23 487.8744817206256
24 487.8744817148196
25 487.8744817131476
26 487.8744817131291
27 487.8744817131106
28 487.8744817130922
29 487.8744817130737
30 487.8744817130553