Time X1
0 246.927751886484
1 498.9311679959457
2 500.4293111554869
3 500.4305900444326
4 500.4305771122793
5 500.4305767372342
6 500.4305763621891
7 500.4305759871439
8 500.4305756120988
9 500.4305754722326
10 500.4305754605581
11 500.4305754488835
12 500.430575437209
13 500.4305754283291
14 500.4305754282917
15 500.4305754282543
16 500.430575428217
17 500.4305754281796
18 500.4305754281422
19 500.4305754281048
20 500.4305754280674
21 500.43057542803
22 500.4305754279926
23 500.4305754279551
24 500.4305754279178
25 500.4305754278804
26 500.430575427843
27 500.4305754278056
28 500.4305754277682
29 500.4305754277308
30 500.4305754276934