Time X1
0 246.855052464567
1 250.8064292212743
2 257.0653872555893
3 267.0573048345061
4 283.0476197148395
5 308.1010144171736
6 343.8975698112615
7 384.140514639162
8 414.3872752177801
9 429.3838351871358
10 435.0715232116345
11 436.986065317766
12 437.6033286294607
13 437.7995334078715
14 437.8615755300865
15 437.8812013983942
16 437.8874209987068
17 437.8894226128175
18 437.8900159383884
19 437.8902054069774
20 437.8902693555578
21 437.8902941450281
22 437.8903107341166
23 437.8903130492784
24 437.8903112687046
25 437.8903109777368
26 437.8903069910563
27 437.8903048222207
28 437.8903032153054
29 437.8903017380803
30 437.8903016889004