Time X1
0 246.8589045133
1 277.6554136069342
2 327.6576414714505
3 389.4990599987839
4 430.4016469693912
5 444.4803829079752
6 447.9505417867731
7 448.7237487541193
8 448.8919825451646
9 448.9283853744471
10 448.9362791728689
11 448.9380095546104
12 448.9383576557782
13 448.9384397610816
14 448.9384658013715
15 448.9384768806451
16 448.9384733660851
17 448.9384731715052
18 448.9384682595276
19 448.9384666475024
20 448.9384650354772
21 448.9384647245311
22 448.9384646787314
23 448.9384646329317
24 448.938464587132
25 448.9384645413324
26 448.9384644955327
27 448.938464449733
28 448.9384644039334
29 448.9384643581337
30 448.938464312334