Time X1
0 246.854103819114
1 248.4397625146121
2 250.9989017920945
3 255.1530490857071
4 261.9495652941184
5 273.1600775699798
6 291.6756040199991
7 321.329044587589
8 363.1127338007744
9 405.9880468543573
10 433.2827675766339
11 444.6875136603634
12 448.4862683455727
13 449.6469479137218
14 449.9918976090684
15 450.0935917007657
16 450.1234175043308
17 450.1321939247501
18 450.1348285565996
19 450.1355460028813
20 450.1357651107818
21 450.1358332052326
22 450.1358635980719
23 450.1358774571023
24 450.1358749793547
25 450.1358760692469
26 450.1358712313472
27 450.1358687957515
28 450.1358663855034
29 450.1358651219138
30 450.1358650419936