Time X1
0 246.851879780715
1 249.2385237360227
2 253.5742809286596
3 261.5814396623692
4 276.7327929284441
5 306.1215202512282
6 361.3428527931397
7 438.5293698084429
8 489.2240262739049
9 504.0719877540519
10 507.0452547528706
11 507.5865825712013
12 507.6832701987385
13 507.70055412907
14 507.7035887437651
15 507.7041310831065
16 507.7042342456958
17 507.7042733413906
18 507.704272813776
19 507.7042716642712
20 507.7042652505309
21 507.7042613375165
22 507.7042605803659
23 507.7042604519251
24 507.7042603234842
25 507.7042601950433
26 507.7042600666025
27 507.7042599381616
28 507.7042598097208
29 507.70425968128
30 507.7042595528391