Time X1
0 246.937181518572
1 502.3090027103788
2 503.0255086230284
3 503.0258381021002
4 503.025826470717
5 503.0258261401468
6 503.0258258095765
7 503.0258254790063
8 503.0258251716968
9 503.0258251620083
10 503.0258251523197
11 503.0258251426312
12 503.0258251329427
13 503.0258251311683
14 503.0258251311392
15 503.02582513111
16 503.0258251310809
17 503.0258251310517
18 503.0258251310225
19 503.0258251309934
20 503.0258251309642
21 503.025825130935
22 503.0258251309058
23 503.0258251308767
24 503.0258251308475
25 503.0258251308184
26 503.0258251307892
27 503.02582513076
28 503.0258251307309
29 503.0258251307017
30 503.0258251306725