Time X1
0 246.853674661071
1 262.4957401727856
2 292.8829331308995
3 351.785999237538
4 437.3970407832115
5 491.3773251539243
6 505.2044936628681
7 507.5928675460349
8 507.9713094930071
9 508.0304472229703
10 508.0397042428239
11 508.0411164501712
12 508.0413554918032
13 508.0414116454102
14 508.0414167563933
15 508.0414178020186
16 508.0414104881347
17 508.0414059506361
18 508.0414054974847
19 508.0414053462483
20 508.0414051950118
21 508.0414050437754
22 508.0414048925389
23 508.0414047413025
24 508.0414045900661
25 508.0414044388297
26 508.0414042875932
27 508.0414041363567
28 508.0414039851203
29 508.0414038338839
30 508.0414036826475