Time X1
0 246.936974436926
1 502.114982763965
2 502.8437812393491
3 502.8441218728863
4 502.8441102195874
5 502.844109890079
6 502.8441095605706
7 502.8441092310622
8 502.8441089186449
9 502.8441089089885
10 502.844108899332
11 502.8441088896755
12 502.8441088800191
13 502.8441088779672
14 502.8441088779381
15 502.844108877909
16 502.84410887788
17 502.8441088778509
18 502.8441088778218
19 502.8441088777928
20 502.8441088777637
21 502.8441088777346
22 502.8441088777056
23 502.8441088776765
24 502.8441088776474
25 502.8441088776184
26 502.8441088775893
27 502.8441088775602
28 502.8441088775311
29 502.8441088775021
30 502.844108877473