Time X1
0 246.883962964499
1 437.6239795647141
2 481.3437680276634
3 482.7598473011449
4 482.7958621426938
5 482.7967438994204
6 482.7967815570122
7 482.7967751031969
8 482.7967709607603
9 482.7967708194251
10 482.7967706780899
11 482.7967705367547
12 482.7967703954195
13 482.7967702540843
14 482.7967701127492
15 482.796769971414
16 482.7967698300788
17 482.7967697122584
18 482.7967697081017
19 482.796769703945
20 482.7967696997883
21 482.7967696956316
22 482.7967696914748
23 482.7967696873181
24 482.7967696831614
25 482.7967696790046
26 482.7967696756788
27 482.7967696756663
28 482.7967696756537
29 482.7967696756411
30 482.7967696756286