Time X1
0 246.851879780715
1 249.2381869780329
2 253.5733218469445
3 261.5792957264381
4 276.7283082231971
5 306.1123763062255
6 361.3263239017917
7 438.5120349330929
8 489.216997754571
9 504.0702150858596
10 507.0446840942228
11 507.5862386113366
12 507.6829675817809
13 507.7002589047028
14 507.7032948818738
15 507.7038374425949
16 507.7039406498123
17 507.703979751643
18 507.7039792266436
19 507.7039780811554
20 507.7039716662627
21 507.7039677533583
22 507.7039669950001
23 507.7039668665636
24 507.703966738127
25 507.7039666096904
26 507.7039664812538
27 507.7039663528172
28 507.7039662243806
29 507.703966095944
30 507.7039659675074