Time X1
0 246.840172042514
1 167.1369263517219
2 115.3321662049285
3 97.55136376928793
4 93.21666604747816
5 92.26425761133946
6 92.0600294949697
7 92.01647375804082
8 92.00719549783632
9 92.00522237728042
10 92.0047931965336
11 92.00470829985579
12 92.00468878794263
13 92.00468315418716
14 92.00468050014619
15 92.00468125213884
16 92.00468119920541
17 92.0046821532984
18 92.00468255213104
19 92.00468287570462
20 92.00468296941331
21 92.00468297851842
22 92.00468298762351
23 92.00468299672862
24 92.00468300583371
25 92.00468301493882
26 92.00468302404393
27 92.00468303314902
28 92.00468304225413
29 92.00468305135922
30 92.00468306046433