Time X1
0 246.852539880684
1 254.0185801288381
2 267.4149531541819
3 293.2974231720347
4 343.3192547551276
5 421.7267875227178
6 483.231279134983
7 503.0368802072617
8 506.9675843033004
9 507.653973520735
10 507.7709477184677
11 507.7908458386736
12 507.7941806025519
13 507.7947472309875
14 507.7948501650828
15 507.7948888950154
16 507.7948879468957
17 507.7948850817294
18 507.7948792044341
19 507.7948752585743
20 507.7948751243416
21 507.7948749901089
22 507.7948748558762
23 507.7948747216435
24 507.7948745874108
25 507.7948744531781
26 507.7948743189455
27 507.7948741847128
28 507.7948740504801
29 507.7948739162474
30 507.7948737820147