Time X1
0 246.855091331265
1 254.3414843221288
2 266.6551736851359
3 287.0669385210048
4 319.97293806673
5 365.9527504450728
6 410.5837565779084
7 436.1800604460964
8 445.7679885553187
9 448.6920133648576
10 449.5223074105759
11 449.7531513958097
12 449.8169842540146
13 449.8346170045561
14 449.8394903453238
15 449.8408628334491
16 449.8412155757579
17 449.8413166867733
18 449.8413493821329
19 449.8413693869844
20 449.8413701779315
21 449.8413699576244
22 449.8413678898381
23 449.8413636340506
24 449.8413616814796
25 449.8413597289085
26 449.8413596065739
27 449.8413595457586
28 449.8413594849432
29 449.8413594241279
30 449.8413593633126