Time X1
0 246.855036266592
1 254.0508204922697
2 265.8803419306333
3 285.4934559824679
4 317.2516069423868
5 362.3912918950636
6 407.817532961875
7 434.9779524334001
8 445.4322328919853
9 448.6586599213783
10 449.580105322084
11 449.8372478140465
12 449.9085084987609
13 449.9281693617531
14 449.9337222345994
15 449.9351976839339
16 449.9356015097786
17 449.9357212147638
18 449.9357567775463
19 449.9357795954369
20 449.9357834733706
21 449.9357814876193
22 449.9357804851256
23 449.9357754996079
24 449.9357736027235
25 449.9357717058392
26 449.9357709682773
27 449.9357709107164
28 449.9357708531555
29 449.9357707955946
30 449.9357707380338