Time X1
0 246.853774721419
1 263.2920322607541
2 295.3200659773219
3 357.1044630340142
4 443.2889795646871
5 493.5336426251491
6 505.6944160634098
7 507.7497870181816
8 508.0720468943266
9 508.1218560057408
10 508.1296632824148
11 508.1308005238507
12 508.1309930057341
13 508.1310414542447
14 508.1310441635487
15 508.1310444621387
16 508.1310375414543
17 508.1310334853346
18 508.1310329661816
19 508.1310328345444
20 508.1310327029072
21 508.1310325712701
22 508.1310324396329
23 508.1310323079957
24 508.1310321763585
25 508.1310320447213
26 508.1310319130841
27 508.1310317814469
28 508.1310316498097
29 508.1310315181726
30 508.1310313865354