Time X1
0 246.8589055133
1 277.6554139789923
2 327.6576408194937
3 389.499058466113
4 430.4016456567856
5 444.4803820147902
6 447.9505410652423
7 448.7237480832152
8 448.8919818877616
9 448.9283847204828
10 448.9362785197547
11 448.9380089017139
12 448.9383570029305
13 448.9384391082455
14 448.9384651485386
15 448.938476227815
16 448.9384727132535
17 448.9384725186745
18 448.9384676066954
19 448.9384659946705
20 448.9384643826455
21 448.9384640716988
22 448.9384640258992
23 448.9384639800996
24 448.9384639342999
25 448.9384638885003
26 448.9384638427007
27 448.9384637969011
28 448.9384637511014
29 448.9384637053018
30 448.9384636595022