Time X1
0 246.852022977193
1 250.2725745922899
2 256.527904085961
3 268.2217386492227
4 290.7085659966324
5 334.2541942352905
6 406.8166784684329
7 474.4864417552612
8 500.7149507467633
9 506.4635199059535
10 507.52099600092
11 507.7086957593655
12 507.7417217832289
13 507.7476569907116
14 507.7486295897749
15 507.7488160534834
16 507.7488585452155
17 507.7488747643105
18 507.7488710962323
19 507.748868739483
20 507.7488633408007
21 507.7488609681927
22 507.7488599382659
23 507.7488598696709
24 507.7488598010759
25 507.7488597324809
26 507.7488596638859
27 507.748859595291
28 507.748859526696
29 507.748859458101
30 507.748859389506