Time X1
0 246.921210817214
1 503.3394135017153
2 503.8269435398931
3 503.8271053320525
4 503.8270962430679
5 503.8270958924713
6 503.8270955418748
7 503.8270951912782
8 503.8270949928492
9 503.8270949825521
10 503.827094972255
11 503.8270949619579
12 503.8270949557275
13 503.8270949556965
14 503.8270949556654
15 503.8270949556343
16 503.8270949556032
17 503.8270949555721
18 503.827094955541
19 503.82709495551
20 503.8270949554789
21 503.8270949554479
22 503.8270949554168
23 503.8270949553857
24 503.8270949553547
25 503.8270949553236
26 503.8270949552925
27 503.8270949552614
28 503.8270949552303
29 503.8270949551992
30 503.8270949551682