Time X1
0 246.85895976224
1 277.9970712114892
2 328.4918176491029
3 390.4728321626899
4 430.8827653120071
5 444.6160160004881
6 447.9765355980864
7 448.7218757493287
8 448.883425841874
9 448.918257639294
10 448.9257873762697
11 448.9274292446879
12 448.9277584531842
13 448.9278361230682
14 448.9278616772573
15 448.9278718573353
16 448.9278684348073
17 448.9278679827048
18 448.9278631286998
19 448.9278615093696
20 448.9278598900395
21 448.9278596756827
22 448.9278596296512
23 448.9278595836196
24 448.9278595375881
25 448.9278594915565
26 448.9278594455249
27 448.9278593994933
28 448.9278593534618
29 448.9278593074302
30 448.9278592613986