Time X1
0 246.85364804077
1 262.3395263289142
2 292.4118627642771
3 350.7707100850915
4 436.2727517008515
5 491.0113293327179
6 505.1852078542991
7 507.6433438981574
8 508.0333581829011
9 508.094307952998
10 508.1038827483273
11 508.1053469003867
12 508.1055746349283
13 508.1056199299371
14 508.1056355665176
15 508.1056323316784
16 508.1056287366217
17 508.1056243867762
18 508.1056220276755
19 508.1056217513751
20 508.1056216833158
21 508.1056216152565
22 508.1056215471972
23 508.1056214791379
24 508.1056214110787
25 508.1056213430194
26 508.1056212749601
27 508.1056212069008
28 508.1056211388416
29 508.1056210707823
30 508.105621002723