Time X1
0 246.851997038298
1 250.0910153211862
2 256.0077689310231
3 267.0459397470623
4 288.2209430270864
5 329.3148440162888
6 399.6417998284862
7 470.113542621753
8 499.5633340720141
9 506.2360944109637
10 507.4748267689071
11 507.6954134072687
12 507.7342990066484
13 507.7413031110454
14 507.7424528542037
15 507.7426723996097
16 507.742719950548
17 507.742738917781
18 507.7427353891516
19 507.7427331275176
20 507.7427275838296
21 507.7427250227521
22 507.742724006776
23 507.7427239313307
24 507.7427238558853
25 507.7427237804401
26 507.7427237049948
27 507.7427236295495
28 507.7427235541041
29 507.7427234786588
30 507.7427234032136