Time X1
0 246.853621349998
1 262.1375264856121
2 291.7961627534263
3 349.4140432912343
4 434.690975515106
5 490.4104392213319
6 505.0626536179914
7 507.6179309131487
8 508.0246497199559
9 508.0882580354249
10 508.0983409786195
11 508.0998302095646
12 508.1000836874542
13 508.10014006809
14 508.1001473829362
15 508.1001486557695
16 508.1001413919923
17 508.1001371598668
18 508.1001361832311
19 508.1001360441412
20 508.1001359050513
21 508.1001357659613
22 508.1001356268714
23 508.1001354877815
24 508.1001353486915
25 508.1001352096016
26 508.1001350705117
27 508.1001349314217
28 508.1001347923318
29 508.1001346532419
30 508.1001345141519