Time X1
0 246.914200555818
1 502.6926086953004
2 503.1103996454326
3 503.1105224066572
4 503.1105152313119
5 503.1105148780424
6 503.110514524773
7 503.1105141715035
8 503.1105140121901
9 503.1105140018299
10 503.1105139914698
11 503.1105139811096
12 503.1105139766941
13 503.1105139766629
14 503.1105139766317
15 503.1105139766004
16 503.1105139765692
17 503.110513976538
18 503.1105139765068
19 503.1105139764756
20 503.1105139764444
21 503.1105139764132
22 503.110513976382
23 503.1105139763508
24 503.1105139763196
25 503.1105139762883
26 503.1105139762571
27 503.1105139762259
28 503.1105139761947
29 503.1105139761635
30 503.1105139761323