Time X1
0 246.855048389045
1 254.0773379737742
2 265.9487533040756
3 285.6268017170824
4 317.4700877846976
5 362.6546366402234
6 407.9854225404906
7 435.0020901324011
8 445.3831940532106
9 448.5857838400192
10 449.5005744966298
11 449.7559466765148
12 449.8267408540962
13 449.8462829737897
14 449.8518044108984
15 449.8532707426982
16 449.8536729327474
17 449.853792118589
18 449.8538276944533
19 449.8538504668376
20 449.8538541752168
21 449.8538522961872
22 449.8538512212188
23 449.8538462563412
24 449.8538443427889
25 449.8538424292365
26 449.8538417285778
27 449.8538416703773
28 449.8538416121768
29 449.8538415539763
30 449.8538414957757