Time X1
0 246.854103819114
1 248.4400809643985
2 250.9997387789748
3 255.1547395730462
4 261.9526776002713
5 273.1655736754577
6 291.6849967463862
7 321.3439386125838
8 363.1317991291724
9 406.0038329423556
10 433.2907666422981
11 444.6906249466625
12 448.4875026822602
13 449.6475781220885
14 449.9923440170018
15 450.0939831577377
16 450.1237926251219
17 450.1325641008572
18 450.1351972980973
19 450.1359143856635
20 450.1361333536697
21 450.1362014073161
22 450.1362317713471
23 450.1362456350034
24 450.1362431494109
25 450.1362442476295
26 450.1362394284065
27 450.1362369792742
28 450.1362345730798
29 450.1362333026967
30 450.1362332229457