Time X1
0 246.859066706732
1 278.665516155362
2 330.1186613948649
3 392.3456264325075
4 431.7992176826868
5 444.8837203098732
6 448.0411065289761
7 448.7350816038343
8 448.8843721810023
9 448.9163302265484
10 448.9231985873465
11 448.9246784039457
12 448.9249740728524
13 448.9250435334309
14 448.9250683269554
15 448.9250767046787
16 448.9250735685919
17 448.9250725931774
18 448.9250678965619
19 448.9250662600671
20 448.9250646526426
21 448.9250646060572
22 448.9250645594718
23 448.9250645128864
24 448.925064466301
25 448.9250644197156
26 448.9250643731302
27 448.9250643265448
28 448.9250642799594
29 448.925064233374
30 448.9250641867886