Time X1
0 246.93718709283
1 502.3362136640613
2 503.0520684352509
3 503.0523972660802
4 503.0523856360428
5 503.0523853054045
6 503.0523849747663
7 503.0523846441279
8 503.0523843371305
9 503.0523843274399
10 503.0523843177493
11 503.0523843080586
12 503.052384298368
13 503.0523842966108
14 503.0523842965816
15 503.0523842965525
16 503.0523842965233
17 503.0523842964941
18 503.0523842964649
19 503.0523842964358
20 503.0523842964066
21 503.0523842963774
22 503.0523842963482
23 503.052384296319
24 503.0523842962899
25 503.0523842962607
26 503.0523842962315
27 503.0523842962023
28 503.0523842961732
29 503.052384296144
30 503.0523842961148