Time X1
0 246.84502967354
1 204.2891778967912
2 155.2227262584553
3 120.8512598283918
4 105.9848416589908
5 101.1042565292361
6 99.66314191360576
7 99.25152521082472
8 99.13509155826075
9 99.10224833712915
10 99.09298556107146
11 99.09039152233385
12 99.08964550963778
13 99.08943943336855
14 99.08938417188169
15 99.0893671827457
16 99.08936143652713
17 99.08935775066027
18 99.08935747384726
19 99.08935781599344
20 99.08935803010583
21 99.08935904473353
22 99.08935938079964
23 99.08935971686574
24 99.08935991356421
25 99.08935992339974
26 99.08935993323526
27 99.08935994307079
28 99.08935995290632
29 99.08935996274184
30 99.08935997257737