Time X1
0 246.936395505233
1 501.7850617870872
2 502.5486739490036
3 502.5490462775215
4 502.5490346038349
5 502.549034277033
6 502.5490339502311
7 502.5490336234292
8 502.5490332974891
9 502.5490332879149
10 502.5490332783407
11 502.5490332687666
12 502.5490332591923
13 502.5490332564108
14 502.549033256382
15 502.5490332563531
16 502.5490332563243
17 502.5490332562955
18 502.5490332562667
19 502.5490332562379
20 502.5490332562091
21 502.5490332561803
22 502.5490332561515
23 502.5490332561226
24 502.5490332560938
25 502.549033256065
26 502.5490332560362
27 502.5490332560074
28 502.5490332559785
29 502.5490332559497
30 502.5490332559209