Time X1
0 246.851278149231
1 232.0320581555026
2 210.2848226817754
3 182.2704690494841
4 153.5742923860846
5 131.9029476441584
6 119.6352520600736
7 113.9236163308069
8 111.5224173488759
9 110.5581762154995
10 110.1781285055518
11 110.0294685742976
12 109.9714830755055
13 109.9488926737517
14 109.9401001894085
15 109.9366811711715
16 109.9353510688069
17 109.9348207140726
18 109.9346183190643
19 109.9345450730756
20 109.934514515124
21 109.9345021536421
22 109.9344969876275
23 109.9344926259025
24 109.9344906272665
25 109.9344909917194
26 109.9344911577096
27 109.9344911518018
28 109.9344917541578
29 109.9344925622316
30 109.9344928853552