Time X1
0 246.927757275341
1 495.9575794105064
2 497.4883179893129
3 497.4897026597626
4 497.4896892821163
5 497.4896889071259
6 497.4896885321354
7 497.4896881571449
8 497.4896877821545
9 497.4896876263514
10 497.4896876146471
11 497.4896876029427
12 497.4896875912383
13 497.4896875815682
14 497.4896875815306
15 497.4896875814931
16 497.4896875814554
17 497.4896875814179
18 497.4896875813803
19 497.4896875813427
20 497.4896875813051
21 497.4896875812675
22 497.4896875812299
23 497.4896875811923
24 497.4896875811547
25 497.4896875811171
26 497.4896875810795
27 497.4896875810419
28 497.4896875810043
29 497.4896875809667
30 497.4896875809292