Time X1
0 246.927757275341
1 498.9514157452727
2 500.448343019887
3 500.4496194803908
4 500.4496065620298
5 500.4496061869181
6 500.4496058118064
7 500.4496054366948
8 500.449605061583
9 500.449604922111
10 500.4496049104346
11 500.4496048987583
12 500.4496048870819
13 500.4496048782212
14 500.4496048781838
15 500.4496048781464
16 500.449604878109
17 500.4496048780716
18 500.4496048780342
19 500.4496048779968
20 500.4496048779594
21 500.449604877922
22 500.4496048778846
23 500.4496048778472
24 500.4496048778098
25 500.4496048777724
26 500.449604877735
27 500.4496048776976
28 500.4496048776602
29 500.4496048776228
30 500.4496048775854