Time X1
0 246.853621349998
1 262.1368159158401
2 291.7939760633497
3 349.409133185626
4 434.6849415274013
5 490.4077252474216
6 505.0616658765084
7 507.6173074038111
8 508.0240895334616
9 508.0877084785899
10 508.0977931885315
11 508.0992826982782
12 508.0995362250369
13 508.0995926119061
14 508.0995999332903
15 508.0996012043927
16 508.0995939404754
17 508.099589708312
18 508.0995887311879
19 508.0995885920962
20 508.0995884530046
21 508.0995883139129
22 508.0995881748212
23 508.0995880357296
24 508.099587896638
25 508.0995877575463
26 508.0995876184547
27 508.099587479363
28 508.0995873402714
29 508.0995872011798
30 508.0995870620881