Time X1
0 246.927751886484
1 498.9313181775691
2 500.4294528594629
3 500.430731731843
4 500.430718799781
5 500.4307184247349
6 500.4307180496889
7 500.4307176746428
8 500.4307172995967
9 500.430717159733
10 500.4307171480587
11 500.4307171363844
12 500.4307171247101
13 500.4307171158305
14 500.4307171157931
15 500.4307171157557
16 500.4307171157183
17 500.4307171156809
18 500.4307171156435
19 500.4307171156061
20 500.4307171155687
21 500.4307171155313
22 500.430717115494
23 500.4307171154566
24 500.4307171154192
25 500.4307171153818
26 500.4307171153444
27 500.4307171153069
28 500.4307171152696
29 500.4307171152322
30 500.4307171151948