Time X1
0 246.853621349998
1 262.1371726053523
2 291.7950736123582
3 349.4115973977819
4 434.6879693812065
5 490.409086738977
6 505.0621610735353
7 507.6176198306356
8 508.0243701876126
9 508.0879837995923
10 508.0980676231706
11 508.099556993054
12 508.0998104952986
13 508.0998668790418
14 508.0998741971462
15 508.0998754691182
16 508.099868205272
17 508.0998639731264
18 508.0998629962473
19 508.0998628571564
20 508.0998627180654
21 508.0998625789745
22 508.0998624398836
23 508.0998623007926
24 508.0998621617017
25 508.0998620226108
26 508.0998618835198
27 508.0998617444289
28 508.0998616053379
29 508.099861466247
30 508.0998613271561