Time X1
0 246.851748956093
1 248.2831121959472
2 250.8669194838661
3 255.5798248321451
4 264.3236399698213
5 280.9466779811632
6 313.211763393313
7 372.5148004092597
8 448.6550965636186
9 492.734512973695
10 504.734567198735
11 507.1063255610631
12 507.5406226835007
13 507.6188591259505
14 507.6330826839123
15 507.6355271667622
16 507.635997023298
17 507.6360859736924
18 507.6361206145891
19 507.6361193696573
20 507.6361204231725
21 507.6361137007059
22 507.6361107073627
23 507.6361087972561
24 507.6361087056376
25 507.636108614019
26 507.6361085224004
27 507.6361084307819
28 507.6361083391633
29 507.6361082475447
30 507.6361081559261