Time X1
0 246.914085290748
1 503.0376192007419
2 503.4529559159458
3 503.4530768454627
4 503.4530698095593
5 503.4530694550094
6 503.4530691004596
7 503.4530687459097
8 503.4530685894966
9 503.4530685790953
10 503.4530685686939
11 503.4530685582926
12 503.4530685540264
13 503.4530685539951
14 503.4530685539637
15 503.4530685539324
16 503.453068553901
17 503.4530685538697
18 503.4530685538384
19 503.453068553807
20 503.4530685537757
21 503.4530685537443
22 503.453068553713
23 503.4530685536816
24 503.4530685536503
25 503.4530685536189
26 503.4530685535876
27 503.4530685535562
28 503.4530685535249
29 503.4530685534936
30 503.4530685534622