Time X1
0 246.852530648023
1 253.9862610283249
2 267.322072616873
3 293.0872767689748
4 342.9104581181791
5 421.2411324162821
6 483.056016578451
7 503.0546633286738
8 507.0288493839591
9 507.7228194368869
10 507.8410546032129
11 507.8611596221558
12 507.864528276835
13 507.8650999326422
14 507.8652037864425
15 507.8652426124006
16 507.865241700277
17 507.865238962746
18 507.8652330364195
19 507.8652290613269
20 507.8652289277219
21 507.8652287941169
22 507.865228660512
23 507.865228526907
24 507.8652283933021
25 507.8652282596971
26 507.8652281260921
27 507.8652279924871
28 507.8652278588822
29 507.8652277252772
30 507.8652275916722