Time X1
0 246.855036266592
1 253.9701886130414
2 265.6598537186627
3 285.0311157159443
4 316.4155011222782
5 361.2129907823543
6 406.7719592835894
7 434.3847392177721
8 445.1213914339559
9 448.4535606833218
10 449.4083875491477
11 449.675523079406
12 449.7497418158669
13 449.7702525939229
14 449.7760550264838
15 449.7776088841188
16 449.7780311877534
17 449.7781571463501
18 449.7781936648207
19 449.7782172561828
20 449.7782222193916
21 449.7782197667241
22 449.7782191190342
23 449.7782140448495
24 449.7782121822606
25 449.7782103196716
26 449.7782094190917
27 449.7782093627984
28 449.7782093065051
29 449.7782092502118
30 449.7782091939184