Time X1
0 246.936974436926
1 502.1149830341915
2 502.843781496754
3 502.8441221302814
4 502.8441104769819
5 502.8441101474735
6 502.844109817965
7 502.8441094884565
8 502.8441091760391
9 502.8441091663826
10 502.8441091567259
11 502.8441091470694
12 502.8441091374128
13 502.8441091353609
14 502.8441091353318
15 502.8441091353027
16 502.8441091352737
17 502.8441091352446
18 502.8441091352155
19 502.8441091351864
20 502.8441091351574
21 502.8441091351283
22 502.8441091350992
23 502.8441091350702
24 502.8441091350411
25 502.844109135012
26 502.844109134983
27 502.8441091349539
28 502.8441091349248
29 502.8441091348957
30 502.8441091348667