Time X1
0 246.937162680947
1 502.291344045059
2 503.0087397860664
3 503.0090700762055
4 503.0090584429834
5 503.0090581124958
6 503.0090577820083
7 503.0090574515207
8 503.0090571438321
9 503.0090571341458
10 503.0090571244594
11 503.009057114773
12 503.0090571050867
13 503.0090571032916
14 503.0090571032624
15 503.0090571032333
16 503.0090571032041
17 503.0090571031749
18 503.0090571031458
19 503.0090571031166
20 503.0090571030875
21 503.0090571030583
22 503.0090571030291
23 503.009057103
24 503.0090571029708
25 503.0090571029417
26 503.0090571029125
27 503.0090571028833
28 503.0090571028542
29 503.009057102825
30 503.0090571027959