Time X1
0 246.849407262728
1 235.0480820250694
2 215.5154499763448
3 187.3610903401814
4 155.8011415907222
5 130.9113686830987
6 116.9965065356121
7 110.8338472344256
8 108.406577679811
9 107.4965059246629
10 107.1616802532592
11 107.0393655485603
12 106.9948004267354
13 106.9785711974813
14 106.9726776592146
15 106.9705364252692
16 106.9697393695363
17 106.9694577205315
18 106.9693599340871
19 106.9693234778608
20 106.9693093170026
21 106.9693040431226
22 106.9692997573263
23 106.9692977600712
24 106.969298096391
25 106.9692983363719
26 106.9692983672245
27 106.9692989803058
28 106.9692997337075
29 106.9693000215518
30 106.9693003093962