Time X1
0 246.84502967354
1 204.2886478087966
2 155.221914263184
3 120.8506468502666
4 105.984488408323
5 101.1040305427799
6 99.66296263987066
7 99.25136149100706
8 99.13493282461229
9 99.10209117075506
10 99.09282888978456
11 99.09023499573492
12 99.08948902787198
13 99.08928296640319
14 99.08922770837395
15 99.0892107204829
16 99.08920497441383
17 99.08920128878385
18 99.08920101229135
19 99.08920135425858
20 99.08920156847175
21 99.08920258306595
22 99.08920291914055
23 99.08920325521515
24 99.08920345186714
25 99.08920346170297
26 99.08920347153881
27 99.08920348137464
28 99.08920349121048
29 99.08920350104631
30 99.08920351088214