Time X1
0 246.852227985117
1 294.0842757623499
2 429.9127178307766
3 603.113985369543
4 628.3673767958595
5 629.4889101832093
6 629.5333704627456
7 629.5350778026411
8 629.5351773163912
9 629.5351743282308
10 629.5351631732823
11 629.5351602290647
12 629.5351600411665
13 629.5351598532683
14 629.5351596653701
15 629.5351594774719
16 629.5351592895737
17 629.5351591016755
18 629.5351589137773
19 629.5351587258791
20 629.5351585379809
21 629.5351584394458
22 629.53515843384
23 629.5351584282342
24 629.5351584226285
25 629.5351584170227
26 629.5351584114169
27 629.5351584058111
28 629.5351584002053
29 629.5351583945995
30 629.5351583889938