Time X1
0 246.862026067875
1 300.7009410767156
2 379.5633483254325
3 436.0170854276026
4 452.4259390184687
5 455.4525252904392
6 455.9522661742529
7 456.0331690870485
8 456.0463710316163
9 456.0484068738475
10 456.048765338073
11 456.0488342704181
12 456.0488550408836
13 456.048853912036
14 456.0488474429163
15 456.0488434057731
16 456.0488414747892
17 456.0488413398842
18 456.0488412049792
19 456.0488410700743
20 456.0488409351693
21 456.0488408002644
22 456.0488406653594
23 456.0488405304545
24 456.0488403955495
25 456.0488402606446
26 456.0488401257396
27 456.0488399908347
28 456.0488398559297
29 456.0488397210248
30 456.0488395861198