Time X1
0 246.851879780715
1 249.2381856137803
2 253.573317979069
3 261.5792871238893
4 276.7282903264847
5 306.112340023881
6 361.3262587096939
7 438.5119670940992
8 489.2169707529562
9 504.0702087348188
10 507.0446824391961
11 507.5862378373588
12 507.6829669676638
13 507.7002583190308
14 507.7032943014178
15 507.7038368629831
16 507.7039400703696
17 507.703979172223
18 507.7039786472349
19 507.7039775017625
20 507.7039710868665
21 507.7039671739616
22 507.7039664155988
23 507.7039662871622
24 507.7039661587256
25 507.7039660302891
26 507.7039659018525
27 507.7039657734159
28 507.7039656449793
29 507.7039655165427
30 507.7039653881061