Time X1
0 246.8550718626
1 254.224434187271
2 266.3420963199083
3 286.4291111986147
4 318.8666431371736
5 364.5047172657559
6 409.4560128504883
7 435.6739930598744
8 445.6040028267536
9 448.6468320000504
10 449.5132092099224
11 449.7545826707424
12 449.8213630304533
13 449.8397833072475
14 449.8449773025399
15 449.8463436398319
16 449.8467231384365
17 449.8468349255801
18 449.846869671364
19 449.8468914366935
20 449.8468935274453
21 449.8468925013081
22 449.8468908569374
23 449.8468860886848
24 449.8468841014593
25 449.8468821142338
26 449.8468816830554
27 449.846881622059
28 449.8468815610626
29 449.8468815000662
30 449.8468814390698