Time X1
0 246.852540880684
1 254.0616262524353
2 267.543898222256
3 293.6046655715055
4 343.9595849775899
5 422.5833685898002
6 483.6881743956439
7 503.1993148899491
8 507.0571258225796
9 507.729667409978
10 507.8441380229206
11 507.8635912239598
12 507.8668463783189
13 507.8674001760263
14 507.8675010034519
15 507.8675389790924
16 507.8675379149874
17 507.8675347306941
18 507.8675289817109
19 507.8675251194881
20 507.8675249844324
21 507.8675248493767
22 507.867524714321
23 507.8675245792653
24 507.8675244442096
25 507.8675243091539
26 507.8675241740982
27 507.8675240390425
28 507.8675239039867
29 507.867523768931
30 507.8675236338753