Time X1
0 246.900150782907
1 589.4671792264795
2 589.5850562919019
3 589.5850462502671
4 589.5850458333347
5 589.5850454164024
6 589.5850449994701
7 589.5850449390847
8 589.5850449271919
9 589.5850449152991
10 589.5850449106279
11 589.5850449105931
12 589.5850449105583
13 589.5850449105235
14 589.5850449104886
15 589.5850449104538
16 589.585044910419
17 589.5850449103841
18 589.5850449103493
19 589.5850449103145
20 589.5850449102796
21 589.5850449102448
22 589.5850449102101
23 589.5850449101753
24 589.5850449101404
25 589.5850449101056
26 589.5850449100708
27 589.5850449100359
28 589.5850449100011
29 589.5850449099663
30 589.5850449099314