Time X1
0 246.855030229969
1 250.675608003693
2 256.7250324507941
3 266.3782590670696
4 281.8290053827298
5 306.1036834284748
6 341.1384736638844
7 381.4417466640753
8 412.729982497689
9 428.6737417926521
10 434.8135951300856
11 436.8948802062471
12 437.5681617780743
13 437.7826672922444
14 437.8506039399348
15 437.8721101642903
16 437.8790464297143
17 437.8811809763724
18 437.8818226308361
19 437.8820383509637
20 437.8821096474294
21 437.8821346349078
22 437.8821530073987
23 437.8821584748692
24 437.8821546238372
25 437.8821554812508
26 437.8821531342089
27 437.8821493038163
28 437.8821479133891
29 437.8821465229619
30 437.8821457232623