Time X1
0 246.845139864385
1 205.2778339486281
2 156.6673646440834
3 121.8762207837015
4 106.5223481585169
5 101.4116936304983
6 99.88827396252414
7 99.4497780613106
8 99.32486217713476
9 99.28938530324986
10 99.27931524987416
11 99.2764645395189
12 99.27564498566908
13 99.27541618472148
14 99.27535493622851
15 99.27533606714194
16 99.27533038698205
17 99.27532640728977
18 99.27532531333416
19 99.27532613398945
20 99.27532604271238
21 99.27532664384478
22 99.2753273646811
23 99.27532763723023
24 99.27532790977938
25 99.27532798347647
26 99.27532799107045
27 99.27532799866442
28 99.27532800625841
29 99.27532801385239
30 99.27532802144636