Time X1
0 246.937181518572
1 502.3255317902889
2 503.041753167681
3 503.0420823453769
4 503.0420707145668
5 503.0420703839644
6 503.0420700533621
7 503.0420697227598
8 503.0420694155979
9 503.0420694059083
10 503.0420693962187
11 503.042069386529
12 503.0420693768394
13 503.0420693750732
14 503.042069375044
15 503.0420693750149
16 503.0420693749857
17 503.0420693749565
18 503.0420693749273
19 503.0420693748982
20 503.042069374869
21 503.0420693748398
22 503.0420693748106
23 503.0420693747815
24 503.0420693747523
25 503.0420693747232
26 503.042069374694
27 503.0420693746648
28 503.0420693746356
29 503.0420693746065
30 503.0420693745773