Time X1
0 246.936395505233
1 501.8017159316705
2 502.5650256382877
3 502.5653976283638
4 502.5653859543514
5 502.5653856275179
6 502.5653853006843
7 502.5653849738508
8 502.5653846480571
9 502.565384638482
10 502.5653846289068
11 502.5653846193317
12 502.5653846097565
13 502.565384606983
14 502.5653846069542
15 502.5653846069254
16 502.5653846068965
17 502.5653846068677
18 502.5653846068389
19 502.5653846068101
20 502.5653846067813
21 502.5653846067524
22 502.5653846067236
23 502.5653846066948
24 502.565384606666
25 502.5653846066372
26 502.5653846066083
27 502.5653846065795
28 502.5653846065507
29 502.5653846065219
30 502.5653846064931