Time X1
0 246.855090331265
1 254.3414813976569
2 266.6551675458091
3 287.0669270737496
4 319.9729190565214
5 365.9527261450111
6 410.5837377576939
7 436.1800516295622
8 445.7679851280276
9 448.6920118059651
10 449.5223064106949
11 449.7531505560979
12 449.8169834597405
13 449.8346162230726
14 449.839489567413
15 449.8408620565849
16 449.8412147991932
17 449.8413159102788
18 449.8413486056514
19 449.841368610515
20 449.8413694014758
21 449.8413691811611
22 449.841367113379
23 449.8413628575891
24 449.8413609050184
25 449.8413589524477
26 449.8413588301111
27 449.8413587692957
28 449.8413587084802
29 449.8413586476648
30 449.8413585868494