Time X1
0 246.916548168284
1 503.0294155653655
2 503.4688922474977
3 503.4690266848547
4 503.4690188460362
5 503.4690184932012
6 503.4690181403662
7 503.4690177875312
8 503.4690176159479
9 503.4690176055941
10 503.4690175952403
11 503.4690175848865
12 503.4690175799078
13 503.4690175798765
14 503.4690175798453
15 503.4690175798141
16 503.4690175797829
17 503.4690175797517
18 503.4690175797205
19 503.4690175796893
20 503.469017579658
21 503.4690175796268
22 503.4690175795956
23 503.4690175795644
24 503.4690175795332
25 503.469017579502
26 503.4690175794707
27 503.4690175794395
28 503.4690175794083
29 503.4690175793771
30 503.4690175793459