Time X1
0 246.840172042514
1 168.4962727904101
2 116.2011537679278
3 97.87938440906765
4 93.36082284681096
5 92.36076662681536
6 92.14502527049896
7 92.09874038738813
8 92.0888380451115
9 92.08670019591206
10 92.0862530944365
11 92.08616100815094
12 92.08613937432776
13 92.08613186072365
14 92.08613041230086
15 92.08613036743853
16 92.08613150041707
17 92.08613208139865
18 92.08613268499974
19 92.08613270612939
20 92.08613272725904
21 92.08613274838869
22 92.08613276951834
23 92.08613279064799
24 92.08613281177765
25 92.0861328329073
26 92.08613285403695
27 92.0861328751666
28 92.08613289629625
29 92.0861329174259
30 92.08613293855555