Time X1
0 246.851794789133
1 245.236413345535
2 242.4441116342027
3 237.67648423925
4 229.7209657553558
5 217.0110872621313
6 198.3143654691289
7 174.5878812213303
8 150.6405939521751
9 132.3666736378951
10 121.5598438337301
11 116.1931791596971
12 113.7713957836286
13 112.7271871949382
14 112.2859156907967
15 112.1010379877522
16 112.0238595304972
17 111.9916943049733
18 111.9782843511623
19 111.9727168257667
20 111.9704024221649
21 111.969407819396
22 111.9690126019468
23 111.968850971208
24 111.9687851881509
25 111.9687558342028
26 111.9687431953811
27 111.9687374473188
28 111.9687326056122
29 111.9687303603593
30 111.9687307115598