Time X1
0 246.85895976224
1 277.9967292669222
2 328.4909355908832
3 390.4716804397718
4 430.882003025066
5 444.6155754516524
6 447.9762040627368
7 448.721573214955
8 448.8831305095463
9 448.9179640488176
10 448.925494197921
11 448.9271361689187
12 448.9274653995034
13 448.92754307472
14 448.9275686294479
15 448.927578810669
16 448.9275753880013
17 448.927574936237
18 448.9275700821511
19 448.9275684628328
20 448.9275668435145
21 448.9275666290284
22 448.9275665829971
23 448.927566536966
24 448.9275664909347
25 448.9275664449036
26 448.9275663988723
27 448.9275663528412
28 448.9275663068099
29 448.9275662607787
30 448.9275662147475