Time X1
0 246.852534741489
1 254.0241156007598
2 267.433484556823
3 293.3471318037224
4 343.4377381613655
5 421.9179156550653
6 483.3763304402519
7 503.1283071884077
8 507.0434660529537
9 507.726559751528
10 507.8428837949626
11 507.8626575852031
12 507.8659687429384
13 507.866531315177
14 507.866633499163
15 507.8666720208342
16 507.866671029351
17 507.8666680672521
18 507.8666622284856
19 507.8666583100878
20 507.8666581757493
21 507.8666580414106
22 507.8666579070721
23 507.8666577727335
24 507.8666576383949
25 507.8666575040564
26 507.8666573697178
27 507.8666572353792
28 507.8666571010406
29 507.8666569667021
30 507.8666568323635