Time X1
0 246.851741312356
1 248.2482123797245
2 250.7686607324301
3 255.364264041007
4 263.8844952428607
5 280.0667759315874
6 311.4716528337797
7 369.547549870237
8 445.9410102349643
9 491.8058069514979
10 504.5742140905369
11 507.1146481197496
12 507.5801587603613
13 507.664152294445
14 507.6792769239686
15 507.6820507831604
16 507.682515521742
17 507.6826065313008
18 507.6826357900998
19 507.6826413727165
20 507.682639198047
21 507.6826355722079
22 507.6826315751957
23 507.6826295923462
24 507.6826289407848
25 507.6826288848374
26 507.6826288288899
27 507.6826287729425
28 507.682628716995
29 507.6826286610476
30 507.6826286051001