Time X1
0 246.937181518572
1 502.325598532594
2 503.0418178822258
3 503.042147058022
4 503.0421354272148
5 503.0421350966121
6 503.0421347660094
7 503.0421344354067
8 503.0421341282456
9 503.042134118556
10 503.0421341088664
11 503.0421340991768
12 503.0421340894873
13 503.0421340877211
14 503.0421340876919
15 503.0421340876627
16 503.0421340876335
17 503.0421340876044
18 503.0421340875752
19 503.042134087546
20 503.0421340875168
21 503.0421340874877
22 503.0421340874585
23 503.0421340874293
24 503.0421340874001
25 503.042134087371
26 503.0421340873418
27 503.0421340873126
28 503.0421340872834
29 503.0421340872543
30 503.0421340872251