Time X1
0 246.883961964499
1 437.6239787388113
2 481.343767994091
3 482.7598473002859
4 482.7958621426715
5 482.7967438994198
6 482.7967815570133
7 482.7967751031987
8 482.796770960761
9 482.7967708194257
10 482.7967706780903
11 482.796770536755
12 482.7967703954196
13 482.7967702540843
14 482.796770112749
15 482.7967699714137
16 482.7967698300783
17 482.7967697122578
18 482.7967697081011
19 482.7967697039445
20 482.7967696997878
21 482.7967696956312
22 482.7967696914745
23 482.7967696873179
24 482.7967696831612
25 482.7967696790046
26 482.7967696756788
27 482.7967696756663
28 482.7967696756537
29 482.7967696756411
30 482.7967696756286