Time X1
0 246.851278149231
1 232.0314616201659
2 210.2834641487929
3 182.2684575132983
4 153.5722105762731
5 131.9013954086964
6 119.634301347107
7 113.9230476405798
8 111.5220380861122
9 110.55788149008
10 110.1778698100617
11 110.0292249434582
12 109.9712456779112
13 109.9486578521901
14 109.9398664103376
15 109.9364478221621
16 109.9351178991174
17 109.9345876170635
18 109.9343852498163
19 109.9343120143835
20 109.9342814615884
21 109.93426910217
22 109.9342639374066
23 109.9342595763601
24 109.9342575776562
25 109.9342579412948
26 109.9342581082794
27 109.934258102081
28 109.9342587039046
29 109.9342595123781
30 109.9342598353703