Time X1
0 246.883934390168
1 437.557353018422
2 481.3503042962174
3 482.7716073781218
4 482.8078104582305
5 482.8086985375846
6 482.8087364726816
7 482.8087299591668
8 482.8087258023949
9 482.8087256611558
10 482.8087255199168
11 482.8087253786777
12 482.8087252374386
13 482.8087250961996
14 482.8087249549605
15 482.8087248137214
16 482.8087246724824
17 482.8087245536667
18 482.8087245495129
19 482.8087245453592
20 482.8087245412055
21 482.8087245370518
22 482.8087245328981
23 482.8087245287443
24 482.8087245245906
25 482.8087245204369
26 482.8087245170635
27 482.808724517051
28 482.8087245170385
29 482.8087245170259
30 482.8087245170133