Time X1
0 246.914156339967
1 502.6509860869021
2 503.0685172433742
3 503.0686399183099
4 503.0686327460078
5 503.0686323928393
6 503.0686320396707
7 503.0686316865022
8 503.0686315272039
9 503.0686315168473
10 503.0686315064908
11 503.0686314961343
12 503.0686314917182
13 503.0686314916871
14 503.0686314916559
15 503.0686314916247
16 503.0686314915935
17 503.0686314915623
18 503.0686314915311
19 503.0686314914998
20 503.0686314914686
21 503.0686314914374
22 503.0686314914062
23 503.068631491375
24 503.0686314913438
25 503.0686314913126
26 503.0686314912814
27 503.0686314912502
28 503.068631491219
29 503.0686314911878
30 503.0686314911566