Time X1
0 246.84502967354
1 204.2889128525433
2 155.2223202595508
3 120.8509533376575
4 105.9846650326586
5 101.104143535532
6 99.66305227649684
7 99.2514433507624
8 99.13501219131435
9 99.10216975383044
10 99.09290722532111
11 99.09031325892784
12 99.08956726864848
13 99.08936119977965
14 99.08930594002159
15 99.08928895150807
16 99.08928320536445
17 99.08927951961624
18 99.08927924296356
19 99.08927958502005
20 99.08927979918289
21 99.08928081379365
22 99.08928114986402
23 99.08928148593439
24 99.08928168260954
25 99.0892816924452
26 99.08928170228087
27 99.08928171211655
28 99.0892817219522
29 99.08928173178788
30 99.08928174162355