Time X1
0 246.852529648023
1 250.4712913661089
2 256.9411389622983
3 268.7434108222609
4 290.7823610426052
5 331.8552954015582
6 397.7383346810727
7 460.239787547928
8 487.0918740670641
9 493.7813956646859
10 495.1634005418199
11 495.4368946437145
12 495.4904219614168
13 495.5010251400039
14 495.5030192005376
15 495.5034258892233
16 495.5035099128332
17 495.5035460372093
18 495.5035453279087
19 495.5035457482127
20 495.503539288006
21 495.5035357667954
22 495.5035340470051
23 495.5035339321633
24 495.5035338173214
25 495.5035337024796
26 495.5035335876377
27 495.5035334727958
28 495.5035333579539
29 495.5035332431121
30 495.5035331282702