Time X1
0 246.852534741489
1 250.5078576823842
2 257.0445032097601
3 268.9728814744743
4 291.2550237334276
5 332.753466440074
6 398.9769930786705
7 461.0133106510227
8 487.320222335181
9 493.8339076963329
10 495.1770544187598
11 495.442667505067
12 495.4946242171928
13 495.5049229851917
14 495.5068509614051
15 495.5072463178453
16 495.5073281627384
17 495.50736383493
18 495.5073629561434
19 495.5073629760131
20 495.5073565732602
21 495.5073529979367
22 495.5073514241892
23 495.5073513071289
24 495.5073511900687
25 495.5073510730085
26 495.5073509559483
27 495.507350838888
28 495.5073507218278
29 495.5073506047676
30 495.5073504877074