Time X1
0 246.883961964499
1 442.9067120422966
2 486.5845450095467
3 487.8930142856902
4 487.9238908775181
5 487.924587810769
6 487.9246192411962
7 487.9246121415177
8 487.9246087517537
9 487.9246085636805
10 487.9246083756073
11 487.9246081875341
12 487.9246079994609
13 487.9246078113878
14 487.9246076233146
15 487.9246074352414
16 487.9246072665329
17 487.9246072607165
18 487.9246072549002
19 487.9246072490838
20 487.9246072432675
21 487.9246072374511
22 487.9246072316347
23 487.9246072258184
24 487.924607220002
25 487.9246072185669
26 487.9246072185484
27 487.9246072185299
28 487.9246072185114
29 487.9246072184929
30 487.9246072184744