Time X1
0 246.852529648023
1 257.6384841366651
2 278.7343700084311
3 321.5286206397653
4 400.6428222284085
5 482.7720241970654
6 513.4073814262384
7 519.1031777872579
8 519.9733315064464
9 520.1017911397564
10 520.1207576492603
11 520.123458469154
12 520.1238776725866
13 520.1239465544161
14 520.123972111616
15 520.1239684564466
16 520.123965325746
17 520.1239598680462
18 520.1239571119127
19 520.1239567815126
20 520.1239567015529
21 520.1239566215932
22 520.1239565416334
23 520.1239564616737
24 520.1239563817142
25 520.1239563017544
26 520.1239562217947
27 520.123956141835
28 520.1239560618753
29 520.1239559819156
30 520.1239559019559