Time X1
0 248
1 248.5467391481527
2 249.8493127646453
3 252.9762324132721
4 260.610977888033
5 279.9271870572737
6 331.340101581277
7 450.9111376962445
8 548.8829213097135
9 565.3871487100942
10 566.789774642127
11 566.898774567432
12 566.907177680732
13 566.9078471942267
14 566.9079224769116
15 566.9079246101448
16 566.9079165838671
17 566.9079114652379
18 566.9079106881909
19 566.9079105305325
20 566.9079103728741
21 566.9079102152157
22 566.9079100575573
23 566.9079098998989
24 566.9079097422405
25 566.9079095845822
26 566.9079094269238
27 566.9079092692654
28 566.907909111607
29 566.9079089539485
30 566.9079088869016